2025-08-02 13:13:04,137 - hybex_system.neural_models - INFO - Added file handler to ModelTrainer logger.
2025-08-02 13:13:04,142 - hybex_system.neural_models - INFO - ============================================================
2025-08-02 13:13:04,142 - hybex_system.neural_models - INFO - Starting HybEx-Law Neural Model Training
2025-08-02 13:13:04,142 - hybex_system.neural_models - INFO - ============================================================
2025-08-02 13:13:04,144 - hybex_system.neural_models - INFO - ModelTrainer initialized on device: cuda
2025-08-02 13:14:53,238 - hybex_system.neural_models - INFO - Added file handler to ModelTrainer logger.
2025-08-02 13:14:53,238 - hybex_system.neural_models - INFO - ============================================================
2025-08-02 13:14:53,238 - hybex_system.neural_models - INFO - Starting HybEx-Law Neural Model Training
2025-08-02 13:14:53,238 - hybex_system.neural_models - INFO - ============================================================
2025-08-02 13:14:53,238 - hybex_system.neural_models - INFO - ModelTrainer initialized on device: cuda
2025-08-02 13:19:52,626 - hybex_system.neural_models - INFO - Training Domain Classifier and Eligibility Predictor models.
2025-08-02 13:19:52,626 - hybex_system.neural_models - INFO - 
--- Training Domain Classifier ---
2025-08-02 14:01:24,997 - hybex_system.neural_models - INFO - Added file handler to ModelTrainer logger.
2025-08-02 14:01:24,997 - hybex_system.neural_models - INFO - ============================================================
2025-08-02 14:01:24,997 - hybex_system.neural_models - INFO - Starting HybEx-Law Neural Model Training
2025-08-02 14:01:24,997 - hybex_system.neural_models - INFO - ============================================================
2025-08-02 14:01:24,997 - hybex_system.neural_models - INFO - ModelTrainer initialized on device: cuda
2025-08-02 14:10:28,449 - hybex_system.neural_models - INFO - Training Domain Classifier and Eligibility Predictor models.
2025-08-02 14:10:28,449 - hybex_system.neural_models - INFO - 
--- Training Domain Classifier ---
2025-08-02 14:10:38,886 - hybex_system.neural_models - INFO - Created domain_classification dataset with 14700 samples
2025-08-02 14:10:38,891 - hybex_system.neural_models - INFO - Created domain_classification dataset with 3150 samples
2025-08-02 15:13:55,713 - hybex_system.neural_models - INFO - Added file handler to ModelTrainer logger.
2025-08-02 15:13:55,715 - hybex_system.neural_models - INFO - ============================================================
2025-08-02 15:13:55,715 - hybex_system.neural_models - INFO - Starting HybEx-Law Neural Model Training
2025-08-02 15:13:55,715 - hybex_system.neural_models - INFO - ============================================================
2025-08-02 15:13:55,715 - hybex_system.neural_models - INFO - ModelTrainer initialized on device: cuda
2025-08-02 15:17:39,784 - hybex_system.neural_models - INFO - Training Domain Classifier and Eligibility Predictor models.
2025-08-02 15:17:39,784 - hybex_system.neural_models - INFO - 
--- Training Domain Classifier ---
2025-08-02 15:17:45,387 - hybex_system.neural_models - INFO - Created domain_classification dataset with 14700 samples
2025-08-02 15:17:45,387 - hybex_system.neural_models - INFO - Created domain_classification dataset with 3150 samples
2025-08-02 15:17:46,349 - hybex_system.neural_models - INFO - Starting training for domain_classifier for 10 epochs.
2025-08-02 15:24:29,592 - hybex_system.neural_models - INFO - Added file handler to ModelTrainer logger.
2025-08-02 15:24:29,592 - hybex_system.neural_models - INFO - ============================================================
2025-08-02 15:24:29,592 - hybex_system.neural_models - INFO - Starting HybEx-Law Neural Model Training
2025-08-02 15:24:29,592 - hybex_system.neural_models - INFO - ============================================================
2025-08-02 15:24:29,592 - hybex_system.neural_models - INFO - ModelTrainer initialized on device: cuda
2025-08-02 15:28:43,527 - hybex_system.neural_models - INFO - Training Domain Classifier and Eligibility Predictor models.
2025-08-02 15:28:43,528 - hybex_system.neural_models - INFO - 
--- Training Domain Classifier ---
2025-08-02 15:28:48,282 - hybex_system.neural_models - INFO - Created domain_classification dataset with 14700 samples
2025-08-02 15:28:48,282 - hybex_system.neural_models - INFO - Created domain_classification dataset with 3150 samples
2025-08-02 15:28:48,826 - hybex_system.neural_models - INFO - Starting training for domain_classifier for 10 epochs.
2025-08-05 07:30:43,939 - hybex_system.neural_models - INFO - Added file handler to ModelTrainer logger.
2025-08-05 07:30:43,939 - hybex_system.neural_models - INFO - ============================================================
2025-08-05 07:30:43,955 - hybex_system.neural_models - INFO - Starting HybEx-Law Neural Model Training
2025-08-05 07:30:43,955 - hybex_system.neural_models - INFO - ============================================================
2025-08-05 07:30:43,955 - hybex_system.neural_models - INFO - ModelTrainer initialized on device: cuda
2025-08-05 07:32:46,952 - hybex_system.neural_models - INFO - Training Domain Classifier and Eligibility Predictor models.
2025-08-05 07:32:46,952 - hybex_system.neural_models - INFO - 
--- Training Domain Classifier ---
2025-08-05 07:34:09,087 - hybex_system.neural_models - INFO - Added file handler to ModelTrainer logger.
2025-08-05 07:34:09,087 - hybex_system.neural_models - INFO - ============================================================
2025-08-05 07:34:09,087 - hybex_system.neural_models - INFO - Starting HybEx-Law Neural Model Training
2025-08-05 07:34:09,087 - hybex_system.neural_models - INFO - ============================================================
2025-08-05 07:34:09,087 - hybex_system.neural_models - INFO - ModelTrainer initialized on device: cuda
2025-08-05 07:36:22,850 - hybex_system.neural_models - INFO - Training Domain Classifier and Eligibility Predictor models.
2025-08-05 07:36:22,850 - hybex_system.neural_models - INFO - 
--- Training Domain Classifier ---
2025-08-05 08:16:59,881 - hybex_system.neural_models - INFO - Added file handler to ModelTrainer logger.
2025-08-05 08:16:59,881 - hybex_system.neural_models - INFO - ============================================================
2025-08-05 08:16:59,881 - hybex_system.neural_models - INFO - Starting HybEx-Law Neural Model Training
2025-08-05 08:16:59,881 - hybex_system.neural_models - INFO - ============================================================
2025-08-05 08:16:59,881 - hybex_system.neural_models - INFO - ModelTrainer initialized on device: cuda
2025-08-05 08:19:03,558 - hybex_system.neural_models - INFO - Training Domain Classifier and Eligibility Predictor models.
2025-08-05 08:19:03,558 - hybex_system.neural_models - INFO - 
--- Training Domain Classifier ---
2025-08-05 08:19:05,666 - hybex_system.neural_models - INFO - Created domain_classification dataset with 14700 samples
2025-08-05 08:19:05,666 - hybex_system.neural_models - INFO - Created domain_classification dataset with 3150 samples
2025-08-05 08:19:05,901 - hybex_system.neural_models - INFO - Starting training for domain_classifier for 20 epochs.
2025-08-05 08:22:35,288 - hybex_system.neural_models - INFO - Added file handler to ModelTrainer logger.
2025-08-05 08:22:35,288 - hybex_system.neural_models - INFO - ============================================================
2025-08-05 08:22:35,288 - hybex_system.neural_models - INFO - Starting HybEx-Law Neural Model Training
2025-08-05 08:22:35,288 - hybex_system.neural_models - INFO - ============================================================
2025-08-05 08:22:35,288 - hybex_system.neural_models - INFO - ModelTrainer initialized on device: cuda
2025-08-05 08:24:37,077 - hybex_system.neural_models - INFO - Training Domain Classifier and Eligibility Predictor models.
2025-08-05 08:24:37,077 - hybex_system.neural_models - INFO - 
--- Training Domain Classifier ---
2025-08-05 08:24:39,371 - hybex_system.neural_models - INFO - Created domain_classification dataset with 14700 samples
2025-08-05 08:24:39,371 - hybex_system.neural_models - INFO - Created domain_classification dataset with 3150 samples
2025-08-05 08:24:39,583 - hybex_system.neural_models - INFO - Starting training for domain_classifier for 30 epochs.
2025-08-05 08:29:09,874 - hybex_system.neural_models - INFO - Epoch 1/30 | Train Loss: 0.0355 | Train F1: 0.9759 | Val Loss: 0.0050 | Val F1: 1.0000
2025-08-05 08:29:09,876 - hybex_system.neural_models - INFO - New best validation F1 score: 1.0000. Saving model state.
2025-08-05 08:33:40,967 - hybex_system.neural_models - INFO - Epoch 2/30 | Train Loss: 0.0040 | Train F1: 1.0000 | Val Loss: 0.0019 | Val F1: 1.0000
2025-08-05 08:33:40,967 - hybex_system.neural_models - INFO - Validation F1 did not improve. Patience: 1/3
2025-08-05 08:38:12,044 - hybex_system.neural_models - INFO - Epoch 3/30 | Train Loss: 0.0016 | Train F1: 1.0000 | Val Loss: 0.0008 | Val F1: 1.0000
2025-08-05 08:38:12,045 - hybex_system.neural_models - INFO - Validation F1 did not improve. Patience: 2/3
2025-08-05 08:42:43,020 - hybex_system.neural_models - INFO - Epoch 4/30 | Train Loss: 0.0009 | Train F1: 1.0000 | Val Loss: 0.0007 | Val F1: 1.0000
2025-08-05 08:42:43,020 - hybex_system.neural_models - INFO - Validation F1 did not improve. Patience: 3/3
2025-08-05 08:42:43,020 - hybex_system.neural_models - INFO - Early stopping triggered.
2025-08-05 08:42:43,022 - hybex_system.neural_models - INFO - Loaded best model with F1 score: 1.0000
2025-08-05 08:42:43,277 - hybex_system.neural_models - INFO - Saved model domain_classifier to C:\Users\Student\Documents\22BLC1058\multi_domain_legal\models\hybex_system\domain_classifier
2025-08-05 08:42:44,413 - hybex_system.neural_models - INFO - Saved training plots to C:\Users\Student\Documents\22BLC1058\multi_domain_legal\results\training_plots\domain_classifier
2025-08-05 08:42:44,429 - hybex_system.neural_models - INFO - 
--- Training Eligibility Predictor ---
2025-08-05 08:42:44,804 - hybex_system.neural_models - INFO - Created eligibility_prediction dataset with 14700 samples
2025-08-05 08:42:44,804 - hybex_system.neural_models - INFO - Created eligibility_prediction dataset with 3150 samples
2025-08-05 08:42:44,945 - hybex_system.neural_models - INFO - Starting training for eligibility_predictor for 30 epochs.
2025-08-05 08:46:38,871 - hybex_system.neural_models - INFO - Epoch 1/30 | Train Loss: 0.4902 | Train F1: 0.8636 | Val Loss: 0.4383 | Val F1: 0.8841
2025-08-05 08:46:38,871 - hybex_system.neural_models - INFO - New best validation F1 score: 0.8841. Saving model state.
2025-08-05 08:50:32,791 - hybex_system.neural_models - INFO - Epoch 2/30 | Train Loss: 0.4222 | Train F1: 0.8899 | Val Loss: 0.4212 | Val F1: 0.8896
2025-08-05 08:50:32,791 - hybex_system.neural_models - INFO - New best validation F1 score: 0.8896. Saving model state.
2025-08-05 08:54:26,523 - hybex_system.neural_models - INFO - Epoch 3/30 | Train Loss: 0.4089 | Train F1: 0.8927 | Val Loss: 0.4198 | Val F1: 0.8896
2025-08-05 08:54:26,523 - hybex_system.neural_models - INFO - Validation F1 did not improve. Patience: 1/5
2025-08-05 08:58:20,411 - hybex_system.neural_models - INFO - Epoch 4/30 | Train Loss: 0.4066 | Train F1: 0.8927 | Val Loss: 0.4223 | Val F1: 0.8896
2025-08-05 08:58:20,411 - hybex_system.neural_models - INFO - Validation F1 did not improve. Patience: 2/5
2025-08-05 09:02:14,238 - hybex_system.neural_models - INFO - Epoch 5/30 | Train Loss: 0.4063 | Train F1: 0.8926 | Val Loss: 0.4207 | Val F1: 0.8888
2025-08-05 09:02:14,238 - hybex_system.neural_models - INFO - Validation F1 did not improve. Patience: 3/5
2025-08-05 09:06:08,112 - hybex_system.neural_models - INFO - Epoch 6/30 | Train Loss: 0.3999 | Train F1: 0.8928 | Val Loss: 0.4216 | Val F1: 0.8891
2025-08-05 09:06:08,112 - hybex_system.neural_models - INFO - Validation F1 did not improve. Patience: 4/5
2025-08-05 09:10:02,028 - hybex_system.neural_models - INFO - Epoch 7/30 | Train Loss: 0.3997 | Train F1: 0.8928 | Val Loss: 0.4239 | Val F1: 0.8891
2025-08-05 09:10:02,028 - hybex_system.neural_models - INFO - Validation F1 did not improve. Patience: 5/5
2025-08-05 09:10:02,028 - hybex_system.neural_models - INFO - Early stopping triggered.
2025-08-05 09:10:02,032 - hybex_system.neural_models - INFO - Loaded best model with F1 score: 0.8896
2025-08-12 12:16:30,973 - hybex_system.neural_models - INFO - Added file handler to ModelTrainer logger.
2025-08-12 12:16:30,973 - hybex_system.neural_models - INFO - ============================================================
2025-08-12 12:16:30,973 - hybex_system.neural_models - INFO - Starting HybEx-Law Neural Model Training
2025-08-12 12:16:30,973 - hybex_system.neural_models - INFO - ============================================================
2025-08-12 12:16:30,973 - hybex_system.neural_models - INFO - ModelTrainer initialized on device: cuda
2025-08-12 12:20:19,356 - hybex_system.neural_models - INFO - Training Domain Classifier and Eligibility Predictor models.
2025-08-12 12:20:19,356 - hybex_system.neural_models - INFO - 
--- Training Domain Classifier ---
2025-08-12 12:20:21,577 - hybex_system.neural_models - INFO - Created domain_classification dataset with 27300 samples
2025-08-12 12:20:21,577 - hybex_system.neural_models - INFO - Created domain_classification dataset with 5850 samples
2025-08-12 12:20:21,801 - hybex_system.neural_models - INFO - Starting training for domain_classifier for 30 epochs.
2025-08-12 12:28:46,079 - hybex_system.neural_models - INFO - Epoch 1/30 | Train Loss: 0.1254 | Train F1: 0.9425 | Val Loss: 0.1110 | Val F1: 0.9487
2025-08-12 12:28:46,079 - hybex_system.neural_models - INFO - New best validation F1 score: 0.9487. Saving model state.
2025-08-12 12:37:12,699 - hybex_system.neural_models - INFO - Epoch 2/30 | Train Loss: 0.1085 | Train F1: 0.9501 | Val Loss: 0.1096 | Val F1: 0.9487
2025-08-12 12:37:12,699 - hybex_system.neural_models - INFO - Validation F1 did not improve. Patience: 1/3
2025-08-12 12:45:42,683 - hybex_system.neural_models - INFO - Epoch 3/30 | Train Loss: 0.1068 | Train F1: 0.9501 | Val Loss: 0.1100 | Val F1: 0.9487
2025-08-12 12:45:42,684 - hybex_system.neural_models - INFO - Validation F1 did not improve. Patience: 2/3
2025-08-12 12:54:08,475 - hybex_system.neural_models - INFO - Epoch 4/30 | Train Loss: 0.1053 | Train F1: 0.9501 | Val Loss: 0.1079 | Val F1: 0.9487
2025-08-12 12:54:08,475 - hybex_system.neural_models - INFO - Validation F1 did not improve. Patience: 3/3
2025-08-12 12:54:08,475 - hybex_system.neural_models - INFO - Early stopping triggered.
2025-08-12 12:54:08,484 - hybex_system.neural_models - INFO - Loaded best model with F1 score: 0.9487
2025-08-12 12:54:08,770 - hybex_system.neural_models - INFO - Saved model domain_classifier to C:\Users\Student\Documents\22BLC1058\NLP\multi_domain_legal\models\hybex_system\domain_classifier
2025-08-12 12:54:09,821 - hybex_system.neural_models - INFO - Saved training plots to C:\Users\Student\Documents\22BLC1058\NLP\multi_domain_legal\results\training_plots\domain_classifier
2025-08-12 12:54:09,821 - hybex_system.neural_models - INFO - 
--- Training Eligibility Predictor ---
2025-08-12 12:54:10,138 - hybex_system.neural_models - INFO - Created eligibility_prediction dataset with 27300 samples
2025-08-12 12:54:10,138 - hybex_system.neural_models - INFO - Created eligibility_prediction dataset with 5850 samples
2025-08-12 12:54:10,253 - hybex_system.neural_models - INFO - Starting training for eligibility_predictor for 30 epochs.
2025-08-12 13:01:25,705 - hybex_system.neural_models - INFO - Epoch 1/30 | Train Loss: 0.6959 | Train F1: 0.4863 | Val Loss: 0.6940 | Val F1: 0.6670
2025-08-12 13:01:25,705 - hybex_system.neural_models - INFO - New best validation F1 score: 0.6670. Saving model state.
2025-08-12 13:08:40,825 - hybex_system.neural_models - INFO - Epoch 2/30 | Train Loss: 0.6947 | Train F1: 0.4924 | Val Loss: 0.6943 | Val F1: 0.0000
2025-08-12 13:08:40,825 - hybex_system.neural_models - INFO - Validation F1 did not improve. Patience: 1/5
2025-08-12 13:15:55,883 - hybex_system.neural_models - INFO - Epoch 3/30 | Train Loss: 0.6938 | Train F1: 0.4895 | Val Loss: 0.6932 | Val F1: 0.2727
2025-08-12 13:15:55,883 - hybex_system.neural_models - INFO - Validation F1 did not improve. Patience: 2/5
2025-08-12 13:23:10,003 - hybex_system.neural_models - INFO - Epoch 4/30 | Train Loss: 0.6935 | Train F1: 0.4944 | Val Loss: 0.6928 | Val F1: 0.5120
2025-08-12 13:23:10,003 - hybex_system.neural_models - INFO - Validation F1 did not improve. Patience: 3/5
2025-08-12 13:30:24,169 - hybex_system.neural_models - INFO - Epoch 5/30 | Train Loss: 0.6926 | Train F1: 0.5059 | Val Loss: 0.6931 | Val F1: 0.3901
2025-08-12 13:30:24,169 - hybex_system.neural_models - INFO - Validation F1 did not improve. Patience: 4/5
2025-08-12 13:37:37,841 - hybex_system.neural_models - INFO - Epoch 6/30 | Train Loss: 0.6925 | Train F1: 0.4807 | Val Loss: 0.6929 | Val F1: 0.5249
2025-08-12 13:37:37,841 - hybex_system.neural_models - INFO - Validation F1 did not improve. Patience: 5/5
2025-08-12 13:37:37,841 - hybex_system.neural_models - INFO - Early stopping triggered.
2025-08-12 13:37:37,843 - hybex_system.neural_models - INFO - Loaded best model with F1 score: 0.6670
2025-08-12 14:44:39,855 - hybex_system.neural_models - INFO - Added file handler to ModelTrainer logger.
2025-08-12 14:44:39,855 - hybex_system.neural_models - INFO - ModelTrainer initialized on device: cuda
2025-08-12 14:58:11,602 - hybex_system.neural_models - INFO - Added file handler to ModelTrainer logger.
2025-08-12 14:58:11,618 - hybex_system.neural_models - INFO - ModelTrainer initialized on device: cuda
2025-08-12 15:02:13,711 - hybex_system.neural_models - INFO - Training Domain Classifier and Eligibility Predictor models.
2025-08-12 15:02:14,253 - hybex_system.neural_models - INFO - Loaded 27300 train samples
2025-08-12 15:02:14,254 - hybex_system.neural_models - INFO - Loaded 5850 val samples
2025-08-12 15:02:14,254 - hybex_system.neural_models - INFO - Loaded 5850 test samples
2025-08-12 15:02:14,255 - hybex_system.neural_models - INFO - 
--- Training Domain Classifier ---
2025-08-12 15:02:16,885 - hybex_system.neural_models - INFO - Created domain_classification dataset with 27300 samples
2025-08-12 15:02:16,885 - hybex_system.neural_models - INFO - Created domain_classification dataset with 5850 samples
2025-08-12 15:02:16,886 - hybex_system.neural_models - INFO - Starting training for domain_classifier for 30 epochs.
2025-08-12 15:05:27,134 - hybex_system.neural_models - INFO - Added file handler to ModelTrainer logger.
2025-08-12 15:05:27,134 - hybex_system.neural_models - INFO - ============================================================
2025-08-12 15:05:27,134 - hybex_system.neural_models - INFO - Starting HybEx-Law Neural Model Training
2025-08-12 15:05:27,134 - hybex_system.neural_models - INFO - ============================================================
2025-08-12 15:05:27,134 - hybex_system.neural_models - INFO - ModelTrainer initialized on device: cuda
2025-08-12 15:13:35,403 - hybex_system.neural_models - INFO - Added file handler to ModelTrainer logger.
2025-08-12 15:13:35,419 - hybex_system.neural_models - INFO - ============================================================
2025-08-12 15:13:35,419 - hybex_system.neural_models - INFO - Starting HybEx-Law Neural Model Training
2025-08-12 15:13:35,419 - hybex_system.neural_models - INFO - ============================================================
2025-08-12 15:13:35,419 - hybex_system.neural_models - INFO - ModelTrainer initialized on device: cuda
2025-08-12 15:17:43,764 - hybex_system.neural_models - INFO - Training Domain Classifier and Eligibility Predictor models.
2025-08-12 15:17:43,764 - hybex_system.neural_models - INFO - 
--- Training Domain Classifier ---
2025-08-12 15:17:46,246 - hybex_system.neural_models - INFO - Created domain_classification dataset with 27300 samples
2025-08-12 15:17:46,246 - hybex_system.neural_models - INFO - Created domain_classification dataset with 5850 samples
2025-08-12 15:17:46,469 - hybex_system.neural_models - INFO - Starting training for domain_classifier for 30 epochs.
2025-08-12 15:26:10,956 - hybex_system.neural_models - INFO - Epoch 1/30 | Train Loss: 0.1255 | Train F1: 0.9415 | Val Loss: 0.1133 | Val F1: 0.9487
2025-08-12 15:26:10,956 - hybex_system.neural_models - INFO - New best validation F1 score: 0.9487. Saving model state.
2025-08-12 15:34:38,394 - hybex_system.neural_models - INFO - Epoch 2/30 | Train Loss: 0.1082 | Train F1: 0.9500 | Val Loss: 0.1095 | Val F1: 0.9487
2025-08-12 15:34:38,394 - hybex_system.neural_models - INFO - Validation F1 did not improve. Patience: 1/3
2025-08-12 15:43:03,860 - hybex_system.neural_models - INFO - Epoch 3/30 | Train Loss: 0.1070 | Train F1: 0.9501 | Val Loss: 0.1094 | Val F1: 0.9487
2025-08-12 15:43:03,860 - hybex_system.neural_models - INFO - Validation F1 did not improve. Patience: 2/3
2025-08-12 15:51:29,564 - hybex_system.neural_models - INFO - Epoch 4/30 | Train Loss: 0.1050 | Train F1: 0.9501 | Val Loss: 0.1081 | Val F1: 0.9487
2025-08-12 15:51:29,564 - hybex_system.neural_models - INFO - Validation F1 did not improve. Patience: 3/3
2025-08-12 15:51:29,564 - hybex_system.neural_models - INFO - Early stopping triggered.
2025-08-12 15:51:29,574 - hybex_system.neural_models - INFO - Loaded best model with F1 score: 0.9487
2025-08-12 15:51:29,858 - hybex_system.neural_models - INFO - Saved model domain_classifier to C:\Users\Student\Documents\22BLC1058\NLP\multi_domain_legal\models\hybex_system\domain_classifier
2025-08-12 15:51:30,941 - hybex_system.neural_models - INFO - Saved training plots to C:\Users\Student\Documents\22BLC1058\NLP\multi_domain_legal\results\training_plots\domain_classifier
2025-08-12 15:51:30,941 - hybex_system.neural_models - INFO - 
--- Training Eligibility Predictor ---
2025-08-12 15:51:31,237 - hybex_system.neural_models - INFO - Created eligibility_prediction dataset with 27300 samples
2025-08-12 15:51:31,237 - hybex_system.neural_models - INFO - Created eligibility_prediction dataset with 5850 samples
2025-08-12 15:51:31,361 - hybex_system.neural_models - INFO - Starting training for eligibility_predictor for 30 epochs.
2025-08-12 15:58:46,369 - hybex_system.neural_models - INFO - Epoch 1/30 | Train Loss: 0.6954 | Train F1: 0.4960 | Val Loss: 0.6955 | Val F1: 0.6670
2025-08-12 15:58:46,369 - hybex_system.neural_models - INFO - New best validation F1 score: 0.6670. Saving model state.
2025-08-12 16:06:00,293 - hybex_system.neural_models - INFO - Epoch 2/30 | Train Loss: 0.6942 | Train F1: 0.5025 | Val Loss: 0.6929 | Val F1: 0.5503
2025-08-12 16:06:00,293 - hybex_system.neural_models - INFO - Validation F1 did not improve. Patience: 1/5
2025-08-12 16:13:15,142 - hybex_system.neural_models - INFO - Epoch 3/30 | Train Loss: 0.6941 | Train F1: 0.5129 | Val Loss: 0.6941 | Val F1: 0.6630
2025-08-12 16:13:15,142 - hybex_system.neural_models - INFO - Validation F1 did not improve. Patience: 2/5
2025-08-12 16:20:29,926 - hybex_system.neural_models - INFO - Epoch 4/30 | Train Loss: 0.6937 | Train F1: 0.5234 | Val Loss: 0.6934 | Val F1: 0.6403
2025-08-12 16:20:29,926 - hybex_system.neural_models - INFO - Validation F1 did not improve. Patience: 3/5
2025-08-12 16:27:45,512 - hybex_system.neural_models - INFO - Epoch 5/30 | Train Loss: 0.6925 | Train F1: 0.5407 | Val Loss: 0.6930 | Val F1: 0.5738
2025-08-12 16:27:45,512 - hybex_system.neural_models - INFO - Validation F1 did not improve. Patience: 4/5
2025-08-12 16:34:59,346 - hybex_system.neural_models - INFO - Epoch 6/30 | Train Loss: 0.6923 | Train F1: 0.5283 | Val Loss: 0.6930 | Val F1: 0.5241
2025-08-12 16:34:59,346 - hybex_system.neural_models - INFO - Validation F1 did not improve. Patience: 5/5
2025-08-12 16:34:59,346 - hybex_system.neural_models - INFO - Early stopping triggered.
2025-08-12 16:34:59,360 - hybex_system.neural_models - INFO - Loaded best model with F1 score: 0.6670
2025-08-12 16:34:59,710 - hybex_system.neural_models - INFO - Saved model eligibility_predictor to C:\Users\Student\Documents\22BLC1058\NLP\multi_domain_legal\models\hybex_system\eligibility_predictor
2025-08-12 16:35:00,887 - hybex_system.neural_models - INFO - Saved training plots to C:\Users\Student\Documents\22BLC1058\NLP\multi_domain_legal\results\training_plots\eligibility_predictor
2025-08-12 16:35:00,887 - hybex_system.neural_models - INFO - All neural models trained successfully.
2025-10-17 23:38:27,852 - hybex_system.neural_models - INFO - Added file handler to ModelTrainer logger.
2025-10-17 23:38:27,852 - hybex_system.neural_models - INFO - ============================================================
2025-10-17 23:38:27,852 - hybex_system.neural_models - INFO - Starting HybEx-Law Neural Model Training
2025-10-17 23:38:27,852 - hybex_system.neural_models - INFO - ============================================================
2025-10-17 23:38:27,852 - hybex_system.neural_models - INFO - ModelTrainer initialized on device: cuda
2025-10-17 23:40:16,880 - hybex_system.neural_models - INFO - Training Domain Classifier and Eligibility Predictor models.
2025-10-17 23:40:16,880 - hybex_system.neural_models - INFO - 
--- Training Domain Classifier ---
2025-10-17 23:40:18,771 - hybex_system.neural_models - INFO - Created domain_classification dataset with 10500 samples
2025-10-17 23:40:18,771 - hybex_system.neural_models - INFO - Created domain_classification dataset with 2250 samples
2025-10-17 23:40:18,993 - hybex_system.neural_models - INFO - Starting training for domain_classifier for 30 epochs.
2025-10-17 23:54:57,077 - hybex_system.neural_models - INFO - Epoch 1/30 | Train Loss: 0.0448 | Train F1: 0.9729 | Val Loss: 0.0064 | Val F1: 1.0000
2025-10-17 23:54:57,080 - hybex_system.neural_models - INFO - New best validation F1 score: 1.0000. Saving model state.
2025-10-18 01:02:48,845 - hybex_system.neural_models - INFO - Added file handler to ModelTrainer logger.
2025-10-18 01:02:48,845 - hybex_system.neural_models - INFO - ============================================================
2025-10-18 01:02:48,845 - hybex_system.neural_models - INFO - Starting HybEx-Law Neural Model Training
2025-10-18 01:02:48,845 - hybex_system.neural_models - INFO - ============================================================
2025-10-18 01:02:48,845 - hybex_system.neural_models - INFO - ModelTrainer initialized on device: cuda
2025-10-18 01:08:36,361 - hybex_system.neural_models - INFO - Added file handler to ModelTrainer logger.
2025-10-18 01:08:36,362 - hybex_system.neural_models - INFO - ============================================================
2025-10-18 01:08:36,362 - hybex_system.neural_models - INFO - Starting HybEx-Law Neural Model Training
2025-10-18 01:08:36,362 - hybex_system.neural_models - INFO - ============================================================
2025-10-18 01:08:36,362 - hybex_system.neural_models - INFO - ModelTrainer initialized on device: cuda
2025-10-18 01:10:14,196 - hybex_system.neural_models - INFO - Training Domain Classifier and Eligibility Predictor models.
2025-10-18 01:10:14,196 - hybex_system.neural_models - INFO - 
--- Training Domain Classifier ---
2025-10-18 01:10:16,061 - hybex_system.neural_models - INFO - Created domain_classification dataset with 11597 samples
2025-10-18 01:10:16,061 - hybex_system.neural_models - INFO - Created domain_classification dataset with 2486 samples
2025-10-18 01:10:16,273 - hybex_system.neural_models - INFO - Starting training for domain_classifier for 30 epochs.
2025-10-18 01:17:35,714 - hybex_system.neural_models - INFO - Added file handler to ModelTrainer logger.
2025-10-18 01:17:35,715 - hybex_system.neural_models - INFO - ============================================================
2025-10-18 01:17:35,715 - hybex_system.neural_models - INFO - Starting HybEx-Law Neural Model Training
2025-10-18 01:17:35,715 - hybex_system.neural_models - INFO - ============================================================
2025-10-18 01:17:35,715 - hybex_system.neural_models - INFO - ModelTrainer initialized on device: cuda
2025-10-18 01:24:39,989 - hybex_system.neural_models - INFO - Added file handler to ModelTrainer logger.
2025-10-18 01:24:40,002 - hybex_system.neural_models - INFO - ============================================================
2025-10-18 01:24:40,002 - hybex_system.neural_models - INFO - Starting HybEx-Law Neural Model Training
2025-10-18 01:24:40,002 - hybex_system.neural_models - INFO - ============================================================
2025-10-18 01:24:40,003 - hybex_system.neural_models - INFO - ModelTrainer initialized on device: cuda
2025-10-18 01:29:35,889 - hybex_system.neural_models - INFO - Added file handler to ModelTrainer logger.
2025-10-18 01:29:35,889 - hybex_system.neural_models - INFO - ============================================================
2025-10-18 01:29:35,889 - hybex_system.neural_models - INFO - Starting HybEx-Law Neural Model Training
2025-10-18 01:29:35,889 - hybex_system.neural_models - INFO - ============================================================
2025-10-18 01:29:35,889 - hybex_system.neural_models - INFO - ModelTrainer initialized on device: cuda
2025-10-18 01:35:19,351 - hybex_system.neural_models - INFO - Added file handler to ModelTrainer logger.
2025-10-18 01:35:19,352 - hybex_system.neural_models - INFO - ============================================================
2025-10-18 01:35:19,352 - hybex_system.neural_models - INFO - Starting HybEx-Law Neural Model Training
2025-10-18 01:35:19,352 - hybex_system.neural_models - INFO - ============================================================
2025-10-18 01:35:19,352 - hybex_system.neural_models - INFO - ModelTrainer initialized on device: cuda
2025-10-18 01:41:21,191 - hybex_system.neural_models - INFO - Added file handler to ModelTrainer logger.
2025-10-18 01:41:21,191 - hybex_system.neural_models - INFO - ============================================================
2025-10-18 01:41:21,191 - hybex_system.neural_models - INFO - Starting HybEx-Law Neural Model Training
2025-10-18 01:41:21,191 - hybex_system.neural_models - INFO - ============================================================
2025-10-18 01:41:21,191 - hybex_system.neural_models - INFO - ModelTrainer initialized on device: cuda
2025-10-18 01:42:31,340 - hybex_system.neural_models - INFO - Added file handler to ModelTrainer logger.
2025-10-18 01:42:31,340 - hybex_system.neural_models - INFO - ============================================================
2025-10-18 01:42:31,340 - hybex_system.neural_models - INFO - Starting HybEx-Law Neural Model Training
2025-10-18 01:42:31,340 - hybex_system.neural_models - INFO - ============================================================
2025-10-18 01:42:31,340 - hybex_system.neural_models - INFO - ModelTrainer initialized on device: cuda
2025-10-18 01:42:32,934 - hybex_system.neural_models - INFO - Training Domain Classifier and Eligibility Predictor models.
2025-10-18 01:42:32,935 - hybex_system.neural_models - INFO - 
--- Training Domain Classifier ---
2025-10-18 01:42:34,306 - hybex_system.neural_models - INFO - Created domain_classification dataset with 6699 samples
2025-10-18 01:42:34,308 - hybex_system.neural_models - INFO - Created domain_classification dataset with 1436 samples
2025-10-18 01:42:34,495 - hybex_system.neural_models - INFO - Starting training for domain_classifier for 30 epochs.
2025-10-18 01:43:55,600 - hybex_system.neural_models - INFO - Added file handler to ModelTrainer logger.
2025-10-18 01:43:55,600 - hybex_system.neural_models - INFO - ============================================================
2025-10-18 01:43:55,600 - hybex_system.neural_models - INFO - Starting HybEx-Law Neural Model Training
2025-10-18 01:43:55,600 - hybex_system.neural_models - INFO - ============================================================
2025-10-18 01:43:55,600 - hybex_system.neural_models - INFO - ModelTrainer initialized on device: cuda
2025-10-18 01:43:57,667 - hybex_system.neural_models - INFO - Training Domain Classifier and Eligibility Predictor models.
2025-10-18 01:43:57,667 - hybex_system.neural_models - INFO - 
--- Training Domain Classifier ---
2025-10-18 01:43:59,450 - hybex_system.neural_models - INFO - Created domain_classification dataset with 6699 samples
2025-10-18 01:43:59,451 - hybex_system.neural_models - INFO - Created domain_classification dataset with 1436 samples
2025-10-18 01:43:59,625 - hybex_system.neural_models - INFO - Starting training for domain_classifier for 15 epochs.
2025-10-18 01:51:37,739 - hybex_system.neural_models - INFO - Epoch 1/15 | Train Loss: 0.0746 | Train F1: 0.9350 | Val Loss: 0.0082 | Val F1: 1.0000
2025-10-18 01:51:37,740 - hybex_system.neural_models - INFO - New best validation F1 score: 1.0000. Saving model state.
2025-10-18 01:59:17,705 - hybex_system.neural_models - INFO - Epoch 2/15 | Train Loss: 0.0089 | Train F1: 1.0000 | Val Loss: 0.0046 | Val F1: 1.0000
2025-10-18 01:59:17,705 - hybex_system.neural_models - INFO - Validation F1 did not improve. Patience: 1/3
2025-10-18 02:06:57,691 - hybex_system.neural_models - INFO - Epoch 3/15 | Train Loss: 0.0052 | Train F1: 1.0000 | Val Loss: 0.0028 | Val F1: 1.0000
2025-10-18 02:06:57,691 - hybex_system.neural_models - INFO - Validation F1 did not improve. Patience: 2/3
2025-10-18 02:14:37,893 - hybex_system.neural_models - INFO - Epoch 4/15 | Train Loss: 0.0039 | Train F1: 1.0000 | Val Loss: 0.0027 | Val F1: 1.0000
2025-10-18 02:14:37,893 - hybex_system.neural_models - INFO - Validation F1 did not improve. Patience: 3/3
2025-10-18 02:14:37,893 - hybex_system.neural_models - INFO - Early stopping triggered.
2025-10-18 02:14:37,907 - hybex_system.neural_models - INFO - Loaded best model with F1 score: 1.0000
2025-10-18 02:14:38,470 - hybex_system.neural_models - INFO - Saved model domain_classifier to d:\Code_stuff\HybEx-Law\multi_domain_legal\models\hybex_system\domain_classifier
2025-10-18 02:14:41,002 - hybex_system.neural_models - INFO - Saved training plots to d:\Code_stuff\HybEx-Law\multi_domain_legal\results\training_plots\domain_classifier
2025-10-18 02:14:41,002 - hybex_system.neural_models - INFO - 
--- Training Eligibility Predictor ---
2025-10-18 02:14:42,424 - hybex_system.neural_models - INFO - Created eligibility_prediction dataset with 6699 samples
2025-10-18 02:14:42,424 - hybex_system.neural_models - INFO - Created eligibility_prediction dataset with 1436 samples
2025-10-18 02:14:42,586 - hybex_system.neural_models - INFO - Starting training for eligibility_predictor for 15 epochs.
2025-10-18 07:06:44,365 - hybex_system.neural_models - INFO - Added file handler to ModelTrainer logger.
2025-10-18 07:06:44,365 - hybex_system.neural_models - INFO - ============================================================
2025-10-18 07:06:44,365 - hybex_system.neural_models - INFO - Starting HybEx-Law Neural Model Training
2025-10-18 07:06:44,365 - hybex_system.neural_models - INFO - ============================================================
2025-10-18 07:06:44,365 - hybex_system.neural_models - INFO - ModelTrainer initialized on device: cuda
2025-10-18 07:06:46,487 - hybex_system.neural_models - INFO - Training Domain Classifier and Eligibility Predictor models.
2025-10-18 07:06:46,487 - hybex_system.neural_models - INFO - 
--- Training Domain Classifier ---
2025-10-18 07:06:48,918 - hybex_system.neural_models - INFO - Created domain_classification dataset with 6699 samples
2025-10-18 07:06:48,918 - hybex_system.neural_models - INFO - Created domain_classification dataset with 1436 samples
2025-10-18 07:06:49,101 - hybex_system.neural_models - INFO - Starting training for domain_classifier for 15 epochs.
2025-10-18 07:14:24,330 - hybex_system.neural_models - INFO - Epoch 1/15 | Train Loss: 0.0651 | Train F1: 0.9484 | Val Loss: 0.0081 | Val F1: 1.0000
2025-10-18 07:14:24,332 - hybex_system.neural_models - INFO - New best validation F1 score: 1.0000. Saving model state.
2025-10-18 07:22:02,257 - hybex_system.neural_models - INFO - Epoch 2/15 | Train Loss: 0.0088 | Train F1: 1.0000 | Val Loss: 0.0046 | Val F1: 1.0000
2025-10-18 07:22:02,257 - hybex_system.neural_models - INFO - Validation F1 did not improve. Patience: 1/3
2025-10-18 07:29:41,195 - hybex_system.neural_models - INFO - Epoch 3/15 | Train Loss: 0.0052 | Train F1: 1.0000 | Val Loss: 0.0028 | Val F1: 1.0000
2025-10-18 07:29:41,195 - hybex_system.neural_models - INFO - Validation F1 did not improve. Patience: 2/3
2025-10-18 07:37:20,554 - hybex_system.neural_models - INFO - Epoch 4/15 | Train Loss: 0.0039 | Train F1: 1.0000 | Val Loss: 0.0027 | Val F1: 1.0000
2025-10-18 07:37:20,555 - hybex_system.neural_models - INFO - Validation F1 did not improve. Patience: 3/3
2025-10-18 07:37:20,555 - hybex_system.neural_models - INFO - Early stopping triggered.
2025-10-18 07:37:20,558 - hybex_system.neural_models - INFO - Loaded best model with F1 score: 1.0000
2025-10-18 07:37:20,974 - hybex_system.neural_models - INFO - Saved model domain_classifier to d:\Code_stuff\HybEx-Law\multi_domain_legal\models\hybex_system\domain_classifier
2025-10-18 07:37:23,020 - hybex_system.neural_models - INFO - Saved training plots to d:\Code_stuff\HybEx-Law\multi_domain_legal\results\training_plots\domain_classifier
2025-10-18 07:37:23,024 - hybex_system.neural_models - INFO - 
--- Training Eligibility Predictor ---
2025-10-18 07:37:24,192 - hybex_system.neural_models - INFO - Created eligibility_prediction dataset with 6699 samples
2025-10-18 07:37:24,195 - hybex_system.neural_models - INFO - Created eligibility_prediction dataset with 1436 samples
2025-10-18 07:37:24,306 - hybex_system.neural_models - INFO - Starting training for eligibility_predictor for 15 epochs.
2025-10-18 16:51:11,048 - hybex_system.neural_models - INFO - Added file handler to ModelTrainer logger.
2025-10-18 16:51:11,048 - hybex_system.neural_models - INFO - ============================================================
2025-10-18 16:51:11,058 - hybex_system.neural_models - INFO - Starting HybEx-Law Neural Model Training
2025-10-18 16:51:11,058 - hybex_system.neural_models - INFO - ============================================================
2025-10-18 16:51:11,058 - hybex_system.neural_models - INFO - ModelTrainer initialized on device: cuda
2025-10-18 16:51:13,311 - hybex_system.neural_models - INFO - Training Domain Classifier and Eligibility Predictor models.
2025-10-18 16:51:13,311 - hybex_system.neural_models - INFO - 
--- Training Domain Classifier ---
2025-10-18 16:51:15,108 - hybex_system.neural_models - INFO - Created domain_classification dataset with 6699 samples
2025-10-18 16:51:15,108 - hybex_system.neural_models - INFO - Created domain_classification dataset with 1436 samples
2025-10-18 16:51:15,354 - hybex_system.neural_models - INFO - Starting training for domain_classifier with gradient accumulation (steps=4)
2025-10-18 16:51:15,354 - hybex_system.neural_models - INFO - Mixed precision training enabled (FP16)
2025-10-18 16:54:41,095 - hybex_system.neural_models - INFO - Epoch 1/15 | Train Loss: 0.0681 | Train F1: 0.9369 | Val Loss: 0.0088 | Val F1: 1.0000
2025-10-18 16:54:41,096 - hybex_system.neural_models - INFO - New best validation F1 score: 1.0000. Saving model state.
2025-10-18 16:57:57,132 - hybex_system.neural_models - INFO - Epoch 2/15 | Train Loss: 0.0087 | Train F1: 1.0000 | Val Loss: 0.0049 | Val F1: 1.0000
2025-10-18 16:57:57,132 - hybex_system.neural_models - INFO - Validation F1 did not improve. Patience: 1/3
2025-10-18 17:01:30,182 - hybex_system.neural_models - INFO - Epoch 3/15 | Train Loss: 0.0052 | Train F1: 1.0000 | Val Loss: 0.0031 | Val F1: 1.0000
2025-10-18 17:01:30,183 - hybex_system.neural_models - INFO - Validation F1 did not improve. Patience: 2/3
2025-10-18 17:05:03,290 - hybex_system.neural_models - INFO - Epoch 4/15 | Train Loss: 0.0040 | Train F1: 1.0000 | Val Loss: 0.0029 | Val F1: 1.0000
2025-10-18 17:05:03,290 - hybex_system.neural_models - INFO - Validation F1 did not improve. Patience: 3/3
2025-10-18 17:05:03,290 - hybex_system.neural_models - INFO - Early stopping triggered.
2025-10-18 17:05:03,301 - hybex_system.neural_models - INFO - Loaded best model with F1 score: 1.0000
2025-10-18 17:05:03,759 - hybex_system.neural_models - INFO - Saved model domain_classifier to d:\Code_stuff\HybEx-Law\multi_domain_legal\models\hybex_system\domain_classifier
2025-10-18 17:05:05,710 - hybex_system.neural_models - INFO - Saved training plots to d:\Code_stuff\HybEx-Law\multi_domain_legal\results\training_plots\domain_classifier
2025-10-18 17:05:05,710 - hybex_system.neural_models - INFO - 
--- Training Eligibility Predictor ---
2025-10-18 17:05:18,234 - hybex_system.neural_models - INFO - Created eligibility_prediction dataset with 6699 samples
2025-10-18 17:05:18,234 - hybex_system.neural_models - INFO - Created eligibility_prediction dataset with 1436 samples
2025-10-18 17:05:18,525 - hybex_system.neural_models - INFO - Starting training for eligibility_predictor with gradient accumulation (steps=4)
2025-10-18 17:05:18,525 - hybex_system.neural_models - INFO - Mixed precision training enabled (FP16)
2025-10-18 17:08:53,781 - hybex_system.neural_models - INFO - Epoch 1/15 | Train Loss: 0.6087 | Train F1: 0.8232 | Val Loss: 0.5823 | Val F1: 0.8316
2025-10-18 17:08:53,782 - hybex_system.neural_models - INFO - New best validation F1 score: 0.8316. Saving model state.
2025-10-18 17:12:28,837 - hybex_system.neural_models - INFO - Epoch 2/15 | Train Loss: 0.5599 | Train F1: 0.8282 | Val Loss: 0.4965 | Val F1: 0.8561
2025-10-18 17:12:28,837 - hybex_system.neural_models - INFO - New best validation F1 score: 0.8561. Saving model state.
2025-10-18 17:16:03,583 - hybex_system.neural_models - INFO - Epoch 3/15 | Train Loss: 0.5062 | Train F1: 0.8499 | Val Loss: 0.4665 | Val F1: 0.8627
2025-10-18 17:16:03,583 - hybex_system.neural_models - INFO - New best validation F1 score: 0.8627. Saving model state.
2025-10-18 17:19:38,743 - hybex_system.neural_models - INFO - Epoch 4/15 | Train Loss: 0.4875 | Train F1: 0.8543 | Val Loss: 0.4677 | Val F1: 0.8607
2025-10-18 17:19:38,743 - hybex_system.neural_models - INFO - Validation F1 did not improve. Patience: 1/5
2025-10-18 17:23:13,898 - hybex_system.neural_models - INFO - Epoch 5/15 | Train Loss: 0.4868 | Train F1: 0.8529 | Val Loss: 0.4715 | Val F1: 0.8622
2025-10-18 17:23:13,898 - hybex_system.neural_models - INFO - Validation F1 did not improve. Patience: 2/5
2025-10-18 17:26:48,564 - hybex_system.neural_models - INFO - Epoch 6/15 | Train Loss: 0.4805 | Train F1: 0.8520 | Val Loss: 0.4930 | Val F1: 0.8603
2025-10-18 17:26:48,565 - hybex_system.neural_models - INFO - Validation F1 did not improve. Patience: 3/5
2025-10-18 17:30:23,794 - hybex_system.neural_models - INFO - Epoch 7/15 | Train Loss: 0.4644 | Train F1: 0.8552 | Val Loss: 0.4929 | Val F1: 0.8597
2025-10-18 17:30:23,794 - hybex_system.neural_models - INFO - Validation F1 did not improve. Patience: 4/5
2025-10-18 17:34:00,362 - hybex_system.neural_models - INFO - Epoch 8/15 | Train Loss: 0.4619 | Train F1: 0.8552 | Val Loss: 0.4956 | Val F1: 0.8584
2025-10-18 17:34:00,362 - hybex_system.neural_models - INFO - Validation F1 did not improve. Patience: 5/5
2025-10-18 17:34:00,362 - hybex_system.neural_models - INFO - Early stopping triggered.
2025-10-18 17:34:00,365 - hybex_system.neural_models - INFO - Loaded best model with F1 score: 0.8627
2025-10-18 17:34:00,903 - hybex_system.neural_models - INFO - Saved model eligibility_predictor to d:\Code_stuff\HybEx-Law\multi_domain_legal\models\hybex_system\eligibility_predictor
2025-10-18 17:34:02,193 - hybex_system.neural_models - INFO - Saved training plots to d:\Code_stuff\HybEx-Law\multi_domain_legal\results\training_plots\eligibility_predictor
2025-10-18 17:34:02,193 - hybex_system.neural_models - INFO - Standard neural models trained successfully.
2025-10-18 17:34:02,380 - hybex_system.neural_models - INFO - --- Starting Knowledge Graph Engine (GNN) Training ---
2025-10-18 17:34:02,888 - hybex_system.neural_models - ERROR - Knowledge graph is empty. Aborting GNN training.
2025-10-18 19:06:18,881 - hybex_system.neural_models - INFO - Added file handler to ModelTrainer logger.
2025-10-18 19:06:18,881 - hybex_system.neural_models - INFO - ============================================================
2025-10-18 19:06:18,881 - hybex_system.neural_models - INFO - Starting HybEx-Law Neural Model Training
2025-10-18 19:06:18,881 - hybex_system.neural_models - INFO - ============================================================
2025-10-18 19:06:18,881 - hybex_system.neural_models - INFO - ModelTrainer initialized on device: cuda
2025-10-18 19:06:20,702 - hybex_system.neural_models - INFO - Training Domain Classifier and Eligibility Predictor models.
2025-10-18 19:06:20,702 - hybex_system.neural_models - INFO - 
--- Training Domain Classifier ---
2025-10-18 19:06:22,457 - hybex_system.neural_models - INFO - Created domain_classification dataset with 6699 samples
2025-10-18 19:06:22,457 - hybex_system.neural_models - INFO - Created domain_classification dataset with 1436 samples
2025-10-18 19:06:22,696 - hybex_system.neural_models - INFO - Starting training for domain_classifier with gradient accumulation (steps=4)
2025-10-18 19:06:22,696 - hybex_system.neural_models - INFO - Mixed precision training enabled (FP16)
2025-10-18 19:09:45,990 - hybex_system.neural_models - INFO - Epoch 1/15 | Train Loss: 0.0655 | Train F1: 0.9426 | Val Loss: 0.0091 | Val F1: 1.0000
2025-10-18 19:09:45,991 - hybex_system.neural_models - INFO - New best validation F1 score: 1.0000. Saving model state.
2025-10-18 19:13:22,285 - hybex_system.neural_models - INFO - Epoch 2/15 | Train Loss: 0.0092 | Train F1: 1.0000 | Val Loss: 0.0051 | Val F1: 1.0000
2025-10-18 19:13:22,285 - hybex_system.neural_models - INFO - Validation F1 did not improve. Patience: 1/3
2025-10-18 19:16:57,648 - hybex_system.neural_models - INFO - Epoch 3/15 | Train Loss: 0.0054 | Train F1: 1.0000 | Val Loss: 0.0031 | Val F1: 1.0000
2025-10-18 19:16:57,648 - hybex_system.neural_models - INFO - Validation F1 did not improve. Patience: 2/3
2025-10-18 19:20:33,326 - hybex_system.neural_models - INFO - Epoch 4/15 | Train Loss: 0.0041 | Train F1: 1.0000 | Val Loss: 0.0030 | Val F1: 1.0000
2025-10-18 19:20:33,326 - hybex_system.neural_models - INFO - Validation F1 did not improve. Patience: 3/3
2025-10-18 19:20:33,326 - hybex_system.neural_models - INFO - Early stopping triggered.
2025-10-18 19:20:33,338 - hybex_system.neural_models - INFO - Loaded best model with F1 score: 1.0000
2025-10-18 19:20:33,914 - hybex_system.neural_models - INFO - Saved model domain_classifier to d:\Code_stuff\HybEx-Law\multi_domain_legal\models\hybex_system\domain_classifier
2025-10-18 19:20:36,049 - hybex_system.neural_models - INFO - Saved training plots to d:\Code_stuff\HybEx-Law\multi_domain_legal\results\training_plots\domain_classifier
2025-10-18 19:20:36,049 - hybex_system.neural_models - INFO - 
--- Training Eligibility Predictor ---
2025-10-18 19:20:48,446 - hybex_system.neural_models - INFO - Created eligibility_prediction dataset with 6699 samples
2025-10-18 19:20:48,451 - hybex_system.neural_models - INFO - Created eligibility_prediction dataset with 1436 samples
2025-10-18 19:20:48,734 - hybex_system.neural_models - INFO - Starting training for eligibility_predictor with gradient accumulation (steps=4)
2025-10-18 19:20:48,734 - hybex_system.neural_models - INFO - Mixed precision training enabled (FP16)
2025-10-18 19:24:25,482 - hybex_system.neural_models - INFO - Epoch 1/15 | Train Loss: 0.5862 | Train F1: 0.8304 | Val Loss: 0.5604 | Val F1: 0.8328
2025-10-18 19:24:25,483 - hybex_system.neural_models - INFO - New best validation F1 score: 0.8328. Saving model state.
2025-10-18 19:28:02,251 - hybex_system.neural_models - INFO - Epoch 2/15 | Train Loss: 0.5254 | Train F1: 0.8411 | Val Loss: 0.4805 | Val F1: 0.8627
2025-10-18 19:28:02,258 - hybex_system.neural_models - INFO - New best validation F1 score: 0.8627. Saving model state.
2025-10-18 19:31:39,516 - hybex_system.neural_models - INFO - Epoch 3/15 | Train Loss: 0.4901 | Train F1: 0.8522 | Val Loss: 0.5092 | Val F1: 0.8605
2025-10-18 19:31:39,516 - hybex_system.neural_models - INFO - Validation F1 did not improve. Patience: 1/5
2025-10-18 19:35:16,891 - hybex_system.neural_models - INFO - Epoch 4/15 | Train Loss: 0.4834 | Train F1: 0.8529 | Val Loss: 0.4809 | Val F1: 0.8531
2025-10-18 19:35:16,892 - hybex_system.neural_models - INFO - Validation F1 did not improve. Patience: 2/5
2025-10-18 19:38:54,167 - hybex_system.neural_models - INFO - Epoch 5/15 | Train Loss: 0.4787 | Train F1: 0.8553 | Val Loss: 0.4893 | Val F1: 0.8625
2025-10-18 19:38:54,167 - hybex_system.neural_models - INFO - Validation F1 did not improve. Patience: 3/5
2025-10-18 19:42:30,491 - hybex_system.neural_models - INFO - Epoch 6/15 | Train Loss: 0.4626 | Train F1: 0.8559 | Val Loss: 0.4874 | Val F1: 0.8544
2025-10-18 19:42:30,491 - hybex_system.neural_models - INFO - Validation F1 did not improve. Patience: 4/5
2025-10-18 19:46:08,019 - hybex_system.neural_models - INFO - Epoch 7/15 | Train Loss: 0.4600 | Train F1: 0.8579 | Val Loss: 0.4911 | Val F1: 0.8548
2025-10-18 19:46:08,019 - hybex_system.neural_models - INFO - Validation F1 did not improve. Patience: 5/5
2025-10-18 19:46:08,019 - hybex_system.neural_models - INFO - Early stopping triggered.
2025-10-18 19:46:08,022 - hybex_system.neural_models - INFO - Loaded best model with F1 score: 0.8627
2025-10-18 19:46:08,689 - hybex_system.neural_models - INFO - Saved model eligibility_predictor to d:\Code_stuff\HybEx-Law\multi_domain_legal\models\hybex_system\eligibility_predictor
2025-10-18 19:46:09,765 - hybex_system.neural_models - INFO - Saved training plots to d:\Code_stuff\HybEx-Law\multi_domain_legal\results\training_plots\eligibility_predictor
2025-10-18 19:46:09,765 - hybex_system.neural_models - INFO - Standard neural models trained successfully.
2025-10-18 19:46:09,947 - hybex_system.neural_models - INFO - --- Starting Knowledge Graph Engine (GNN) Training ---
2025-10-18 19:46:10,014 - hybex_system.neural_models - ERROR - Knowledge graph is empty. Aborting GNN training.
2025-10-18 23:24:39,954 - hybex_system.neural_models - INFO - Added file handler to ModelTrainer logger.
2025-10-18 23:24:39,954 - hybex_system.neural_models - INFO - ============================================================
2025-10-18 23:24:39,954 - hybex_system.neural_models - INFO - Starting HybEx-Law Neural Model Training
2025-10-18 23:24:39,954 - hybex_system.neural_models - INFO - ============================================================
2025-10-18 23:24:39,954 - hybex_system.neural_models - INFO - ModelTrainer initialized on device: cuda
2025-10-18 23:25:44,244 - hybex_system.neural_models - INFO - Training Domain Classifier and Eligibility Predictor models.
2025-10-18 23:25:44,244 - hybex_system.neural_models - INFO - 
--- Training Domain Classifier ---
2025-10-18 23:25:45,748 - hybex_system.neural_models - INFO - Created domain_classification dataset with 6699 samples
2025-10-18 23:25:45,748 - hybex_system.neural_models - INFO - Created domain_classification dataset with 1436 samples
2025-10-18 23:25:45,948 - hybex_system.neural_models - INFO - Starting training for domain_classifier with gradient accumulation (steps=4)
2025-10-18 23:25:45,948 - hybex_system.neural_models - INFO - Mixed precision training enabled (FP16)
2025-10-18 23:29:06,809 - hybex_system.neural_models - INFO - Epoch 1/15 | Train Loss: 0.0765 | Train F1: 0.9314 | Val Loss: 0.0089 | Val F1: 1.0000
2025-10-18 23:29:06,810 - hybex_system.neural_models - INFO - New best validation F1 score: 1.0000. Saving model state.
2025-10-18 23:32:56,479 - hybex_system.neural_models - INFO - Epoch 2/15 | Train Loss: 0.0095 | Train F1: 1.0000 | Val Loss: 0.0050 | Val F1: 1.0000
2025-10-18 23:32:56,479 - hybex_system.neural_models - INFO - Validation F1 did not improve. Patience: 1/3
2025-10-18 23:38:07,558 - hybex_system.neural_models - INFO - Added file handler to ModelTrainer logger.
2025-10-18 23:38:07,558 - hybex_system.neural_models - INFO - ============================================================
2025-10-18 23:38:07,558 - hybex_system.neural_models - INFO - Starting HybEx-Law Neural Model Training
2025-10-18 23:38:07,558 - hybex_system.neural_models - INFO - ============================================================
2025-10-18 23:38:07,558 - hybex_system.neural_models - INFO - ModelTrainer initialized on device: cuda
2025-10-18 23:39:14,274 - hybex_system.neural_models - INFO - Training Domain Classifier and Eligibility Predictor models.
2025-10-18 23:39:14,275 - hybex_system.neural_models - INFO - 
--- Training Domain Classifier ---
2025-10-18 23:39:15,780 - hybex_system.neural_models - INFO - Created domain_classification dataset with 6699 samples
2025-10-18 23:39:15,780 - hybex_system.neural_models - INFO - Created domain_classification dataset with 1436 samples
2025-10-18 23:39:15,958 - hybex_system.neural_models - INFO - Starting training for domain_classifier with gradient accumulation (steps=4)
2025-10-18 23:39:15,958 - hybex_system.neural_models - INFO - Mixed precision training enabled (FP16)
2025-10-18 23:42:36,898 - hybex_system.neural_models - INFO - Epoch 1/15 | Train Loss: 0.0652 | Train F1: 0.9456 | Val Loss: 0.0083 | Val F1: 1.0000
2025-10-18 23:42:36,898 - hybex_system.neural_models - INFO - New best validation F1 score: 1.0000. Saving model state.
2025-10-18 23:46:42,061 - hybex_system.neural_models - INFO - Epoch 2/15 | Train Loss: 0.0083 | Train F1: 1.0000 | Val Loss: 0.0047 | Val F1: 1.0000
2025-10-18 23:46:42,061 - hybex_system.neural_models - INFO - Validation F1 did not improve. Patience: 1/3
2025-10-18 23:50:36,825 - hybex_system.neural_models - INFO - Added file handler to ModelTrainer logger.
2025-10-18 23:50:36,825 - hybex_system.neural_models - INFO - ============================================================
2025-10-18 23:50:36,825 - hybex_system.neural_models - INFO - Starting HybEx-Law Neural Model Training
2025-10-18 23:50:36,825 - hybex_system.neural_models - INFO - ============================================================
2025-10-18 23:50:36,825 - hybex_system.neural_models - INFO - ModelTrainer initialized on device: cuda
2025-10-18 23:50:38,288 - hybex_system.neural_models - INFO - Training Domain Classifier and Eligibility Predictor models.
2025-10-18 23:50:38,288 - hybex_system.neural_models - INFO - 
--- Training Domain Classifier ---
2025-10-18 23:50:39,992 - hybex_system.neural_models - INFO - Created domain_classification dataset with 6699 samples
2025-10-18 23:50:39,992 - hybex_system.neural_models - INFO - Created domain_classification dataset with 1436 samples
2025-10-18 23:50:40,283 - hybex_system.neural_models - INFO - Starting training for domain_classifier with gradient accumulation (steps=4)
2025-10-18 23:50:40,283 - hybex_system.neural_models - INFO - Mixed precision training enabled (FP16)
2025-10-18 23:51:04,553 - hybex_system.neural_models - INFO - Epoch 3/15 | Train Loss: 0.0049 | Train F1: 1.0000 | Val Loss: 0.0029 | Val F1: 1.0000
2025-10-18 23:51:04,554 - hybex_system.neural_models - INFO - Validation F1 did not improve. Patience: 2/3
2025-10-18 23:51:30,527 - hybex_system.neural_models - INFO - Added file handler to ModelTrainer logger.
2025-10-18 23:51:30,527 - hybex_system.neural_models - INFO - ============================================================
2025-10-18 23:51:30,527 - hybex_system.neural_models - INFO - Starting HybEx-Law Neural Model Training
2025-10-18 23:51:30,527 - hybex_system.neural_models - INFO - ============================================================
2025-10-18 23:51:30,527 - hybex_system.neural_models - INFO - ModelTrainer initialized on device: cuda
2025-10-18 23:51:32,059 - hybex_system.neural_models - INFO - Training Domain Classifier and Eligibility Predictor models.
2025-10-18 23:51:32,059 - hybex_system.neural_models - INFO - 
--- Training Domain Classifier ---
2025-10-18 23:51:33,739 - hybex_system.neural_models - INFO - Created domain_classification dataset with 6699 samples
2025-10-18 23:51:33,739 - hybex_system.neural_models - INFO - Created domain_classification dataset with 1436 samples
2025-10-18 23:51:34,047 - hybex_system.neural_models - INFO - Starting training for domain_classifier with gradient accumulation (steps=4)
2025-10-18 23:51:34,047 - hybex_system.neural_models - INFO - Mixed precision training enabled (FP16)
2025-10-18 23:54:55,241 - hybex_system.neural_models - INFO - Added file handler to ModelTrainer logger.
2025-10-18 23:54:55,241 - hybex_system.neural_models - INFO - ============================================================
2025-10-18 23:54:55,241 - hybex_system.neural_models - INFO - Starting HybEx-Law Neural Model Training
2025-10-18 23:54:55,241 - hybex_system.neural_models - INFO - ============================================================
2025-10-18 23:54:55,241 - hybex_system.neural_models - INFO - ModelTrainer initialized on device: cuda
2025-10-18 23:54:56,768 - hybex_system.neural_models - INFO - Training Domain Classifier and Eligibility Predictor models.
2025-10-18 23:54:56,768 - hybex_system.neural_models - INFO - 
--- Training Domain Classifier ---
2025-10-18 23:54:58,370 - hybex_system.neural_models - INFO - Created domain_classification dataset with 6699 samples
2025-10-18 23:54:58,371 - hybex_system.neural_models - INFO - Created domain_classification dataset with 1436 samples
2025-10-18 23:54:58,628 - hybex_system.neural_models - INFO - Starting training for domain_classifier with gradient accumulation (steps=4)
2025-10-18 23:54:58,628 - hybex_system.neural_models - INFO - Mixed precision training enabled (FP16)
2025-10-18 23:57:46,300 - hybex_system.neural_models - INFO - Epoch 4/15 | Train Loss: 0.0038 | Train F1: 1.0000 | Val Loss: 0.0027 | Val F1: 1.0000
2025-10-18 23:57:46,300 - hybex_system.neural_models - INFO - Validation F1 did not improve. Patience: 3/3
2025-10-18 23:57:46,300 - hybex_system.neural_models - INFO - Early stopping triggered.
2025-10-18 23:57:46,314 - hybex_system.neural_models - INFO - Loaded best model with F1 score: 1.0000
2025-10-18 23:57:47,260 - hybex_system.neural_models - INFO - Saved model domain_classifier to D:\Code_stuff\HybEx-Law\multi_domain_legal\models\hybex_system\domain_classifier
2025-10-18 23:57:52,711 - hybex_system.neural_models - INFO - Saved training plots to D:\Code_stuff\HybEx-Law\multi_domain_legal\results\training_plots\domain_classifier
2025-10-18 23:57:52,711 - hybex_system.neural_models - INFO - 
--- Training Eligibility Predictor ---
2025-10-18 23:57:54,993 - hybex_system.neural_models - INFO - Created eligibility_prediction dataset with 6699 samples
2025-10-18 23:57:54,993 - hybex_system.neural_models - INFO - Created eligibility_prediction dataset with 1436 samples
2025-10-18 23:57:55,139 - hybex_system.neural_models - INFO - Starting training for eligibility_predictor with gradient accumulation (steps=4)
2025-10-18 23:57:55,139 - hybex_system.neural_models - INFO - Mixed precision training enabled (FP16)
2025-10-19 00:09:33,671 - hybex_system.neural_models - INFO - Epoch 1/15 | Train Loss: 0.0708 | Train F1: 0.9393 | Val Loss: 0.0088 | Val F1: 1.0000
2025-10-19 00:09:33,676 - hybex_system.neural_models - INFO - New best validation F1 score: 1.0000. Saving model state.
2025-10-19 00:17:42,382 - hybex_system.neural_models - INFO - Added file handler to ModelTrainer logger.
2025-10-19 00:17:42,382 - hybex_system.neural_models - INFO - ============================================================
2025-10-19 00:17:42,382 - hybex_system.neural_models - INFO - Starting HybEx-Law Neural Model Training
2025-10-19 00:17:42,382 - hybex_system.neural_models - INFO - ============================================================
2025-10-19 00:17:42,382 - hybex_system.neural_models - INFO - ModelTrainer initialized on device: cuda
2025-10-19 00:19:18,082 - hybex_system.neural_models - INFO - Added file handler to ModelTrainer logger.
2025-10-19 00:19:18,082 - hybex_system.neural_models - INFO - ============================================================
2025-10-19 00:19:18,082 - hybex_system.neural_models - INFO - Starting HybEx-Law Neural Model Training
2025-10-19 00:19:18,082 - hybex_system.neural_models - INFO - ============================================================
2025-10-19 00:19:18,082 - hybex_system.neural_models - INFO - ModelTrainer initialized on device: cuda
2025-10-19 00:19:19,392 - hybex_system.neural_models - INFO - Training Domain Classifier and Eligibility Predictor models.
2025-10-19 00:19:19,392 - hybex_system.neural_models - INFO - 
--- Training Domain Classifier ---
2025-10-19 00:19:20,899 - hybex_system.neural_models - INFO - Created domain_classification dataset with 6684 samples
2025-10-19 00:19:20,899 - hybex_system.neural_models - INFO - Created domain_classification dataset with 1433 samples
2025-10-19 00:19:21,155 - hybex_system.neural_models - INFO - Starting training for domain_classifier with gradient accumulation (steps=4)
2025-10-19 00:19:21,155 - hybex_system.neural_models - INFO - Mixed precision training enabled (FP16)
2025-10-19 00:26:10,287 - hybex_system.neural_models - INFO - Epoch 1/15 | Train Loss: 0.0734 | Train F1: 0.9256 | Val Loss: 0.0084 | Val F1: 1.0000
2025-10-19 00:26:10,287 - hybex_system.neural_models - INFO - New best validation F1 score: 1.0000. Saving model state.
2025-10-19 00:32:14,319 - hybex_system.neural_models - INFO - Epoch 2/15 | Train Loss: 0.0087 | Train F1: 1.0000 | Val Loss: 0.0046 | Val F1: 1.0000
2025-10-19 00:32:14,319 - hybex_system.neural_models - INFO - Validation F1 did not improve. Patience: 1/3
2025-10-19 00:37:02,398 - hybex_system.neural_models - INFO - Epoch 3/15 | Train Loss: 0.0051 | Train F1: 1.0000 | Val Loss: 0.0029 | Val F1: 1.0000
2025-10-19 00:37:02,398 - hybex_system.neural_models - INFO - Validation F1 did not improve. Patience: 2/3
2025-10-19 00:56:04,668 - hybex_system.neural_models - INFO - Added file handler to ModelTrainer logger.
2025-10-19 00:56:04,668 - hybex_system.neural_models - INFO - ============================================================
2025-10-19 00:56:04,668 - hybex_system.neural_models - INFO - Starting HybEx-Law Neural Model Training
2025-10-19 00:56:04,668 - hybex_system.neural_models - INFO - ============================================================
2025-10-19 00:56:04,668 - hybex_system.neural_models - INFO - ModelTrainer initialized on device: cuda
2025-10-19 00:56:07,066 - hybex_system.neural_models - INFO - Training Domain Classifier and Eligibility Predictor models.
2025-10-19 00:56:07,066 - hybex_system.neural_models - INFO - 
--- Training Domain Classifier ---
2025-10-19 00:56:09,893 - hybex_system.neural_models - INFO - Created domain_classification dataset with 6738 samples
2025-10-19 00:56:09,893 - hybex_system.neural_models - INFO - Created domain_classification dataset with 1445 samples
2025-10-19 00:56:10,292 - hybex_system.neural_models - INFO - Starting training for domain_classifier with gradient accumulation (steps=4)
2025-10-19 00:56:10,292 - hybex_system.neural_models - INFO - Mixed precision training enabled (FP16)
2025-10-19 01:03:12,245 - hybex_system.neural_models - INFO - Epoch 1/15 | Train Loss: 0.0657 | Train F1: 0.9428 | Val Loss: 0.0085 | Val F1: 1.0000
2025-10-19 01:03:12,245 - hybex_system.neural_models - INFO - New best validation F1 score: 1.0000. Saving model state.
