2025-08-09 21:10:26,734 - hybex_system.prolog_engine - INFO - [Session:13fd9f69] Added file handler to PrologEngine logger.
2025-08-09 21:10:26,734 - hybex_system.prolog_engine - INFO - [Session:13fd9f69] ======================================================================
2025-08-09 21:10:26,734 - hybex_system.prolog_engine - INFO - [Session:13fd9f69] Starting HybEx-Law Comprehensive Prolog Reasoning Engine
2025-08-09 21:10:26,734 - hybex_system.prolog_engine - INFO - [Session:13fd9f69] Session ID: 13fd9f69
2025-08-09 21:10:26,734 - hybex_system.prolog_engine - INFO - [Session:13fd9f69] Configuration: {'config_source': 'verified_fallback', 'last_updated': None, 'validation_status': 'unvalidated', 'primary_act': 'Legal Services Authorities Act, 1987', 'income_thresholds': {'general': 500000, 'sc_st': 800000, 'obc': 600000, 'bpl': 0, 'ews': 800000}, 'real_data_available': False, 'sources_count': 0}
2025-08-09 21:10:26,753 - hybex_system.prolog_engine - INFO - [Session:13fd9f69] ======================================================================
2025-08-09 21:10:26,753 - hybex_system.prolog_engine - INFO - [Session:13fd9f69] Using verified fallback knowledge base with 105 comprehensive rules
2025-08-09 21:10:26,754 - hybex_system.prolog_engine - INFO - [Session:13fd9f69] Attempting to load rules from: d:\Code_stuff\NLP\multi_domain_legal\knowledge_base\multi_domain_rules.py
2025-08-09 21:10:26,755 - hybex_system.prolog_engine - INFO - [Session:13fd9f69] Successfully loaded MULTI_DOMAIN_LEGAL_RULES from knowledge base.
2025-08-09 21:10:26,755 - hybex_system.prolog_engine - INFO - [Session:13fd9f69] Parsing comprehensive multi-domain legal rules from knowledge base.
2025-08-09 21:10:26,761 - hybex_system.prolog_engine - INFO - [Session:13fd9f69] Initialized Comprehensive PrologEngine (Session: 13fd9f69, Available: True)
2025-08-09 21:10:26,761 - hybex_system.prolog_engine - INFO - [Session:13fd9f69] Loaded 9 rule categories with 145 total rules
2025-08-09 21:10:26,762 - hybex_system.prolog_engine - INFO - [Session:13fd9f69] Comprehensive rules actually loaded: True
2025-08-09 21:10:26,762 - hybex_system.prolog_engine - INFO - [Session:13fd9f69] 🧠 Starting comprehensive legal analysis for case_13fd9f69_211026
2025-08-09 21:10:26,762 - hybex_system.prolog_engine - INFO - [Session:13fd9f69] 🎯 Detected domain 'general_legal_aid' for case type ''
2025-08-09 21:10:26,763 - hybex_system.prolog_engine - INFO - [Session:13fd9f69] 🎯 Using domain-specific rules for: ['general_legal_aid']
2025-08-09 21:10:26,763 - hybex_system.prolog_engine - INFO - [Session:13fd9f69] Generated 6 comprehensive Prolog facts for case_13fd9f69_211026
2025-08-09 21:10:26,764 - hybex_system.prolog_engine - INFO - [Session:13fd9f69] 🔍 DEBUG: Generated Prolog file content:
2025-08-09 21:10:26,790 - hybex_system.prolog_engine - INFO - [Session:13fd9f69] File content (4623 chars):
% HybEx-Law Domain-Specific Legal Reasoning Session: 13fd9f69
% Domain: general_legal_aid
% Generated: 2025-08-09T21:10:26.764169

% DISCONTIGUOUS DIRECTIVES
:- discontiguous person/1.
:- discontiguous eligible_for_legal_aid/1.
:- discontiguous income_eligible/1.
:- discontiguous categorically_eligible/1.
:- discontiguous eligible_with_confidence/3.
:- discontiguous primary_eligibility_reason/2.
:- discontiguous generate_detailed_reasoning/2.
:- discontiguous legal_aid_applicable/2.
:- discontiguous covered_case_type/1.
:- discontiguous excluded_case_type/1.
:- discontiguous valid_marriage/3.
:- discontiguous marriage_conditions_met/3.
:- discontiguous age_requirement_met/2.
:- discontiguous divorce_grounds_exist/3.
:- discontiguous valid_divorce_ground/2.
:- discontiguous maintenance_eligible/1.
:- discontiguous child_custody_preference/2.
:- discontiguous consumer_forum_jurisdiction/2.
:- discontiguous valid_consumer_complaint/2.
:- discontiguous consumer_issue/1.
:- discontiguous complaint_within_time_limit/2.
:- discontiguous consumer_compensation/3.
:- discontiguous defective_goods_compensation/2.
:- discontiguous fundamental_right_violated/2.
:- discontiguous constitutional_right/1.
:- discontiguous right_violation_occurred/2.
:- discontiguous prohibited_discrimination_ground/1.
:- discontiguous rti_applicable/2.
:- discontiguous exempt_information/1.
:- discontiguous pil_standing/2.
:- discontiguous public_interest_issue/1.
:- discontiguous wrongful_termination/1.
:- discontiguous improper_procedure/1.
:- discontiguous sufficient_notice_period/2.
:- discontiguous retrenchment_compensation/2.
:- discontiguous valid_harassment_complaint/1.
:- discontiguous harassment_remedy_available/2.
:- discontiguous harassment_remedy/1.
:- discontiguous minimum_wage_violation/1.
:- discontiguous minimum_wage_rate/2.
:- discontiguous overtime_payment_due/2.
:- discontiguous overtime_hours/2.
:- discontiguous legal_aid_employment_case/1.
:- discontiguous legal_aid_family_case/1.
:- discontiguous legal_aid_consumer_case/1.
:- discontiguous constitutional_employment_remedy/1.
:- discontiguous employment_pil_standing/2.
:- discontiguous employment_related_issue/1.
:- discontiguous days_between/3.
:- discontiguous appeal_court/2.
:- discontiguous legal_costs_estimate/3.
:- discontiguous base_court_fee/2.
:- discontiguous lawyer_fee_estimate/2.
:- discontiguous required_documents/2.
:- discontiguous case_timeline_estimate/2.
:- discontiguous income_threshold/2.
:- discontiguous income_within_threshold/2.
:- discontiguous income_ratio/3.
:- discontiguous applicable_rule/3.
:- discontiguous rule_priority/3.
:- discontiguous best_applicable_rule/3.
:- discontiguous resolve_conflict/3.
:- discontiguous confidence_score/2.
:- discontiguous legal_aid_factor/2.
:- discontiguous individual_reason/2.
:- discontiguous annual_income/2.
:- discontiguous monthly_income/2.
:- discontiguous applicant_social_category/2.
:- discontiguous social_category/2.
:- discontiguous case_type/2.
:- discontiguous applicant_location/2.
:- discontiguous vulnerable_group/2.

% LEGAL RULES
% UTILITY PREDICATES
member(X, [X|_]).
member(X, [_|T]) :- member(X, T).

% LEGAL_AID_RULES
eligible_for_legal_aid(Person) :- person(Person), ( income_eligible(Person) ; categorically_eligible(Person) ).
income_eligible(Person) :- annual_income(Person, Income), Income =< 300000. % Rs. 3 lakh per annum income_eligible(Person) :- monthly_income(Person, Income), Income =< 25000. % Rs. 25,000 per month.
categorically_eligible(Person) :- social_category(Person, Category), member(Category, [sc, st, obc]).
categorically_eligible(Person) :- vulnerable_group(Person, Group), member(Group, [women, children, disabled, industrial_workers]).
legal_aid_applicable(Person, CaseType) :- eligible_for_legal_aid(Person), covered_case_type(CaseType).
covered_case_type(CaseType) :- member(CaseType, [criminal, family, labor, consumer, constitutional]).
excluded_case_type(CaseType) :- member(CaseType, [defamation, corporate_disputes, tax_evasion]).

% MINIMAL REASONING PREDICATES
primary_eligibility_reason(Person, 'Eligible based on criteria') :- eligible_for_legal_aid(Person).
primary_eligibility_reason(Person, 'Not eligible') :- \+ eligible_for_legal_aid(Person).
generate_detailed_reasoning(Person, 'Standard legal aid evaluation') :- person(Person).

% CASE FACTS
person('case_13fd9f69_211026').
annual_income('case_13fd9f69_211026', 250000).
monthly_income('case_13fd9f69_211026', 20833).
social_category('case_13fd9f69_211026', sc).
vulnerable_group('case_13fd9f69_211026', social_category).
person('case_13fd9f69_211026').

2025-08-09 21:10:26,792 - hybex_system.prolog_engine - INFO - [Session:13fd9f69] ✅ Created robust Prolog file: C:\Users\OMEN19~1\AppData\Local\Temp\tmpkpe7g534.pl with 12 rules and 6 facts
2025-08-09 21:10:26,792 - hybex_system.prolog_engine - INFO - [Session:13fd9f69] 🎯 Step 1: Quick eligibility check for case_13fd9f69_211026
2025-08-09 21:10:36,798 - hybex_system.prolog_engine - ERROR - [Session:13fd9f69] Prolog query timeout (attempt 1): eligible_for_legal_aid('case_13fd9f69_211026')
2025-08-09 21:10:46,820 - hybex_system.prolog_engine - ERROR - [Session:13fd9f69] Prolog query timeout (attempt 2): eligible_for_legal_aid('case_13fd9f69_211026')
2025-08-09 21:10:56,845 - hybex_system.prolog_engine - ERROR - [Session:13fd9f69] Prolog query timeout (attempt 3): eligible_for_legal_aid('case_13fd9f69_211026')
2025-08-09 21:10:56,845 - hybex_system.prolog_engine - WARNING - [Session:13fd9f69] ❌ Basic eligibility check failed: Query timeout after 3 attempts
2025-08-09 21:11:56,878 - hybex_system.prolog_engine - ERROR - [Session:13fd9f69] Prolog query timeout (attempt 1): primary_eligibility_reason('case_13fd9f69_211026', Reason)
2025-08-09 21:12:56,908 - hybex_system.prolog_engine - ERROR - [Session:13fd9f69] Prolog query timeout (attempt 2): primary_eligibility_reason('case_13fd9f69_211026', Reason)
2025-08-09 21:13:56,909 - hybex_system.prolog_engine - ERROR - [Session:13fd9f69] Prolog query timeout (attempt 3): primary_eligibility_reason('case_13fd9f69_211026', Reason)
2025-08-09 21:14:56,937 - hybex_system.prolog_engine - ERROR - [Session:13fd9f69] Prolog query timeout (attempt 1): generate_detailed_reasoning('case_13fd9f69_211026', DetailedReason)
2025-08-09 21:15:56,953 - hybex_system.prolog_engine - ERROR - [Session:13fd9f69] Prolog query timeout (attempt 2): generate_detailed_reasoning('case_13fd9f69_211026', DetailedReason)
2025-08-09 21:16:56,973 - hybex_system.prolog_engine - ERROR - [Session:13fd9f69] Prolog query timeout (attempt 3): generate_detailed_reasoning('case_13fd9f69_211026', DetailedReason)
2025-08-09 21:17:56,985 - hybex_system.prolog_engine - ERROR - [Session:13fd9f69] Prolog query timeout (attempt 1): findall(Rule, applicable_rule('case_13fd9f69_211026', Rule, legal_aid), Rules)
2025-08-09 21:18:56,990 - hybex_system.prolog_engine - ERROR - [Session:13fd9f69] Prolog query timeout (attempt 2): findall(Rule, applicable_rule('case_13fd9f69_211026', Rule, legal_aid), Rules)
2025-08-09 21:19:57,013 - hybex_system.prolog_engine - ERROR - [Session:13fd9f69] Prolog query timeout (attempt 3): findall(Rule, applicable_rule('case_13fd9f69_211026', Rule, legal_aid), Rules)
2025-08-09 21:19:57,015 - hybex_system.prolog_engine - INFO - [Session:13fd9f69] Comprehensive legal analysis complete for case_13fd9f69_211026: Eligible=False, Confidence=0.30
2025-08-09 21:19:57,017 - hybex_system.prolog_engine - INFO - [Session:13fd9f69] 🧠 Starting comprehensive legal analysis for case_13fd9f69_211957
2025-08-09 21:19:57,017 - hybex_system.prolog_engine - INFO - [Session:13fd9f69] 🎯 Detected domain 'general_legal_aid' for case type ''
2025-08-09 21:19:57,017 - hybex_system.prolog_engine - INFO - [Session:13fd9f69] 🎯 Using domain-specific rules for: ['general_legal_aid']
2025-08-09 21:19:57,017 - hybex_system.prolog_engine - INFO - [Session:13fd9f69] Generated 5 comprehensive Prolog facts for case_13fd9f69_211957
2025-08-09 21:19:57,023 - hybex_system.prolog_engine - INFO - [Session:13fd9f69] 🔍 DEBUG: Generated Prolog file content:
2025-08-09 21:19:57,067 - hybex_system.prolog_engine - INFO - [Session:13fd9f69] File content (4569 chars):
% HybEx-Law Domain-Specific Legal Reasoning Session: 13fd9f69
% Domain: general_legal_aid
% Generated: 2025-08-09T21:19:57.017787

% DISCONTIGUOUS DIRECTIVES
:- discontiguous person/1.
:- discontiguous eligible_for_legal_aid/1.
:- discontiguous income_eligible/1.
:- discontiguous categorically_eligible/1.
:- discontiguous eligible_with_confidence/3.
:- discontiguous primary_eligibility_reason/2.
:- discontiguous generate_detailed_reasoning/2.
:- discontiguous legal_aid_applicable/2.
:- discontiguous covered_case_type/1.
:- discontiguous excluded_case_type/1.
:- discontiguous valid_marriage/3.
:- discontiguous marriage_conditions_met/3.
:- discontiguous age_requirement_met/2.
:- discontiguous divorce_grounds_exist/3.
:- discontiguous valid_divorce_ground/2.
:- discontiguous maintenance_eligible/1.
:- discontiguous child_custody_preference/2.
:- discontiguous consumer_forum_jurisdiction/2.
:- discontiguous valid_consumer_complaint/2.
:- discontiguous consumer_issue/1.
:- discontiguous complaint_within_time_limit/2.
:- discontiguous consumer_compensation/3.
:- discontiguous defective_goods_compensation/2.
:- discontiguous fundamental_right_violated/2.
:- discontiguous constitutional_right/1.
:- discontiguous right_violation_occurred/2.
:- discontiguous prohibited_discrimination_ground/1.
:- discontiguous rti_applicable/2.
:- discontiguous exempt_information/1.
:- discontiguous pil_standing/2.
:- discontiguous public_interest_issue/1.
:- discontiguous wrongful_termination/1.
:- discontiguous improper_procedure/1.
:- discontiguous sufficient_notice_period/2.
:- discontiguous retrenchment_compensation/2.
:- discontiguous valid_harassment_complaint/1.
:- discontiguous harassment_remedy_available/2.
:- discontiguous harassment_remedy/1.
:- discontiguous minimum_wage_violation/1.
:- discontiguous minimum_wage_rate/2.
:- discontiguous overtime_payment_due/2.
:- discontiguous overtime_hours/2.
:- discontiguous legal_aid_employment_case/1.
:- discontiguous legal_aid_family_case/1.
:- discontiguous legal_aid_consumer_case/1.
:- discontiguous constitutional_employment_remedy/1.
:- discontiguous employment_pil_standing/2.
:- discontiguous employment_related_issue/1.
:- discontiguous days_between/3.
:- discontiguous appeal_court/2.
:- discontiguous legal_costs_estimate/3.
:- discontiguous base_court_fee/2.
:- discontiguous lawyer_fee_estimate/2.
:- discontiguous required_documents/2.
:- discontiguous case_timeline_estimate/2.
:- discontiguous income_threshold/2.
:- discontiguous income_within_threshold/2.
:- discontiguous income_ratio/3.
:- discontiguous applicable_rule/3.
:- discontiguous rule_priority/3.
:- discontiguous best_applicable_rule/3.
:- discontiguous resolve_conflict/3.
:- discontiguous confidence_score/2.
:- discontiguous legal_aid_factor/2.
:- discontiguous individual_reason/2.
:- discontiguous annual_income/2.
:- discontiguous monthly_income/2.
:- discontiguous applicant_social_category/2.
:- discontiguous social_category/2.
:- discontiguous case_type/2.
:- discontiguous applicant_location/2.
:- discontiguous vulnerable_group/2.

% LEGAL RULES
% UTILITY PREDICATES
member(X, [X|_]).
member(X, [_|T]) :- member(X, T).

% LEGAL_AID_RULES
eligible_for_legal_aid(Person) :- person(Person), ( income_eligible(Person) ; categorically_eligible(Person) ).
income_eligible(Person) :- annual_income(Person, Income), Income =< 300000. % Rs. 3 lakh per annum income_eligible(Person) :- monthly_income(Person, Income), Income =< 25000. % Rs. 25,000 per month.
categorically_eligible(Person) :- social_category(Person, Category), member(Category, [sc, st, obc]).
categorically_eligible(Person) :- vulnerable_group(Person, Group), member(Group, [women, children, disabled, industrial_workers]).
legal_aid_applicable(Person, CaseType) :- eligible_for_legal_aid(Person), covered_case_type(CaseType).
covered_case_type(CaseType) :- member(CaseType, [criminal, family, labor, consumer, constitutional]).
excluded_case_type(CaseType) :- member(CaseType, [defamation, corporate_disputes, tax_evasion]).

% MINIMAL REASONING PREDICATES
primary_eligibility_reason(Person, 'Eligible based on criteria') :- eligible_for_legal_aid(Person).
primary_eligibility_reason(Person, 'Not eligible') :- \+ eligible_for_legal_aid(Person).
generate_detailed_reasoning(Person, 'Standard legal aid evaluation') :- person(Person).

% CASE FACTS
person('case_13fd9f69_211957').
annual_income('case_13fd9f69_211957', 800000).
monthly_income('case_13fd9f69_211957', 66666).
social_category('case_13fd9f69_211957', general).
person('case_13fd9f69_211957').

2025-08-09 21:19:57,071 - hybex_system.prolog_engine - INFO - [Session:13fd9f69] ✅ Created robust Prolog file: C:\Users\OMEN19~1\AppData\Local\Temp\tmpkcy7b8bp.pl with 12 rules and 5 facts
2025-08-09 21:19:57,071 - hybex_system.prolog_engine - INFO - [Session:13fd9f69] 🎯 Step 1: Quick eligibility check for case_13fd9f69_211957
2025-08-09 21:19:57,146 - hybex_system.prolog_engine - WARNING - [Session:13fd9f69] SWI-Prolog exited with code 1 (attempt 1). Stderr: 
2025-08-09 21:19:57,146 - hybex_system.prolog_engine - WARNING - [Session:13fd9f69] Prolog query returned false/no or empty (attempt 1): eligible_for_legal_aid('case_13fd9f69_211957'). Output: . Stderr: 
2025-08-09 21:19:57,217 - hybex_system.prolog_engine - WARNING - [Session:13fd9f69] SWI-Prolog exited with code 1 (attempt 2). Stderr: 
2025-08-09 21:19:57,217 - hybex_system.prolog_engine - WARNING - [Session:13fd9f69] Prolog query returned false/no or empty (attempt 2): eligible_for_legal_aid('case_13fd9f69_211957'). Output: . Stderr: 
2025-08-09 21:19:57,269 - hybex_system.prolog_engine - WARNING - [Session:13fd9f69] SWI-Prolog exited with code 1 (attempt 3). Stderr: 
2025-08-09 21:19:57,284 - hybex_system.prolog_engine - WARNING - [Session:13fd9f69] Prolog query returned false/no or empty (attempt 3): eligible_for_legal_aid('case_13fd9f69_211957'). Output: . Stderr: 
2025-08-09 21:19:57,284 - hybex_system.prolog_engine - WARNING - [Session:13fd9f69] ❌ Basic eligibility check failed: Prolog query failed after 3 attempts: 
2025-08-09 21:20:57,300 - hybex_system.prolog_engine - ERROR - [Session:13fd9f69] Prolog query timeout (attempt 1): primary_eligibility_reason('case_13fd9f69_211957', Reason)
2025-08-09 21:21:57,317 - hybex_system.prolog_engine - ERROR - [Session:13fd9f69] Prolog query timeout (attempt 2): primary_eligibility_reason('case_13fd9f69_211957', Reason)
2025-08-09 21:22:57,344 - hybex_system.prolog_engine - ERROR - [Session:13fd9f69] Prolog query timeout (attempt 3): primary_eligibility_reason('case_13fd9f69_211957', Reason)
2025-08-09 21:23:57,374 - hybex_system.prolog_engine - ERROR - [Session:13fd9f69] Prolog query timeout (attempt 1): generate_detailed_reasoning('case_13fd9f69_211957', DetailedReason)
2025-08-09 21:24:57,394 - hybex_system.prolog_engine - ERROR - [Session:13fd9f69] Prolog query timeout (attempt 2): generate_detailed_reasoning('case_13fd9f69_211957', DetailedReason)
2025-08-09 21:25:57,417 - hybex_system.prolog_engine - ERROR - [Session:13fd9f69] Prolog query timeout (attempt 3): generate_detailed_reasoning('case_13fd9f69_211957', DetailedReason)
2025-08-09 21:26:57,446 - hybex_system.prolog_engine - ERROR - [Session:13fd9f69] Prolog query timeout (attempt 1): findall(Rule, applicable_rule('case_13fd9f69_211957', Rule, legal_aid), Rules)
2025-08-09 21:27:57,475 - hybex_system.prolog_engine - ERROR - [Session:13fd9f69] Prolog query timeout (attempt 2): findall(Rule, applicable_rule('case_13fd9f69_211957', Rule, legal_aid), Rules)
2025-08-09 21:28:57,489 - hybex_system.prolog_engine - ERROR - [Session:13fd9f69] Prolog query timeout (attempt 3): findall(Rule, applicable_rule('case_13fd9f69_211957', Rule, legal_aid), Rules)
2025-08-09 21:28:57,491 - hybex_system.prolog_engine - INFO - [Session:13fd9f69] Comprehensive legal analysis complete for case_13fd9f69_211957: Eligible=False, Confidence=0.30
2025-08-09 21:28:57,491 - hybex_system.prolog_engine - INFO - [Session:13fd9f69] 🧠 Starting comprehensive legal analysis for case_13fd9f69_212857
2025-08-09 21:28:57,493 - hybex_system.prolog_engine - INFO - [Session:13fd9f69] 🎯 Detected domain 'general_legal_aid' for case type ''
2025-08-09 21:28:57,493 - hybex_system.prolog_engine - INFO - [Session:13fd9f69] 🎯 Using domain-specific rules for: ['general_legal_aid']
2025-08-09 21:28:57,494 - hybex_system.prolog_engine - INFO - [Session:13fd9f69] Generated 5 comprehensive Prolog facts for case_13fd9f69_212857
2025-08-09 21:28:57,495 - hybex_system.prolog_engine - INFO - [Session:13fd9f69] 🔍 DEBUG: Generated Prolog file content:
2025-08-09 21:28:57,556 - hybex_system.prolog_engine - INFO - [Session:13fd9f69] File content (4569 chars):
% HybEx-Law Domain-Specific Legal Reasoning Session: 13fd9f69
% Domain: general_legal_aid
% Generated: 2025-08-09T21:28:57.495232

% DISCONTIGUOUS DIRECTIVES
:- discontiguous person/1.
:- discontiguous eligible_for_legal_aid/1.
:- discontiguous income_eligible/1.
:- discontiguous categorically_eligible/1.
:- discontiguous eligible_with_confidence/3.
:- discontiguous primary_eligibility_reason/2.
:- discontiguous generate_detailed_reasoning/2.
:- discontiguous legal_aid_applicable/2.
:- discontiguous covered_case_type/1.
:- discontiguous excluded_case_type/1.
:- discontiguous valid_marriage/3.
:- discontiguous marriage_conditions_met/3.
:- discontiguous age_requirement_met/2.
:- discontiguous divorce_grounds_exist/3.
:- discontiguous valid_divorce_ground/2.
:- discontiguous maintenance_eligible/1.
:- discontiguous child_custody_preference/2.
:- discontiguous consumer_forum_jurisdiction/2.
:- discontiguous valid_consumer_complaint/2.
:- discontiguous consumer_issue/1.
:- discontiguous complaint_within_time_limit/2.
:- discontiguous consumer_compensation/3.
:- discontiguous defective_goods_compensation/2.
:- discontiguous fundamental_right_violated/2.
:- discontiguous constitutional_right/1.
:- discontiguous right_violation_occurred/2.
:- discontiguous prohibited_discrimination_ground/1.
:- discontiguous rti_applicable/2.
:- discontiguous exempt_information/1.
:- discontiguous pil_standing/2.
:- discontiguous public_interest_issue/1.
:- discontiguous wrongful_termination/1.
:- discontiguous improper_procedure/1.
:- discontiguous sufficient_notice_period/2.
:- discontiguous retrenchment_compensation/2.
:- discontiguous valid_harassment_complaint/1.
:- discontiguous harassment_remedy_available/2.
:- discontiguous harassment_remedy/1.
:- discontiguous minimum_wage_violation/1.
:- discontiguous minimum_wage_rate/2.
:- discontiguous overtime_payment_due/2.
:- discontiguous overtime_hours/2.
:- discontiguous legal_aid_employment_case/1.
:- discontiguous legal_aid_family_case/1.
:- discontiguous legal_aid_consumer_case/1.
:- discontiguous constitutional_employment_remedy/1.
:- discontiguous employment_pil_standing/2.
:- discontiguous employment_related_issue/1.
:- discontiguous days_between/3.
:- discontiguous appeal_court/2.
:- discontiguous legal_costs_estimate/3.
:- discontiguous base_court_fee/2.
:- discontiguous lawyer_fee_estimate/2.
:- discontiguous required_documents/2.
:- discontiguous case_timeline_estimate/2.
:- discontiguous income_threshold/2.
:- discontiguous income_within_threshold/2.
:- discontiguous income_ratio/3.
:- discontiguous applicable_rule/3.
:- discontiguous rule_priority/3.
:- discontiguous best_applicable_rule/3.
:- discontiguous resolve_conflict/3.
:- discontiguous confidence_score/2.
:- discontiguous legal_aid_factor/2.
:- discontiguous individual_reason/2.
:- discontiguous annual_income/2.
:- discontiguous monthly_income/2.
:- discontiguous applicant_social_category/2.
:- discontiguous social_category/2.
:- discontiguous case_type/2.
:- discontiguous applicant_location/2.
:- discontiguous vulnerable_group/2.

% LEGAL RULES
% UTILITY PREDICATES
member(X, [X|_]).
member(X, [_|T]) :- member(X, T).

% LEGAL_AID_RULES
eligible_for_legal_aid(Person) :- person(Person), ( income_eligible(Person) ; categorically_eligible(Person) ).
income_eligible(Person) :- annual_income(Person, Income), Income =< 300000. % Rs. 3 lakh per annum income_eligible(Person) :- monthly_income(Person, Income), Income =< 25000. % Rs. 25,000 per month.
categorically_eligible(Person) :- social_category(Person, Category), member(Category, [sc, st, obc]).
categorically_eligible(Person) :- vulnerable_group(Person, Group), member(Group, [women, children, disabled, industrial_workers]).
legal_aid_applicable(Person, CaseType) :- eligible_for_legal_aid(Person), covered_case_type(CaseType).
covered_case_type(CaseType) :- member(CaseType, [criminal, family, labor, consumer, constitutional]).
excluded_case_type(CaseType) :- member(CaseType, [defamation, corporate_disputes, tax_evasion]).

% MINIMAL REASONING PREDICATES
primary_eligibility_reason(Person, 'Eligible based on criteria') :- eligible_for_legal_aid(Person).
primary_eligibility_reason(Person, 'Not eligible') :- \+ eligible_for_legal_aid(Person).
generate_detailed_reasoning(Person, 'Standard legal aid evaluation') :- person(Person).

% CASE FACTS
person('case_13fd9f69_212857').
annual_income('case_13fd9f69_212857', 200000).
monthly_income('case_13fd9f69_212857', 16666).
social_category('case_13fd9f69_212857', general).
person('case_13fd9f69_212857').

2025-08-09 21:28:57,556 - hybex_system.prolog_engine - INFO - [Session:13fd9f69] ✅ Created robust Prolog file: C:\Users\OMEN19~1\AppData\Local\Temp\tmp67tanmam.pl with 12 rules and 5 facts
2025-08-09 21:28:57,556 - hybex_system.prolog_engine - INFO - [Session:13fd9f69] 🎯 Step 1: Quick eligibility check for case_13fd9f69_212857
2025-08-09 21:29:07,570 - hybex_system.prolog_engine - ERROR - [Session:13fd9f69] Prolog query timeout (attempt 1): eligible_for_legal_aid('case_13fd9f69_212857')
2025-08-09 21:29:17,591 - hybex_system.prolog_engine - ERROR - [Session:13fd9f69] Prolog query timeout (attempt 2): eligible_for_legal_aid('case_13fd9f69_212857')
2025-08-09 21:29:27,592 - hybex_system.prolog_engine - ERROR - [Session:13fd9f69] Prolog query timeout (attempt 3): eligible_for_legal_aid('case_13fd9f69_212857')
2025-08-09 21:29:27,592 - hybex_system.prolog_engine - WARNING - [Session:13fd9f69] ❌ Basic eligibility check failed: Query timeout after 3 attempts
2025-08-09 21:30:27,627 - hybex_system.prolog_engine - ERROR - [Session:13fd9f69] Prolog query timeout (attempt 1): primary_eligibility_reason('case_13fd9f69_212857', Reason)
2025-08-09 21:31:27,650 - hybex_system.prolog_engine - ERROR - [Session:13fd9f69] Prolog query timeout (attempt 2): primary_eligibility_reason('case_13fd9f69_212857', Reason)
2025-08-09 21:32:27,676 - hybex_system.prolog_engine - ERROR - [Session:13fd9f69] Prolog query timeout (attempt 3): primary_eligibility_reason('case_13fd9f69_212857', Reason)
2025-08-09 21:33:27,692 - hybex_system.prolog_engine - ERROR - [Session:13fd9f69] Prolog query timeout (attempt 1): generate_detailed_reasoning('case_13fd9f69_212857', DetailedReason)
2025-08-09 21:34:27,718 - hybex_system.prolog_engine - ERROR - [Session:13fd9f69] Prolog query timeout (attempt 2): generate_detailed_reasoning('case_13fd9f69_212857', DetailedReason)
2025-08-09 21:35:27,743 - hybex_system.prolog_engine - ERROR - [Session:13fd9f69] Prolog query timeout (attempt 3): generate_detailed_reasoning('case_13fd9f69_212857', DetailedReason)
2025-08-09 21:36:27,752 - hybex_system.prolog_engine - ERROR - [Session:13fd9f69] Prolog query timeout (attempt 1): findall(Rule, applicable_rule('case_13fd9f69_212857', Rule, legal_aid), Rules)
2025-08-09 21:37:27,780 - hybex_system.prolog_engine - ERROR - [Session:13fd9f69] Prolog query timeout (attempt 2): findall(Rule, applicable_rule('case_13fd9f69_212857', Rule, legal_aid), Rules)
2025-08-09 21:38:27,800 - hybex_system.prolog_engine - ERROR - [Session:13fd9f69] Prolog query timeout (attempt 3): findall(Rule, applicable_rule('case_13fd9f69_212857', Rule, legal_aid), Rules)
2025-08-09 21:38:27,804 - hybex_system.prolog_engine - INFO - [Session:13fd9f69] Comprehensive legal analysis complete for case_13fd9f69_212857: Eligible=False, Confidence=0.30
