2025-08-10 12:30:11,314 - hybex_system.prolog_engine - INFO - [Session:17d1038c] Added file handler to PrologEngine logger.
2025-08-10 12:30:11,314 - hybex_system.prolog_engine - INFO - [Session:17d1038c] ======================================================================
2025-08-10 12:30:11,314 - hybex_system.prolog_engine - INFO - [Session:17d1038c] Starting HybEx-Law Comprehensive Prolog Reasoning Engine
2025-08-10 12:30:11,314 - hybex_system.prolog_engine - INFO - [Session:17d1038c] Session ID: 17d1038c
2025-08-10 12:30:11,330 - hybex_system.prolog_engine - INFO - [Session:17d1038c] Configuration: {'config_source': 'verified_fallback', 'last_updated': None, 'validation_status': 'unvalidated', 'primary_act': 'Legal Services Authorities Act, 1987', 'income_thresholds': {'general': 500000, 'sc_st': 800000, 'obc': 600000, 'bpl': 0, 'ews': 800000}, 'real_data_available': False, 'sources_count': 0}
2025-08-10 12:30:11,330 - hybex_system.prolog_engine - INFO - [Session:17d1038c] ======================================================================
2025-08-10 12:30:11,330 - hybex_system.prolog_engine - INFO - [Session:17d1038c] Using verified fallback knowledge base with 105 comprehensive rules
2025-08-10 12:30:11,330 - hybex_system.prolog_engine - INFO - [Session:17d1038c] Attempting to load rules from: d:\Code_stuff\NLP\multi_domain_legal\knowledge_base\multi_domain_rules.py
2025-08-10 12:30:11,330 - hybex_system.prolog_engine - INFO - [Session:17d1038c] Successfully loaded MULTI_DOMAIN_LEGAL_RULES from knowledge base.
2025-08-10 12:30:11,330 - hybex_system.prolog_engine - INFO - [Session:17d1038c] Parsing comprehensive multi-domain legal rules from knowledge base.
2025-08-10 12:30:11,330 - hybex_system.prolog_engine - INFO - [Session:17d1038c] Initialized Comprehensive PrologEngine (Session: 17d1038c, Available: True)
2025-08-10 12:30:11,330 - hybex_system.prolog_engine - INFO - [Session:17d1038c] Loaded 9 rule categories with 145 total rules
2025-08-10 12:30:11,330 - hybex_system.prolog_engine - INFO - [Session:17d1038c] Comprehensive rules actually loaded: True
2025-08-10 12:30:11,330 - hybex_system.prolog_engine - INFO - [Session:17d1038c] 🧠 Starting comprehensive legal analysis for case_17d1038c_123011
2025-08-10 12:30:11,330 - hybex_system.prolog_engine - INFO - [Session:17d1038c] 🎯 Detected domain 'general_legal_aid' for case type ''
2025-08-10 12:30:11,330 - hybex_system.prolog_engine - INFO - [Session:17d1038c] 🎯 Using domain-specific rules for: ['general_legal_aid']
2025-08-10 12:30:11,330 - hybex_system.prolog_engine - INFO - [Session:17d1038c] Generated 6 comprehensive Prolog facts for case_17d1038c_123011
2025-08-10 12:30:11,339 - hybex_system.prolog_engine - INFO - [Session:17d1038c] 📂 Selected files for domain 'general_legal_aid': ['foundational_rules.pl', 'legal_aid.pl']
2025-08-10 12:30:11,339 - hybex_system.prolog_engine - INFO - [Session:17d1038c] ✅ Loaded modular file: foundational_rules.pl
2025-08-10 12:30:11,340 - hybex_system.prolog_engine - INFO - [Session:17d1038c] ✅ Loaded modular file: legal_aid.pl
2025-08-10 12:30:11,341 - hybex_system.prolog_engine - INFO - [Session:17d1038c] 🔍 DEBUG: Modular Prolog file content:
2025-08-10 12:30:11,374 - hybex_system.prolog_engine - INFO - [Session:17d1038c] Modular file (11405 chars):
% HybEx-Law Modular Legal Reasoning Session: 17d1038c
% Domain: general_legal_aid
% Generated: 2025-08-10T12:30:11.338994

% DISCONTIGUOUS DIRECTIVES
:- discontiguous person/1.
:- discontiguous eligible_for_legal_aid/1.
:- discontiguous categorically_eligible/1.
:- discontiguous income_eligible/1.
:- discontiguous social_category/2.
:- discontiguous annual_income/2.
:- discontiguous case_type/2.
:- discontiguous generate_detailed_reasoning/2.
:- discontiguous primary_eligibility_reason/2.
:- discontiguous applicable_rule/3.
:- discontiguous vulnerable_group/2.
:- discontiguous gender/2.
:- discontiguous age/2.

% LOADING: foundational_rules.pl
% ============================================================================
% FOUNDATIONAL PREDICATES AND FACTS
% This file contains all basic predicates used across domains
% MUST be loaded first to avoid "Unknown procedure" errors
% ============================================================================

% ==============================...
2025-08-10 12:30:11,374 - hybex_system.prolog_engine - INFO - [Session:17d1038c] ✅ Created MODULAR Prolog file: C:\Users\OMEN19~1\AppData\Local\Temp\tmps8_jvz0d.pl with 2 domain modules
2025-08-10 12:30:11,374 - hybex_system.prolog_engine - INFO - [Session:17d1038c] 🎯 Ultra-fast eligibility check for case_17d1038c_123011
2025-08-10 12:30:14,409 - hybex_system.prolog_engine - ERROR - [Session:17d1038c] Prolog query timeout (attempt 1): eligible_for_legal_aid('case_17d1038c_123011')
2025-08-10 12:30:14,410 - hybex_system.prolog_engine - INFO - [Session:17d1038c] ❌ FAST RESULT: Not eligible - Query timeout after 1 attempts
2025-08-10 12:31:14,420 - hybex_system.prolog_engine - ERROR - [Session:17d1038c] Prolog query timeout (attempt 1): primary_eligibility_reason('case_17d1038c_123011', Reason)
2025-08-10 12:32:14,436 - hybex_system.prolog_engine - ERROR - [Session:17d1038c] Prolog query timeout (attempt 2): primary_eligibility_reason('case_17d1038c_123011', Reason)
2025-08-10 12:33:14,455 - hybex_system.prolog_engine - ERROR - [Session:17d1038c] Prolog query timeout (attempt 3): primary_eligibility_reason('case_17d1038c_123011', Reason)
2025-08-10 12:34:14,487 - hybex_system.prolog_engine - ERROR - [Session:17d1038c] Prolog query timeout (attempt 1): generate_detailed_reasoning('case_17d1038c_123011', DetailedReason)
2025-08-10 12:35:14,512 - hybex_system.prolog_engine - ERROR - [Session:17d1038c] Prolog query timeout (attempt 2): generate_detailed_reasoning('case_17d1038c_123011', DetailedReason)
2025-08-10 12:36:14,538 - hybex_system.prolog_engine - ERROR - [Session:17d1038c] Prolog query timeout (attempt 3): generate_detailed_reasoning('case_17d1038c_123011', DetailedReason)
2025-08-10 12:37:14,558 - hybex_system.prolog_engine - ERROR - [Session:17d1038c] Prolog query timeout (attempt 1): findall(Rule, applicable_rule('case_17d1038c_123011', Rule, legal_aid), Rules)
2025-08-10 12:38:14,599 - hybex_system.prolog_engine - ERROR - [Session:17d1038c] Prolog query timeout (attempt 2): findall(Rule, applicable_rule('case_17d1038c_123011', Rule, legal_aid), Rules)
2025-08-10 12:39:14,617 - hybex_system.prolog_engine - ERROR - [Session:17d1038c] Prolog query timeout (attempt 3): findall(Rule, applicable_rule('case_17d1038c_123011', Rule, legal_aid), Rules)
2025-08-10 12:39:14,619 - hybex_system.prolog_engine - INFO - [Session:17d1038c] Comprehensive legal analysis complete for case_17d1038c_123011: Eligible=False, Confidence=0.90
2025-08-10 12:39:14,674 - hybex_system.prolog_engine - INFO - [Session:17d1038c] 🧠 Starting comprehensive legal analysis for case_17d1038c_123914
2025-08-10 12:39:14,674 - hybex_system.prolog_engine - INFO - [Session:17d1038c] 🎯 Detected domain 'general_legal_aid' for case type 'family law'
2025-08-10 12:39:14,676 - hybex_system.prolog_engine - INFO - [Session:17d1038c] 🎯 Using domain-specific rules for: ['general_legal_aid']
2025-08-10 12:39:14,676 - hybex_system.prolog_engine - INFO - [Session:17d1038c] Generated 5 comprehensive Prolog facts for case_17d1038c_123914
2025-08-10 12:39:14,676 - hybex_system.prolog_engine - INFO - [Session:17d1038c] 📂 Selected files for domain 'general_legal_aid': ['foundational_rules.pl', 'legal_aid.pl']
2025-08-10 12:39:14,681 - hybex_system.prolog_engine - INFO - [Session:17d1038c] ✅ Loaded modular file: foundational_rules.pl
2025-08-10 12:39:14,684 - hybex_system.prolog_engine - INFO - [Session:17d1038c] ✅ Loaded modular file: legal_aid.pl
2025-08-10 12:39:14,685 - hybex_system.prolog_engine - INFO - [Session:17d1038c] 🔍 DEBUG: Modular Prolog file content:
2025-08-10 12:39:14,738 - hybex_system.prolog_engine - INFO - [Session:17d1038c] Modular file (11366 chars):
% HybEx-Law Modular Legal Reasoning Session: 17d1038c
% Domain: general_legal_aid
% Generated: 2025-08-10T12:39:14.676923

% DISCONTIGUOUS DIRECTIVES
:- discontiguous person/1.
:- discontiguous eligible_for_legal_aid/1.
:- discontiguous categorically_eligible/1.
:- discontiguous income_eligible/1.
:- discontiguous social_category/2.
:- discontiguous annual_income/2.
:- discontiguous case_type/2.
:- discontiguous generate_detailed_reasoning/2.
:- discontiguous primary_eligibility_reason/2.
:- discontiguous applicable_rule/3.
:- discontiguous vulnerable_group/2.
:- discontiguous gender/2.
:- discontiguous age/2.

% LOADING: foundational_rules.pl
% ============================================================================
% FOUNDATIONAL PREDICATES AND FACTS
% This file contains all basic predicates used across domains
% MUST be loaded first to avoid "Unknown procedure" errors
% ============================================================================

% ==============================...
2025-08-10 12:39:14,738 - hybex_system.prolog_engine - INFO - [Session:17d1038c] ✅ Created MODULAR Prolog file: C:\Users\OMEN19~1\AppData\Local\Temp\tmp4wmt70y3.pl with 2 domain modules
2025-08-10 12:39:14,738 - hybex_system.prolog_engine - INFO - [Session:17d1038c] 🎯 Ultra-fast eligibility check for case_17d1038c_123914
2025-08-10 12:39:17,757 - hybex_system.prolog_engine - ERROR - [Session:17d1038c] Prolog query timeout (attempt 1): eligible_for_legal_aid('case_17d1038c_123914')
2025-08-10 12:39:17,757 - hybex_system.prolog_engine - INFO - [Session:17d1038c] ❌ FAST RESULT: Not eligible - Query timeout after 1 attempts
2025-08-10 12:40:17,787 - hybex_system.prolog_engine - ERROR - [Session:17d1038c] Prolog query timeout (attempt 1): primary_eligibility_reason('case_17d1038c_123914', Reason)
2025-08-10 12:41:17,840 - hybex_system.prolog_engine - ERROR - [Session:17d1038c] Prolog query timeout (attempt 2): primary_eligibility_reason('case_17d1038c_123914', Reason)
2025-08-10 12:42:17,888 - hybex_system.prolog_engine - ERROR - [Session:17d1038c] Prolog query timeout (attempt 3): primary_eligibility_reason('case_17d1038c_123914', Reason)
2025-08-10 12:43:17,898 - hybex_system.prolog_engine - ERROR - [Session:17d1038c] Prolog query timeout (attempt 1): generate_detailed_reasoning('case_17d1038c_123914', DetailedReason)
2025-08-10 12:44:17,946 - hybex_system.prolog_engine - ERROR - [Session:17d1038c] Prolog query timeout (attempt 2): generate_detailed_reasoning('case_17d1038c_123914', DetailedReason)
2025-08-10 12:45:17,972 - hybex_system.prolog_engine - ERROR - [Session:17d1038c] Prolog query timeout (attempt 3): generate_detailed_reasoning('case_17d1038c_123914', DetailedReason)
2025-08-10 12:46:17,988 - hybex_system.prolog_engine - ERROR - [Session:17d1038c] Prolog query timeout (attempt 1): findall(Rule, applicable_rule('case_17d1038c_123914', Rule, legal_aid), Rules)
2025-08-10 12:47:18,007 - hybex_system.prolog_engine - ERROR - [Session:17d1038c] Prolog query timeout (attempt 2): findall(Rule, applicable_rule('case_17d1038c_123914', Rule, legal_aid), Rules)
2025-08-10 12:48:18,039 - hybex_system.prolog_engine - ERROR - [Session:17d1038c] Prolog query timeout (attempt 3): findall(Rule, applicable_rule('case_17d1038c_123914', Rule, legal_aid), Rules)
2025-08-10 12:48:18,039 - hybex_system.prolog_engine - INFO - [Session:17d1038c] Comprehensive legal analysis complete for case_17d1038c_123914: Eligible=False, Confidence=0.90
2025-08-10 12:48:18,071 - hybex_system.prolog_engine - INFO - [Session:17d1038c] 🧠 Starting comprehensive legal analysis for case_17d1038c_124818
2025-08-10 12:48:18,072 - hybex_system.prolog_engine - INFO - [Session:17d1038c] 🎯 Detected domain 'general_legal_aid' for case type ''
2025-08-10 12:48:18,073 - hybex_system.prolog_engine - INFO - [Session:17d1038c] 🎯 Using domain-specific rules for: ['general_legal_aid']
2025-08-10 12:48:18,074 - hybex_system.prolog_engine - INFO - [Session:17d1038c] Generated 6 comprehensive Prolog facts for case_17d1038c_124818
2025-08-10 12:48:18,076 - hybex_system.prolog_engine - INFO - [Session:17d1038c] 📂 Selected files for domain 'general_legal_aid': ['foundational_rules.pl', 'legal_aid.pl']
2025-08-10 12:48:18,079 - hybex_system.prolog_engine - INFO - [Session:17d1038c] ✅ Loaded modular file: foundational_rules.pl
2025-08-10 12:48:18,081 - hybex_system.prolog_engine - INFO - [Session:17d1038c] ✅ Loaded modular file: legal_aid.pl
2025-08-10 12:48:18,083 - hybex_system.prolog_engine - INFO - [Session:17d1038c] 🔍 DEBUG: Modular Prolog file content:
2025-08-10 12:48:18,149 - hybex_system.prolog_engine - INFO - [Session:17d1038c] Modular file (11412 chars):
% HybEx-Law Modular Legal Reasoning Session: 17d1038c
% Domain: general_legal_aid
% Generated: 2025-08-10T12:48:18.076919

% DISCONTIGUOUS DIRECTIVES
:- discontiguous person/1.
:- discontiguous eligible_for_legal_aid/1.
:- discontiguous categorically_eligible/1.
:- discontiguous income_eligible/1.
:- discontiguous social_category/2.
:- discontiguous annual_income/2.
:- discontiguous case_type/2.
:- discontiguous generate_detailed_reasoning/2.
:- discontiguous primary_eligibility_reason/2.
:- discontiguous applicable_rule/3.
:- discontiguous vulnerable_group/2.
:- discontiguous gender/2.
:- discontiguous age/2.

% LOADING: foundational_rules.pl
% ============================================================================
% FOUNDATIONAL PREDICATES AND FACTS
% This file contains all basic predicates used across domains
% MUST be loaded first to avoid "Unknown procedure" errors
% ============================================================================

% ==============================...
2025-08-10 12:48:18,151 - hybex_system.prolog_engine - INFO - [Session:17d1038c] ✅ Created MODULAR Prolog file: C:\Users\OMEN19~1\AppData\Local\Temp\tmprb6cnxnp.pl with 2 domain modules
2025-08-10 12:48:18,151 - hybex_system.prolog_engine - INFO - [Session:17d1038c] 🎯 Ultra-fast eligibility check for case_17d1038c_124818
2025-08-10 12:48:21,160 - hybex_system.prolog_engine - ERROR - [Session:17d1038c] Prolog query timeout (attempt 1): eligible_for_legal_aid('case_17d1038c_124818')
2025-08-10 12:48:21,160 - hybex_system.prolog_engine - INFO - [Session:17d1038c] ❌ FAST RESULT: Not eligible - Query timeout after 1 attempts
2025-08-10 12:49:21,184 - hybex_system.prolog_engine - ERROR - [Session:17d1038c] Prolog query timeout (attempt 1): primary_eligibility_reason('case_17d1038c_124818', Reason)
2025-08-10 12:50:21,211 - hybex_system.prolog_engine - ERROR - [Session:17d1038c] Prolog query timeout (attempt 2): primary_eligibility_reason('case_17d1038c_124818', Reason)
2025-08-10 12:51:21,223 - hybex_system.prolog_engine - ERROR - [Session:17d1038c] Prolog query timeout (attempt 3): primary_eligibility_reason('case_17d1038c_124818', Reason)
2025-08-10 12:52:21,246 - hybex_system.prolog_engine - ERROR - [Session:17d1038c] Prolog query timeout (attempt 1): generate_detailed_reasoning('case_17d1038c_124818', DetailedReason)
2025-08-10 12:53:21,270 - hybex_system.prolog_engine - ERROR - [Session:17d1038c] Prolog query timeout (attempt 2): generate_detailed_reasoning('case_17d1038c_124818', DetailedReason)
2025-08-10 12:54:21,279 - hybex_system.prolog_engine - ERROR - [Session:17d1038c] Prolog query timeout (attempt 3): generate_detailed_reasoning('case_17d1038c_124818', DetailedReason)
2025-08-10 12:55:21,296 - hybex_system.prolog_engine - ERROR - [Session:17d1038c] Prolog query timeout (attempt 1): findall(Rule, applicable_rule('case_17d1038c_124818', Rule, legal_aid), Rules)
2025-08-10 12:56:21,313 - hybex_system.prolog_engine - ERROR - [Session:17d1038c] Prolog query timeout (attempt 2): findall(Rule, applicable_rule('case_17d1038c_124818', Rule, legal_aid), Rules)
2025-08-10 12:57:21,329 - hybex_system.prolog_engine - ERROR - [Session:17d1038c] Prolog query timeout (attempt 3): findall(Rule, applicable_rule('case_17d1038c_124818', Rule, legal_aid), Rules)
2025-08-10 12:57:21,329 - hybex_system.prolog_engine - INFO - [Session:17d1038c] Comprehensive legal analysis complete for case_17d1038c_124818: Eligible=False, Confidence=0.90
