2025-08-10 11:42:23,769 - hybex_system.prolog_engine - INFO - [Session:2d61e531] Added file handler to PrologEngine logger.
2025-08-10 11:42:23,769 - hybex_system.prolog_engine - INFO - [Session:2d61e531] ======================================================================
2025-08-10 11:42:23,769 - hybex_system.prolog_engine - INFO - [Session:2d61e531] Starting HybEx-Law Comprehensive Prolog Reasoning Engine
2025-08-10 11:42:23,769 - hybex_system.prolog_engine - INFO - [Session:2d61e531] Session ID: 2d61e531
2025-08-10 11:42:23,769 - hybex_system.prolog_engine - INFO - [Session:2d61e531] Configuration: {'config_source': 'verified_fallback', 'last_updated': None, 'validation_status': 'unvalidated', 'primary_act': 'Legal Services Authorities Act, 1987', 'income_thresholds': {'general': 500000, 'sc_st': 800000, 'obc': 600000, 'bpl': 0, 'ews': 800000}, 'real_data_available': False, 'sources_count': 0}
2025-08-10 11:42:23,769 - hybex_system.prolog_engine - INFO - [Session:2d61e531] ======================================================================
2025-08-10 11:42:23,769 - hybex_system.prolog_engine - INFO - [Session:2d61e531] Using verified fallback knowledge base with 105 comprehensive rules
2025-08-10 11:42:23,785 - hybex_system.prolog_engine - INFO - [Session:2d61e531] Attempting to load rules from: d:\Code_stuff\NLP\multi_domain_legal\knowledge_base\multi_domain_rules.py
2025-08-10 11:42:23,812 - hybex_system.prolog_engine - INFO - [Session:2d61e531] Successfully loaded MULTI_DOMAIN_LEGAL_RULES from knowledge base.
2025-08-10 11:42:23,812 - hybex_system.prolog_engine - INFO - [Session:2d61e531] Parsing comprehensive multi-domain legal rules from knowledge base.
2025-08-10 11:42:23,818 - hybex_system.prolog_engine - INFO - [Session:2d61e531] Initialized Comprehensive PrologEngine (Session: 2d61e531, Available: True)
2025-08-10 11:42:23,818 - hybex_system.prolog_engine - INFO - [Session:2d61e531] Loaded 9 rule categories with 145 total rules
2025-08-10 11:42:23,818 - hybex_system.prolog_engine - INFO - [Session:2d61e531] Comprehensive rules actually loaded: True
2025-08-10 11:42:23,818 - hybex_system.prolog_engine - INFO - [Session:2d61e531] 🧠 Starting comprehensive legal analysis for case_2d61e531_114223
2025-08-10 11:42:23,821 - hybex_system.prolog_engine - INFO - [Session:2d61e531] 🎯 Detected domain 'general_legal_aid' for case type ''
2025-08-10 11:42:23,821 - hybex_system.prolog_engine - INFO - [Session:2d61e531] 🎯 Using domain-specific rules for: ['general_legal_aid']
2025-08-10 11:42:23,822 - hybex_system.prolog_engine - INFO - [Session:2d61e531] Generated 1 comprehensive Prolog facts for case_2d61e531_114223
2025-08-10 11:42:23,823 - hybex_system.prolog_engine - INFO - [Session:2d61e531] 📂 Selected files for domain 'general_legal_aid': ['foundational_rules.pl', 'legal_aid.pl']
2025-08-10 11:42:23,828 - hybex_system.prolog_engine - INFO - [Session:2d61e531] ✅ Loaded modular file: foundational_rules.pl
2025-08-10 11:42:23,832 - hybex_system.prolog_engine - INFO - [Session:2d61e531] ✅ Loaded modular file: legal_aid.pl
2025-08-10 11:42:23,834 - hybex_system.prolog_engine - INFO - [Session:2d61e531] 🔍 DEBUG: Modular Prolog file content:
2025-08-10 11:42:23,856 - hybex_system.prolog_engine - INFO - [Session:2d61e531] Modular file (9621 chars):
% HybEx-Law Modular Legal Reasoning Session: 2d61e531
% Domain: general_legal_aid
% Generated: 2025-08-10T11:42:23.823419

% DISCONTIGUOUS DIRECTIVES
:- discontiguous person/1.
:- discontiguous eligible_for_legal_aid/1.
:- discontiguous categorically_eligible/1.
:- discontiguous income_eligible/1.
:- discontiguous social_category/2.
:- discontiguous annual_income/2.
:- discontiguous case_type/2.

% LOADING: foundational_rules.pl
% ============================================================================
% FOUNDATIONAL PREDICATES AND FACTS
% This file contains all basic predicates used across domains
% MUST be loaded first to avoid "Unknown procedure" errors
% ============================================================================

% =================================================================
% VULNERABLE GROUP DEFINITIONS
% =================================================================

vulnerable_group(Person, women) :-
    gender(Person, female).

vulnerable_group(Pe...
2025-08-10 11:42:23,857 - hybex_system.prolog_engine - INFO - [Session:2d61e531] ✅ Created MODULAR Prolog file: C:\Users\OMEN19~1\AppData\Local\Temp\tmpn8i6r9iq.pl with 2 domain modules
2025-08-10 11:42:23,857 - hybex_system.prolog_engine - INFO - [Session:2d61e531] 🎯 Ultra-fast eligibility check for case_2d61e531_114223
2025-08-10 11:42:24,025 - hybex_system.prolog_engine - WARNING - [Session:2d61e531] SWI-Prolog exited with code 2 (attempt 1). Stderr: Warning: c:/users/omen19~1/appdata/local/temp/tmpn8i6r9iq.pl:87:
Warning:    Singleton variables: [Category]
Warning: c:/users/omen19~1/appdata/local/temp/tmpn8i6r9iq.pl:99:
Warning:    Clauses of generate_detailed_reasoning/2 are not together in the source-file
Warning:    Earlier definition at c:/users/omen19~1/appdata/local/temp/tmpn8i6r9iq.pl:55
Warning:    Current predicate: primary_eligibility_reason/2
Warning:    Use :- discontiguous generate_detailed_reasoning/2. to suppress this message
Warning: c:/users/omen19~1/appdata/local/temp/tmpn8i6r9iq.pl:104:
Warning:    Singleton variables: [Category]
Warning: c:/users/omen19~1/appdata/local/temp/tmpn8i6r9iq.pl:125:
Warning:    Singleton variables: [Date1,Date2]
Warning: c:/users/omen19~1/appdata/local/temp/tmpn8i6r9iq.pl:252:
Warning:    Clauses of primary_eligibility_reason/2 are not together in the source-file
Warning:    Earlier definition at c:/users/omen19~1/appdata/local/temp/tmpn8i6r9iq.pl:68
Warning:    Current predicate: legal_aid_applicable/2
Warning:    Use :- discontiguous primary_eligibility_reason/2. to suppress this message
ERROR: -g ['C:/Users/OMEN19~1/AppData/Local/Temp/tmpn8i6r9iq.pl'], eligible_for_legal_aid('case_2d61e531_114223').: vulnerable_group/2: Unknown procedure: gender/2
2025-08-10 11:42:24,025 - hybex_system.prolog_engine - INFO - [Session:2d61e531] ❌ FAST RESULT: Not eligible - Prolog syntax or fatal error: Warning: c:/users/omen19~1/appdata/local/temp/tmpn8i6r9iq.pl:87:
Warning:    Singleton variables: [Category]
Warning: c:/users/omen19~1/appdata/local/temp/tmpn8i6r9iq.pl:99:
Warning:    Clauses of generate_detailed_reasoning/2 are not together in the source-file
Warning:    Earlier definition at c:/users/omen19~1/appdata/local/temp/tmpn8i6r9iq.pl:55
Warning:    Current predicate: primary_eligibility_reason/2
Warning:    Use :- discontiguous generate_detailed_reasoning/2. to suppress this message
Warning: c:/users/omen19~1/appdata/local/temp/tmpn8i6r9iq.pl:104:
Warning:    Singleton variables: [Category]
Warning: c:/users/omen19~1/appdata/local/temp/tmpn8i6r9iq.pl:125:
Warning:    Singleton variables: [Date1,Date2]
Warning: c:/users/omen19~1/appdata/local/temp/tmpn8i6r9iq.pl:252:
Warning:    Clauses of primary_eligibility_reason/2 are not together in the source-file
Warning:    Earlier definition at c:/users/omen19~1/appdata/local/temp/tmpn8i6r9iq.pl:68
Warning:    Current predicate: legal_aid_applicable/2
Warning:    Use :- discontiguous primary_eligibility_reason/2. to suppress this message
ERROR: -g ['C:/Users/OMEN19~1/AppData/Local/Temp/tmpn8i6r9iq.pl'], eligible_for_legal_aid('case_2d61e531_114223').: vulnerable_group/2: Unknown procedure: gender/2
2025-08-10 11:42:24,132 - hybex_system.prolog_engine - WARNING - [Session:2d61e531] SWI-Prolog exited with code 2 (attempt 1). Stderr: Warning: c:/users/omen19~1/appdata/local/temp/tmpn8i6r9iq.pl:87:
Warning:    Singleton variables: [Category]
Warning: c:/users/omen19~1/appdata/local/temp/tmpn8i6r9iq.pl:99:
Warning:    Clauses of generate_detailed_reasoning/2 are not together in the source-file
Warning:    Earlier definition at c:/users/omen19~1/appdata/local/temp/tmpn8i6r9iq.pl:55
Warning:    Current predicate: primary_eligibility_reason/2
Warning:    Use :- discontiguous generate_detailed_reasoning/2. to suppress this message
Warning: c:/users/omen19~1/appdata/local/temp/tmpn8i6r9iq.pl:104:
Warning:    Singleton variables: [Category]
Warning: c:/users/omen19~1/appdata/local/temp/tmpn8i6r9iq.pl:125:
Warning:    Singleton variables: [Date1,Date2]
Warning: c:/users/omen19~1/appdata/local/temp/tmpn8i6r9iq.pl:252:
Warning:    Clauses of primary_eligibility_reason/2 are not together in the source-file
Warning:    Earlier definition at c:/users/omen19~1/appdata/local/temp/tmpn8i6r9iq.pl:68
Warning:    Current predicate: legal_aid_applicable/2
Warning:    Use :- discontiguous primary_eligibility_reason/2. to suppress this message
ERROR: -g ['C:/Users/OMEN19~1/AppData/Local/Temp/tmpn8i6r9iq.pl'], primary_eligibility_reason('case_2d61e531_114223', Reason).: vulnerable_group/2: Unknown procedure: gender/2
2025-08-10 11:43:24,157 - hybex_system.prolog_engine - ERROR - [Session:2d61e531] Prolog query timeout (attempt 1): generate_detailed_reasoning('case_2d61e531_114223', DetailedReason)
