2025-08-09 20:50:03,144 - hybex_system.prolog_engine - INFO - [Session:0328d1e5] Added file handler to PrologEngine logger.
2025-08-09 20:50:03,150 - hybex_system.prolog_engine - INFO - [Session:0328d1e5] ======================================================================
2025-08-09 20:50:03,150 - hybex_system.prolog_engine - INFO - [Session:0328d1e5] Starting HybEx-Law Comprehensive Prolog Reasoning Engine
2025-08-09 20:50:03,150 - hybex_system.prolog_engine - INFO - [Session:0328d1e5] Session ID: 0328d1e5
2025-08-09 20:50:03,150 - hybex_system.prolog_engine - INFO - [Session:0328d1e5] Configuration: {'config_source': 'verified_fallback', 'last_updated': None, 'validation_status': 'unvalidated', 'primary_act': 'Legal Services Authorities Act, 1987', 'income_thresholds': {'general': 500000, 'sc_st': 800000, 'obc': 600000, 'bpl': 0, 'ews': 800000}, 'real_data_available': False, 'sources_count': 0}
2025-08-09 20:50:03,151 - hybex_system.prolog_engine - INFO - [Session:0328d1e5] ======================================================================
2025-08-09 20:50:03,151 - hybex_system.prolog_engine - INFO - [Session:0328d1e5] Using verified fallback knowledge base with 105 comprehensive rules
2025-08-09 20:50:03,151 - hybex_system.prolog_engine - INFO - [Session:0328d1e5] Attempting to load rules from: d:\Code_stuff\NLP\multi_domain_legal\knowledge_base\multi_domain_rules.py
2025-08-09 20:50:03,151 - hybex_system.prolog_engine - INFO - [Session:0328d1e5] Successfully loaded MULTI_DOMAIN_LEGAL_RULES from knowledge base.
2025-08-09 20:50:03,151 - hybex_system.prolog_engine - INFO - [Session:0328d1e5] Parsing comprehensive multi-domain legal rules from knowledge base.
2025-08-09 20:50:03,156 - hybex_system.prolog_engine - INFO - [Session:0328d1e5] Initialized Comprehensive PrologEngine (Session: 0328d1e5, Available: True)
2025-08-09 20:50:03,157 - hybex_system.prolog_engine - INFO - [Session:0328d1e5] Loaded 9 rule categories with 145 total rules
2025-08-09 20:50:03,157 - hybex_system.prolog_engine - INFO - [Session:0328d1e5] Comprehensive rules actually loaded: True
2025-08-09 20:50:03,157 - hybex_system.prolog_engine - INFO - [Session:0328d1e5] 🧠 Starting comprehensive legal analysis for case_0328d1e5_205003
2025-08-09 20:50:03,158 - hybex_system.prolog_engine - INFO - [Session:0328d1e5] 🎯 Detected domain 'general_legal_aid' for case type ''
2025-08-09 20:50:03,158 - hybex_system.prolog_engine - INFO - [Session:0328d1e5] 🎯 Using domain-specific rules for: ['general_legal_aid']
2025-08-09 20:50:03,158 - hybex_system.prolog_engine - INFO - [Session:0328d1e5] Generated 6 comprehensive Prolog facts for case_0328d1e5_205003
2025-08-09 20:50:03,159 - hybex_system.prolog_engine - INFO - [Session:0328d1e5] ✅ Created robust Prolog file: C:\Users\OMEN19~1\AppData\Local\Temp\tmpyfcjcq43.pl with 145 rules and 6 facts
2025-08-09 20:51:03,176 - hybex_system.prolog_engine - ERROR - [Session:0328d1e5] Prolog query timeout (attempt 1): eligible_with_confidence('case_0328d1e5_205003', Eligible, Confidence)
2025-08-09 20:52:03,197 - hybex_system.prolog_engine - ERROR - [Session:0328d1e5] Prolog query timeout (attempt 2): eligible_with_confidence('case_0328d1e5_205003', Eligible, Confidence)
2025-08-09 20:53:03,229 - hybex_system.prolog_engine - ERROR - [Session:0328d1e5] Prolog query timeout (attempt 3): eligible_with_confidence('case_0328d1e5_205003', Eligible, Confidence)
2025-08-09 20:53:03,231 - hybex_system.prolog_engine - WARNING - [Session:0328d1e5] Failed to get confident eligibility from Prolog. Trying basic 'eligible_for_legal_aid'.
2025-08-09 20:54:03,256 - hybex_system.prolog_engine - ERROR - [Session:0328d1e5] Prolog query timeout (attempt 1): eligible_for_legal_aid('case_0328d1e5_205003')
2025-08-09 20:55:03,276 - hybex_system.prolog_engine - ERROR - [Session:0328d1e5] Prolog query timeout (attempt 2): eligible_for_legal_aid('case_0328d1e5_205003')
2025-08-09 20:56:03,308 - hybex_system.prolog_engine - ERROR - [Session:0328d1e5] Prolog query timeout (attempt 3): eligible_for_legal_aid('case_0328d1e5_205003')
2025-08-09 20:56:03,397 - hybex_system.prolog_engine - WARNING - [Session:0328d1e5] SWI-Prolog exited with code 2 (attempt 1). Stderr: ERROR: c:/users/omen19~1/appdata/local/temp/tmpyfcjcq43.pl:115:7: Syntax error: Operator expected
Warning: c:/users/omen19~1/appdata/local/temp/tmpyfcjcq43.pl:131:
Warning:    Singleton variables: [Spouse]
Warning: c:/users/omen19~1/appdata/local/temp/tmpyfcjcq43.pl:269:
Warning:    Singleton variables: [Person]
ERROR: c:/users/omen19~1/appdata/local/temp/tmpyfcjcq43.pl:304:7: Syntax error: Operator expected
Warning: c:/users/omen19~1/appdata/local/temp/tmpyfcjcq43.pl:393:
Warning:    Singleton variables: [Person]
ERROR: c:/users/omen19~1/appdata/local/temp/tmpyfcjcq43.pl:401:10: Syntax error: Operator expected
Warning: c:/users/omen19~1/appdata/local/temp/tmpyfcjcq43.pl:406:
Warning:    Singleton variables: [Category]
Warning: c:/users/omen19~1/appdata/local/temp/tmpyfcjcq43.pl:419:
Warning:    Singleton variables: [Category]
ERROR: c:/users/omen19~1/appdata/local/temp/tmpyfcjcq43.pl:432:33: Syntax error: Operator expected
Warning: c:/users/omen19~1/appdata/local/temp/tmpyfcjcq43.pl:536:
Warning:    Singleton variables: [Person]
Warning: c:/users/omen19~1/appdata/local/temp/tmpyfcjcq43.pl:540:
Warning:    Singleton variables: [Person]
Warning: c:/users/omen19~1/appdata/local/temp/tmpyfcjcq43.pl:545:
Warning:    Singleton variables: [Person]
ERROR: -g ['C:/Users/OMEN19~1/AppData/Local/Temp/tmpyfcjcq43.pl'], primary_eligibility_reason('case_0328d1e5_205003', Reason).: format/3: Format error: too many arguments
2025-08-09 20:56:03,499 - hybex_system.prolog_engine - WARNING - [Session:0328d1e5] SWI-Prolog exited with code 2 (attempt 1). Stderr: ERROR: c:/users/omen19~1/appdata/local/temp/tmpyfcjcq43.pl:115:7: Syntax error: Operator expected
Warning: c:/users/omen19~1/appdata/local/temp/tmpyfcjcq43.pl:131:
Warning:    Singleton variables: [Spouse]
Warning: c:/users/omen19~1/appdata/local/temp/tmpyfcjcq43.pl:269:
Warning:    Singleton variables: [Person]
ERROR: c:/users/omen19~1/appdata/local/temp/tmpyfcjcq43.pl:304:7: Syntax error: Operator expected
Warning: c:/users/omen19~1/appdata/local/temp/tmpyfcjcq43.pl:393:
Warning:    Singleton variables: [Person]
ERROR: c:/users/omen19~1/appdata/local/temp/tmpyfcjcq43.pl:401:10: Syntax error: Operator expected
Warning: c:/users/omen19~1/appdata/local/temp/tmpyfcjcq43.pl:406:
Warning:    Singleton variables: [Category]
Warning: c:/users/omen19~1/appdata/local/temp/tmpyfcjcq43.pl:419:
Warning:    Singleton variables: [Category]
ERROR: c:/users/omen19~1/appdata/local/temp/tmpyfcjcq43.pl:432:33: Syntax error: Operator expected
Warning: c:/users/omen19~1/appdata/local/temp/tmpyfcjcq43.pl:536:
Warning:    Singleton variables: [Person]
Warning: c:/users/omen19~1/appdata/local/temp/tmpyfcjcq43.pl:540:
Warning:    Singleton variables: [Person]
Warning: c:/users/omen19~1/appdata/local/temp/tmpyfcjcq43.pl:545:
Warning:    Singleton variables: [Person]
ERROR: -g ['C:/Users/OMEN19~1/AppData/Local/Temp/tmpyfcjcq43.pl'], generate_detailed_reasoning('case_0328d1e5_205003', DetailedReason).: format/3: Format error: too many arguments
2025-08-09 20:57:03,526 - hybex_system.prolog_engine - ERROR - [Session:0328d1e5] Prolog query timeout (attempt 1): findall(Rule, applicable_rule('case_0328d1e5_205003', Rule, legal_aid), Rules)
