2025-08-07 16:27:04,868 - hybex_system.prolog_engine - INFO - [Session:1eac0df6] Added file handler to PrologEngine logger.
2025-08-07 16:27:04,870 - hybex_system.prolog_engine - INFO - [Session:1eac0df6] ======================================================================
2025-08-07 16:27:04,890 - hybex_system.prolog_engine - INFO - [Session:1eac0df6] Starting HybEx-Law Comprehensive Prolog Reasoning Engine
2025-08-07 16:27:04,903 - hybex_system.prolog_engine - INFO - [Session:1eac0df6] Session ID: 1eac0df6
2025-08-07 16:27:04,918 - hybex_system.prolog_engine - INFO - [Session:1eac0df6] Configuration: {'config_source': 'verified_fallback', 'last_updated': None, 'validation_status': 'unvalidated', 'primary_act': 'Legal Services Authorities Act, 1987', 'income_thresholds': {'general': 500000, 'sc_st': 800000, 'obc': 600000, 'bpl': 0, 'ews': 800000}, 'real_data_available': False, 'sources_count': 0}
2025-08-07 16:27:04,919 - hybex_system.prolog_engine - INFO - [Session:1eac0df6] ======================================================================
2025-08-07 16:27:04,922 - hybex_system.prolog_engine - INFO - [Session:1eac0df6] Attempting to load rules from: d:\Code_stuff\NLP\multi_domain_legal\knowledge_base\multi_domain_rules.py
2025-08-07 16:27:04,945 - hybex_system.prolog_engine - INFO - [Session:1eac0df6] Successfully loaded MULTI_DOMAIN_LEGAL_RULES from knowledge base.
2025-08-07 16:27:04,957 - hybex_system.prolog_engine - INFO - [Session:1eac0df6] Fixed 2 Prolog syntax issues: 'not' -> '\+'
2025-08-07 16:27:04,959 - hybex_system.prolog_engine - INFO - [Session:1eac0df6] Parsing comprehensive multi-domain legal rules from knowledge base.
2025-08-07 16:27:04,974 - hybex_system.prolog_engine - INFO - [Session:1eac0df6] Initialized Comprehensive PrologEngine (Session: 1eac0df6, Available: True)
2025-08-07 16:27:04,975 - hybex_system.prolog_engine - INFO - [Session:1eac0df6] Loaded 9 rule categories with 162 total rules
2025-08-07 16:27:04,978 - hybex_system.prolog_engine - INFO - [Session:1eac0df6] Comprehensive rules actually loaded: True
2025-08-07 16:27:04,981 - hybex_system.prolog_engine - INFO - [Session:1eac0df6] Starting comprehensive legal analysis for case_1eac0df6_162704
2025-08-07 16:27:04,982 - hybex_system.prolog_engine - INFO - [Session:1eac0df6] Generated 7 comprehensive Prolog facts for case_1eac0df6_162704
2025-08-07 16:27:04,987 - hybex_system.prolog_engine - INFO - [Session:1eac0df6] Created comprehensive Prolog file: C:\Users\OMEN19~1\AppData\Local\Temp\tmpua1zhiie.pl with 7 facts.
2025-08-07 16:27:05,025 - hybex_system.prolog_engine - INFO - [Session:1eac0df6] DEBUG: Saved copy of Prolog file to debug_prolog_output.pl for analysis
2025-08-07 16:27:35,038 - hybex_system.prolog_engine - ERROR - [Session:1eac0df6] Prolog query timeout (attempt 1): eligible_with_confidence('case_1eac0df6_162704', Eligible, Confidence)
2025-08-07 16:28:05,058 - hybex_system.prolog_engine - ERROR - [Session:1eac0df6] Prolog query timeout (attempt 2): eligible_with_confidence('case_1eac0df6_162704', Eligible, Confidence)
2025-08-07 16:28:35,094 - hybex_system.prolog_engine - ERROR - [Session:1eac0df6] Prolog query timeout (attempt 3): eligible_with_confidence('case_1eac0df6_162704', Eligible, Confidence)
2025-08-07 16:28:35,095 - hybex_system.prolog_engine - WARNING - [Session:1eac0df6] Failed to get confident eligibility from Prolog. Trying basic 'eligible_for_legal_aid'.
2025-08-07 16:29:05,121 - hybex_system.prolog_engine - ERROR - [Session:1eac0df6] Prolog query timeout (attempt 1): eligible_for_legal_aid('case_1eac0df6_162704')
2025-08-07 16:29:35,142 - hybex_system.prolog_engine - ERROR - [Session:1eac0df6] Prolog query timeout (attempt 2): eligible_for_legal_aid('case_1eac0df6_162704')
2025-08-07 16:30:05,163 - hybex_system.prolog_engine - ERROR - [Session:1eac0df6] Prolog query timeout (attempt 3): eligible_for_legal_aid('case_1eac0df6_162704')
2025-08-07 16:30:05,263 - hybex_system.prolog_engine - WARNING - [Session:1eac0df6] SWI-Prolog exited with code 1 (attempt 1). Stderr: Warning: c:/users/omen19~1/appdata/local/temp/tmpua1zhiie.pl:122:
Warning:    Singleton variables: [Person]
Warning: c:/users/omen19~1/appdata/local/temp/tmpua1zhiie.pl:180:
Warning:    Singleton variables: [Person]
Warning: c:/users/omen19~1/appdata/local/temp/tmpua1zhiie.pl:184:
Warning:    Singleton variables: [Person]
Warning: c:/users/omen19~1/appdata/local/temp/tmpua1zhiie.pl:189:
Warning:    Singleton variables: [Person]
2025-08-07 16:30:05,263 - hybex_system.prolog_engine - WARNING - [Session:1eac0df6] Prolog query returned false/no or empty (attempt 1): primary_eligibility_reason('case_1eac0df6_162704', Reason). Output: . Stderr: Warning: c:/users/omen19~1/appdata/local/temp/tmpua1zhiie.pl:122:
Warning:    Singleton variables: [Person]
Warning: c:/users/omen19~1/appdata/local/temp/tmpua1zhiie.pl:180:
Warning:    Singleton variables: [Person]
Warning: c:/users/omen19~1/appdata/local/temp/tmpua1zhiie.pl:184:
Warning:    Singleton variables: [Person]
Warning: c:/users/omen19~1/appdata/local/temp/tmpua1zhiie.pl:189:
Warning:    Singleton variables: [Person]

2025-08-07 16:30:05,366 - hybex_system.prolog_engine - WARNING - [Session:1eac0df6] SWI-Prolog exited with code 1 (attempt 2). Stderr: Warning: c:/users/omen19~1/appdata/local/temp/tmpua1zhiie.pl:122:
Warning:    Singleton variables: [Person]
Warning: c:/users/omen19~1/appdata/local/temp/tmpua1zhiie.pl:180:
Warning:    Singleton variables: [Person]
Warning: c:/users/omen19~1/appdata/local/temp/tmpua1zhiie.pl:184:
Warning:    Singleton variables: [Person]
Warning: c:/users/omen19~1/appdata/local/temp/tmpua1zhiie.pl:189:
Warning:    Singleton variables: [Person]
2025-08-07 16:30:05,367 - hybex_system.prolog_engine - WARNING - [Session:1eac0df6] Prolog query returned false/no or empty (attempt 2): primary_eligibility_reason('case_1eac0df6_162704', Reason). Output: . Stderr: Warning: c:/users/omen19~1/appdata/local/temp/tmpua1zhiie.pl:122:
Warning:    Singleton variables: [Person]
Warning: c:/users/omen19~1/appdata/local/temp/tmpua1zhiie.pl:180:
Warning:    Singleton variables: [Person]
Warning: c:/users/omen19~1/appdata/local/temp/tmpua1zhiie.pl:184:
Warning:    Singleton variables: [Person]
Warning: c:/users/omen19~1/appdata/local/temp/tmpua1zhiie.pl:189:
Warning:    Singleton variables: [Person]

2025-08-07 16:30:05,461 - hybex_system.prolog_engine - WARNING - [Session:1eac0df6] SWI-Prolog exited with code 1 (attempt 3). Stderr: Warning: c:/users/omen19~1/appdata/local/temp/tmpua1zhiie.pl:122:
Warning:    Singleton variables: [Person]
Warning: c:/users/omen19~1/appdata/local/temp/tmpua1zhiie.pl:180:
Warning:    Singleton variables: [Person]
Warning: c:/users/omen19~1/appdata/local/temp/tmpua1zhiie.pl:184:
Warning:    Singleton variables: [Person]
Warning: c:/users/omen19~1/appdata/local/temp/tmpua1zhiie.pl:189:
Warning:    Singleton variables: [Person]
2025-08-07 16:30:05,462 - hybex_system.prolog_engine - WARNING - [Session:1eac0df6] Prolog query returned false/no or empty (attempt 3): primary_eligibility_reason('case_1eac0df6_162704', Reason). Output: . Stderr: Warning: c:/users/omen19~1/appdata/local/temp/tmpua1zhiie.pl:122:
Warning:    Singleton variables: [Person]
Warning: c:/users/omen19~1/appdata/local/temp/tmpua1zhiie.pl:180:
Warning:    Singleton variables: [Person]
Warning: c:/users/omen19~1/appdata/local/temp/tmpua1zhiie.pl:184:
Warning:    Singleton variables: [Person]
Warning: c:/users/omen19~1/appdata/local/temp/tmpua1zhiie.pl:189:
Warning:    Singleton variables: [Person]

2025-08-07 16:30:35,481 - hybex_system.prolog_engine - ERROR - [Session:1eac0df6] Prolog query timeout (attempt 1): generate_detailed_reasoning('case_1eac0df6_162704', DetailedReason)
2025-08-07 16:31:05,497 - hybex_system.prolog_engine - ERROR - [Session:1eac0df6] Prolog query timeout (attempt 2): generate_detailed_reasoning('case_1eac0df6_162704', DetailedReason)
2025-08-07 16:31:35,528 - hybex_system.prolog_engine - ERROR - [Session:1eac0df6] Prolog query timeout (attempt 3): generate_detailed_reasoning('case_1eac0df6_162704', DetailedReason)
2025-08-07 16:32:05,553 - hybex_system.prolog_engine - ERROR - [Session:1eac0df6] Prolog query timeout (attempt 1): findall(Rule, applicable_rule('case_1eac0df6_162704', Rule, legal_aid), Rules)
2025-08-07 16:32:35,573 - hybex_system.prolog_engine - ERROR - [Session:1eac0df6] Prolog query timeout (attempt 2): findall(Rule, applicable_rule('case_1eac0df6_162704', Rule, legal_aid), Rules)
2025-08-07 16:33:05,593 - hybex_system.prolog_engine - ERROR - [Session:1eac0df6] Prolog query timeout (attempt 3): findall(Rule, applicable_rule('case_1eac0df6_162704', Rule, legal_aid), Rules)
2025-08-07 16:33:05,594 - hybex_system.prolog_engine - INFO - [Session:1eac0df6] Comprehensive legal analysis complete for case_1eac0df6_162704: Eligible=False, Confidence=0.30
2025-08-07 16:33:05,596 - hybex_system.prolog_engine - INFO - [Session:1eac0df6] Cleaning up PrologEngine session 1eac0df6
2025-08-07 16:33:05,596 - hybex_system.prolog_engine - INFO - [Session:1eac0df6] PrologEngine cleanup completed
