2025-08-07 15:41:00,555 - hybex_system.prolog_engine - INFO - [Session:302476da] Added file handler to PrologEngine logger.
2025-08-07 15:41:00,555 - hybex_system.prolog_engine - INFO - [Session:302476da] ======================================================================
2025-08-07 15:41:00,555 - hybex_system.prolog_engine - INFO - [Session:302476da] Starting HybEx-Law Comprehensive Prolog Reasoning Engine
2025-08-07 15:41:00,555 - hybex_system.prolog_engine - INFO - [Session:302476da] Session ID: 302476da
2025-08-07 15:41:00,555 - hybex_system.prolog_engine - INFO - [Session:302476da] Configuration: {'config_source': 'verified_fallback', 'last_updated': None, 'validation_status': 'unvalidated', 'primary_act': 'Legal Services Authorities Act, 1987', 'income_thresholds': {'general': 500000, 'sc_st': 800000, 'obc': 600000, 'bpl': 0, 'ews': 800000}, 'real_data_available': False, 'sources_count': 0}
2025-08-07 15:41:00,555 - hybex_system.prolog_engine - INFO - [Session:302476da] ======================================================================
2025-08-07 15:41:00,555 - hybex_system.prolog_engine - INFO - [Session:302476da] Attempting to load rules from: d:\Code_stuff\NLP\multi_domain_legal\knowledge_base\multi_domain_rules.py
2025-08-07 15:41:00,555 - hybex_system.prolog_engine - INFO - [Session:302476da] Successfully loaded MULTI_DOMAIN_LEGAL_RULES from knowledge base.
2025-08-07 15:41:00,555 - hybex_system.prolog_engine - INFO - [Session:302476da] Fixed 2 Prolog syntax issues: 'not' -> '\+'
2025-08-07 15:41:00,555 - hybex_system.prolog_engine - INFO - [Session:302476da] Parsing comprehensive multi-domain legal rules from knowledge base.
2025-08-07 15:41:00,563 - hybex_system.prolog_engine - INFO - [Session:302476da] Initialized Comprehensive PrologEngine (Session: 302476da, Available: True)
2025-08-07 15:41:00,563 - hybex_system.prolog_engine - INFO - [Session:302476da] Loaded 9 rule categories with 162 total rules
2025-08-07 15:41:00,563 - hybex_system.prolog_engine - INFO - [Session:302476da] Comprehensive rules actually loaded: True
2025-08-07 15:41:00,563 - hybex_system.prolog_engine - INFO - [Session:302476da] Starting comprehensive legal analysis for case_302476da_154100
2025-08-07 15:41:00,563 - hybex_system.prolog_engine - INFO - [Session:302476da] Generated 7 comprehensive Prolog facts for case_302476da_154100
2025-08-07 15:41:00,568 - hybex_system.prolog_engine - INFO - [Session:302476da] Created comprehensive Prolog file: C:\Users\OMEN19~1\AppData\Local\Temp\tmpvanaaw7y.pl with 7 facts.
2025-08-07 15:41:00,589 - hybex_system.prolog_engine - INFO - [Session:302476da] DEBUG: Saved copy of Prolog file to debug_prolog_output.pl for analysis
2025-08-07 15:41:30,592 - hybex_system.prolog_engine - ERROR - [Session:302476da] Prolog query timeout (attempt 1): eligible_with_confidence('case_302476da_154100', Eligible, Confidence)
2025-08-07 15:42:00,603 - hybex_system.prolog_engine - ERROR - [Session:302476da] Prolog query timeout (attempt 2): eligible_with_confidence('case_302476da_154100', Eligible, Confidence)
2025-08-07 15:42:30,617 - hybex_system.prolog_engine - ERROR - [Session:302476da] Prolog query timeout (attempt 3): eligible_with_confidence('case_302476da_154100', Eligible, Confidence)
2025-08-07 15:42:30,618 - hybex_system.prolog_engine - WARNING - [Session:302476da] Failed to get confident eligibility from Prolog. Trying basic 'eligible_for_legal_aid'.
2025-08-07 15:43:00,637 - hybex_system.prolog_engine - ERROR - [Session:302476da] Prolog query timeout (attempt 1): eligible_for_legal_aid('case_302476da_154100')
2025-08-07 15:43:30,653 - hybex_system.prolog_engine - ERROR - [Session:302476da] Prolog query timeout (attempt 2): eligible_for_legal_aid('case_302476da_154100')
2025-08-07 15:44:00,665 - hybex_system.prolog_engine - ERROR - [Session:302476da] Prolog query timeout (attempt 3): eligible_for_legal_aid('case_302476da_154100')
2025-08-07 15:44:00,775 - hybex_system.prolog_engine - WARNING - [Session:302476da] SWI-Prolog exited with code 1 (attempt 1). Stderr: Warning: c:/users/omen19~1/appdata/local/temp/tmpvanaaw7y.pl:66:
Warning:    Singleton variables: [Spouse]
Warning: c:/users/omen19~1/appdata/local/temp/tmpvanaaw7y.pl:245:
Warning:    Singleton variables: [Person]
Warning: c:/users/omen19~1/appdata/local/temp/tmpvanaaw7y.pl:255:
Warning:    Singleton variables: [Date1,Date2]
Warning: c:/users/omen19~1/appdata/local/temp/tmpvanaaw7y.pl:343:
Warning:    Clauses of right_violation_occurred/2 are not together in the source-file
Warning:    Earlier definition at c:/users/omen19~1/appdata/local/temp/tmpvanaaw7y.pl:329
Warning:    Current predicate: prohibited_discrimination_ground/1
Warning:    Use :- discontiguous right_violation_occurred/2. to suppress this message
Warning: c:/users/omen19~1/appdata/local/temp/tmpvanaaw7y.pl:372:
Warning:    Clauses of wrongful_termination/1 are not together in the source-file
Warning:    Earlier definition at c:/users/omen19~1/appdata/local/temp/tmpvanaaw7y.pl:148
Warning:    Current predicate: public_interest_issue/1
Warning:    Use :- discontiguous wrongful_termination/1. to suppress this message
Warning: c:/users/omen19~1/appdata/local/temp/tmpvanaaw7y.pl:379:
Warning:    Clauses of improper_procedure/1 are not together in the source-file
Warning:    Earlier definition at c:/users/omen19~1/appdata/local/temp/tmpvanaaw7y.pl:155
Warning:    Current predicate: wrongful_termination/1
Warning:    Use :- discontiguous improper_procedure/1. to suppress this message
Warning: c:/users/omen19~1/appdata/local/temp/tmpvanaaw7y.pl:386:
Warning:    Clauses of sufficient_notice_period/2 are not together in the source-file
Warning:    Earlier definition at c:/users/omen19~1/appdata/local/temp/tmpvanaaw7y.pl:162
Warning:    Current predicate: improper_procedure/1
Warning:    Use :- discontiguous sufficient_notice_period/2. to suppress this message
Warning: c:/users/omen19~1/appdata/local/temp/tmpvanaaw7y.pl:394:
Warning:    Clauses of retrenchment_compensation/2 are not together in the source-file
Warning:    Earlier definition at c:/users/omen19~1/appdata/local/temp/tmpvanaaw7y.pl:170
Warning:    Current predicate: sufficient_notice_period/2
Warning:    Use :- discontiguous retrenchment_compensation/2. to suppress this message
Warning: c:/users/omen19~1/appdata/local/temp/tmpvanaaw7y.pl:400:
Warning:    Clauses of valid_harassment_complaint/1 are not together in the source-file
Warning:    Earlier definition at c:/users/omen19~1/appdata/local/temp/tmpvanaaw7y.pl:176
Warning:    Current predicate: retrenchment_compensation/2
Warning:    Use :- discontiguous valid_harassment_complaint/1. to suppress this message
Warning: c:/users/omen19~1/appdata/local/temp/tmpvanaaw7y.pl:404:
Warning:    Clauses of harassment_remedy_available/2 are not together in the source-file
Warning:    Earlier definition at c:/users/omen19~1/appdata/local/temp/tmpvanaaw7y.pl:180
Warning:    Current predicate: valid_harassment_complaint/1
Warning:    Use :- discontiguous harassment_remedy_available/2. to suppress this message
Warning: c:/users/omen19~1/appdata/local/temp/tmpvanaaw7y.pl:408:
Warning:    Clauses of harassment_remedy/1 are not together in the source-file
Warning:    Earlier definition at c:/users/omen19~1/appdata/local/temp/tmpvanaaw7y.pl:184
Warning:    Current predicate: harassment_remedy_available/2
Warning:    Use :- discontiguous harassment_remedy/1. to suppress this message
Warning: c:/users/omen19~1/appdata/local/temp/tmpvanaaw7y.pl:416:
Warning:    Clauses of minimum_wage_violation/1 are not together in the source-file
Warning:    Earlier definition at c:/users/omen19~1/appdata/local/temp/tmpvanaaw7y.pl:192
Warning:    Current predicate: harassment_remedy/1
Warning:    Use :- discontiguous minimum_wage_violation/1. to suppress this message
Warning: c:/users/omen19~1/appdata/local/temp/tmpvanaaw7y.pl:423:
Warning:    Clauses of minimum_wage_rate/2 are not together in the source-file
Warning:    Earlier definition at c:/users/omen19~1/appdata/local/temp/tmpvanaaw7y.pl:199
Warning:    Current predicate: minimum_wage_violation/1
Warning:    Use :- discontiguous minimum_wage_rate/2. to suppress this message
Warning: c:/users/omen19~1/appdata/local/temp/tmpvanaaw7y.pl:430:
Warning:    Clauses of overtime_payment_due/2 are not together in the source-file
Warning:    Earlier definition at c:/users/omen19~1/appdata/local/temp/tmpvanaaw7y.pl:206
Warning:    Current predicate: minimum_wage_rate/2
Warning:    Use :- discontiguous overtime_payment_due/2. to suppress this message
Warning: c:/users/omen19~1/appdata/local/temp/tmpvanaaw7y.pl:438:
Warning:    Clauses of overtime_hours/2 are not together in the source-file
Warning:    Earlier definition at c:/users/omen19~1/appdata/local/temp/tmpvanaaw7y.pl:214
Warning:    Current predicate: overtime_payment_due/2
Warning:    Use :- discontiguous overtime_hours/2. to suppress this message
Warning: c:/users/omen19~1/appdata/local/temp/tmpvanaaw7y.pl:443:
Warning:    Clauses of legal_aid_employment_case/1 are not together in the source-file
Warning:    Earlier definition at c:/users/omen19~1/appdata/local/temp/tmpvanaaw7y.pl:219
Warning:    Current predicate: overtime_hours/2
Warning:    Use :- discontiguous legal_aid_employment_case/1. to suppress this message
Warning: c:/users/omen19~1/appdata/local/temp/tmpvanaaw7y.pl:450:
Warning:    Clauses of legal_aid_family_case/1 are not together in the source-file
Warning:    Earlier definition at c:/users/omen19~1/appdata/local/temp/tmpvanaaw7y.pl:226
Warning:    Current predicate: legal_aid_employment_case/1
Warning:    Use :- discontiguous legal_aid_family_case/1. to suppress this message
Warning: c:/users/omen19~1/appdata/local/temp/tmpvanaaw7y.pl:457:
Warning:    Clauses of legal_aid_consumer_case/1 are not together in the source-file
Warning:    Earlier definition at c:/users/omen19~1/appdata/local/temp/tmpvanaaw7y.pl:233
Warning:    Current predicate: legal_aid_family_case/1
Warning:    Use :- discontiguous legal_aid_consumer_case/1. to suppress this message
Warning: c:/users/omen19~1/appdata/local/temp/tmpvanaaw7y.pl:463:
Warning:    Clauses of constitutional_employment_remedy/1 are not together in the source-file
Warning:    Earlier definition at c:/users/omen19~1/appdata/local/temp/tmpvanaaw7y.pl:239
Warning:    Current predicate: legal_aid_consumer_case/1
Warning:    Use :- discontiguous constitutional_employment_remedy/1. to suppress this message
Warning: c:/users/omen19~1/appdata/local/temp/tmpvanaaw7y.pl:469:
Warning:    Singleton variables: [Person]
Warning: c:/users/omen19~1/appdata/local/temp/tmpvanaaw7y.pl:469:
Warning:    Clauses of employment_pil_standing/2 are not together in the source-file
Warning:    Earlier definition at c:/users/omen19~1/appdata/local/temp/tmpvanaaw7y.pl:245
Warning:    Current predicate: constitutional_employment_remedy/1
Warning:    Use :- discontiguous employment_pil_standing/2. to suppress this message
Warning: c:/users/omen19~1/appdata/local/temp/tmpvanaaw7y.pl:473:
Warning:    Clauses of employment_related_issue/1 are not together in the source-file
Warning:    Earlier definition at c:/users/omen19~1/appdata/local/temp/tmpvanaaw7y.pl:249
Warning:    Current predicate: employment_pil_standing/2
Warning:    Use :- discontiguous employment_related_issue/1. to suppress this message
Warning: c:/users/omen19~1/appdata/local/temp/tmpvanaaw7y.pl:479:
Warning:    Singleton variables: [Date1,Date2]
Warning: c:/users/omen19~1/appdata/local/temp/tmpvanaaw7y.pl:479:
Warning:    Clauses of days_between/3 are not together in the source-file
Warning:    Earlier definition at c:/users/omen19~1/appdata/local/temp/tmpvanaaw7y.pl:255
Warning:    Current predicate: employment_related_issue/1
Warning:    Use :- discontiguous days_between/3. to suppress this message
Warning: c:/users/omen19~1/appdata/local/temp/tmpvanaaw7y.pl:483:
Warning:    Clauses of appeal_court/2 are not together in the source-file
Warning:    Earlier definition at c:/users/omen19~1/appdata/local/temp/tmpvanaaw7y.pl:259
Warning:    Current predicate: days_between/3
Warning:    Use :- discontiguous appeal_court/2. to suppress this message
Warning: c:/users/omen19~1/appdata/local/temp/tmpvanaaw7y.pl:491:
Warning:    Clauses of legal_costs_estimate/3 are not together in the source-file
Warning:    Earlier definition at c:/users/omen19~1/appdata/local/temp/tmpvanaaw7y.pl:267
Warning:    Current predicate: appeal_court/2
Warning:    Use :- discontiguous legal_costs_estimate/3. to suppress this message
Warning: c:/users/omen19~1/appdata/local/temp/tmpvanaaw7y.pl:496:
Warning:    Clauses of base_court_fee/2 are not together in the source-file
Warning:    Earlier definition at c:/users/omen19~1/appdata/local/temp/tmpvanaaw7y.pl:272
Warning:    Current predicate: legal_costs_estimate/3
Warning:    Use :- discontiguous base_court_fee/2. to suppress this message
Warning: c:/users/omen19~1/appdata/local/temp/tmpvanaaw7y.pl:504:
Warning:    Clauses of lawyer_fee_estimate/2 are not together in the source-file
Warning:    Earlier definition at c:/users/omen19~1/appdata/local/temp/tmpvanaaw7y.pl:280
Warning:    Current predicate: base_court_fee/2
Warning:    Use :- discontiguous lawyer_fee_estimate/2. to suppress this message
Warning: c:/users/omen19~1/appdata/local/temp/tmpvanaaw7y.pl:513:
Warning:    Clauses of required_documents/2 are not together in the source-file
Warning:    Earlier definition at c:/users/omen19~1/appdata/local/temp/tmpvanaaw7y.pl:289
Warning:    Current predicate: lawyer_fee_estimate/2
Warning:    Use :- discontiguous required_documents/2. to suppress this message
Warning: c:/users/omen19~1/appdata/local/temp/tmpvanaaw7y.pl:523:
Warning:    Clauses of case_timeline_estimate/2 are not together in the source-file
Warning:    Earlier definition at c:/users/omen19~1/appdata/local/temp/tmpvanaaw7y.pl:299
Warning:    Current predicate: required_documents/2
Warning:    Use :- discontiguous case_timeline_estimate/2. to suppress this message
Warning: c:/users/omen19~1/appdata/local/temp/tmpvanaaw7y.pl:596:
Warning:    Singleton variables: [Person]
Warning: c:/users/omen19~1/appdata/local/temp/tmpvanaaw7y.pl:678:
Warning:    Singleton variables: [Person]
Warning: c:/users/omen19~1/appdata/local/temp/tmpvanaaw7y.pl:682:
Warning:    Singleton variables: [Person]
Warning: c:/users/omen19~1/appdata/local/temp/tmpvanaaw7y.pl:687:
Warning:    Singleton variables: [Person]
2025-08-07 15:44:00,776 - hybex_system.prolog_engine - WARNING - [Session:302476da] Prolog query returned false/no or empty (attempt 1): primary_eligibility_reason('case_302476da_154100', Reason). Output: . Stderr: Warning: c:/users/omen19~1/appdata/local/temp/tmpvanaaw7y.pl:66:
Warning:    Singleton variables: [Spouse]
Warning: c:/users/omen19~1/appdata/local/temp/tmpvanaaw7y.pl:245:
Warning:    Singleton variables: [Person]
Warning: c:/users/omen19~1/appdata/local/temp/tmpvanaaw7y.pl:255:
Warning:    Singleton variables: [Date1,Date2]
Warning: c:/users/omen19~1/appdata/local/temp/tmpvanaaw7y.pl:343:
Warning:    Clauses of right_violation_occurred/2 are not together in the source-file
Warning:    Earlier definition at c:/users/omen19~1/appdata/local/temp/tmpvanaaw7y.pl:329
Warning:    Current predicate: prohibited_discrimination_ground/1
Warning:    Use :- discontiguous right_violation_occurred/2. to suppress this message
Warning: c:/users/omen19~1/appdata/local/temp/tmpvanaaw7y.pl:372:
Warning:    Clauses of wrongful_termination/1 are not together in the source-file
Warning:    Earlier definition at c:/users/omen19~1/appdata/local/temp/tmpvanaaw7y.pl:148
Warning:    Current predicate: public_interest_issue/1
Warning:    Use :- discontiguous wrongful_termination/1. to suppress this message
Warning: c:/users/omen19~1/appdata/local/temp/tmpvanaaw7y.pl:379:
Warning:    Clauses of improper_procedure/1 are not together in the source-file
Warning:    Earlier definition at c:/users/omen19~1/appdata/local/temp/tmpvanaaw7y.pl:155
Warning:    Current predicate: wrongful_termination/1
Warning:    Use :- discontiguous improper_procedure/1. to suppress this message
Warning: c:/users/omen19~1/appdata/local/temp/tmpvanaaw7y.pl:386:
Warning:    Clauses of sufficient_notice_period/2 are not together in the source-file
Warning:    Earlier definition at c:/users/omen19~1/appdata/local/temp/tmpvanaaw7y.pl:162
Warning:    Current predicate: improper_procedure/1
Warning:    Use :- discontiguous sufficient_notice_period/2. to suppress this message
Warning: c:/users/omen19~1/appdata/local/temp/tmpvanaaw7y.pl:394:
Warning:    Clauses of retrenchment_compensation/2 are not together in the source-file
Warning:    Earlier definition at c:/users/omen19~1/appdata/local/temp/tmpvanaaw7y.pl:170
Warning:    Current predicate: sufficient_notice_period/2
Warning:    Use :- discontiguous retrenchment_compensation/2. to suppress this message
Warning: c:/users/omen19~1/appdata/local/temp/tmpvanaaw7y.pl:400:
Warning:    Clauses of valid_harassment_complaint/1 are not together in the source-file
Warning:    Earlier definition at c:/users/omen19~1/appdata/local/temp/tmpvanaaw7y.pl:176
Warning:    Current predicate: retrenchment_compensation/2
Warning:    Use :- discontiguous valid_harassment_complaint/1. to suppress this message
Warning: c:/users/omen19~1/appdata/local/temp/tmpvanaaw7y.pl:404:
Warning:    Clauses of harassment_remedy_available/2 are not together in the source-file
Warning:    Earlier definition at c:/users/omen19~1/appdata/local/temp/tmpvanaaw7y.pl:180
Warning:    Current predicate: valid_harassment_complaint/1
Warning:    Use :- discontiguous harassment_remedy_available/2. to suppress this message
Warning: c:/users/omen19~1/appdata/local/temp/tmpvanaaw7y.pl:408:
Warning:    Clauses of harassment_remedy/1 are not together in the source-file
Warning:    Earlier definition at c:/users/omen19~1/appdata/local/temp/tmpvanaaw7y.pl:184
Warning:    Current predicate: harassment_remedy_available/2
Warning:    Use :- discontiguous harassment_remedy/1. to suppress this message
Warning: c:/users/omen19~1/appdata/local/temp/tmpvanaaw7y.pl:416:
Warning:    Clauses of minimum_wage_violation/1 are not together in the source-file
Warning:    Earlier definition at c:/users/omen19~1/appdata/local/temp/tmpvanaaw7y.pl:192
Warning:    Current predicate: harassment_remedy/1
Warning:    Use :- discontiguous minimum_wage_violation/1. to suppress this message
Warning: c:/users/omen19~1/appdata/local/temp/tmpvanaaw7y.pl:423:
Warning:    Clauses of minimum_wage_rate/2 are not together in the source-file
Warning:    Earlier definition at c:/users/omen19~1/appdata/local/temp/tmpvanaaw7y.pl:199
Warning:    Current predicate: minimum_wage_violation/1
Warning:    Use :- discontiguous minimum_wage_rate/2. to suppress this message
Warning: c:/users/omen19~1/appdata/local/temp/tmpvanaaw7y.pl:430:
Warning:    Clauses of overtime_payment_due/2 are not together in the source-file
Warning:    Earlier definition at c:/users/omen19~1/appdata/local/temp/tmpvanaaw7y.pl:206
Warning:    Current predicate: minimum_wage_rate/2
Warning:    Use :- discontiguous overtime_payment_due/2. to suppress this message
Warning: c:/users/omen19~1/appdata/local/temp/tmpvanaaw7y.pl:438:
Warning:    Clauses of overtime_hours/2 are not together in the source-file
Warning:    Earlier definition at c:/users/omen19~1/appdata/local/temp/tmpvanaaw7y.pl:214
Warning:    Current predicate: overtime_payment_due/2
Warning:    Use :- discontiguous overtime_hours/2. to suppress this message
Warning: c:/users/omen19~1/appdata/local/temp/tmpvanaaw7y.pl:443:
Warning:    Clauses of legal_aid_employment_case/1 are not together in the source-file
Warning:    Earlier definition at c:/users/omen19~1/appdata/local/temp/tmpvanaaw7y.pl:219
Warning:    Current predicate: overtime_hours/2
Warning:    Use :- discontiguous legal_aid_employment_case/1. to suppress this message
Warning: c:/users/omen19~1/appdata/local/temp/tmpvanaaw7y.pl:450:
Warning:    Clauses of legal_aid_family_case/1 are not together in the source-file
Warning:    Earlier definition at c:/users/omen19~1/appdata/local/temp/tmpvanaaw7y.pl:226
Warning:    Current predicate: legal_aid_employment_case/1
Warning:    Use :- discontiguous legal_aid_family_case/1. to suppress this message
Warning: c:/users/omen19~1/appdata/local/temp/tmpvanaaw7y.pl:457:
Warning:    Clauses of legal_aid_consumer_case/1 are not together in the source-file
Warning:    Earlier definition at c:/users/omen19~1/appdata/local/temp/tmpvanaaw7y.pl:233
Warning:    Current predicate: legal_aid_family_case/1
Warning:    Use :- discontiguous legal_aid_consumer_case/1. to suppress this message
Warning: c:/users/omen19~1/appdata/local/temp/tmpvanaaw7y.pl:463:
Warning:    Clauses of constitutional_employment_remedy/1 are not together in the source-file
Warning:    Earlier definition at c:/users/omen19~1/appdata/local/temp/tmpvanaaw7y.pl:239
Warning:    Current predicate: legal_aid_consumer_case/1
Warning:    Use :- discontiguous constitutional_employment_remedy/1. to suppress this message
Warning: c:/users/omen19~1/appdata/local/temp/tmpvanaaw7y.pl:469:
Warning:    Singleton variables: [Person]
Warning: c:/users/omen19~1/appdata/local/temp/tmpvanaaw7y.pl:469:
Warning:    Clauses of employment_pil_standing/2 are not together in the source-file
Warning:    Earlier definition at c:/users/omen19~1/appdata/local/temp/tmpvanaaw7y.pl:245
Warning:    Current predicate: constitutional_employment_remedy/1
Warning:    Use :- discontiguous employment_pil_standing/2. to suppress this message
Warning: c:/users/omen19~1/appdata/local/temp/tmpvanaaw7y.pl:473:
Warning:    Clauses of employment_related_issue/1 are not together in the source-file
Warning:    Earlier definition at c:/users/omen19~1/appdata/local/temp/tmpvanaaw7y.pl:249
Warning:    Current predicate: employment_pil_standing/2
Warning:    Use :- discontiguous employment_related_issue/1. to suppress this message
Warning: c:/users/omen19~1/appdata/local/temp/tmpvanaaw7y.pl:479:
Warning:    Singleton variables: [Date1,Date2]
Warning: c:/users/omen19~1/appdata/local/temp/tmpvanaaw7y.pl:479:
Warning:    Clauses of days_between/3 are not together in the source-file
Warning:    Earlier definition at c:/users/omen19~1/appdata/local/temp/tmpvanaaw7y.pl:255
Warning:    Current predicate: employment_related_issue/1
Warning:    Use :- discontiguous days_between/3. to suppress this message
Warning: c:/users/omen19~1/appdata/local/temp/tmpvanaaw7y.pl:483:
Warning:    Clauses of appeal_court/2 are not together in the source-file
Warning:    Earlier definition at c:/users/omen19~1/appdata/local/temp/tmpvanaaw7y.pl:259
Warning:    Current predicate: days_between/3
Warning:    Use :- discontiguous appeal_court/2. to suppress this message
Warning: c:/users/omen19~1/appdata/local/temp/tmpvanaaw7y.pl:491:
Warning:    Clauses of legal_costs_estimate/3 are not together in the source-file
Warning:    Earlier definition at c:/users/omen19~1/appdata/local/temp/tmpvanaaw7y.pl:267
Warning:    Current predicate: appeal_court/2
Warning:    Use :- discontiguous legal_costs_estimate/3. to suppress this message
Warning: c:/users/omen19~1/appdata/local/temp/tmpvanaaw7y.pl:496:
Warning:    Clauses of base_court_fee/2 are not together in the source-file
Warning:    Earlier definition at c:/users/omen19~1/appdata/local/temp/tmpvanaaw7y.pl:272
Warning:    Current predicate: legal_costs_estimate/3
Warning:    Use :- discontiguous base_court_fee/2. to suppress this message
Warning: c:/users/omen19~1/appdata/local/temp/tmpvanaaw7y.pl:504:
Warning:    Clauses of lawyer_fee_estimate/2 are not together in the source-file
Warning:    Earlier definition at c:/users/omen19~1/appdata/local/temp/tmpvanaaw7y.pl:280
Warning:    Current predicate: base_court_fee/2
Warning:    Use :- discontiguous lawyer_fee_estimate/2. to suppress this message
Warning: c:/users/omen19~1/appdata/local/temp/tmpvanaaw7y.pl:513:
Warning:    Clauses of required_documents/2 are not together in the source-file
Warning:    Earlier definition at c:/users/omen19~1/appdata/local/temp/tmpvanaaw7y.pl:289
Warning:    Current predicate: lawyer_fee_estimate/2
Warning:    Use :- discontiguous required_documents/2. to suppress this message
Warning: c:/users/omen19~1/appdata/local/temp/tmpvanaaw7y.pl:523:
Warning:    Clauses of case_timeline_estimate/2 are not together in the source-file
Warning:    Earlier definition at c:/users/omen19~1/appdata/local/temp/tmpvanaaw7y.pl:299
Warning:    Current predicate: required_documents/2
Warning:    Use :- discontiguous case_timeline_estimate/2. to suppress this message
Warning: c:/users/omen19~1/appdata/local/temp/tmpvanaaw7y.pl:596:
Warning:    Singleton variables: [Person]
Warning: c:/users/omen19~1/appdata/local/temp/tmpvanaaw7y.pl:678:
Warning:    Singleton variables: [Person]
Warning: c:/users/omen19~1/appdata/local/temp/tmpvanaaw7y.pl:682:
Warning:    Singleton variables: [Person]
Warning: c:/users/omen19~1/appdata/local/temp/tmpvanaaw7y.pl:687:
Warning:    Singleton variables: [Person]

2025-08-07 15:44:00,899 - hybex_system.prolog_engine - WARNING - [Session:302476da] SWI-Prolog exited with code 1 (attempt 2). Stderr: Warning: c:/users/omen19~1/appdata/local/temp/tmpvanaaw7y.pl:66:
Warning:    Singleton variables: [Spouse]
Warning: c:/users/omen19~1/appdata/local/temp/tmpvanaaw7y.pl:245:
Warning:    Singleton variables: [Person]
Warning: c:/users/omen19~1/appdata/local/temp/tmpvanaaw7y.pl:255:
Warning:    Singleton variables: [Date1,Date2]
Warning: c:/users/omen19~1/appdata/local/temp/tmpvanaaw7y.pl:343:
Warning:    Clauses of right_violation_occurred/2 are not together in the source-file
Warning:    Earlier definition at c:/users/omen19~1/appdata/local/temp/tmpvanaaw7y.pl:329
Warning:    Current predicate: prohibited_discrimination_ground/1
Warning:    Use :- discontiguous right_violation_occurred/2. to suppress this message
Warning: c:/users/omen19~1/appdata/local/temp/tmpvanaaw7y.pl:372:
Warning:    Clauses of wrongful_termination/1 are not together in the source-file
Warning:    Earlier definition at c:/users/omen19~1/appdata/local/temp/tmpvanaaw7y.pl:148
Warning:    Current predicate: public_interest_issue/1
Warning:    Use :- discontiguous wrongful_termination/1. to suppress this message
Warning: c:/users/omen19~1/appdata/local/temp/tmpvanaaw7y.pl:379:
Warning:    Clauses of improper_procedure/1 are not together in the source-file
Warning:    Earlier definition at c:/users/omen19~1/appdata/local/temp/tmpvanaaw7y.pl:155
Warning:    Current predicate: wrongful_termination/1
Warning:    Use :- discontiguous improper_procedure/1. to suppress this message
Warning: c:/users/omen19~1/appdata/local/temp/tmpvanaaw7y.pl:386:
Warning:    Clauses of sufficient_notice_period/2 are not together in the source-file
Warning:    Earlier definition at c:/users/omen19~1/appdata/local/temp/tmpvanaaw7y.pl:162
Warning:    Current predicate: improper_procedure/1
Warning:    Use :- discontiguous sufficient_notice_period/2. to suppress this message
Warning: c:/users/omen19~1/appdata/local/temp/tmpvanaaw7y.pl:394:
Warning:    Clauses of retrenchment_compensation/2 are not together in the source-file
Warning:    Earlier definition at c:/users/omen19~1/appdata/local/temp/tmpvanaaw7y.pl:170
Warning:    Current predicate: sufficient_notice_period/2
Warning:    Use :- discontiguous retrenchment_compensation/2. to suppress this message
Warning: c:/users/omen19~1/appdata/local/temp/tmpvanaaw7y.pl:400:
Warning:    Clauses of valid_harassment_complaint/1 are not together in the source-file
Warning:    Earlier definition at c:/users/omen19~1/appdata/local/temp/tmpvanaaw7y.pl:176
Warning:    Current predicate: retrenchment_compensation/2
Warning:    Use :- discontiguous valid_harassment_complaint/1. to suppress this message
Warning: c:/users/omen19~1/appdata/local/temp/tmpvanaaw7y.pl:404:
Warning:    Clauses of harassment_remedy_available/2 are not together in the source-file
Warning:    Earlier definition at c:/users/omen19~1/appdata/local/temp/tmpvanaaw7y.pl:180
Warning:    Current predicate: valid_harassment_complaint/1
Warning:    Use :- discontiguous harassment_remedy_available/2. to suppress this message
Warning: c:/users/omen19~1/appdata/local/temp/tmpvanaaw7y.pl:408:
Warning:    Clauses of harassment_remedy/1 are not together in the source-file
Warning:    Earlier definition at c:/users/omen19~1/appdata/local/temp/tmpvanaaw7y.pl:184
Warning:    Current predicate: harassment_remedy_available/2
Warning:    Use :- discontiguous harassment_remedy/1. to suppress this message
Warning: c:/users/omen19~1/appdata/local/temp/tmpvanaaw7y.pl:416:
Warning:    Clauses of minimum_wage_violation/1 are not together in the source-file
Warning:    Earlier definition at c:/users/omen19~1/appdata/local/temp/tmpvanaaw7y.pl:192
Warning:    Current predicate: harassment_remedy/1
Warning:    Use :- discontiguous minimum_wage_violation/1. to suppress this message
Warning: c:/users/omen19~1/appdata/local/temp/tmpvanaaw7y.pl:423:
Warning:    Clauses of minimum_wage_rate/2 are not together in the source-file
Warning:    Earlier definition at c:/users/omen19~1/appdata/local/temp/tmpvanaaw7y.pl:199
Warning:    Current predicate: minimum_wage_violation/1
Warning:    Use :- discontiguous minimum_wage_rate/2. to suppress this message
Warning: c:/users/omen19~1/appdata/local/temp/tmpvanaaw7y.pl:430:
Warning:    Clauses of overtime_payment_due/2 are not together in the source-file
Warning:    Earlier definition at c:/users/omen19~1/appdata/local/temp/tmpvanaaw7y.pl:206
Warning:    Current predicate: minimum_wage_rate/2
Warning:    Use :- discontiguous overtime_payment_due/2. to suppress this message
Warning: c:/users/omen19~1/appdata/local/temp/tmpvanaaw7y.pl:438:
Warning:    Clauses of overtime_hours/2 are not together in the source-file
Warning:    Earlier definition at c:/users/omen19~1/appdata/local/temp/tmpvanaaw7y.pl:214
Warning:    Current predicate: overtime_payment_due/2
Warning:    Use :- discontiguous overtime_hours/2. to suppress this message
Warning: c:/users/omen19~1/appdata/local/temp/tmpvanaaw7y.pl:443:
Warning:    Clauses of legal_aid_employment_case/1 are not together in the source-file
Warning:    Earlier definition at c:/users/omen19~1/appdata/local/temp/tmpvanaaw7y.pl:219
Warning:    Current predicate: overtime_hours/2
Warning:    Use :- discontiguous legal_aid_employment_case/1. to suppress this message
Warning: c:/users/omen19~1/appdata/local/temp/tmpvanaaw7y.pl:450:
Warning:    Clauses of legal_aid_family_case/1 are not together in the source-file
Warning:    Earlier definition at c:/users/omen19~1/appdata/local/temp/tmpvanaaw7y.pl:226
Warning:    Current predicate: legal_aid_employment_case/1
Warning:    Use :- discontiguous legal_aid_family_case/1. to suppress this message
Warning: c:/users/omen19~1/appdata/local/temp/tmpvanaaw7y.pl:457:
Warning:    Clauses of legal_aid_consumer_case/1 are not together in the source-file
Warning:    Earlier definition at c:/users/omen19~1/appdata/local/temp/tmpvanaaw7y.pl:233
Warning:    Current predicate: legal_aid_family_case/1
Warning:    Use :- discontiguous legal_aid_consumer_case/1. to suppress this message
Warning: c:/users/omen19~1/appdata/local/temp/tmpvanaaw7y.pl:463:
Warning:    Clauses of constitutional_employment_remedy/1 are not together in the source-file
Warning:    Earlier definition at c:/users/omen19~1/appdata/local/temp/tmpvanaaw7y.pl:239
Warning:    Current predicate: legal_aid_consumer_case/1
Warning:    Use :- discontiguous constitutional_employment_remedy/1. to suppress this message
Warning: c:/users/omen19~1/appdata/local/temp/tmpvanaaw7y.pl:469:
Warning:    Singleton variables: [Person]
Warning: c:/users/omen19~1/appdata/local/temp/tmpvanaaw7y.pl:469:
Warning:    Clauses of employment_pil_standing/2 are not together in the source-file
Warning:    Earlier definition at c:/users/omen19~1/appdata/local/temp/tmpvanaaw7y.pl:245
Warning:    Current predicate: constitutional_employment_remedy/1
Warning:    Use :- discontiguous employment_pil_standing/2. to suppress this message
Warning: c:/users/omen19~1/appdata/local/temp/tmpvanaaw7y.pl:473:
Warning:    Clauses of employment_related_issue/1 are not together in the source-file
Warning:    Earlier definition at c:/users/omen19~1/appdata/local/temp/tmpvanaaw7y.pl:249
Warning:    Current predicate: employment_pil_standing/2
Warning:    Use :- discontiguous employment_related_issue/1. to suppress this message
Warning: c:/users/omen19~1/appdata/local/temp/tmpvanaaw7y.pl:479:
Warning:    Singleton variables: [Date1,Date2]
Warning: c:/users/omen19~1/appdata/local/temp/tmpvanaaw7y.pl:479:
Warning:    Clauses of days_between/3 are not together in the source-file
Warning:    Earlier definition at c:/users/omen19~1/appdata/local/temp/tmpvanaaw7y.pl:255
Warning:    Current predicate: employment_related_issue/1
Warning:    Use :- discontiguous days_between/3. to suppress this message
Warning: c:/users/omen19~1/appdata/local/temp/tmpvanaaw7y.pl:483:
Warning:    Clauses of appeal_court/2 are not together in the source-file
Warning:    Earlier definition at c:/users/omen19~1/appdata/local/temp/tmpvanaaw7y.pl:259
Warning:    Current predicate: days_between/3
Warning:    Use :- discontiguous appeal_court/2. to suppress this message
Warning: c:/users/omen19~1/appdata/local/temp/tmpvanaaw7y.pl:491:
Warning:    Clauses of legal_costs_estimate/3 are not together in the source-file
Warning:    Earlier definition at c:/users/omen19~1/appdata/local/temp/tmpvanaaw7y.pl:267
Warning:    Current predicate: appeal_court/2
Warning:    Use :- discontiguous legal_costs_estimate/3. to suppress this message
Warning: c:/users/omen19~1/appdata/local/temp/tmpvanaaw7y.pl:496:
Warning:    Clauses of base_court_fee/2 are not together in the source-file
Warning:    Earlier definition at c:/users/omen19~1/appdata/local/temp/tmpvanaaw7y.pl:272
Warning:    Current predicate: legal_costs_estimate/3
Warning:    Use :- discontiguous base_court_fee/2. to suppress this message
Warning: c:/users/omen19~1/appdata/local/temp/tmpvanaaw7y.pl:504:
Warning:    Clauses of lawyer_fee_estimate/2 are not together in the source-file
Warning:    Earlier definition at c:/users/omen19~1/appdata/local/temp/tmpvanaaw7y.pl:280
Warning:    Current predicate: base_court_fee/2
Warning:    Use :- discontiguous lawyer_fee_estimate/2. to suppress this message
Warning: c:/users/omen19~1/appdata/local/temp/tmpvanaaw7y.pl:513:
Warning:    Clauses of required_documents/2 are not together in the source-file
Warning:    Earlier definition at c:/users/omen19~1/appdata/local/temp/tmpvanaaw7y.pl:289
Warning:    Current predicate: lawyer_fee_estimate/2
Warning:    Use :- discontiguous required_documents/2. to suppress this message
Warning: c:/users/omen19~1/appdata/local/temp/tmpvanaaw7y.pl:523:
Warning:    Clauses of case_timeline_estimate/2 are not together in the source-file
Warning:    Earlier definition at c:/users/omen19~1/appdata/local/temp/tmpvanaaw7y.pl:299
Warning:    Current predicate: required_documents/2
Warning:    Use :- discontiguous case_timeline_estimate/2. to suppress this message
Warning: c:/users/omen19~1/appdata/local/temp/tmpvanaaw7y.pl:596:
Warning:    Singleton variables: [Person]
Warning: c:/users/omen19~1/appdata/local/temp/tmpvanaaw7y.pl:678:
Warning:    Singleton variables: [Person]
Warning: c:/users/omen19~1/appdata/local/temp/tmpvanaaw7y.pl:682:
Warning:    Singleton variables: [Person]
Warning: c:/users/omen19~1/appdata/local/temp/tmpvanaaw7y.pl:687:
Warning:    Singleton variables: [Person]
2025-08-07 15:44:00,900 - hybex_system.prolog_engine - WARNING - [Session:302476da] Prolog query returned false/no or empty (attempt 2): primary_eligibility_reason('case_302476da_154100', Reason). Output: . Stderr: Warning: c:/users/omen19~1/appdata/local/temp/tmpvanaaw7y.pl:66:
Warning:    Singleton variables: [Spouse]
Warning: c:/users/omen19~1/appdata/local/temp/tmpvanaaw7y.pl:245:
Warning:    Singleton variables: [Person]
Warning: c:/users/omen19~1/appdata/local/temp/tmpvanaaw7y.pl:255:
Warning:    Singleton variables: [Date1,Date2]
Warning: c:/users/omen19~1/appdata/local/temp/tmpvanaaw7y.pl:343:
Warning:    Clauses of right_violation_occurred/2 are not together in the source-file
Warning:    Earlier definition at c:/users/omen19~1/appdata/local/temp/tmpvanaaw7y.pl:329
Warning:    Current predicate: prohibited_discrimination_ground/1
Warning:    Use :- discontiguous right_violation_occurred/2. to suppress this message
Warning: c:/users/omen19~1/appdata/local/temp/tmpvanaaw7y.pl:372:
Warning:    Clauses of wrongful_termination/1 are not together in the source-file
Warning:    Earlier definition at c:/users/omen19~1/appdata/local/temp/tmpvanaaw7y.pl:148
Warning:    Current predicate: public_interest_issue/1
Warning:    Use :- discontiguous wrongful_termination/1. to suppress this message
Warning: c:/users/omen19~1/appdata/local/temp/tmpvanaaw7y.pl:379:
Warning:    Clauses of improper_procedure/1 are not together in the source-file
Warning:    Earlier definition at c:/users/omen19~1/appdata/local/temp/tmpvanaaw7y.pl:155
Warning:    Current predicate: wrongful_termination/1
Warning:    Use :- discontiguous improper_procedure/1. to suppress this message
Warning: c:/users/omen19~1/appdata/local/temp/tmpvanaaw7y.pl:386:
Warning:    Clauses of sufficient_notice_period/2 are not together in the source-file
Warning:    Earlier definition at c:/users/omen19~1/appdata/local/temp/tmpvanaaw7y.pl:162
Warning:    Current predicate: improper_procedure/1
Warning:    Use :- discontiguous sufficient_notice_period/2. to suppress this message
Warning: c:/users/omen19~1/appdata/local/temp/tmpvanaaw7y.pl:394:
Warning:    Clauses of retrenchment_compensation/2 are not together in the source-file
Warning:    Earlier definition at c:/users/omen19~1/appdata/local/temp/tmpvanaaw7y.pl:170
Warning:    Current predicate: sufficient_notice_period/2
Warning:    Use :- discontiguous retrenchment_compensation/2. to suppress this message
Warning: c:/users/omen19~1/appdata/local/temp/tmpvanaaw7y.pl:400:
Warning:    Clauses of valid_harassment_complaint/1 are not together in the source-file
Warning:    Earlier definition at c:/users/omen19~1/appdata/local/temp/tmpvanaaw7y.pl:176
Warning:    Current predicate: retrenchment_compensation/2
Warning:    Use :- discontiguous valid_harassment_complaint/1. to suppress this message
Warning: c:/users/omen19~1/appdata/local/temp/tmpvanaaw7y.pl:404:
Warning:    Clauses of harassment_remedy_available/2 are not together in the source-file
Warning:    Earlier definition at c:/users/omen19~1/appdata/local/temp/tmpvanaaw7y.pl:180
Warning:    Current predicate: valid_harassment_complaint/1
Warning:    Use :- discontiguous harassment_remedy_available/2. to suppress this message
Warning: c:/users/omen19~1/appdata/local/temp/tmpvanaaw7y.pl:408:
Warning:    Clauses of harassment_remedy/1 are not together in the source-file
Warning:    Earlier definition at c:/users/omen19~1/appdata/local/temp/tmpvanaaw7y.pl:184
Warning:    Current predicate: harassment_remedy_available/2
Warning:    Use :- discontiguous harassment_remedy/1. to suppress this message
Warning: c:/users/omen19~1/appdata/local/temp/tmpvanaaw7y.pl:416:
Warning:    Clauses of minimum_wage_violation/1 are not together in the source-file
Warning:    Earlier definition at c:/users/omen19~1/appdata/local/temp/tmpvanaaw7y.pl:192
Warning:    Current predicate: harassment_remedy/1
Warning:    Use :- discontiguous minimum_wage_violation/1. to suppress this message
Warning: c:/users/omen19~1/appdata/local/temp/tmpvanaaw7y.pl:423:
Warning:    Clauses of minimum_wage_rate/2 are not together in the source-file
Warning:    Earlier definition at c:/users/omen19~1/appdata/local/temp/tmpvanaaw7y.pl:199
Warning:    Current predicate: minimum_wage_violation/1
Warning:    Use :- discontiguous minimum_wage_rate/2. to suppress this message
Warning: c:/users/omen19~1/appdata/local/temp/tmpvanaaw7y.pl:430:
Warning:    Clauses of overtime_payment_due/2 are not together in the source-file
Warning:    Earlier definition at c:/users/omen19~1/appdata/local/temp/tmpvanaaw7y.pl:206
Warning:    Current predicate: minimum_wage_rate/2
Warning:    Use :- discontiguous overtime_payment_due/2. to suppress this message
Warning: c:/users/omen19~1/appdata/local/temp/tmpvanaaw7y.pl:438:
Warning:    Clauses of overtime_hours/2 are not together in the source-file
Warning:    Earlier definition at c:/users/omen19~1/appdata/local/temp/tmpvanaaw7y.pl:214
Warning:    Current predicate: overtime_payment_due/2
Warning:    Use :- discontiguous overtime_hours/2. to suppress this message
Warning: c:/users/omen19~1/appdata/local/temp/tmpvanaaw7y.pl:443:
Warning:    Clauses of legal_aid_employment_case/1 are not together in the source-file
Warning:    Earlier definition at c:/users/omen19~1/appdata/local/temp/tmpvanaaw7y.pl:219
Warning:    Current predicate: overtime_hours/2
Warning:    Use :- discontiguous legal_aid_employment_case/1. to suppress this message
Warning: c:/users/omen19~1/appdata/local/temp/tmpvanaaw7y.pl:450:
Warning:    Clauses of legal_aid_family_case/1 are not together in the source-file
Warning:    Earlier definition at c:/users/omen19~1/appdata/local/temp/tmpvanaaw7y.pl:226
Warning:    Current predicate: legal_aid_employment_case/1
Warning:    Use :- discontiguous legal_aid_family_case/1. to suppress this message
Warning: c:/users/omen19~1/appdata/local/temp/tmpvanaaw7y.pl:457:
Warning:    Clauses of legal_aid_consumer_case/1 are not together in the source-file
Warning:    Earlier definition at c:/users/omen19~1/appdata/local/temp/tmpvanaaw7y.pl:233
Warning:    Current predicate: legal_aid_family_case/1
Warning:    Use :- discontiguous legal_aid_consumer_case/1. to suppress this message
Warning: c:/users/omen19~1/appdata/local/temp/tmpvanaaw7y.pl:463:
Warning:    Clauses of constitutional_employment_remedy/1 are not together in the source-file
Warning:    Earlier definition at c:/users/omen19~1/appdata/local/temp/tmpvanaaw7y.pl:239
Warning:    Current predicate: legal_aid_consumer_case/1
Warning:    Use :- discontiguous constitutional_employment_remedy/1. to suppress this message
Warning: c:/users/omen19~1/appdata/local/temp/tmpvanaaw7y.pl:469:
Warning:    Singleton variables: [Person]
Warning: c:/users/omen19~1/appdata/local/temp/tmpvanaaw7y.pl:469:
Warning:    Clauses of employment_pil_standing/2 are not together in the source-file
Warning:    Earlier definition at c:/users/omen19~1/appdata/local/temp/tmpvanaaw7y.pl:245
Warning:    Current predicate: constitutional_employment_remedy/1
Warning:    Use :- discontiguous employment_pil_standing/2. to suppress this message
Warning: c:/users/omen19~1/appdata/local/temp/tmpvanaaw7y.pl:473:
Warning:    Clauses of employment_related_issue/1 are not together in the source-file
Warning:    Earlier definition at c:/users/omen19~1/appdata/local/temp/tmpvanaaw7y.pl:249
Warning:    Current predicate: employment_pil_standing/2
Warning:    Use :- discontiguous employment_related_issue/1. to suppress this message
Warning: c:/users/omen19~1/appdata/local/temp/tmpvanaaw7y.pl:479:
Warning:    Singleton variables: [Date1,Date2]
Warning: c:/users/omen19~1/appdata/local/temp/tmpvanaaw7y.pl:479:
Warning:    Clauses of days_between/3 are not together in the source-file
Warning:    Earlier definition at c:/users/omen19~1/appdata/local/temp/tmpvanaaw7y.pl:255
Warning:    Current predicate: employment_related_issue/1
Warning:    Use :- discontiguous days_between/3. to suppress this message
Warning: c:/users/omen19~1/appdata/local/temp/tmpvanaaw7y.pl:483:
Warning:    Clauses of appeal_court/2 are not together in the source-file
Warning:    Earlier definition at c:/users/omen19~1/appdata/local/temp/tmpvanaaw7y.pl:259
Warning:    Current predicate: days_between/3
Warning:    Use :- discontiguous appeal_court/2. to suppress this message
Warning: c:/users/omen19~1/appdata/local/temp/tmpvanaaw7y.pl:491:
Warning:    Clauses of legal_costs_estimate/3 are not together in the source-file
Warning:    Earlier definition at c:/users/omen19~1/appdata/local/temp/tmpvanaaw7y.pl:267
Warning:    Current predicate: appeal_court/2
Warning:    Use :- discontiguous legal_costs_estimate/3. to suppress this message
Warning: c:/users/omen19~1/appdata/local/temp/tmpvanaaw7y.pl:496:
Warning:    Clauses of base_court_fee/2 are not together in the source-file
Warning:    Earlier definition at c:/users/omen19~1/appdata/local/temp/tmpvanaaw7y.pl:272
Warning:    Current predicate: legal_costs_estimate/3
Warning:    Use :- discontiguous base_court_fee/2. to suppress this message
Warning: c:/users/omen19~1/appdata/local/temp/tmpvanaaw7y.pl:504:
Warning:    Clauses of lawyer_fee_estimate/2 are not together in the source-file
Warning:    Earlier definition at c:/users/omen19~1/appdata/local/temp/tmpvanaaw7y.pl:280
Warning:    Current predicate: base_court_fee/2
Warning:    Use :- discontiguous lawyer_fee_estimate/2. to suppress this message
Warning: c:/users/omen19~1/appdata/local/temp/tmpvanaaw7y.pl:513:
Warning:    Clauses of required_documents/2 are not together in the source-file
Warning:    Earlier definition at c:/users/omen19~1/appdata/local/temp/tmpvanaaw7y.pl:289
Warning:    Current predicate: lawyer_fee_estimate/2
Warning:    Use :- discontiguous required_documents/2. to suppress this message
Warning: c:/users/omen19~1/appdata/local/temp/tmpvanaaw7y.pl:523:
Warning:    Clauses of case_timeline_estimate/2 are not together in the source-file
Warning:    Earlier definition at c:/users/omen19~1/appdata/local/temp/tmpvanaaw7y.pl:299
Warning:    Current predicate: required_documents/2
Warning:    Use :- discontiguous case_timeline_estimate/2. to suppress this message
Warning: c:/users/omen19~1/appdata/local/temp/tmpvanaaw7y.pl:596:
Warning:    Singleton variables: [Person]
Warning: c:/users/omen19~1/appdata/local/temp/tmpvanaaw7y.pl:678:
Warning:    Singleton variables: [Person]
Warning: c:/users/omen19~1/appdata/local/temp/tmpvanaaw7y.pl:682:
Warning:    Singleton variables: [Person]
Warning: c:/users/omen19~1/appdata/local/temp/tmpvanaaw7y.pl:687:
Warning:    Singleton variables: [Person]

2025-08-07 15:44:01,012 - hybex_system.prolog_engine - WARNING - [Session:302476da] SWI-Prolog exited with code 1 (attempt 3). Stderr: Warning: c:/users/omen19~1/appdata/local/temp/tmpvanaaw7y.pl:66:
Warning:    Singleton variables: [Spouse]
Warning: c:/users/omen19~1/appdata/local/temp/tmpvanaaw7y.pl:245:
Warning:    Singleton variables: [Person]
Warning: c:/users/omen19~1/appdata/local/temp/tmpvanaaw7y.pl:255:
Warning:    Singleton variables: [Date1,Date2]
Warning: c:/users/omen19~1/appdata/local/temp/tmpvanaaw7y.pl:343:
Warning:    Clauses of right_violation_occurred/2 are not together in the source-file
Warning:    Earlier definition at c:/users/omen19~1/appdata/local/temp/tmpvanaaw7y.pl:329
Warning:    Current predicate: prohibited_discrimination_ground/1
Warning:    Use :- discontiguous right_violation_occurred/2. to suppress this message
Warning: c:/users/omen19~1/appdata/local/temp/tmpvanaaw7y.pl:372:
Warning:    Clauses of wrongful_termination/1 are not together in the source-file
Warning:    Earlier definition at c:/users/omen19~1/appdata/local/temp/tmpvanaaw7y.pl:148
Warning:    Current predicate: public_interest_issue/1
Warning:    Use :- discontiguous wrongful_termination/1. to suppress this message
Warning: c:/users/omen19~1/appdata/local/temp/tmpvanaaw7y.pl:379:
Warning:    Clauses of improper_procedure/1 are not together in the source-file
Warning:    Earlier definition at c:/users/omen19~1/appdata/local/temp/tmpvanaaw7y.pl:155
Warning:    Current predicate: wrongful_termination/1
Warning:    Use :- discontiguous improper_procedure/1. to suppress this message
Warning: c:/users/omen19~1/appdata/local/temp/tmpvanaaw7y.pl:386:
Warning:    Clauses of sufficient_notice_period/2 are not together in the source-file
Warning:    Earlier definition at c:/users/omen19~1/appdata/local/temp/tmpvanaaw7y.pl:162
Warning:    Current predicate: improper_procedure/1
Warning:    Use :- discontiguous sufficient_notice_period/2. to suppress this message
Warning: c:/users/omen19~1/appdata/local/temp/tmpvanaaw7y.pl:394:
Warning:    Clauses of retrenchment_compensation/2 are not together in the source-file
Warning:    Earlier definition at c:/users/omen19~1/appdata/local/temp/tmpvanaaw7y.pl:170
Warning:    Current predicate: sufficient_notice_period/2
Warning:    Use :- discontiguous retrenchment_compensation/2. to suppress this message
Warning: c:/users/omen19~1/appdata/local/temp/tmpvanaaw7y.pl:400:
Warning:    Clauses of valid_harassment_complaint/1 are not together in the source-file
Warning:    Earlier definition at c:/users/omen19~1/appdata/local/temp/tmpvanaaw7y.pl:176
Warning:    Current predicate: retrenchment_compensation/2
Warning:    Use :- discontiguous valid_harassment_complaint/1. to suppress this message
Warning: c:/users/omen19~1/appdata/local/temp/tmpvanaaw7y.pl:404:
Warning:    Clauses of harassment_remedy_available/2 are not together in the source-file
Warning:    Earlier definition at c:/users/omen19~1/appdata/local/temp/tmpvanaaw7y.pl:180
Warning:    Current predicate: valid_harassment_complaint/1
Warning:    Use :- discontiguous harassment_remedy_available/2. to suppress this message
Warning: c:/users/omen19~1/appdata/local/temp/tmpvanaaw7y.pl:408:
Warning:    Clauses of harassment_remedy/1 are not together in the source-file
Warning:    Earlier definition at c:/users/omen19~1/appdata/local/temp/tmpvanaaw7y.pl:184
Warning:    Current predicate: harassment_remedy_available/2
Warning:    Use :- discontiguous harassment_remedy/1. to suppress this message
Warning: c:/users/omen19~1/appdata/local/temp/tmpvanaaw7y.pl:416:
Warning:    Clauses of minimum_wage_violation/1 are not together in the source-file
Warning:    Earlier definition at c:/users/omen19~1/appdata/local/temp/tmpvanaaw7y.pl:192
Warning:    Current predicate: harassment_remedy/1
Warning:    Use :- discontiguous minimum_wage_violation/1. to suppress this message
Warning: c:/users/omen19~1/appdata/local/temp/tmpvanaaw7y.pl:423:
Warning:    Clauses of minimum_wage_rate/2 are not together in the source-file
Warning:    Earlier definition at c:/users/omen19~1/appdata/local/temp/tmpvanaaw7y.pl:199
Warning:    Current predicate: minimum_wage_violation/1
Warning:    Use :- discontiguous minimum_wage_rate/2. to suppress this message
Warning: c:/users/omen19~1/appdata/local/temp/tmpvanaaw7y.pl:430:
Warning:    Clauses of overtime_payment_due/2 are not together in the source-file
Warning:    Earlier definition at c:/users/omen19~1/appdata/local/temp/tmpvanaaw7y.pl:206
Warning:    Current predicate: minimum_wage_rate/2
Warning:    Use :- discontiguous overtime_payment_due/2. to suppress this message
Warning: c:/users/omen19~1/appdata/local/temp/tmpvanaaw7y.pl:438:
Warning:    Clauses of overtime_hours/2 are not together in the source-file
Warning:    Earlier definition at c:/users/omen19~1/appdata/local/temp/tmpvanaaw7y.pl:214
Warning:    Current predicate: overtime_payment_due/2
Warning:    Use :- discontiguous overtime_hours/2. to suppress this message
Warning: c:/users/omen19~1/appdata/local/temp/tmpvanaaw7y.pl:443:
Warning:    Clauses of legal_aid_employment_case/1 are not together in the source-file
Warning:    Earlier definition at c:/users/omen19~1/appdata/local/temp/tmpvanaaw7y.pl:219
Warning:    Current predicate: overtime_hours/2
Warning:    Use :- discontiguous legal_aid_employment_case/1. to suppress this message
Warning: c:/users/omen19~1/appdata/local/temp/tmpvanaaw7y.pl:450:
Warning:    Clauses of legal_aid_family_case/1 are not together in the source-file
Warning:    Earlier definition at c:/users/omen19~1/appdata/local/temp/tmpvanaaw7y.pl:226
Warning:    Current predicate: legal_aid_employment_case/1
Warning:    Use :- discontiguous legal_aid_family_case/1. to suppress this message
Warning: c:/users/omen19~1/appdata/local/temp/tmpvanaaw7y.pl:457:
Warning:    Clauses of legal_aid_consumer_case/1 are not together in the source-file
Warning:    Earlier definition at c:/users/omen19~1/appdata/local/temp/tmpvanaaw7y.pl:233
Warning:    Current predicate: legal_aid_family_case/1
Warning:    Use :- discontiguous legal_aid_consumer_case/1. to suppress this message
Warning: c:/users/omen19~1/appdata/local/temp/tmpvanaaw7y.pl:463:
Warning:    Clauses of constitutional_employment_remedy/1 are not together in the source-file
Warning:    Earlier definition at c:/users/omen19~1/appdata/local/temp/tmpvanaaw7y.pl:239
Warning:    Current predicate: legal_aid_consumer_case/1
Warning:    Use :- discontiguous constitutional_employment_remedy/1. to suppress this message
Warning: c:/users/omen19~1/appdata/local/temp/tmpvanaaw7y.pl:469:
Warning:    Singleton variables: [Person]
Warning: c:/users/omen19~1/appdata/local/temp/tmpvanaaw7y.pl:469:
Warning:    Clauses of employment_pil_standing/2 are not together in the source-file
Warning:    Earlier definition at c:/users/omen19~1/appdata/local/temp/tmpvanaaw7y.pl:245
Warning:    Current predicate: constitutional_employment_remedy/1
Warning:    Use :- discontiguous employment_pil_standing/2. to suppress this message
Warning: c:/users/omen19~1/appdata/local/temp/tmpvanaaw7y.pl:473:
Warning:    Clauses of employment_related_issue/1 are not together in the source-file
Warning:    Earlier definition at c:/users/omen19~1/appdata/local/temp/tmpvanaaw7y.pl:249
Warning:    Current predicate: employment_pil_standing/2
Warning:    Use :- discontiguous employment_related_issue/1. to suppress this message
Warning: c:/users/omen19~1/appdata/local/temp/tmpvanaaw7y.pl:479:
Warning:    Singleton variables: [Date1,Date2]
Warning: c:/users/omen19~1/appdata/local/temp/tmpvanaaw7y.pl:479:
Warning:    Clauses of days_between/3 are not together in the source-file
Warning:    Earlier definition at c:/users/omen19~1/appdata/local/temp/tmpvanaaw7y.pl:255
Warning:    Current predicate: employment_related_issue/1
Warning:    Use :- discontiguous days_between/3. to suppress this message
Warning: c:/users/omen19~1/appdata/local/temp/tmpvanaaw7y.pl:483:
Warning:    Clauses of appeal_court/2 are not together in the source-file
Warning:    Earlier definition at c:/users/omen19~1/appdata/local/temp/tmpvanaaw7y.pl:259
Warning:    Current predicate: days_between/3
Warning:    Use :- discontiguous appeal_court/2. to suppress this message
Warning: c:/users/omen19~1/appdata/local/temp/tmpvanaaw7y.pl:491:
Warning:    Clauses of legal_costs_estimate/3 are not together in the source-file
Warning:    Earlier definition at c:/users/omen19~1/appdata/local/temp/tmpvanaaw7y.pl:267
Warning:    Current predicate: appeal_court/2
Warning:    Use :- discontiguous legal_costs_estimate/3. to suppress this message
Warning: c:/users/omen19~1/appdata/local/temp/tmpvanaaw7y.pl:496:
Warning:    Clauses of base_court_fee/2 are not together in the source-file
Warning:    Earlier definition at c:/users/omen19~1/appdata/local/temp/tmpvanaaw7y.pl:272
Warning:    Current predicate: legal_costs_estimate/3
Warning:    Use :- discontiguous base_court_fee/2. to suppress this message
Warning: c:/users/omen19~1/appdata/local/temp/tmpvanaaw7y.pl:504:
Warning:    Clauses of lawyer_fee_estimate/2 are not together in the source-file
Warning:    Earlier definition at c:/users/omen19~1/appdata/local/temp/tmpvanaaw7y.pl:280
Warning:    Current predicate: base_court_fee/2
Warning:    Use :- discontiguous lawyer_fee_estimate/2. to suppress this message
Warning: c:/users/omen19~1/appdata/local/temp/tmpvanaaw7y.pl:513:
Warning:    Clauses of required_documents/2 are not together in the source-file
Warning:    Earlier definition at c:/users/omen19~1/appdata/local/temp/tmpvanaaw7y.pl:289
Warning:    Current predicate: lawyer_fee_estimate/2
Warning:    Use :- discontiguous required_documents/2. to suppress this message
Warning: c:/users/omen19~1/appdata/local/temp/tmpvanaaw7y.pl:523:
Warning:    Clauses of case_timeline_estimate/2 are not together in the source-file
Warning:    Earlier definition at c:/users/omen19~1/appdata/local/temp/tmpvanaaw7y.pl:299
Warning:    Current predicate: required_documents/2
Warning:    Use :- discontiguous case_timeline_estimate/2. to suppress this message
Warning: c:/users/omen19~1/appdata/local/temp/tmpvanaaw7y.pl:596:
Warning:    Singleton variables: [Person]
Warning: c:/users/omen19~1/appdata/local/temp/tmpvanaaw7y.pl:678:
Warning:    Singleton variables: [Person]
Warning: c:/users/omen19~1/appdata/local/temp/tmpvanaaw7y.pl:682:
Warning:    Singleton variables: [Person]
Warning: c:/users/omen19~1/appdata/local/temp/tmpvanaaw7y.pl:687:
Warning:    Singleton variables: [Person]
2025-08-07 15:44:01,014 - hybex_system.prolog_engine - WARNING - [Session:302476da] Prolog query returned false/no or empty (attempt 3): primary_eligibility_reason('case_302476da_154100', Reason). Output: . Stderr: Warning: c:/users/omen19~1/appdata/local/temp/tmpvanaaw7y.pl:66:
Warning:    Singleton variables: [Spouse]
Warning: c:/users/omen19~1/appdata/local/temp/tmpvanaaw7y.pl:245:
Warning:    Singleton variables: [Person]
Warning: c:/users/omen19~1/appdata/local/temp/tmpvanaaw7y.pl:255:
Warning:    Singleton variables: [Date1,Date2]
Warning: c:/users/omen19~1/appdata/local/temp/tmpvanaaw7y.pl:343:
Warning:    Clauses of right_violation_occurred/2 are not together in the source-file
Warning:    Earlier definition at c:/users/omen19~1/appdata/local/temp/tmpvanaaw7y.pl:329
Warning:    Current predicate: prohibited_discrimination_ground/1
Warning:    Use :- discontiguous right_violation_occurred/2. to suppress this message
Warning: c:/users/omen19~1/appdata/local/temp/tmpvanaaw7y.pl:372:
Warning:    Clauses of wrongful_termination/1 are not together in the source-file
Warning:    Earlier definition at c:/users/omen19~1/appdata/local/temp/tmpvanaaw7y.pl:148
Warning:    Current predicate: public_interest_issue/1
Warning:    Use :- discontiguous wrongful_termination/1. to suppress this message
Warning: c:/users/omen19~1/appdata/local/temp/tmpvanaaw7y.pl:379:
Warning:    Clauses of improper_procedure/1 are not together in the source-file
Warning:    Earlier definition at c:/users/omen19~1/appdata/local/temp/tmpvanaaw7y.pl:155
Warning:    Current predicate: wrongful_termination/1
Warning:    Use :- discontiguous improper_procedure/1. to suppress this message
Warning: c:/users/omen19~1/appdata/local/temp/tmpvanaaw7y.pl:386:
Warning:    Clauses of sufficient_notice_period/2 are not together in the source-file
Warning:    Earlier definition at c:/users/omen19~1/appdata/local/temp/tmpvanaaw7y.pl:162
Warning:    Current predicate: improper_procedure/1
Warning:    Use :- discontiguous sufficient_notice_period/2. to suppress this message
Warning: c:/users/omen19~1/appdata/local/temp/tmpvanaaw7y.pl:394:
Warning:    Clauses of retrenchment_compensation/2 are not together in the source-file
Warning:    Earlier definition at c:/users/omen19~1/appdata/local/temp/tmpvanaaw7y.pl:170
Warning:    Current predicate: sufficient_notice_period/2
Warning:    Use :- discontiguous retrenchment_compensation/2. to suppress this message
Warning: c:/users/omen19~1/appdata/local/temp/tmpvanaaw7y.pl:400:
Warning:    Clauses of valid_harassment_complaint/1 are not together in the source-file
Warning:    Earlier definition at c:/users/omen19~1/appdata/local/temp/tmpvanaaw7y.pl:176
Warning:    Current predicate: retrenchment_compensation/2
Warning:    Use :- discontiguous valid_harassment_complaint/1. to suppress this message
Warning: c:/users/omen19~1/appdata/local/temp/tmpvanaaw7y.pl:404:
Warning:    Clauses of harassment_remedy_available/2 are not together in the source-file
Warning:    Earlier definition at c:/users/omen19~1/appdata/local/temp/tmpvanaaw7y.pl:180
Warning:    Current predicate: valid_harassment_complaint/1
Warning:    Use :- discontiguous harassment_remedy_available/2. to suppress this message
Warning: c:/users/omen19~1/appdata/local/temp/tmpvanaaw7y.pl:408:
Warning:    Clauses of harassment_remedy/1 are not together in the source-file
Warning:    Earlier definition at c:/users/omen19~1/appdata/local/temp/tmpvanaaw7y.pl:184
Warning:    Current predicate: harassment_remedy_available/2
Warning:    Use :- discontiguous harassment_remedy/1. to suppress this message
Warning: c:/users/omen19~1/appdata/local/temp/tmpvanaaw7y.pl:416:
Warning:    Clauses of minimum_wage_violation/1 are not together in the source-file
Warning:    Earlier definition at c:/users/omen19~1/appdata/local/temp/tmpvanaaw7y.pl:192
Warning:    Current predicate: harassment_remedy/1
Warning:    Use :- discontiguous minimum_wage_violation/1. to suppress this message
Warning: c:/users/omen19~1/appdata/local/temp/tmpvanaaw7y.pl:423:
Warning:    Clauses of minimum_wage_rate/2 are not together in the source-file
Warning:    Earlier definition at c:/users/omen19~1/appdata/local/temp/tmpvanaaw7y.pl:199
Warning:    Current predicate: minimum_wage_violation/1
Warning:    Use :- discontiguous minimum_wage_rate/2. to suppress this message
Warning: c:/users/omen19~1/appdata/local/temp/tmpvanaaw7y.pl:430:
Warning:    Clauses of overtime_payment_due/2 are not together in the source-file
Warning:    Earlier definition at c:/users/omen19~1/appdata/local/temp/tmpvanaaw7y.pl:206
Warning:    Current predicate: minimum_wage_rate/2
Warning:    Use :- discontiguous overtime_payment_due/2. to suppress this message
Warning: c:/users/omen19~1/appdata/local/temp/tmpvanaaw7y.pl:438:
Warning:    Clauses of overtime_hours/2 are not together in the source-file
Warning:    Earlier definition at c:/users/omen19~1/appdata/local/temp/tmpvanaaw7y.pl:214
Warning:    Current predicate: overtime_payment_due/2
Warning:    Use :- discontiguous overtime_hours/2. to suppress this message
Warning: c:/users/omen19~1/appdata/local/temp/tmpvanaaw7y.pl:443:
Warning:    Clauses of legal_aid_employment_case/1 are not together in the source-file
Warning:    Earlier definition at c:/users/omen19~1/appdata/local/temp/tmpvanaaw7y.pl:219
Warning:    Current predicate: overtime_hours/2
Warning:    Use :- discontiguous legal_aid_employment_case/1. to suppress this message
Warning: c:/users/omen19~1/appdata/local/temp/tmpvanaaw7y.pl:450:
Warning:    Clauses of legal_aid_family_case/1 are not together in the source-file
Warning:    Earlier definition at c:/users/omen19~1/appdata/local/temp/tmpvanaaw7y.pl:226
Warning:    Current predicate: legal_aid_employment_case/1
Warning:    Use :- discontiguous legal_aid_family_case/1. to suppress this message
Warning: c:/users/omen19~1/appdata/local/temp/tmpvanaaw7y.pl:457:
Warning:    Clauses of legal_aid_consumer_case/1 are not together in the source-file
Warning:    Earlier definition at c:/users/omen19~1/appdata/local/temp/tmpvanaaw7y.pl:233
Warning:    Current predicate: legal_aid_family_case/1
Warning:    Use :- discontiguous legal_aid_consumer_case/1. to suppress this message
Warning: c:/users/omen19~1/appdata/local/temp/tmpvanaaw7y.pl:463:
Warning:    Clauses of constitutional_employment_remedy/1 are not together in the source-file
Warning:    Earlier definition at c:/users/omen19~1/appdata/local/temp/tmpvanaaw7y.pl:239
Warning:    Current predicate: legal_aid_consumer_case/1
Warning:    Use :- discontiguous constitutional_employment_remedy/1. to suppress this message
Warning: c:/users/omen19~1/appdata/local/temp/tmpvanaaw7y.pl:469:
Warning:    Singleton variables: [Person]
Warning: c:/users/omen19~1/appdata/local/temp/tmpvanaaw7y.pl:469:
Warning:    Clauses of employment_pil_standing/2 are not together in the source-file
Warning:    Earlier definition at c:/users/omen19~1/appdata/local/temp/tmpvanaaw7y.pl:245
Warning:    Current predicate: constitutional_employment_remedy/1
Warning:    Use :- discontiguous employment_pil_standing/2. to suppress this message
Warning: c:/users/omen19~1/appdata/local/temp/tmpvanaaw7y.pl:473:
Warning:    Clauses of employment_related_issue/1 are not together in the source-file
Warning:    Earlier definition at c:/users/omen19~1/appdata/local/temp/tmpvanaaw7y.pl:249
Warning:    Current predicate: employment_pil_standing/2
Warning:    Use :- discontiguous employment_related_issue/1. to suppress this message
Warning: c:/users/omen19~1/appdata/local/temp/tmpvanaaw7y.pl:479:
Warning:    Singleton variables: [Date1,Date2]
Warning: c:/users/omen19~1/appdata/local/temp/tmpvanaaw7y.pl:479:
Warning:    Clauses of days_between/3 are not together in the source-file
Warning:    Earlier definition at c:/users/omen19~1/appdata/local/temp/tmpvanaaw7y.pl:255
Warning:    Current predicate: employment_related_issue/1
Warning:    Use :- discontiguous days_between/3. to suppress this message
Warning: c:/users/omen19~1/appdata/local/temp/tmpvanaaw7y.pl:483:
Warning:    Clauses of appeal_court/2 are not together in the source-file
Warning:    Earlier definition at c:/users/omen19~1/appdata/local/temp/tmpvanaaw7y.pl:259
Warning:    Current predicate: days_between/3
Warning:    Use :- discontiguous appeal_court/2. to suppress this message
Warning: c:/users/omen19~1/appdata/local/temp/tmpvanaaw7y.pl:491:
Warning:    Clauses of legal_costs_estimate/3 are not together in the source-file
Warning:    Earlier definition at c:/users/omen19~1/appdata/local/temp/tmpvanaaw7y.pl:267
Warning:    Current predicate: appeal_court/2
Warning:    Use :- discontiguous legal_costs_estimate/3. to suppress this message
Warning: c:/users/omen19~1/appdata/local/temp/tmpvanaaw7y.pl:496:
Warning:    Clauses of base_court_fee/2 are not together in the source-file
Warning:    Earlier definition at c:/users/omen19~1/appdata/local/temp/tmpvanaaw7y.pl:272
Warning:    Current predicate: legal_costs_estimate/3
Warning:    Use :- discontiguous base_court_fee/2. to suppress this message
Warning: c:/users/omen19~1/appdata/local/temp/tmpvanaaw7y.pl:504:
Warning:    Clauses of lawyer_fee_estimate/2 are not together in the source-file
Warning:    Earlier definition at c:/users/omen19~1/appdata/local/temp/tmpvanaaw7y.pl:280
Warning:    Current predicate: base_court_fee/2
Warning:    Use :- discontiguous lawyer_fee_estimate/2. to suppress this message
Warning: c:/users/omen19~1/appdata/local/temp/tmpvanaaw7y.pl:513:
Warning:    Clauses of required_documents/2 are not together in the source-file
Warning:    Earlier definition at c:/users/omen19~1/appdata/local/temp/tmpvanaaw7y.pl:289
Warning:    Current predicate: lawyer_fee_estimate/2
Warning:    Use :- discontiguous required_documents/2. to suppress this message
Warning: c:/users/omen19~1/appdata/local/temp/tmpvanaaw7y.pl:523:
Warning:    Clauses of case_timeline_estimate/2 are not together in the source-file
Warning:    Earlier definition at c:/users/omen19~1/appdata/local/temp/tmpvanaaw7y.pl:299
Warning:    Current predicate: required_documents/2
Warning:    Use :- discontiguous case_timeline_estimate/2. to suppress this message
Warning: c:/users/omen19~1/appdata/local/temp/tmpvanaaw7y.pl:596:
Warning:    Singleton variables: [Person]
Warning: c:/users/omen19~1/appdata/local/temp/tmpvanaaw7y.pl:678:
Warning:    Singleton variables: [Person]
Warning: c:/users/omen19~1/appdata/local/temp/tmpvanaaw7y.pl:682:
Warning:    Singleton variables: [Person]
Warning: c:/users/omen19~1/appdata/local/temp/tmpvanaaw7y.pl:687:
Warning:    Singleton variables: [Person]

2025-08-07 15:44:31,043 - hybex_system.prolog_engine - ERROR - [Session:302476da] Prolog query timeout (attempt 1): generate_detailed_reasoning('case_302476da_154100', DetailedReason)
2025-08-07 15:45:01,056 - hybex_system.prolog_engine - ERROR - [Session:302476da] Prolog query timeout (attempt 2): generate_detailed_reasoning('case_302476da_154100', DetailedReason)
2025-08-07 15:45:31,076 - hybex_system.prolog_engine - ERROR - [Session:302476da] Prolog query timeout (attempt 3): generate_detailed_reasoning('case_302476da_154100', DetailedReason)
2025-08-07 15:46:01,084 - hybex_system.prolog_engine - ERROR - [Session:302476da] Prolog query timeout (attempt 1): findall(Rule, applicable_rule('case_302476da_154100', Rule, legal_aid), Rules)
2025-08-07 15:46:31,101 - hybex_system.prolog_engine - ERROR - [Session:302476da] Prolog query timeout (attempt 2): findall(Rule, applicable_rule('case_302476da_154100', Rule, legal_aid), Rules)
2025-08-07 15:47:01,133 - hybex_system.prolog_engine - ERROR - [Session:302476da] Prolog query timeout (attempt 3): findall(Rule, applicable_rule('case_302476da_154100', Rule, legal_aid), Rules)
2025-08-07 15:47:01,134 - hybex_system.prolog_engine - INFO - [Session:302476da] Comprehensive legal analysis complete for case_302476da_154100: Eligible=False, Confidence=0.30
2025-08-07 15:47:01,136 - hybex_system.prolog_engine - INFO - [Session:302476da] Cleaning up PrologEngine session 302476da
2025-08-07 15:47:01,138 - hybex_system.prolog_engine - INFO - [Session:302476da] PrologEngine cleanup completed
