2025-08-11 13:18:18,989 - hybex_system.prolog_engine - INFO - [Session:2845d526] Added file handler to PrologEngine logger.
2025-08-11 13:18:18,993 - hybex_system.prolog_engine - INFO - [Session:2845d526] ======================================================================
2025-08-11 13:18:18,993 - hybex_system.prolog_engine - INFO - [Session:2845d526] Starting HybEx-Law Comprehensive Prolog Reasoning Engine
2025-08-11 13:18:18,993 - hybex_system.prolog_engine - INFO - [Session:2845d526] Session ID: 2845d526
2025-08-11 13:18:18,995 - hybex_system.prolog_engine - INFO - [Session:2845d526] Configuration: {'config_source': 'verified_fallback', 'last_updated': None, 'validation_status': 'unvalidated', 'primary_act': 'Legal Services Authorities Act, 1987', 'income_thresholds': {'general': 500000, 'sc_st': 800000, 'obc': 600000, 'bpl': 0, 'ews': 800000}, 'real_data_available': False, 'sources_count': 0}
2025-08-11 13:18:18,998 - hybex_system.prolog_engine - INFO - [Session:2845d526] ======================================================================
2025-08-11 13:18:18,998 - hybex_system.prolog_engine - INFO - [Session:2845d526] Using verified fallback knowledge base with 105 comprehensive rules
2025-08-11 13:18:19,013 - hybex_system.prolog_engine - INFO - [Session:2845d526] Attempting to load rules from: d:\Code_stuff\NLP\multi_domain_legal\knowledge_base\multi_domain_rules.py
2025-08-11 13:18:19,033 - hybex_system.prolog_engine - INFO - [Session:2845d526] Successfully loaded MULTI_DOMAIN_LEGAL_RULES from knowledge base.
2025-08-11 13:18:19,040 - hybex_system.prolog_engine - INFO - [Session:2845d526] Parsing comprehensive multi-domain legal rules from knowledge base.
2025-08-11 13:18:19,060 - hybex_system.prolog_engine - INFO - [Session:2845d526] Initialized Comprehensive PrologEngine (Session: 2845d526, Available: True)
2025-08-11 13:18:19,061 - hybex_system.prolog_engine - INFO - [Session:2845d526] Loaded 9 rule categories with 145 total rules
2025-08-11 13:18:19,070 - hybex_system.prolog_engine - INFO - [Session:2845d526] Comprehensive rules actually loaded: True
2025-08-11 13:18:19,074 - hybex_system.prolog_engine - INFO - [Session:2845d526] 🧠 Starting comprehensive legal analysis for case_2845d526_131819
2025-08-11 13:18:19,075 - hybex_system.prolog_engine - INFO - [Session:2845d526] 🎯 Using domain-specific rules for: ['general_legal_aid']
2025-08-11 13:18:19,077 - hybex_system.prolog_engine - INFO - [Session:2845d526] Generated 13 comprehensive Prolog facts for case_2845d526_131819
2025-08-11 13:18:19,089 - hybex_system.prolog_engine - INFO - [Session:2845d526] 📂 Selected files for domain 'general_legal_aid': ['foundational_rules_clean.pl', 'legal_aid_clean_v2.pl']
2025-08-11 13:18:19,093 - hybex_system.prolog_engine - INFO - [Session:2845d526] ✅ Loaded modular file: foundational_rules_clean.pl
2025-08-11 13:18:19,096 - hybex_system.prolog_engine - INFO - [Session:2845d526] ✅ Loaded modular file: legal_aid_clean_v2.pl
2025-08-11 13:18:19,098 - hybex_system.prolog_engine - INFO - [Session:2845d526] 🔍 DEBUG: Modular Prolog file content:
2025-08-11 13:18:19,123 - hybex_system.prolog_engine - INFO - [Session:2845d526] Modular file (7009 chars):
% HybEx-Law Modular Legal Reasoning Session: 2845d526
% Domain: general_legal_aid
% Generated: 2025-08-11T13:18:19.089372

% DISCONTIGUOUS DIRECTIVES
:- discontiguous person/1.
:- discontiguous eligible_for_legal_aid/1.
:- discontiguous categorically_eligible/1.
:- discontiguous income_eligible/1.
:- discontiguous social_category/2.
:- discontiguous annual_income/2.
:- discontiguous case_type/2.
:- discontiguous generate_detailed_reasoning/2.
:- discontiguous primary_eligibility_reason/2.
:- discontiguous applicable_rule/3.
:- discontiguous vulnerable_group/2.
:- discontiguous gender/2.
:- discontiguous age/2.

% LOADING: foundational_rules_clean.pl
% ============================================================================
% FOUNDATIONAL PREDICATES AND UTILITY RULES - CORRECTED AND ROBUST
% This file contains only generic, reusable predicates.
% All case-specific facts (e.g., age, income) must be provided by Python.
% ================================================================...
2025-08-11 13:18:19,125 - hybex_system.prolog_engine - INFO - [Session:2845d526] ✅ Created MODULAR Prolog file: C:\Users\OMEN19~1\AppData\Local\Temp\tmpc2oslfxt.pl with 2 domain modules
2025-08-11 13:18:19,125 - hybex_system.prolog_engine - INFO - [Session:2845d526] 🎯 Ultra-fast eligibility check for case_2845d526_131819
2025-08-11 13:18:19,126 - hybex_system.prolog_engine - INFO - [Session:2845d526] Executing SWI-Prolog command: swipl -q -g ['C:/Users/OMEN19~1/AppData/Local/Temp/tmpc2oslfxt.pl'], eligible_for_legal_aid('case_2845d526_131819'), halt --stack-limit=2g --traditional
2025-08-11 13:18:19,231 - hybex_system.prolog_engine - INFO - [Session:2845d526] Prolog query successful (attempt 1): eligible_for_legal_aid('case_2845d526_131819')
2025-08-11 13:18:19,231 - hybex_system.prolog_engine - INFO - [Session:2845d526] ✅ FAST SUCCESS: Basic eligibility confirmed for case_2845d526_131819
2025-08-11 13:18:19,231 - hybex_system.prolog_engine - INFO - [Session:2845d526] Executing SWI-Prolog command: swipl -q -g consult('C:/Users/OMEN19~1/AppData/Local/Temp/tmpc2oslfxt.pl'), primary_eligibility_reason('case_2845d526_131819', Reason), format('Reason:~q~n', [Reason]), halt.
2025-08-11 13:18:19,293 - hybex_system.prolog_engine - INFO - [Session:2845d526] Executing SWI-Prolog command: swipl -q -g consult('C:/Users/OMEN19~1/AppData/Local/Temp/tmpc2oslfxt.pl'), generate_detailed_reasoning('case_2845d526_131819', DetailedReason), format('DetailedReason:~q~n', [DetailedReason]), halt.
2025-08-11 13:18:19,357 - hybex_system.prolog_engine - INFO - [Session:2845d526] Executing SWI-Prolog command: swipl -q -g consult('C:/Users/OMEN19~1/AppData/Local/Temp/tmpc2oslfxt.pl'), findall(Rule, applicable_rule('case_2845d526_131819', Rule, legal_aid), Rules), format('Rules:~q~n', [Rules]), halt.
2025-08-11 13:18:19,421 - hybex_system.prolog_engine - INFO - [Session:2845d526] Comprehensive legal analysis complete for case_2845d526_131819: Eligible=True, Confidence=0.95
2025-08-11 13:18:19,440 - hybex_system.prolog_engine - INFO - [Session:2845d526] 🧠 Starting comprehensive legal analysis for case_2845d526_131819
2025-08-11 13:18:19,440 - hybex_system.prolog_engine - INFO - [Session:2845d526] 🎯 Using domain-specific rules for: ['general_legal_aid']
2025-08-11 13:18:19,441 - hybex_system.prolog_engine - INFO - [Session:2845d526] Generated 9 comprehensive Prolog facts for case_2845d526_131819
2025-08-11 13:18:19,441 - hybex_system.prolog_engine - INFO - [Session:2845d526] 📂 Selected files for domain 'general_legal_aid': ['foundational_rules_clean.pl', 'legal_aid_clean_v2.pl']
2025-08-11 13:18:19,441 - hybex_system.prolog_engine - INFO - [Session:2845d526] ✅ Loaded modular file: foundational_rules_clean.pl
2025-08-11 13:18:19,443 - hybex_system.prolog_engine - INFO - [Session:2845d526] ✅ Loaded modular file: legal_aid_clean_v2.pl
2025-08-11 13:18:19,444 - hybex_system.prolog_engine - INFO - [Session:2845d526] 🔍 DEBUG: Modular Prolog file content:
2025-08-11 13:18:19,457 - hybex_system.prolog_engine - INFO - [Session:2845d526] Modular file (6811 chars):
% HybEx-Law Modular Legal Reasoning Session: 2845d526
% Domain: general_legal_aid
% Generated: 2025-08-11T13:18:19.441481

% DISCONTIGUOUS DIRECTIVES
:- discontiguous person/1.
:- discontiguous eligible_for_legal_aid/1.
:- discontiguous categorically_eligible/1.
:- discontiguous income_eligible/1.
:- discontiguous social_category/2.
:- discontiguous annual_income/2.
:- discontiguous case_type/2.
:- discontiguous generate_detailed_reasoning/2.
:- discontiguous primary_eligibility_reason/2.
:- discontiguous applicable_rule/3.
:- discontiguous vulnerable_group/2.
:- discontiguous gender/2.
:- discontiguous age/2.

% LOADING: foundational_rules_clean.pl
% ============================================================================
% FOUNDATIONAL PREDICATES AND UTILITY RULES - CORRECTED AND ROBUST
% This file contains only generic, reusable predicates.
% All case-specific facts (e.g., age, income) must be provided by Python.
% ================================================================...
2025-08-11 13:18:19,462 - hybex_system.prolog_engine - INFO - [Session:2845d526] ✅ Created MODULAR Prolog file: C:\Users\OMEN19~1\AppData\Local\Temp\tmpe1zhvap8.pl with 2 domain modules
2025-08-11 13:18:19,462 - hybex_system.prolog_engine - INFO - [Session:2845d526] 🎯 Ultra-fast eligibility check for case_2845d526_131819
2025-08-11 13:18:19,462 - hybex_system.prolog_engine - INFO - [Session:2845d526] Executing SWI-Prolog command: swipl -q -g ['C:/Users/OMEN19~1/AppData/Local/Temp/tmpe1zhvap8.pl'], eligible_for_legal_aid('case_2845d526_131819'), halt --stack-limit=2g --traditional
2025-08-11 13:18:19,518 - hybex_system.prolog_engine - INFO - [Session:2845d526] Prolog query successful (attempt 1): eligible_for_legal_aid('case_2845d526_131819')
2025-08-11 13:18:19,522 - hybex_system.prolog_engine - INFO - [Session:2845d526] ✅ FAST SUCCESS: Basic eligibility confirmed for case_2845d526_131819
2025-08-11 13:18:19,522 - hybex_system.prolog_engine - INFO - [Session:2845d526] Executing SWI-Prolog command: swipl -q -g consult('C:/Users/OMEN19~1/AppData/Local/Temp/tmpe1zhvap8.pl'), primary_eligibility_reason('case_2845d526_131819', Reason), format('Reason:~q~n', [Reason]), halt.
2025-08-11 13:18:19,579 - hybex_system.prolog_engine - INFO - [Session:2845d526] Executing SWI-Prolog command: swipl -q -g consult('C:/Users/OMEN19~1/AppData/Local/Temp/tmpe1zhvap8.pl'), generate_detailed_reasoning('case_2845d526_131819', DetailedReason), format('DetailedReason:~q~n', [DetailedReason]), halt.
2025-08-11 13:18:19,629 - hybex_system.prolog_engine - INFO - [Session:2845d526] Executing SWI-Prolog command: swipl -q -g consult('C:/Users/OMEN19~1/AppData/Local/Temp/tmpe1zhvap8.pl'), findall(Rule, applicable_rule('case_2845d526_131819', Rule, legal_aid), Rules), format('Rules:~q~n', [Rules]), halt.
2025-08-11 13:18:19,688 - hybex_system.prolog_engine - INFO - [Session:2845d526] Comprehensive legal analysis complete for case_2845d526_131819: Eligible=True, Confidence=0.90
2025-08-11 13:18:19,693 - hybex_system.prolog_engine - INFO - [Session:2845d526] 🧠 Starting comprehensive legal analysis for case_2845d526_131819
2025-08-11 13:18:19,693 - hybex_system.prolog_engine - INFO - [Session:2845d526] 🎯 Using domain-specific rules for: ['general_legal_aid']
2025-08-11 13:18:19,693 - hybex_system.prolog_engine - INFO - [Session:2845d526] Generated 13 comprehensive Prolog facts for case_2845d526_131819
2025-08-11 13:18:19,701 - hybex_system.prolog_engine - INFO - [Session:2845d526] 📂 Selected files for domain 'general_legal_aid': ['foundational_rules_clean.pl', 'legal_aid_clean_v2.pl']
2025-08-11 13:18:19,701 - hybex_system.prolog_engine - INFO - [Session:2845d526] ✅ Loaded modular file: foundational_rules_clean.pl
2025-08-11 13:18:19,704 - hybex_system.prolog_engine - INFO - [Session:2845d526] ✅ Loaded modular file: legal_aid_clean_v2.pl
2025-08-11 13:18:19,704 - hybex_system.prolog_engine - INFO - [Session:2845d526] 🔍 DEBUG: Modular Prolog file content:
2025-08-11 13:18:19,726 - hybex_system.prolog_engine - INFO - [Session:2845d526] Modular file (7013 chars):
% HybEx-Law Modular Legal Reasoning Session: 2845d526
% Domain: general_legal_aid
% Generated: 2025-08-11T13:18:19.701638

% DISCONTIGUOUS DIRECTIVES
:- discontiguous person/1.
:- discontiguous eligible_for_legal_aid/1.
:- discontiguous categorically_eligible/1.
:- discontiguous income_eligible/1.
:- discontiguous social_category/2.
:- discontiguous annual_income/2.
:- discontiguous case_type/2.
:- discontiguous generate_detailed_reasoning/2.
:- discontiguous primary_eligibility_reason/2.
:- discontiguous applicable_rule/3.
:- discontiguous vulnerable_group/2.
:- discontiguous gender/2.
:- discontiguous age/2.

% LOADING: foundational_rules_clean.pl
% ============================================================================
% FOUNDATIONAL PREDICATES AND UTILITY RULES - CORRECTED AND ROBUST
% This file contains only generic, reusable predicates.
% All case-specific facts (e.g., age, income) must be provided by Python.
% ================================================================...
2025-08-11 13:18:19,728 - hybex_system.prolog_engine - INFO - [Session:2845d526] ✅ Created MODULAR Prolog file: C:\Users\OMEN19~1\AppData\Local\Temp\tmpwl1r_a0b.pl with 2 domain modules
2025-08-11 13:18:19,728 - hybex_system.prolog_engine - INFO - [Session:2845d526] 🎯 Ultra-fast eligibility check for case_2845d526_131819
2025-08-11 13:18:19,728 - hybex_system.prolog_engine - INFO - [Session:2845d526] Executing SWI-Prolog command: swipl -q -g ['C:/Users/OMEN19~1/AppData/Local/Temp/tmpwl1r_a0b.pl'], eligible_for_legal_aid('case_2845d526_131819'), halt --stack-limit=2g --traditional
2025-08-11 13:18:19,827 - hybex_system.prolog_engine - INFO - [Session:2845d526] Prolog query successful (attempt 1): eligible_for_legal_aid('case_2845d526_131819')
2025-08-11 13:18:19,827 - hybex_system.prolog_engine - INFO - [Session:2845d526] ✅ FAST SUCCESS: Basic eligibility confirmed for case_2845d526_131819
2025-08-11 13:18:19,827 - hybex_system.prolog_engine - INFO - [Session:2845d526] Executing SWI-Prolog command: swipl -q -g consult('C:/Users/OMEN19~1/AppData/Local/Temp/tmpwl1r_a0b.pl'), primary_eligibility_reason('case_2845d526_131819', Reason), format('Reason:~q~n', [Reason]), halt.
2025-08-11 13:18:19,912 - hybex_system.prolog_engine - INFO - [Session:2845d526] Executing SWI-Prolog command: swipl -q -g consult('C:/Users/OMEN19~1/AppData/Local/Temp/tmpwl1r_a0b.pl'), generate_detailed_reasoning('case_2845d526_131819', DetailedReason), format('DetailedReason:~q~n', [DetailedReason]), halt.
2025-08-11 13:18:19,973 - hybex_system.prolog_engine - INFO - [Session:2845d526] Executing SWI-Prolog command: swipl -q -g consult('C:/Users/OMEN19~1/AppData/Local/Temp/tmpwl1r_a0b.pl'), findall(Rule, applicable_rule('case_2845d526_131819', Rule, legal_aid), Rules), format('Rules:~q~n', [Rules]), halt.
2025-08-11 13:18:20,060 - hybex_system.prolog_engine - INFO - [Session:2845d526] Comprehensive legal analysis complete for case_2845d526_131819: Eligible=True, Confidence=0.95
