2025-08-10 21:45:14,379 - hybex_system.prolog_engine - INFO - [Session:21b00fd2] Added file handler to PrologEngine logger.
2025-08-10 21:45:14,379 - hybex_system.prolog_engine - INFO - [Session:21b00fd2] ======================================================================
2025-08-10 21:45:14,379 - hybex_system.prolog_engine - INFO - [Session:21b00fd2] Starting HybEx-Law Comprehensive Prolog Reasoning Engine
2025-08-10 21:45:14,379 - hybex_system.prolog_engine - INFO - [Session:21b00fd2] Session ID: 21b00fd2
2025-08-10 21:45:14,379 - hybex_system.prolog_engine - INFO - [Session:21b00fd2] Configuration: {'config_source': 'verified_fallback', 'last_updated': None, 'validation_status': 'unvalidated', 'primary_act': 'Legal Services Authorities Act, 1987', 'income_thresholds': {'general': 500000, 'sc_st': 800000, 'obc': 600000, 'bpl': 0, 'ews': 800000}, 'real_data_available': False, 'sources_count': 0}
2025-08-10 21:45:14,379 - hybex_system.prolog_engine - INFO - [Session:21b00fd2] ======================================================================
2025-08-10 21:45:14,379 - hybex_system.prolog_engine - INFO - [Session:21b00fd2] Using verified fallback knowledge base with 105 comprehensive rules
2025-08-10 21:45:14,379 - hybex_system.prolog_engine - INFO - [Session:21b00fd2] Attempting to load rules from: d:\Code_stuff\NLP\multi_domain_legal\knowledge_base\multi_domain_rules.py
2025-08-10 21:45:14,379 - hybex_system.prolog_engine - INFO - [Session:21b00fd2] Successfully loaded MULTI_DOMAIN_LEGAL_RULES from knowledge base.
2025-08-10 21:45:14,379 - hybex_system.prolog_engine - INFO - [Session:21b00fd2] Parsing comprehensive multi-domain legal rules from knowledge base.
2025-08-10 21:45:14,397 - hybex_system.prolog_engine - INFO - [Session:21b00fd2] Initialized Comprehensive PrologEngine (Session: 21b00fd2, Available: True)
2025-08-10 21:45:14,397 - hybex_system.prolog_engine - INFO - [Session:21b00fd2] Loaded 9 rule categories with 145 total rules
2025-08-10 21:45:14,398 - hybex_system.prolog_engine - INFO - [Session:21b00fd2] Comprehensive rules actually loaded: True
2025-08-10 21:45:14,398 - hybex_system.prolog_engine - INFO - [Session:21b00fd2] 🧠 Starting comprehensive legal analysis for case_21b00fd2_214514
2025-08-10 21:45:14,398 - hybex_system.prolog_engine - INFO - [Session:21b00fd2] 🎯 Detected domain 'general_legal_aid' for case type ''
2025-08-10 21:45:14,400 - hybex_system.prolog_engine - INFO - [Session:21b00fd2] 🎯 Using domain-specific rules for: ['general_legal_aid']
2025-08-10 21:45:14,400 - hybex_system.prolog_engine - INFO - [Session:21b00fd2] Generated 12 comprehensive Prolog facts for case_21b00fd2_214514
2025-08-10 21:45:14,401 - hybex_system.prolog_engine - INFO - [Session:21b00fd2] 📂 Selected files for domain 'general_legal_aid': ['foundational_rules_clean.pl', 'legal_aid_clean.pl']
2025-08-10 21:45:14,401 - hybex_system.prolog_engine - INFO - [Session:21b00fd2] ✅ Loaded modular file: foundational_rules_clean.pl
2025-08-10 21:45:14,401 - hybex_system.prolog_engine - INFO - [Session:21b00fd2] ✅ Loaded modular file: legal_aid_clean.pl
2025-08-10 21:45:14,401 - hybex_system.prolog_engine - INFO - [Session:21b00fd2] 🔍 DEBUG: Modular Prolog file content:
2025-08-10 21:45:14,428 - hybex_system.prolog_engine - INFO - [Session:21b00fd2] Modular file (5580 chars):
% HybEx-Law Modular Legal Reasoning Session: 21b00fd2
% Domain: general_legal_aid
% Generated: 2025-08-10T21:45:14.401274

% DISCONTIGUOUS DIRECTIVES
:- discontiguous person/1.
:- discontiguous eligible_for_legal_aid/1.
:- discontiguous categorically_eligible/1.
:- discontiguous income_eligible/1.
:- discontiguous social_category/2.
:- discontiguous annual_income/2.
:- discontiguous case_type/2.
:- discontiguous generate_detailed_reasoning/2.
:- discontiguous primary_eligibility_reason/2.
:- discontiguous applicable_rule/3.
:- discontiguous vulnerable_group/2.
:- discontiguous gender/2.
:- discontiguous age/2.

% LOADING: foundational_rules_clean.pl
% ============================================================================
% FOUNDATIONAL PREDICATES AND UTILITY RULES
% This file contains only generic, reusable predicates.
% All case-specific facts (e.g., age, income) must be provided by Python.
% ============================================================================

% Simple ...
2025-08-10 21:45:14,428 - hybex_system.prolog_engine - INFO - [Session:21b00fd2] ✅ Created MODULAR Prolog file: C:\Users\OMEN19~1\AppData\Local\Temp\tmpf2f4ioz4.pl with 2 domain modules
2025-08-10 21:45:14,428 - hybex_system.prolog_engine - INFO - [Session:21b00fd2] 🎯 Ultra-fast eligibility check for case_21b00fd2_214514
2025-08-10 21:45:17,448 - hybex_system.prolog_engine - ERROR - [Session:21b00fd2] Prolog query timeout (attempt 1): eligible_for_legal_aid('case_21b00fd2_214514')
2025-08-10 21:45:17,448 - hybex_system.prolog_engine - INFO - [Session:21b00fd2] ❌ FAST RESULT: Not eligible - Query timeout after 1 attempts
2025-08-10 21:46:17,490 - hybex_system.prolog_engine - ERROR - [Session:21b00fd2] Prolog query timeout (attempt 1): primary_eligibility_reason('case_21b00fd2_214514', Reason)
2025-08-10 21:47:17,521 - hybex_system.prolog_engine - ERROR - [Session:21b00fd2] Prolog query timeout (attempt 2): primary_eligibility_reason('case_21b00fd2_214514', Reason)
2025-08-10 21:48:17,563 - hybex_system.prolog_engine - ERROR - [Session:21b00fd2] Prolog query timeout (attempt 3): primary_eligibility_reason('case_21b00fd2_214514', Reason)
2025-08-10 21:48:17,672 - hybex_system.prolog_engine - WARNING - [Session:21b00fd2] SWI-Prolog exited with code 1 (attempt 1). Stderr: 
2025-08-10 21:48:17,672 - hybex_system.prolog_engine - WARNING - [Session:21b00fd2] Prolog query returned false/no or empty (attempt 1): generate_detailed_reasoning('case_21b00fd2_214514', DetailedReason). Output: . Stderr: 
2025-08-10 21:48:17,725 - hybex_system.prolog_engine - WARNING - [Session:21b00fd2] SWI-Prolog exited with code 1 (attempt 2). Stderr: 
2025-08-10 21:48:17,725 - hybex_system.prolog_engine - WARNING - [Session:21b00fd2] Prolog query returned false/no or empty (attempt 2): generate_detailed_reasoning('case_21b00fd2_214514', DetailedReason). Output: . Stderr: 
2025-08-10 21:48:17,776 - hybex_system.prolog_engine - WARNING - [Session:21b00fd2] SWI-Prolog exited with code 1 (attempt 3). Stderr: 
2025-08-10 21:48:17,776 - hybex_system.prolog_engine - WARNING - [Session:21b00fd2] Prolog query returned false/no or empty (attempt 3): generate_detailed_reasoning('case_21b00fd2_214514', DetailedReason). Output: . Stderr: 
2025-08-10 21:49:17,803 - hybex_system.prolog_engine - ERROR - [Session:21b00fd2] Prolog query timeout (attempt 1): findall(Rule, applicable_rule('case_21b00fd2_214514', Rule, legal_aid), Rules)
2025-08-10 21:50:17,829 - hybex_system.prolog_engine - ERROR - [Session:21b00fd2] Prolog query timeout (attempt 2): findall(Rule, applicable_rule('case_21b00fd2_214514', Rule, legal_aid), Rules)
2025-08-10 21:51:17,849 - hybex_system.prolog_engine - ERROR - [Session:21b00fd2] Prolog query timeout (attempt 3): findall(Rule, applicable_rule('case_21b00fd2_214514', Rule, legal_aid), Rules)
2025-08-10 21:51:17,849 - hybex_system.prolog_engine - INFO - [Session:21b00fd2] Comprehensive legal analysis complete for case_21b00fd2_214514: Eligible=False, Confidence=0.90
2025-08-10 21:51:17,885 - hybex_system.prolog_engine - INFO - [Session:21b00fd2] 🧠 Starting comprehensive legal analysis for case_21b00fd2_215117
2025-08-10 21:51:17,885 - hybex_system.prolog_engine - INFO - [Session:21b00fd2] 🎯 Detected domain 'general_legal_aid' for case type 'family law'
2025-08-10 21:51:17,885 - hybex_system.prolog_engine - INFO - [Session:21b00fd2] 🎯 Using domain-specific rules for: ['general_legal_aid']
2025-08-10 21:51:17,885 - hybex_system.prolog_engine - INFO - [Session:21b00fd2] Generated 11 comprehensive Prolog facts for case_21b00fd2_215117
2025-08-10 21:51:17,885 - hybex_system.prolog_engine - INFO - [Session:21b00fd2] 📂 Selected files for domain 'general_legal_aid': ['foundational_rules_clean.pl', 'legal_aid_clean.pl']
2025-08-10 21:51:17,885 - hybex_system.prolog_engine - INFO - [Session:21b00fd2] ✅ Loaded modular file: foundational_rules_clean.pl
2025-08-10 21:51:17,892 - hybex_system.prolog_engine - INFO - [Session:21b00fd2] ✅ Loaded modular file: legal_aid_clean.pl
2025-08-10 21:51:17,892 - hybex_system.prolog_engine - INFO - [Session:21b00fd2] 🔍 DEBUG: Modular Prolog file content:
2025-08-10 21:51:17,933 - hybex_system.prolog_engine - INFO - [Session:21b00fd2] Modular file (5535 chars):
% HybEx-Law Modular Legal Reasoning Session: 21b00fd2
% Domain: general_legal_aid
% Generated: 2025-08-10T21:51:17.885529

% DISCONTIGUOUS DIRECTIVES
:- discontiguous person/1.
:- discontiguous eligible_for_legal_aid/1.
:- discontiguous categorically_eligible/1.
:- discontiguous income_eligible/1.
:- discontiguous social_category/2.
:- discontiguous annual_income/2.
:- discontiguous case_type/2.
:- discontiguous generate_detailed_reasoning/2.
:- discontiguous primary_eligibility_reason/2.
:- discontiguous applicable_rule/3.
:- discontiguous vulnerable_group/2.
:- discontiguous gender/2.
:- discontiguous age/2.

% LOADING: foundational_rules_clean.pl
% ============================================================================
% FOUNDATIONAL PREDICATES AND UTILITY RULES
% This file contains only generic, reusable predicates.
% All case-specific facts (e.g., age, income) must be provided by Python.
% ============================================================================

% Simple ...
2025-08-10 21:51:17,933 - hybex_system.prolog_engine - INFO - [Session:21b00fd2] ✅ Created MODULAR Prolog file: C:\Users\OMEN19~1\AppData\Local\Temp\tmpb56p1asw.pl with 2 domain modules
2025-08-10 21:51:17,933 - hybex_system.prolog_engine - INFO - [Session:21b00fd2] 🎯 Ultra-fast eligibility check for case_21b00fd2_215117
2025-08-10 21:51:18,036 - hybex_system.prolog_engine - WARNING - [Session:21b00fd2] SWI-Prolog exited with code 2 (attempt 1). Stderr: ERROR: -g ['C:/Users/OMEN19~1/AppData/Local/Temp/tmpb56p1asw.pl'], eligible_for_legal_aid('case_21b00fd2_215117').: vulnerable_group/2: Unknown procedure: disability_status/2
2025-08-10 21:51:18,039 - hybex_system.prolog_engine - INFO - [Session:21b00fd2] ❌ FAST RESULT: Not eligible - Prolog syntax or fatal error: ERROR: -g ['C:/Users/OMEN19~1/AppData/Local/Temp/tmpb56p1asw.pl'], eligible_for_legal_aid('case_21b00fd2_215117').: vulnerable_group/2: Unknown procedure: disability_status/2
2025-08-10 21:51:18,131 - hybex_system.prolog_engine - WARNING - [Session:21b00fd2] SWI-Prolog exited with code 2 (attempt 1). Stderr: ERROR: -g ['C:/Users/OMEN19~1/AppData/Local/Temp/tmpb56p1asw.pl'], primary_eligibility_reason('case_21b00fd2_215117', Reason).: vulnerable_group/2: Unknown procedure: disability_status/2
2025-08-10 21:51:18,210 - hybex_system.prolog_engine - WARNING - [Session:21b00fd2] SWI-Prolog exited with code 1 (attempt 1). Stderr: 
2025-08-10 21:51:18,210 - hybex_system.prolog_engine - WARNING - [Session:21b00fd2] Prolog query returned false/no or empty (attempt 1): generate_detailed_reasoning('case_21b00fd2_215117', DetailedReason). Output: . Stderr: 
2025-08-10 21:51:18,269 - hybex_system.prolog_engine - WARNING - [Session:21b00fd2] SWI-Prolog exited with code 1 (attempt 2). Stderr: 
2025-08-10 21:51:18,269 - hybex_system.prolog_engine - WARNING - [Session:21b00fd2] Prolog query returned false/no or empty (attempt 2): generate_detailed_reasoning('case_21b00fd2_215117', DetailedReason). Output: . Stderr: 
2025-08-10 21:51:18,362 - hybex_system.prolog_engine - WARNING - [Session:21b00fd2] SWI-Prolog exited with code 1 (attempt 3). Stderr: 
2025-08-10 21:51:18,364 - hybex_system.prolog_engine - WARNING - [Session:21b00fd2] Prolog query returned false/no or empty (attempt 3): generate_detailed_reasoning('case_21b00fd2_215117', DetailedReason). Output: . Stderr: 
