2025-08-10 22:14:52,328 - hybex_system.prolog_engine - INFO - [Session:32aedee2] Added file handler to PrologEngine logger.
2025-08-10 22:14:52,328 - hybex_system.prolog_engine - INFO - [Session:32aedee2] ======================================================================
2025-08-10 22:14:52,328 - hybex_system.prolog_engine - INFO - [Session:32aedee2] Starting HybEx-Law Comprehensive Prolog Reasoning Engine
2025-08-10 22:14:52,328 - hybex_system.prolog_engine - INFO - [Session:32aedee2] Session ID: 32aedee2
2025-08-10 22:14:52,328 - hybex_system.prolog_engine - INFO - [Session:32aedee2] Configuration: {'config_source': 'verified_fallback', 'last_updated': None, 'validation_status': 'unvalidated', 'primary_act': 'Legal Services Authorities Act, 1987', 'income_thresholds': {'general': 500000, 'sc_st': 800000, 'obc': 600000, 'bpl': 0, 'ews': 800000}, 'real_data_available': False, 'sources_count': 0}
2025-08-10 22:14:52,328 - hybex_system.prolog_engine - INFO - [Session:32aedee2] ======================================================================
2025-08-10 22:14:52,328 - hybex_system.prolog_engine - INFO - [Session:32aedee2] Using verified fallback knowledge base with 105 comprehensive rules
2025-08-10 22:14:52,328 - hybex_system.prolog_engine - INFO - [Session:32aedee2] Attempting to load rules from: d:\Code_stuff\NLP\multi_domain_legal\knowledge_base\multi_domain_rules.py
2025-08-10 22:14:52,328 - hybex_system.prolog_engine - INFO - [Session:32aedee2] Successfully loaded MULTI_DOMAIN_LEGAL_RULES from knowledge base.
2025-08-10 22:14:52,328 - hybex_system.prolog_engine - INFO - [Session:32aedee2] Parsing comprehensive multi-domain legal rules from knowledge base.
2025-08-10 22:14:52,328 - hybex_system.prolog_engine - INFO - [Session:32aedee2] Initialized Comprehensive PrologEngine (Session: 32aedee2, Available: True)
2025-08-10 22:14:52,328 - hybex_system.prolog_engine - INFO - [Session:32aedee2] Loaded 9 rule categories with 145 total rules
2025-08-10 22:14:52,328 - hybex_system.prolog_engine - INFO - [Session:32aedee2] Comprehensive rules actually loaded: True
2025-08-10 22:14:52,328 - hybex_system.prolog_engine - INFO - [Session:32aedee2] 🧠 Starting comprehensive legal analysis for case_32aedee2_221452
2025-08-10 22:14:52,328 - hybex_system.prolog_engine - INFO - [Session:32aedee2] 🎯 Detected domain 'general_legal_aid' for case type ''
2025-08-10 22:14:52,328 - hybex_system.prolog_engine - INFO - [Session:32aedee2] 🎯 Using domain-specific rules for: ['general_legal_aid']
2025-08-10 22:14:52,328 - hybex_system.prolog_engine - INFO - [Session:32aedee2] Generated 12 comprehensive Prolog facts for case_32aedee2_221452
2025-08-10 22:14:52,342 - hybex_system.prolog_engine - INFO - [Session:32aedee2] 📂 Selected files for domain 'general_legal_aid': ['foundational_rules_clean.pl', 'legal_aid_clean.pl']
2025-08-10 22:14:52,343 - hybex_system.prolog_engine - INFO - [Session:32aedee2] ✅ Loaded modular file: foundational_rules_clean.pl
2025-08-10 22:14:52,345 - hybex_system.prolog_engine - INFO - [Session:32aedee2] ✅ Loaded modular file: legal_aid_clean.pl
2025-08-10 22:14:52,345 - hybex_system.prolog_engine - INFO - [Session:32aedee2] 🔍 DEBUG: Modular Prolog file content:
2025-08-10 22:14:52,370 - hybex_system.prolog_engine - INFO - [Session:32aedee2] Modular file (6023 chars):
% HybEx-Law Modular Legal Reasoning Session: 32aedee2
% Domain: general_legal_aid
% Generated: 2025-08-10T22:14:52.342738

% DISCONTIGUOUS DIRECTIVES
:- discontiguous person/1.
:- discontiguous eligible_for_legal_aid/1.
:- discontiguous categorically_eligible/1.
:- discontiguous income_eligible/1.
:- discontiguous social_category/2.
:- discontiguous annual_income/2.
:- discontiguous case_type/2.
:- discontiguous generate_detailed_reasoning/2.
:- discontiguous primary_eligibility_reason/2.
:- discontiguous applicable_rule/3.
:- discontiguous vulnerable_group/2.
:- discontiguous gender/2.
:- discontiguous age/2.

% LOADING: foundational_rules_clean.pl
% ============================================================================
% FOUNDATIONAL PREDICATES AND UTILITY RULES
% This file contains only generic, reusable predicates.
% All case-specific facts (e.g., age, income) must be provided by Python.
% ============================================================================

% Simple ...
2025-08-10 22:14:52,372 - hybex_system.prolog_engine - INFO - [Session:32aedee2] ✅ Created MODULAR Prolog file: C:\Users\OMEN19~1\AppData\Local\Temp\tmpuxnmnuec.pl with 2 domain modules
2025-08-10 22:14:52,372 - hybex_system.prolog_engine - INFO - [Session:32aedee2] 🎯 Ultra-fast eligibility check for case_32aedee2_221452
2025-08-10 22:14:55,386 - hybex_system.prolog_engine - ERROR - [Session:32aedee2] Prolog query timeout (attempt 1): eligible_for_legal_aid('case_32aedee2_221452')
2025-08-10 22:14:55,386 - hybex_system.prolog_engine - INFO - [Session:32aedee2] ❌ FAST RESULT: Not eligible - Query timeout after 1 attempts
2025-08-10 22:15:55,400 - hybex_system.prolog_engine - ERROR - [Session:32aedee2] Prolog query timeout (attempt 1): primary_eligibility_reason('case_32aedee2_221452', Reason)
2025-08-10 22:16:55,428 - hybex_system.prolog_engine - ERROR - [Session:32aedee2] Prolog query timeout (attempt 2): primary_eligibility_reason('case_32aedee2_221452', Reason)
2025-08-10 22:17:55,463 - hybex_system.prolog_engine - ERROR - [Session:32aedee2] Prolog query timeout (attempt 3): primary_eligibility_reason('case_32aedee2_221452', Reason)
2025-08-10 22:17:55,580 - hybex_system.prolog_engine - WARNING - [Session:32aedee2] SWI-Prolog exited with code 1 (attempt 1). Stderr: 
2025-08-10 22:17:55,580 - hybex_system.prolog_engine - WARNING - [Session:32aedee2] Prolog query returned false/no or empty (attempt 1): generate_detailed_reasoning('case_32aedee2_221452', DetailedReason). Output: . Stderr: 
2025-08-10 22:17:55,649 - hybex_system.prolog_engine - WARNING - [Session:32aedee2] SWI-Prolog exited with code 1 (attempt 2). Stderr: 
2025-08-10 22:17:55,649 - hybex_system.prolog_engine - WARNING - [Session:32aedee2] Prolog query returned false/no or empty (attempt 2): generate_detailed_reasoning('case_32aedee2_221452', DetailedReason). Output: . Stderr: 
2025-08-10 22:17:55,708 - hybex_system.prolog_engine - WARNING - [Session:32aedee2] SWI-Prolog exited with code 1 (attempt 3). Stderr: 
2025-08-10 22:17:55,708 - hybex_system.prolog_engine - WARNING - [Session:32aedee2] Prolog query returned false/no or empty (attempt 3): generate_detailed_reasoning('case_32aedee2_221452', DetailedReason). Output: . Stderr: 
2025-08-10 22:18:55,750 - hybex_system.prolog_engine - ERROR - [Session:32aedee2] Prolog query timeout (attempt 1): findall(Rule, applicable_rule('case_32aedee2_221452', Rule, legal_aid), Rules)
