2025-08-11 12:35:46,857 - hybex_system.prolog_engine - INFO - [Session:72f3fb6c] Added file handler to PrologEngine logger.
2025-08-11 12:35:46,858 - hybex_system.prolog_engine - INFO - [Session:72f3fb6c] ======================================================================
2025-08-11 12:35:46,858 - hybex_system.prolog_engine - INFO - [Session:72f3fb6c] Starting HybEx-Law Comprehensive Prolog Reasoning Engine
2025-08-11 12:35:46,858 - hybex_system.prolog_engine - INFO - [Session:72f3fb6c] Session ID: 72f3fb6c
2025-08-11 12:35:46,858 - hybex_system.prolog_engine - INFO - [Session:72f3fb6c] Configuration: {'config_source': 'verified_fallback', 'last_updated': None, 'validation_status': 'unvalidated', 'primary_act': 'Legal Services Authorities Act, 1987', 'income_thresholds': {'general': 500000, 'sc_st': 800000, 'obc': 600000, 'bpl': 0, 'ews': 800000}, 'real_data_available': False, 'sources_count': 0}
2025-08-11 12:35:46,858 - hybex_system.prolog_engine - INFO - [Session:72f3fb6c] ======================================================================
2025-08-11 12:35:46,858 - hybex_system.prolog_engine - INFO - [Session:72f3fb6c] Using verified fallback knowledge base with 105 comprehensive rules
2025-08-11 12:35:46,858 - hybex_system.prolog_engine - INFO - [Session:72f3fb6c] Attempting to load rules from: d:\Code_stuff\NLP\multi_domain_legal\knowledge_base\multi_domain_rules.py
2025-08-11 12:35:46,863 - hybex_system.prolog_engine - INFO - [Session:72f3fb6c] Successfully loaded MULTI_DOMAIN_LEGAL_RULES from knowledge base.
2025-08-11 12:35:46,863 - hybex_system.prolog_engine - INFO - [Session:72f3fb6c] Parsing comprehensive multi-domain legal rules from knowledge base.
2025-08-11 12:35:46,868 - hybex_system.prolog_engine - INFO - [Session:72f3fb6c] Initialized Comprehensive PrologEngine (Session: 72f3fb6c, Available: True)
2025-08-11 12:35:46,868 - hybex_system.prolog_engine - INFO - [Session:72f3fb6c] Loaded 9 rule categories with 145 total rules
2025-08-11 12:35:46,868 - hybex_system.prolog_engine - INFO - [Session:72f3fb6c] Comprehensive rules actually loaded: True
2025-08-11 12:35:46,868 - hybex_system.prolog_engine - INFO - [Session:72f3fb6c] 🧠 Starting comprehensive legal analysis for case_72f3fb6c_123546
2025-08-11 12:35:46,870 - hybex_system.prolog_engine - INFO - [Session:72f3fb6c] 🎯 Detected domain 'general_legal_aid' for case type ''
2025-08-11 12:35:46,870 - hybex_system.prolog_engine - INFO - [Session:72f3fb6c] 🎯 Using domain-specific rules for: ['general_legal_aid']
2025-08-11 12:35:46,871 - hybex_system.prolog_engine - INFO - [Session:72f3fb6c] Generated 12 comprehensive Prolog facts for case_72f3fb6c_123546
2025-08-11 12:35:46,872 - hybex_system.prolog_engine - INFO - [Session:72f3fb6c] 📂 Selected files for domain 'general_legal_aid': ['foundational_rules_clean.pl', 'legal_aid_clean_v2.pl']
2025-08-11 12:35:46,873 - hybex_system.prolog_engine - INFO - [Session:72f3fb6c] ✅ Loaded modular file: foundational_rules_clean.pl
2025-08-11 12:35:46,874 - hybex_system.prolog_engine - INFO - [Session:72f3fb6c] ✅ Loaded modular file: legal_aid_clean_v2.pl
2025-08-11 12:35:46,875 - hybex_system.prolog_engine - INFO - [Session:72f3fb6c] 🔍 DEBUG: Modular Prolog file content:
2025-08-11 12:35:46,903 - hybex_system.prolog_engine - INFO - [Session:72f3fb6c] Modular file (6959 chars):
% HybEx-Law Modular Legal Reasoning Session: 72f3fb6c
% Domain: general_legal_aid
% Generated: 2025-08-11T12:35:46.872512

% DISCONTIGUOUS DIRECTIVES
:- discontiguous person/1.
:- discontiguous eligible_for_legal_aid/1.
:- discontiguous categorically_eligible/1.
:- discontiguous income_eligible/1.
:- discontiguous social_category/2.
:- discontiguous annual_income/2.
:- discontiguous case_type/2.
:- discontiguous generate_detailed_reasoning/2.
:- discontiguous primary_eligibility_reason/2.
:- discontiguous applicable_rule/3.
:- discontiguous vulnerable_group/2.
:- discontiguous gender/2.
:- discontiguous age/2.

% LOADING: foundational_rules_clean.pl
% ============================================================================
% FOUNDATIONAL PREDICATES AND UTILITY RULES - CORRECTED AND ROBUST
% This file contains only generic, reusable predicates.
% All case-specific facts (e.g., age, income) must be provided by Python.
% ================================================================...
2025-08-11 12:35:46,907 - hybex_system.prolog_engine - INFO - [Session:72f3fb6c] ✅ Created MODULAR Prolog file: C:\Users\OMEN19~1\AppData\Local\Temp\tmpwdqhkm2m.pl with 2 domain modules
2025-08-11 12:35:46,907 - hybex_system.prolog_engine - INFO - [Session:72f3fb6c] 🎯 Ultra-fast eligibility check for case_72f3fb6c_123546
2025-08-11 12:35:46,907 - hybex_system.prolog_engine - INFO - [Session:72f3fb6c] Executing SWI-Prolog command: swipl -q -g ['C:/Users/OMEN19~1/AppData/Local/Temp/tmpwdqhkm2m.pl'], eligible_for_legal_aid('case_72f3fb6c_123546'), halt --stack-limit=2g --traditional
2025-08-11 12:35:46,978 - hybex_system.prolog_engine - INFO - [Session:72f3fb6c] Prolog query successful (attempt 1): eligible_for_legal_aid('case_72f3fb6c_123546')
2025-08-11 12:35:46,978 - hybex_system.prolog_engine - INFO - [Session:72f3fb6c] ✅ FAST SUCCESS: Basic eligibility confirmed for case_72f3fb6c_123546
2025-08-11 12:35:46,978 - hybex_system.prolog_engine - INFO - [Session:72f3fb6c] Executing SWI-Prolog command: swipl -q -g consult('C:/Users/OMEN19~1/AppData/Local/Temp/tmpwdqhkm2m.pl'), primary_eligibility_reason('case_72f3fb6c_123546', Reason), format('Reason:~q~n', [Reason]), halt.
2025-08-11 12:35:47,069 - hybex_system.prolog_engine - INFO - [Session:72f3fb6c] Executing SWI-Prolog command: swipl -q -g consult('C:/Users/OMEN19~1/AppData/Local/Temp/tmpwdqhkm2m.pl'), generate_detailed_reasoning('case_72f3fb6c_123546', DetailedReason), format('DetailedReason:~q~n', [DetailedReason]), halt.
2025-08-11 12:35:47,157 - hybex_system.prolog_engine - INFO - [Session:72f3fb6c] DEBUG: Detailed reasoning results: [{'DetailedReason': 'Eligible due to vulnerable group status. Vulnerable group eligibility under Section 12 of Legal Services Authorities Act for women, children, seniors, disabled, etc.'}]
2025-08-11 12:35:47,157 - hybex_system.prolog_engine - INFO - [Session:72f3fb6c] DEBUG: Parsed detailed_reason: Eligible due to vulnerable group status. Vulnerable group eligibility under Section 12 of Legal Services Authorities Act for women, children, seniors, disabled, etc.
2025-08-11 12:35:47,158 - hybex_system.prolog_engine - INFO - [Session:72f3fb6c] Executing SWI-Prolog command: swipl -q -g consult('C:/Users/OMEN19~1/AppData/Local/Temp/tmpwdqhkm2m.pl'), findall(Rule, applicable_rule('case_72f3fb6c_123546', Rule, legal_aid), Rules), format('Rules:~q~n', [Rules]), halt.
2025-08-11 12:35:47,214 - hybex_system.prolog_engine - INFO - [Session:72f3fb6c] DEBUG: Rules results: [{'Rules': '[vulnerable_group_eligibility,vulnerable_group_eligibility,vulnerable_group_eligibility,income_based_eligibility]'}]
2025-08-11 12:35:47,214 - hybex_system.prolog_engine - INFO - [Session:72f3fb6c] DEBUG: Raw rules string: vulnerable_group_eligibility,vulnerable_group_eligibility,vulnerable_group_eligibility,income_based_eligibility
2025-08-11 12:35:47,214 - hybex_system.prolog_engine - INFO - [Session:72f3fb6c] DEBUG: Parsed applicable_rules: ['vulnerable_group_eligibility', 'vulnerable_group_eligibility', 'vulnerable_group_eligibility', 'income_based_eligibility']
2025-08-11 12:35:47,214 - hybex_system.prolog_engine - INFO - [Session:72f3fb6c] Comprehensive legal analysis complete for case_72f3fb6c_123546: Eligible=True, Confidence=0.90
2025-08-11 12:35:47,228 - hybex_system.prolog_engine - INFO - [Session:72f3fb6c] 🧠 Starting comprehensive legal analysis for case_72f3fb6c_123547
2025-08-11 12:35:47,228 - hybex_system.prolog_engine - INFO - [Session:72f3fb6c] 🎯 Detected domain 'general_legal_aid' for case type 'family law'
2025-08-11 12:35:47,228 - hybex_system.prolog_engine - INFO - [Session:72f3fb6c] 🎯 Using domain-specific rules for: ['general_legal_aid']
2025-08-11 12:35:47,228 - hybex_system.prolog_engine - INFO - [Session:72f3fb6c] Generated 13 comprehensive Prolog facts for case_72f3fb6c_123547
2025-08-11 12:35:47,228 - hybex_system.prolog_engine - INFO - [Session:72f3fb6c] 📂 Selected files for domain 'general_legal_aid': ['foundational_rules_clean.pl', 'legal_aid_clean_v2.pl']
2025-08-11 12:35:47,234 - hybex_system.prolog_engine - INFO - [Session:72f3fb6c] ✅ Loaded modular file: foundational_rules_clean.pl
2025-08-11 12:35:47,236 - hybex_system.prolog_engine - INFO - [Session:72f3fb6c] ✅ Loaded modular file: legal_aid_clean_v2.pl
2025-08-11 12:35:47,236 - hybex_system.prolog_engine - INFO - [Session:72f3fb6c] 🔍 DEBUG: Modular Prolog file content:
2025-08-11 12:35:47,258 - hybex_system.prolog_engine - INFO - [Session:72f3fb6c] Modular file (7007 chars):
% HybEx-Law Modular Legal Reasoning Session: 72f3fb6c
% Domain: general_legal_aid
% Generated: 2025-08-11T12:35:47.228821

% DISCONTIGUOUS DIRECTIVES
:- discontiguous person/1.
:- discontiguous eligible_for_legal_aid/1.
:- discontiguous categorically_eligible/1.
:- discontiguous income_eligible/1.
:- discontiguous social_category/2.
:- discontiguous annual_income/2.
:- discontiguous case_type/2.
:- discontiguous generate_detailed_reasoning/2.
:- discontiguous primary_eligibility_reason/2.
:- discontiguous applicable_rule/3.
:- discontiguous vulnerable_group/2.
:- discontiguous gender/2.
:- discontiguous age/2.

% LOADING: foundational_rules_clean.pl
% ============================================================================
% FOUNDATIONAL PREDICATES AND UTILITY RULES - CORRECTED AND ROBUST
% This file contains only generic, reusable predicates.
% All case-specific facts (e.g., age, income) must be provided by Python.
% ================================================================...
2025-08-11 12:35:47,261 - hybex_system.prolog_engine - INFO - [Session:72f3fb6c] ✅ Created MODULAR Prolog file: C:\Users\OMEN19~1\AppData\Local\Temp\tmpsc6mny31.pl with 2 domain modules
2025-08-11 12:35:47,262 - hybex_system.prolog_engine - INFO - [Session:72f3fb6c] 🎯 Ultra-fast eligibility check for case_72f3fb6c_123547
2025-08-11 12:35:47,262 - hybex_system.prolog_engine - INFO - [Session:72f3fb6c] Executing SWI-Prolog command: swipl -q -g ['C:/Users/OMEN19~1/AppData/Local/Temp/tmpsc6mny31.pl'], eligible_for_legal_aid('case_72f3fb6c_123547'), halt --stack-limit=2g --traditional
2025-08-11 12:35:47,343 - hybex_system.prolog_engine - INFO - [Session:72f3fb6c] Prolog query successful (attempt 1): eligible_for_legal_aid('case_72f3fb6c_123547')
2025-08-11 12:35:47,344 - hybex_system.prolog_engine - INFO - [Session:72f3fb6c] ✅ FAST SUCCESS: Basic eligibility confirmed for case_72f3fb6c_123547
2025-08-11 12:35:47,344 - hybex_system.prolog_engine - INFO - [Session:72f3fb6c] Executing SWI-Prolog command: swipl -q -g consult('C:/Users/OMEN19~1/AppData/Local/Temp/tmpsc6mny31.pl'), primary_eligibility_reason('case_72f3fb6c_123547', Reason), format('Reason:~q~n', [Reason]), halt.
2025-08-11 12:35:47,421 - hybex_system.prolog_engine - INFO - [Session:72f3fb6c] Executing SWI-Prolog command: swipl -q -g consult('C:/Users/OMEN19~1/AppData/Local/Temp/tmpsc6mny31.pl'), generate_detailed_reasoning('case_72f3fb6c_123547', DetailedReason), format('DetailedReason:~q~n', [DetailedReason]), halt.
2025-08-11 12:35:47,486 - hybex_system.prolog_engine - INFO - [Session:72f3fb6c] DEBUG: Detailed reasoning results: [{'DetailedReason': 'Eligible due to vulnerable group status. Vulnerable group eligibility under Section 12 of Legal Services Authorities Act for women, children, seniors, disabled, etc.'}]
2025-08-11 12:35:47,487 - hybex_system.prolog_engine - INFO - [Session:72f3fb6c] DEBUG: Parsed detailed_reason: Eligible due to vulnerable group status. Vulnerable group eligibility under Section 12 of Legal Services Authorities Act for women, children, seniors, disabled, etc.
2025-08-11 12:35:47,487 - hybex_system.prolog_engine - INFO - [Session:72f3fb6c] Executing SWI-Prolog command: swipl -q -g consult('C:/Users/OMEN19~1/AppData/Local/Temp/tmpsc6mny31.pl'), findall(Rule, applicable_rule('case_72f3fb6c_123547', Rule, legal_aid), Rules), format('Rules:~q~n', [Rules]), halt.
2025-08-11 12:35:47,571 - hybex_system.prolog_engine - INFO - [Session:72f3fb6c] DEBUG: Rules results: [{'Rules': '[vulnerable_group_eligibility,vulnerable_group_eligibility,vulnerable_group_eligibility,income_based_eligibility]'}]
2025-08-11 12:35:47,571 - hybex_system.prolog_engine - INFO - [Session:72f3fb6c] DEBUG: Raw rules string: vulnerable_group_eligibility,vulnerable_group_eligibility,vulnerable_group_eligibility,income_based_eligibility
2025-08-11 12:35:47,571 - hybex_system.prolog_engine - INFO - [Session:72f3fb6c] DEBUG: Parsed applicable_rules: ['vulnerable_group_eligibility', 'vulnerable_group_eligibility', 'vulnerable_group_eligibility', 'income_based_eligibility']
2025-08-11 12:35:47,571 - hybex_system.prolog_engine - INFO - [Session:72f3fb6c] Comprehensive legal analysis complete for case_72f3fb6c_123547: Eligible=True, Confidence=0.90
2025-08-11 12:35:47,583 - hybex_system.prolog_engine - INFO - [Session:72f3fb6c] 🧠 Starting comprehensive legal analysis for case_72f3fb6c_123547
2025-08-11 12:35:47,583 - hybex_system.prolog_engine - INFO - [Session:72f3fb6c] 🎯 Detected domain 'general_legal_aid' for case type ''
2025-08-11 12:35:47,584 - hybex_system.prolog_engine - INFO - [Session:72f3fb6c] 🎯 Using domain-specific rules for: ['general_legal_aid']
2025-08-11 12:35:47,584 - hybex_system.prolog_engine - INFO - [Session:72f3fb6c] Generated 12 comprehensive Prolog facts for case_72f3fb6c_123547
2025-08-11 12:35:47,585 - hybex_system.prolog_engine - INFO - [Session:72f3fb6c] 📂 Selected files for domain 'general_legal_aid': ['foundational_rules_clean.pl', 'legal_aid_clean_v2.pl']
2025-08-11 12:35:47,586 - hybex_system.prolog_engine - INFO - [Session:72f3fb6c] ✅ Loaded modular file: foundational_rules_clean.pl
2025-08-11 12:35:47,587 - hybex_system.prolog_engine - INFO - [Session:72f3fb6c] ✅ Loaded modular file: legal_aid_clean_v2.pl
2025-08-11 12:35:47,587 - hybex_system.prolog_engine - INFO - [Session:72f3fb6c] 🔍 DEBUG: Modular Prolog file content:
2025-08-11 12:35:47,611 - hybex_system.prolog_engine - INFO - [Session:72f3fb6c] Modular file (6962 chars):
% HybEx-Law Modular Legal Reasoning Session: 72f3fb6c
% Domain: general_legal_aid
% Generated: 2025-08-11T12:35:47.585252

% DISCONTIGUOUS DIRECTIVES
:- discontiguous person/1.
:- discontiguous eligible_for_legal_aid/1.
:- discontiguous categorically_eligible/1.
:- discontiguous income_eligible/1.
:- discontiguous social_category/2.
:- discontiguous annual_income/2.
:- discontiguous case_type/2.
:- discontiguous generate_detailed_reasoning/2.
:- discontiguous primary_eligibility_reason/2.
:- discontiguous applicable_rule/3.
:- discontiguous vulnerable_group/2.
:- discontiguous gender/2.
:- discontiguous age/2.

% LOADING: foundational_rules_clean.pl
% ============================================================================
% FOUNDATIONAL PREDICATES AND UTILITY RULES - CORRECTED AND ROBUST
% This file contains only generic, reusable predicates.
% All case-specific facts (e.g., age, income) must be provided by Python.
% ================================================================...
2025-08-11 12:35:47,612 - hybex_system.prolog_engine - INFO - [Session:72f3fb6c] ✅ Created MODULAR Prolog file: C:\Users\OMEN19~1\AppData\Local\Temp\tmpbgyst4_x.pl with 2 domain modules
2025-08-11 12:35:47,613 - hybex_system.prolog_engine - INFO - [Session:72f3fb6c] 🎯 Ultra-fast eligibility check for case_72f3fb6c_123547
2025-08-11 12:35:47,613 - hybex_system.prolog_engine - INFO - [Session:72f3fb6c] Executing SWI-Prolog command: swipl -q -g ['C:/Users/OMEN19~1/AppData/Local/Temp/tmpbgyst4_x.pl'], eligible_for_legal_aid('case_72f3fb6c_123547'), halt --stack-limit=2g --traditional
2025-08-11 12:35:47,686 - hybex_system.prolog_engine - INFO - [Session:72f3fb6c] Prolog query successful (attempt 1): eligible_for_legal_aid('case_72f3fb6c_123547')
2025-08-11 12:35:47,686 - hybex_system.prolog_engine - INFO - [Session:72f3fb6c] ✅ FAST SUCCESS: Basic eligibility confirmed for case_72f3fb6c_123547
2025-08-11 12:35:47,687 - hybex_system.prolog_engine - INFO - [Session:72f3fb6c] Executing SWI-Prolog command: swipl -q -g consult('C:/Users/OMEN19~1/AppData/Local/Temp/tmpbgyst4_x.pl'), primary_eligibility_reason('case_72f3fb6c_123547', Reason), format('Reason:~q~n', [Reason]), halt.
2025-08-11 12:35:47,753 - hybex_system.prolog_engine - INFO - [Session:72f3fb6c] Executing SWI-Prolog command: swipl -q -g consult('C:/Users/OMEN19~1/AppData/Local/Temp/tmpbgyst4_x.pl'), generate_detailed_reasoning('case_72f3fb6c_123547', DetailedReason), format('DetailedReason:~q~n', [DetailedReason]), halt.
2025-08-11 12:35:47,810 - hybex_system.prolog_engine - INFO - [Session:72f3fb6c] DEBUG: Detailed reasoning results: [{'DetailedReason': 'Eligible due to categorical status (SC/ST/OBC/BPL). Categorical eligibility under Legal Services Authorities Act, 1987 for SC/ST/OBC/BPL categories, regardless of income.'}]
2025-08-11 12:35:47,810 - hybex_system.prolog_engine - INFO - [Session:72f3fb6c] DEBUG: Parsed detailed_reason: Eligible due to categorical status (SC/ST/OBC/BPL). Categorical eligibility under Legal Services Authorities Act, 1987 for SC/ST/OBC/BPL categories, regardless of income.
2025-08-11 12:35:47,810 - hybex_system.prolog_engine - INFO - [Session:72f3fb6c] Executing SWI-Prolog command: swipl -q -g consult('C:/Users/OMEN19~1/AppData/Local/Temp/tmpbgyst4_x.pl'), findall(Rule, applicable_rule('case_72f3fb6c_123547', Rule, legal_aid), Rules), format('Rules:~q~n', [Rules]), halt.
2025-08-11 12:35:47,904 - hybex_system.prolog_engine - INFO - [Session:72f3fb6c] DEBUG: Rules results: [{'Rules': '[categorical_eligibility,vulnerable_group_eligibility,vulnerable_group_eligibility,income_based_eligibility]'}]
2025-08-11 12:35:47,904 - hybex_system.prolog_engine - INFO - [Session:72f3fb6c] DEBUG: Raw rules string: categorical_eligibility,vulnerable_group_eligibility,vulnerable_group_eligibility,income_based_eligibility
2025-08-11 12:35:47,907 - hybex_system.prolog_engine - INFO - [Session:72f3fb6c] DEBUG: Parsed applicable_rules: ['categorical_eligibility', 'vulnerable_group_eligibility', 'vulnerable_group_eligibility', 'income_based_eligibility']
2025-08-11 12:35:47,907 - hybex_system.prolog_engine - INFO - [Session:72f3fb6c] Comprehensive legal analysis complete for case_72f3fb6c_123547: Eligible=True, Confidence=0.95
