2025-08-11 12:23:15,789 - hybex_system.prolog_engine - INFO - [Session:a64fffa7] Added file handler to PrologEngine logger.
2025-08-11 12:23:15,789 - hybex_system.prolog_engine - INFO - [Session:a64fffa7] ======================================================================
2025-08-11 12:23:15,791 - hybex_system.prolog_engine - INFO - [Session:a64fffa7] Starting HybEx-Law Comprehensive Prolog Reasoning Engine
2025-08-11 12:23:15,791 - hybex_system.prolog_engine - INFO - [Session:a64fffa7] Session ID: a64fffa7
2025-08-11 12:23:15,792 - hybex_system.prolog_engine - INFO - [Session:a64fffa7] Configuration: {'config_source': 'verified_fallback', 'last_updated': None, 'validation_status': 'unvalidated', 'primary_act': 'Legal Services Authorities Act, 1987', 'income_thresholds': {'general': 500000, 'sc_st': 800000, 'obc': 600000, 'bpl': 0, 'ews': 800000}, 'real_data_available': False, 'sources_count': 0}
2025-08-11 12:23:15,794 - hybex_system.prolog_engine - INFO - [Session:a64fffa7] ======================================================================
2025-08-11 12:23:15,794 - hybex_system.prolog_engine - INFO - [Session:a64fffa7] Using verified fallback knowledge base with 105 comprehensive rules
2025-08-11 12:23:15,795 - hybex_system.prolog_engine - INFO - [Session:a64fffa7] Attempting to load rules from: d:\Code_stuff\NLP\multi_domain_legal\knowledge_base\multi_domain_rules.py
2025-08-11 12:23:15,798 - hybex_system.prolog_engine - INFO - [Session:a64fffa7] Successfully loaded MULTI_DOMAIN_LEGAL_RULES from knowledge base.
2025-08-11 12:23:15,798 - hybex_system.prolog_engine - INFO - [Session:a64fffa7] Parsing comprehensive multi-domain legal rules from knowledge base.
2025-08-11 12:23:15,798 - hybex_system.prolog_engine - INFO - [Session:a64fffa7] Initialized Comprehensive PrologEngine (Session: a64fffa7, Available: True)
2025-08-11 12:23:15,798 - hybex_system.prolog_engine - INFO - [Session:a64fffa7] Loaded 9 rule categories with 145 total rules
2025-08-11 12:23:15,805 - hybex_system.prolog_engine - INFO - [Session:a64fffa7] Comprehensive rules actually loaded: True
2025-08-11 12:23:15,806 - hybex_system.prolog_engine - INFO - [Session:a64fffa7] 🧠 Starting comprehensive legal analysis for case_a64fffa7_122315
2025-08-11 12:23:15,806 - hybex_system.prolog_engine - INFO - [Session:a64fffa7] 🎯 Detected domain 'general_legal_aid' for case type ''
2025-08-11 12:23:15,806 - hybex_system.prolog_engine - INFO - [Session:a64fffa7] 🎯 Using domain-specific rules for: ['general_legal_aid']
2025-08-11 12:23:15,806 - hybex_system.prolog_engine - INFO - [Session:a64fffa7] Generated 12 comprehensive Prolog facts for case_a64fffa7_122315
2025-08-11 12:23:15,807 - hybex_system.prolog_engine - INFO - [Session:a64fffa7] 📂 Selected files for domain 'general_legal_aid': ['foundational_rules_clean.pl', 'legal_aid_clean_v2.pl']
2025-08-11 12:23:15,808 - hybex_system.prolog_engine - INFO - [Session:a64fffa7] ✅ Loaded modular file: foundational_rules_clean.pl
2025-08-11 12:23:15,810 - hybex_system.prolog_engine - INFO - [Session:a64fffa7] ✅ Loaded modular file: legal_aid_clean_v2.pl
2025-08-11 12:23:15,811 - hybex_system.prolog_engine - INFO - [Session:a64fffa7] 🔍 DEBUG: Modular Prolog file content:
2025-08-11 12:23:15,838 - hybex_system.prolog_engine - INFO - [Session:a64fffa7] Modular file (6959 chars):
% HybEx-Law Modular Legal Reasoning Session: a64fffa7
% Domain: general_legal_aid
% Generated: 2025-08-11T12:23:15.807424

% DISCONTIGUOUS DIRECTIVES
:- discontiguous person/1.
:- discontiguous eligible_for_legal_aid/1.
:- discontiguous categorically_eligible/1.
:- discontiguous income_eligible/1.
:- discontiguous social_category/2.
:- discontiguous annual_income/2.
:- discontiguous case_type/2.
:- discontiguous generate_detailed_reasoning/2.
:- discontiguous primary_eligibility_reason/2.
:- discontiguous applicable_rule/3.
:- discontiguous vulnerable_group/2.
:- discontiguous gender/2.
:- discontiguous age/2.

% LOADING: foundational_rules_clean.pl
% ============================================================================
% FOUNDATIONAL PREDICATES AND UTILITY RULES - CORRECTED AND ROBUST
% This file contains only generic, reusable predicates.
% All case-specific facts (e.g., age, income) must be provided by Python.
% ================================================================...
2025-08-11 12:23:15,839 - hybex_system.prolog_engine - INFO - [Session:a64fffa7] ✅ Created MODULAR Prolog file: C:\Users\OMEN19~1\AppData\Local\Temp\tmpigkj9m_u.pl with 2 domain modules
2025-08-11 12:23:15,839 - hybex_system.prolog_engine - INFO - [Session:a64fffa7] 🎯 Ultra-fast eligibility check for case_a64fffa7_122315
2025-08-11 12:23:15,840 - hybex_system.prolog_engine - INFO - [Session:a64fffa7] Executing SWI-Prolog command: swipl -q -g ['C:/Users/OMEN19~1/AppData/Local/Temp/tmpigkj9m_u.pl'], eligible_for_legal_aid('case_a64fffa7_122315'), halt --stack-limit=2g --traditional
2025-08-11 12:23:15,909 - hybex_system.prolog_engine - INFO - [Session:a64fffa7] Prolog query successful (attempt 1): eligible_for_legal_aid('case_a64fffa7_122315')
2025-08-11 12:23:15,909 - hybex_system.prolog_engine - INFO - [Session:a64fffa7] ✅ FAST SUCCESS: Basic eligibility confirmed for case_a64fffa7_122315
2025-08-11 12:23:15,909 - hybex_system.prolog_engine - INFO - [Session:a64fffa7] Executing SWI-Prolog command: swipl -q -g consult('C:/Users/OMEN19~1/AppData/Local/Temp/tmpigkj9m_u.pl'), primary_eligibility_reason('case_a64fffa7_122315', Reason), format('Reason:~q~n', [Reason]), halt.
2025-08-11 12:23:15,971 - hybex_system.prolog_engine - INFO - [Session:a64fffa7] Executing SWI-Prolog command: swipl -q -g consult('C:/Users/OMEN19~1/AppData/Local/Temp/tmpigkj9m_u.pl'), generate_detailed_reasoning('case_a64fffa7_122315', DetailedReason), format('DetailedReason:~q~n', [DetailedReason]), halt.
2025-08-11 12:23:16,025 - hybex_system.prolog_engine - INFO - [Session:a64fffa7] Executing SWI-Prolog command: swipl -q -g consult('C:/Users/OMEN19~1/AppData/Local/Temp/tmpigkj9m_u.pl'), findall(Rule, applicable_rule('case_a64fffa7_122315', Rule, legal_aid), Rules), format('Rules:~q~n', [Rules]), halt.
2025-08-11 12:23:16,092 - hybex_system.prolog_engine - INFO - [Session:a64fffa7] Comprehensive legal analysis complete for case_a64fffa7_122315: Eligible=True, Confidence=0.90
2025-08-11 12:23:16,121 - hybex_system.prolog_engine - INFO - [Session:a64fffa7] 🧠 Starting comprehensive legal analysis for case_a64fffa7_122316
2025-08-11 12:23:16,121 - hybex_system.prolog_engine - INFO - [Session:a64fffa7] 🎯 Detected domain 'general_legal_aid' for case type 'family law'
2025-08-11 12:23:16,122 - hybex_system.prolog_engine - INFO - [Session:a64fffa7] 🎯 Using domain-specific rules for: ['general_legal_aid']
2025-08-11 12:23:16,123 - hybex_system.prolog_engine - INFO - [Session:a64fffa7] Generated 13 comprehensive Prolog facts for case_a64fffa7_122316
2025-08-11 12:23:16,126 - hybex_system.prolog_engine - INFO - [Session:a64fffa7] 📂 Selected files for domain 'general_legal_aid': ['foundational_rules_clean.pl', 'legal_aid_clean_v2.pl']
2025-08-11 12:23:16,129 - hybex_system.prolog_engine - INFO - [Session:a64fffa7] ✅ Loaded modular file: foundational_rules_clean.pl
2025-08-11 12:23:16,132 - hybex_system.prolog_engine - INFO - [Session:a64fffa7] ✅ Loaded modular file: legal_aid_clean_v2.pl
2025-08-11 12:23:16,134 - hybex_system.prolog_engine - INFO - [Session:a64fffa7] 🔍 DEBUG: Modular Prolog file content:
2025-08-11 12:23:16,181 - hybex_system.prolog_engine - INFO - [Session:a64fffa7] Modular file (7007 chars):
% HybEx-Law Modular Legal Reasoning Session: a64fffa7
% Domain: general_legal_aid
% Generated: 2025-08-11T12:23:16.126696

% DISCONTIGUOUS DIRECTIVES
:- discontiguous person/1.
:- discontiguous eligible_for_legal_aid/1.
:- discontiguous categorically_eligible/1.
:- discontiguous income_eligible/1.
:- discontiguous social_category/2.
:- discontiguous annual_income/2.
:- discontiguous case_type/2.
:- discontiguous generate_detailed_reasoning/2.
:- discontiguous primary_eligibility_reason/2.
:- discontiguous applicable_rule/3.
:- discontiguous vulnerable_group/2.
:- discontiguous gender/2.
:- discontiguous age/2.

% LOADING: foundational_rules_clean.pl
% ============================================================================
% FOUNDATIONAL PREDICATES AND UTILITY RULES - CORRECTED AND ROBUST
% This file contains only generic, reusable predicates.
% All case-specific facts (e.g., age, income) must be provided by Python.
% ================================================================...
2025-08-11 12:23:16,181 - hybex_system.prolog_engine - INFO - [Session:a64fffa7] ✅ Created MODULAR Prolog file: C:\Users\OMEN19~1\AppData\Local\Temp\tmpow59_xx0.pl with 2 domain modules
2025-08-11 12:23:16,185 - hybex_system.prolog_engine - INFO - [Session:a64fffa7] 🎯 Ultra-fast eligibility check for case_a64fffa7_122316
2025-08-11 12:23:16,187 - hybex_system.prolog_engine - INFO - [Session:a64fffa7] Executing SWI-Prolog command: swipl -q -g ['C:/Users/OMEN19~1/AppData/Local/Temp/tmpow59_xx0.pl'], eligible_for_legal_aid('case_a64fffa7_122316'), halt --stack-limit=2g --traditional
2025-08-11 12:23:16,265 - hybex_system.prolog_engine - INFO - [Session:a64fffa7] Prolog query successful (attempt 1): eligible_for_legal_aid('case_a64fffa7_122316')
2025-08-11 12:23:16,268 - hybex_system.prolog_engine - INFO - [Session:a64fffa7] ✅ FAST SUCCESS: Basic eligibility confirmed for case_a64fffa7_122316
2025-08-11 12:23:16,268 - hybex_system.prolog_engine - INFO - [Session:a64fffa7] Executing SWI-Prolog command: swipl -q -g consult('C:/Users/OMEN19~1/AppData/Local/Temp/tmpow59_xx0.pl'), primary_eligibility_reason('case_a64fffa7_122316', Reason), format('Reason:~q~n', [Reason]), halt.
2025-08-11 12:23:16,347 - hybex_system.prolog_engine - INFO - [Session:a64fffa7] Executing SWI-Prolog command: swipl -q -g consult('C:/Users/OMEN19~1/AppData/Local/Temp/tmpow59_xx0.pl'), generate_detailed_reasoning('case_a64fffa7_122316', DetailedReason), format('DetailedReason:~q~n', [DetailedReason]), halt.
2025-08-11 12:23:16,400 - hybex_system.prolog_engine - INFO - [Session:a64fffa7] Executing SWI-Prolog command: swipl -q -g consult('C:/Users/OMEN19~1/AppData/Local/Temp/tmpow59_xx0.pl'), findall(Rule, applicable_rule('case_a64fffa7_122316', Rule, legal_aid), Rules), format('Rules:~q~n', [Rules]), halt.
2025-08-11 12:23:16,470 - hybex_system.prolog_engine - INFO - [Session:a64fffa7] Comprehensive legal analysis complete for case_a64fffa7_122316: Eligible=True, Confidence=0.90
2025-08-11 12:23:16,488 - hybex_system.prolog_engine - INFO - [Session:a64fffa7] 🧠 Starting comprehensive legal analysis for case_a64fffa7_122316
2025-08-11 12:23:16,488 - hybex_system.prolog_engine - INFO - [Session:a64fffa7] 🎯 Detected domain 'general_legal_aid' for case type ''
2025-08-11 12:23:16,489 - hybex_system.prolog_engine - INFO - [Session:a64fffa7] 🎯 Using domain-specific rules for: ['general_legal_aid']
2025-08-11 12:23:16,489 - hybex_system.prolog_engine - INFO - [Session:a64fffa7] Generated 12 comprehensive Prolog facts for case_a64fffa7_122316
2025-08-11 12:23:16,491 - hybex_system.prolog_engine - INFO - [Session:a64fffa7] 📂 Selected files for domain 'general_legal_aid': ['foundational_rules_clean.pl', 'legal_aid_clean_v2.pl']
2025-08-11 12:23:16,492 - hybex_system.prolog_engine - INFO - [Session:a64fffa7] ✅ Loaded modular file: foundational_rules_clean.pl
2025-08-11 12:23:16,494 - hybex_system.prolog_engine - INFO - [Session:a64fffa7] ✅ Loaded modular file: legal_aid_clean_v2.pl
2025-08-11 12:23:16,495 - hybex_system.prolog_engine - INFO - [Session:a64fffa7] 🔍 DEBUG: Modular Prolog file content:
2025-08-11 12:23:16,519 - hybex_system.prolog_engine - INFO - [Session:a64fffa7] Modular file (6962 chars):
% HybEx-Law Modular Legal Reasoning Session: a64fffa7
% Domain: general_legal_aid
% Generated: 2025-08-11T12:23:16.491529

% DISCONTIGUOUS DIRECTIVES
:- discontiguous person/1.
:- discontiguous eligible_for_legal_aid/1.
:- discontiguous categorically_eligible/1.
:- discontiguous income_eligible/1.
:- discontiguous social_category/2.
:- discontiguous annual_income/2.
:- discontiguous case_type/2.
:- discontiguous generate_detailed_reasoning/2.
:- discontiguous primary_eligibility_reason/2.
:- discontiguous applicable_rule/3.
:- discontiguous vulnerable_group/2.
:- discontiguous gender/2.
:- discontiguous age/2.

% LOADING: foundational_rules_clean.pl
% ============================================================================
% FOUNDATIONAL PREDICATES AND UTILITY RULES - CORRECTED AND ROBUST
% This file contains only generic, reusable predicates.
% All case-specific facts (e.g., age, income) must be provided by Python.
% ================================================================...
2025-08-11 12:23:16,519 - hybex_system.prolog_engine - INFO - [Session:a64fffa7] ✅ Created MODULAR Prolog file: C:\Users\OMEN19~1\AppData\Local\Temp\tmpnr7x58f4.pl with 2 domain modules
2025-08-11 12:23:16,519 - hybex_system.prolog_engine - INFO - [Session:a64fffa7] 🎯 Ultra-fast eligibility check for case_a64fffa7_122316
2025-08-11 12:23:16,524 - hybex_system.prolog_engine - INFO - [Session:a64fffa7] Executing SWI-Prolog command: swipl -q -g ['C:/Users/OMEN19~1/AppData/Local/Temp/tmpnr7x58f4.pl'], eligible_for_legal_aid('case_a64fffa7_122316'), halt --stack-limit=2g --traditional
2025-08-11 12:23:16,599 - hybex_system.prolog_engine - INFO - [Session:a64fffa7] Prolog query successful (attempt 1): eligible_for_legal_aid('case_a64fffa7_122316')
2025-08-11 12:23:16,599 - hybex_system.prolog_engine - INFO - [Session:a64fffa7] ✅ FAST SUCCESS: Basic eligibility confirmed for case_a64fffa7_122316
2025-08-11 12:23:16,607 - hybex_system.prolog_engine - INFO - [Session:a64fffa7] Executing SWI-Prolog command: swipl -q -g consult('C:/Users/OMEN19~1/AppData/Local/Temp/tmpnr7x58f4.pl'), primary_eligibility_reason('case_a64fffa7_122316', Reason), format('Reason:~q~n', [Reason]), halt.
2025-08-11 12:23:16,697 - hybex_system.prolog_engine - INFO - [Session:a64fffa7] Executing SWI-Prolog command: swipl -q -g consult('C:/Users/OMEN19~1/AppData/Local/Temp/tmpnr7x58f4.pl'), generate_detailed_reasoning('case_a64fffa7_122316', DetailedReason), format('DetailedReason:~q~n', [DetailedReason]), halt.
2025-08-11 12:23:16,742 - hybex_system.prolog_engine - INFO - [Session:a64fffa7] Executing SWI-Prolog command: swipl -q -g consult('C:/Users/OMEN19~1/AppData/Local/Temp/tmpnr7x58f4.pl'), findall(Rule, applicable_rule('case_a64fffa7_122316', Rule, legal_aid), Rules), format('Rules:~q~n', [Rules]), halt.
2025-08-11 12:23:16,798 - hybex_system.prolog_engine - INFO - [Session:a64fffa7] Comprehensive legal analysis complete for case_a64fffa7_122316: Eligible=True, Confidence=0.95
