2025-08-10 11:22:45,012 - hybex_system.prolog_engine - INFO - [Session:29782a3b] Added file handler to PrologEngine logger.
2025-08-10 11:22:45,012 - hybex_system.prolog_engine - INFO - [Session:29782a3b] ======================================================================
2025-08-10 11:22:45,012 - hybex_system.prolog_engine - INFO - [Session:29782a3b] Starting HybEx-Law Comprehensive Prolog Reasoning Engine
2025-08-10 11:22:45,012 - hybex_system.prolog_engine - INFO - [Session:29782a3b] Session ID: 29782a3b
2025-08-10 11:22:45,012 - hybex_system.prolog_engine - INFO - [Session:29782a3b] Configuration: {'config_source': 'verified_fallback', 'last_updated': None, 'validation_status': 'unvalidated', 'primary_act': 'Legal Services Authorities Act, 1987', 'income_thresholds': {'general': 500000, 'sc_st': 800000, 'obc': 600000, 'bpl': 0, 'ews': 800000}, 'real_data_available': False, 'sources_count': 0}
2025-08-10 11:22:45,012 - hybex_system.prolog_engine - INFO - [Session:29782a3b] ======================================================================
2025-08-10 11:22:45,012 - hybex_system.prolog_engine - INFO - [Session:29782a3b] Using verified fallback knowledge base with 105 comprehensive rules
2025-08-10 11:22:45,012 - hybex_system.prolog_engine - INFO - [Session:29782a3b] Attempting to load rules from: d:\Code_stuff\NLP\multi_domain_legal\knowledge_base\multi_domain_rules.py
2025-08-10 11:22:45,018 - hybex_system.prolog_engine - INFO - [Session:29782a3b] Successfully loaded MULTI_DOMAIN_LEGAL_RULES from knowledge base.
2025-08-10 11:22:45,018 - hybex_system.prolog_engine - INFO - [Session:29782a3b] Parsing comprehensive multi-domain legal rules from knowledge base.
2025-08-10 11:22:45,027 - hybex_system.prolog_engine - INFO - [Session:29782a3b] Initialized Comprehensive PrologEngine (Session: 29782a3b, Available: True)
2025-08-10 11:22:45,027 - hybex_system.prolog_engine - INFO - [Session:29782a3b] Loaded 9 rule categories with 145 total rules
2025-08-10 11:22:45,028 - hybex_system.prolog_engine - INFO - [Session:29782a3b] Comprehensive rules actually loaded: True
2025-08-10 11:22:45,028 - hybex_system.prolog_engine - INFO - [Session:29782a3b] 🧠 Starting comprehensive legal analysis for case_29782a3b_112245
2025-08-10 11:22:45,028 - hybex_system.prolog_engine - INFO - [Session:29782a3b] 🎯 Detected domain 'general_legal_aid' for case type ''
2025-08-10 11:22:45,030 - hybex_system.prolog_engine - INFO - [Session:29782a3b] 🎯 Using domain-specific rules for: ['general_legal_aid']
2025-08-10 11:22:45,032 - hybex_system.prolog_engine - INFO - [Session:29782a3b] Generated 1 comprehensive Prolog facts for case_29782a3b_112245
2025-08-10 11:22:45,034 - hybex_system.prolog_engine - INFO - [Session:29782a3b] 📂 Selected files for domain 'general_legal_aid': ['legal_aid.pl']
2025-08-10 11:22:45,035 - hybex_system.prolog_engine - INFO - [Session:29782a3b] ✅ Loaded modular file: legal_aid.pl
2025-08-10 11:22:45,036 - hybex_system.prolog_engine - INFO - [Session:29782a3b] 🔍 DEBUG: Modular Prolog file content:
2025-08-10 11:22:45,059 - hybex_system.prolog_engine - INFO - [Session:29782a3b] Modular file (3797 chars):
% HybEx-Law Modular Legal Reasoning Session: 29782a3b
% Domain: general_legal_aid
% Generated: 2025-08-10T11:22:45.034750

% DISCONTIGUOUS DIRECTIVES
:- discontiguous person/1.
:- discontiguous eligible_for_legal_aid/1.
:- discontiguous categorically_eligible/1.
:- discontiguous income_eligible/1.
:- discontiguous social_category/2.
:- discontiguous annual_income/2.
:- discontiguous case_type/2.

% LOADING: legal_aid.pl
% LEGAL AID DOMAIN RULES - OPTIMIZED WITH CUTS
% This module contains ONLY legal aid eligibility rules
% Optimized for fast execution with strategic cut operators

% =================================================================
% CORE ELIGIBILITY RULES (Ordered by speed of evaluation)
% =================================================================

% Rule 1: Categorical eligibility (FASTEST - check first)
eligible_for_legal_aid(Person) :- 
    categorically_eligible(Person), !.

% Rule 2: Income-based eligibility (SLOWER - check second)
eligible_for_legal_aid(Pe...
2025-08-10 11:22:45,059 - hybex_system.prolog_engine - INFO - [Session:29782a3b] ✅ Created MODULAR Prolog file: C:\Users\OMEN19~1\AppData\Local\Temp\tmpht5rri7v.pl with 1 domain modules
2025-08-10 11:22:45,059 - hybex_system.prolog_engine - INFO - [Session:29782a3b] 🎯 Ultra-fast eligibility check for case_29782a3b_112245
2025-08-10 11:22:45,664 - hybex_system.prolog_engine - WARNING - [Session:29782a3b] SWI-Prolog exited with code 2 (attempt 1). Stderr: ERROR: -g ['C:/Users/OMEN19~1/AppData/Local/Temp/tmpht5rri7v.pl'], eligible_for_legal_aid('case_29782a3b_112245').: categorically_eligible/1: Unknown procedure: vulnerable_group/2
2025-08-10 11:22:45,664 - hybex_system.prolog_engine - INFO - [Session:29782a3b] ❌ FAST RESULT: Not eligible - Prolog syntax or fatal error: ERROR: -g ['C:/Users/OMEN19~1/AppData/Local/Temp/tmpht5rri7v.pl'], eligible_for_legal_aid('case_29782a3b_112245').: categorically_eligible/1: Unknown procedure: vulnerable_group/2
2025-08-10 11:22:45,770 - hybex_system.prolog_engine - WARNING - [Session:29782a3b] SWI-Prolog exited with code 2 (attempt 1). Stderr: ERROR: -g ['C:/Users/OMEN19~1/AppData/Local/Temp/tmpht5rri7v.pl'], primary_eligibility_reason('case_29782a3b_112245', Reason).: categorically_eligible/1: Unknown procedure: vulnerable_group/2
2025-08-10 11:22:45,839 - hybex_system.prolog_engine - WARNING - [Session:29782a3b] SWI-Prolog exited with code 2 (attempt 1). Stderr: ERROR: -g ['C:/Users/OMEN19~1/AppData/Local/Temp/tmpht5rri7v.pl'], generate_detailed_reasoning('case_29782a3b_112245', DetailedReason).: '<meta-call>'/1: Unknown procedure: generate_detailed_reasoning/2
2025-08-10 11:22:45,899 - hybex_system.prolog_engine - WARNING - [Session:29782a3b] SWI-Prolog exited with code 2 (attempt 1). Stderr: ERROR: -g ['C:/Users/OMEN19~1/AppData/Local/Temp/tmpht5rri7v.pl'], findall(Rule, applicable_rule('case_29782a3b_112245', Rule, legal_aid), Rules).: findall_loop/4: Unknown procedure: applicable_rule/3
2025-08-10 11:22:45,899 - hybex_system.prolog_engine - INFO - [Session:29782a3b] Comprehensive legal analysis complete for case_29782a3b_112245: Eligible=False, Confidence=0.90
2025-08-10 11:22:45,910 - hybex_system.prolog_engine - INFO - [Session:29782a3b] 🧠 Starting comprehensive legal analysis for case_29782a3b_112245
2025-08-10 11:22:45,910 - hybex_system.prolog_engine - INFO - [Session:29782a3b] 🎯 Detected domain 'general_legal_aid' for case type 'family law'
2025-08-10 11:22:45,910 - hybex_system.prolog_engine - INFO - [Session:29782a3b] 🎯 Using domain-specific rules for: ['general_legal_aid']
2025-08-10 11:22:45,910 - hybex_system.prolog_engine - INFO - [Session:29782a3b] Generated 2 comprehensive Prolog facts for case_29782a3b_112245
2025-08-10 11:22:45,910 - hybex_system.prolog_engine - INFO - [Session:29782a3b] 📂 Selected files for domain 'general_legal_aid': ['legal_aid.pl']
2025-08-10 11:22:45,914 - hybex_system.prolog_engine - INFO - [Session:29782a3b] ✅ Loaded modular file: legal_aid.pl
2025-08-10 11:22:45,915 - hybex_system.prolog_engine - INFO - [Session:29782a3b] 🔍 DEBUG: Modular Prolog file content:
2025-08-10 11:22:45,947 - hybex_system.prolog_engine - INFO - [Session:29782a3b] Modular file (3844 chars):
% HybEx-Law Modular Legal Reasoning Session: 29782a3b
% Domain: general_legal_aid
% Generated: 2025-08-10T11:22:45.910702

% DISCONTIGUOUS DIRECTIVES
:- discontiguous person/1.
:- discontiguous eligible_for_legal_aid/1.
:- discontiguous categorically_eligible/1.
:- discontiguous income_eligible/1.
:- discontiguous social_category/2.
:- discontiguous annual_income/2.
:- discontiguous case_type/2.

% LOADING: legal_aid.pl
% LEGAL AID DOMAIN RULES - OPTIMIZED WITH CUTS
% This module contains ONLY legal aid eligibility rules
% Optimized for fast execution with strategic cut operators

% =================================================================
% CORE ELIGIBILITY RULES (Ordered by speed of evaluation)
% =================================================================

% Rule 1: Categorical eligibility (FASTEST - check first)
eligible_for_legal_aid(Person) :- 
    categorically_eligible(Person), !.

% Rule 2: Income-based eligibility (SLOWER - check second)
eligible_for_legal_aid(Pe...
2025-08-10 11:22:45,948 - hybex_system.prolog_engine - INFO - [Session:29782a3b] ✅ Created MODULAR Prolog file: C:\Users\OMEN19~1\AppData\Local\Temp\tmpqalddx31.pl with 1 domain modules
2025-08-10 11:22:45,948 - hybex_system.prolog_engine - INFO - [Session:29782a3b] 🎯 Ultra-fast eligibility check for case_29782a3b_112245
2025-08-10 11:22:46,041 - hybex_system.prolog_engine - WARNING - [Session:29782a3b] SWI-Prolog exited with code 2 (attempt 1). Stderr: ERROR: -g ['C:/Users/OMEN19~1/AppData/Local/Temp/tmpqalddx31.pl'], eligible_for_legal_aid('case_29782a3b_112245').: categorically_eligible/1: Unknown procedure: vulnerable_group/2
2025-08-10 11:22:46,041 - hybex_system.prolog_engine - INFO - [Session:29782a3b] ❌ FAST RESULT: Not eligible - Prolog syntax or fatal error: ERROR: -g ['C:/Users/OMEN19~1/AppData/Local/Temp/tmpqalddx31.pl'], eligible_for_legal_aid('case_29782a3b_112245').: categorically_eligible/1: Unknown procedure: vulnerable_group/2
2025-08-10 11:22:46,116 - hybex_system.prolog_engine - WARNING - [Session:29782a3b] SWI-Prolog exited with code 2 (attempt 1). Stderr: ERROR: -g ['C:/Users/OMEN19~1/AppData/Local/Temp/tmpqalddx31.pl'], primary_eligibility_reason('case_29782a3b_112245', Reason).: categorically_eligible/1: Unknown procedure: vulnerable_group/2
2025-08-10 11:22:46,195 - hybex_system.prolog_engine - WARNING - [Session:29782a3b] SWI-Prolog exited with code 2 (attempt 1). Stderr: ERROR: -g ['C:/Users/OMEN19~1/AppData/Local/Temp/tmpqalddx31.pl'], generate_detailed_reasoning('case_29782a3b_112245', DetailedReason).: '<meta-call>'/1: Unknown procedure: generate_detailed_reasoning/2
2025-08-10 11:22:46,274 - hybex_system.prolog_engine - WARNING - [Session:29782a3b] SWI-Prolog exited with code 2 (attempt 1). Stderr: ERROR: -g ['C:/Users/OMEN19~1/AppData/Local/Temp/tmpqalddx31.pl'], findall(Rule, applicable_rule('case_29782a3b_112245', Rule, legal_aid), Rules).: findall_loop/4: Unknown procedure: applicable_rule/3
2025-08-10 11:22:46,274 - hybex_system.prolog_engine - INFO - [Session:29782a3b] Comprehensive legal analysis complete for case_29782a3b_112245: Eligible=False, Confidence=0.90
2025-08-10 11:22:46,274 - hybex_system.prolog_engine - INFO - [Session:29782a3b] 🧠 Starting comprehensive legal analysis for case_29782a3b_112246
2025-08-10 11:22:46,274 - hybex_system.prolog_engine - INFO - [Session:29782a3b] 🎯 Detected domain 'general_legal_aid' for case type ''
2025-08-10 11:22:46,274 - hybex_system.prolog_engine - INFO - [Session:29782a3b] 🎯 Using domain-specific rules for: ['general_legal_aid']
2025-08-10 11:22:46,287 - hybex_system.prolog_engine - INFO - [Session:29782a3b] Generated 1 comprehensive Prolog facts for case_29782a3b_112246
2025-08-10 11:22:46,288 - hybex_system.prolog_engine - INFO - [Session:29782a3b] 📂 Selected files for domain 'general_legal_aid': ['legal_aid.pl']
2025-08-10 11:22:46,288 - hybex_system.prolog_engine - INFO - [Session:29782a3b] ✅ Loaded modular file: legal_aid.pl
2025-08-10 11:22:46,289 - hybex_system.prolog_engine - INFO - [Session:29782a3b] 🔍 DEBUG: Modular Prolog file content:
2025-08-10 11:22:46,311 - hybex_system.prolog_engine - INFO - [Session:29782a3b] Modular file (3797 chars):
% HybEx-Law Modular Legal Reasoning Session: 29782a3b
% Domain: general_legal_aid
% Generated: 2025-08-10T11:22:46.288542

% DISCONTIGUOUS DIRECTIVES
:- discontiguous person/1.
:- discontiguous eligible_for_legal_aid/1.
:- discontiguous categorically_eligible/1.
:- discontiguous income_eligible/1.
:- discontiguous social_category/2.
:- discontiguous annual_income/2.
:- discontiguous case_type/2.

% LOADING: legal_aid.pl
% LEGAL AID DOMAIN RULES - OPTIMIZED WITH CUTS
% This module contains ONLY legal aid eligibility rules
% Optimized for fast execution with strategic cut operators

% =================================================================
% CORE ELIGIBILITY RULES (Ordered by speed of evaluation)
% =================================================================

% Rule 1: Categorical eligibility (FASTEST - check first)
eligible_for_legal_aid(Person) :- 
    categorically_eligible(Person), !.

% Rule 2: Income-based eligibility (SLOWER - check second)
eligible_for_legal_aid(Pe...
2025-08-10 11:22:46,312 - hybex_system.prolog_engine - INFO - [Session:29782a3b] ✅ Created MODULAR Prolog file: C:\Users\OMEN19~1\AppData\Local\Temp\tmpbdxed9e5.pl with 1 domain modules
2025-08-10 11:22:46,313 - hybex_system.prolog_engine - INFO - [Session:29782a3b] 🎯 Ultra-fast eligibility check for case_29782a3b_112246
2025-08-10 11:22:46,400 - hybex_system.prolog_engine - WARNING - [Session:29782a3b] SWI-Prolog exited with code 2 (attempt 1). Stderr: ERROR: -g ['C:/Users/OMEN19~1/AppData/Local/Temp/tmpbdxed9e5.pl'], eligible_for_legal_aid('case_29782a3b_112246').: categorically_eligible/1: Unknown procedure: vulnerable_group/2
2025-08-10 11:22:46,400 - hybex_system.prolog_engine - INFO - [Session:29782a3b] ❌ FAST RESULT: Not eligible - Prolog syntax or fatal error: ERROR: -g ['C:/Users/OMEN19~1/AppData/Local/Temp/tmpbdxed9e5.pl'], eligible_for_legal_aid('case_29782a3b_112246').: categorically_eligible/1: Unknown procedure: vulnerable_group/2
2025-08-10 11:22:46,473 - hybex_system.prolog_engine - WARNING - [Session:29782a3b] SWI-Prolog exited with code 2 (attempt 1). Stderr: ERROR: -g ['C:/Users/OMEN19~1/AppData/Local/Temp/tmpbdxed9e5.pl'], primary_eligibility_reason('case_29782a3b_112246', Reason).: categorically_eligible/1: Unknown procedure: vulnerable_group/2
2025-08-10 11:22:46,526 - hybex_system.prolog_engine - WARNING - [Session:29782a3b] SWI-Prolog exited with code 2 (attempt 1). Stderr: ERROR: -g ['C:/Users/OMEN19~1/AppData/Local/Temp/tmpbdxed9e5.pl'], generate_detailed_reasoning('case_29782a3b_112246', DetailedReason).: '<meta-call>'/1: Unknown procedure: generate_detailed_reasoning/2
2025-08-10 11:22:46,572 - hybex_system.prolog_engine - WARNING - [Session:29782a3b] SWI-Prolog exited with code 2 (attempt 1). Stderr: ERROR: -g ['C:/Users/OMEN19~1/AppData/Local/Temp/tmpbdxed9e5.pl'], findall(Rule, applicable_rule('case_29782a3b_112246', Rule, legal_aid), Rules).: findall_loop/4: Unknown procedure: applicable_rule/3
2025-08-10 11:22:46,572 - hybex_system.prolog_engine - INFO - [Session:29782a3b] Comprehensive legal analysis complete for case_29782a3b_112246: Eligible=False, Confidence=0.90
2025-08-10 11:22:46,602 - hybex_system.prolog_engine - INFO - [Session:29782a3b] 🧠 Starting comprehensive legal analysis for case_29782a3b_112246
2025-08-10 11:22:46,603 - hybex_system.prolog_engine - INFO - [Session:29782a3b] 🎯 Detected domain 'general_legal_aid' for case type 'employment law'
2025-08-10 11:22:46,604 - hybex_system.prolog_engine - INFO - [Session:29782a3b] 🎯 Using domain-specific rules for: ['general_legal_aid']
2025-08-10 11:22:46,604 - hybex_system.prolog_engine - INFO - [Session:29782a3b] Generated 2 comprehensive Prolog facts for case_29782a3b_112246
2025-08-10 11:22:46,605 - hybex_system.prolog_engine - INFO - [Session:29782a3b] 📂 Selected files for domain 'general_legal_aid': ['legal_aid.pl']
2025-08-10 11:22:46,606 - hybex_system.prolog_engine - INFO - [Session:29782a3b] ✅ Loaded modular file: legal_aid.pl
2025-08-10 11:22:46,609 - hybex_system.prolog_engine - INFO - [Session:29782a3b] 🔍 DEBUG: Modular Prolog file content:
2025-08-10 11:22:46,635 - hybex_system.prolog_engine - INFO - [Session:29782a3b] Modular file (3848 chars):
% HybEx-Law Modular Legal Reasoning Session: 29782a3b
% Domain: general_legal_aid
% Generated: 2025-08-10T11:22:46.605203

% DISCONTIGUOUS DIRECTIVES
:- discontiguous person/1.
:- discontiguous eligible_for_legal_aid/1.
:- discontiguous categorically_eligible/1.
:- discontiguous income_eligible/1.
:- discontiguous social_category/2.
:- discontiguous annual_income/2.
:- discontiguous case_type/2.

% LOADING: legal_aid.pl
% LEGAL AID DOMAIN RULES - OPTIMIZED WITH CUTS
% This module contains ONLY legal aid eligibility rules
% Optimized for fast execution with strategic cut operators

% =================================================================
% CORE ELIGIBILITY RULES (Ordered by speed of evaluation)
% =================================================================

% Rule 1: Categorical eligibility (FASTEST - check first)
eligible_for_legal_aid(Person) :- 
    categorically_eligible(Person), !.

% Rule 2: Income-based eligibility (SLOWER - check second)
eligible_for_legal_aid(Pe...
2025-08-10 11:22:46,636 - hybex_system.prolog_engine - INFO - [Session:29782a3b] ✅ Created MODULAR Prolog file: C:\Users\OMEN19~1\AppData\Local\Temp\tmpbkv1p2y8.pl with 1 domain modules
2025-08-10 11:22:46,637 - hybex_system.prolog_engine - INFO - [Session:29782a3b] 🎯 Ultra-fast eligibility check for case_29782a3b_112246
2025-08-10 11:22:46,724 - hybex_system.prolog_engine - WARNING - [Session:29782a3b] SWI-Prolog exited with code 2 (attempt 1). Stderr: ERROR: -g ['C:/Users/OMEN19~1/AppData/Local/Temp/tmpbkv1p2y8.pl'], eligible_for_legal_aid('case_29782a3b_112246').: categorically_eligible/1: Unknown procedure: vulnerable_group/2
2025-08-10 11:22:46,724 - hybex_system.prolog_engine - INFO - [Session:29782a3b] ❌ FAST RESULT: Not eligible - Prolog syntax or fatal error: ERROR: -g ['C:/Users/OMEN19~1/AppData/Local/Temp/tmpbkv1p2y8.pl'], eligible_for_legal_aid('case_29782a3b_112246').: categorically_eligible/1: Unknown procedure: vulnerable_group/2
2025-08-10 11:22:46,805 - hybex_system.prolog_engine - WARNING - [Session:29782a3b] SWI-Prolog exited with code 2 (attempt 1). Stderr: ERROR: -g ['C:/Users/OMEN19~1/AppData/Local/Temp/tmpbkv1p2y8.pl'], primary_eligibility_reason('case_29782a3b_112246', Reason).: categorically_eligible/1: Unknown procedure: vulnerable_group/2
2025-08-10 11:22:46,896 - hybex_system.prolog_engine - WARNING - [Session:29782a3b] SWI-Prolog exited with code 2 (attempt 1). Stderr: ERROR: -g ['C:/Users/OMEN19~1/AppData/Local/Temp/tmpbkv1p2y8.pl'], generate_detailed_reasoning('case_29782a3b_112246', DetailedReason).: '<meta-call>'/1: Unknown procedure: generate_detailed_reasoning/2
2025-08-10 11:22:46,992 - hybex_system.prolog_engine - WARNING - [Session:29782a3b] SWI-Prolog exited with code 2 (attempt 1). Stderr: ERROR: -g ['C:/Users/OMEN19~1/AppData/Local/Temp/tmpbkv1p2y8.pl'], findall(Rule, applicable_rule('case_29782a3b_112246', Rule, legal_aid), Rules).: findall_loop/4: Unknown procedure: applicable_rule/3
2025-08-10 11:22:46,993 - hybex_system.prolog_engine - INFO - [Session:29782a3b] Comprehensive legal analysis complete for case_29782a3b_112246: Eligible=False, Confidence=0.90
