2025-08-25 19:26:01,352 - hybex_system.prolog_engine - INFO - [Session:d61ea14e] Added file handler to PrologEngine logger.
2025-08-25 19:26:01,352 - hybex_system.prolog_engine - INFO - [Session:d61ea14e] ======================================================================
2025-08-25 19:26:01,353 - hybex_system.prolog_engine - INFO - [Session:d61ea14e] Starting HybEx-Law Comprehensive Prolog Reasoning Engine
2025-08-25 19:26:01,353 - hybex_system.prolog_engine - INFO - [Session:d61ea14e] Session ID: d61ea14e
2025-08-25 19:26:01,354 - hybex_system.prolog_engine - INFO - [Session:d61ea14e] Configuration: {'config_source': 'verified_fallback', 'last_updated': None, 'validation_status': 'unvalidated', 'primary_act': 'Legal Services Authorities Act, 1987', 'income_thresholds': {'general': 500000, 'sc_st': 800000, 'obc': 600000, 'bpl': 0, 'ews': 800000}, 'real_data_available': False, 'sources_count': 0}
2025-08-25 19:26:01,363 - hybex_system.prolog_engine - INFO - [Session:d61ea14e] ======================================================================
2025-08-25 19:26:01,364 - hybex_system.prolog_engine - INFO - [Session:d61ea14e] Using modular knowledge base entry point: D:\Code_stuff\HybEx-Law\multi_domain_legal\knowledge_base\knowledge_base.pl
2025-08-25 19:26:01,366 - hybex_system.prolog_engine - INFO - [Session:d61ea14e] Parsing comprehensive multi-domain legal rules from knowledge base.
2025-08-25 19:26:01,367 - hybex_system.prolog_engine - INFO - [Session:d61ea14e] Initialized Comprehensive PrologEngine (Session: d61ea14e, Available: True)
2025-08-25 19:26:01,367 - hybex_system.prolog_engine - INFO - [Session:d61ea14e] Loaded 3 rule categories with 9 total rules
2025-08-25 19:26:01,367 - hybex_system.prolog_engine - INFO - [Session:d61ea14e] Comprehensive rules actually loaded: True
2025-08-25 19:26:01,371 - hybex_system.prolog_engine - INFO - [Session:d61ea14e] ✅ Successfully loaded master knowledge base from: D:\Code_stuff\HybEx-Law\multi_domain_legal\knowledge_base\knowledge_base.pl
2025-08-25 19:26:01,533 - hybex_system.prolog_engine - INFO - [Session:d61ea14e] Executing SWI-Prolog command: swipl -q -g consult('C:/Users/OMEN19~1/AppData/Local/Temp/tmpckzob010.pl'), (eligible_for_legal_aid(case_gen).), halt.
2025-08-25 19:26:01,590 - hybex_system.prolog_engine - WARNING - [Session:d61ea14e] Prolog warning/error: ERROR: -g consult('C:/Users/OMEN19~1/AppData/Local/Temp/tmpckzob010.pl'), (eligible_for_legal_aid(case_gen).), halt.: Syntax error: Unexpected `.' before `)'
ERROR: consult('C:/Users/OMEN19~1/AppData/Local/Temp/tmpckzob010.pl'), (eligible_for_legal_aid(case_gen)
ERROR: ** here **
ERROR: .), halt.
2025-08-25 19:26:01,592 - hybex_system.prolog_engine - INFO - [Session:d61ea14e] Executing SWI-Prolog command: swipl -q -g consult('C:/Users/OMEN19~1/AppData/Local/Temp/tmp1o6x5k7o.pl'), (eligible_for_legal_aid(case_gen).), halt.
2025-08-25 19:26:01,657 - hybex_system.prolog_engine - WARNING - [Session:d61ea14e] Prolog warning/error: ERROR: -g consult('C:/Users/OMEN19~1/AppData/Local/Temp/tmp1o6x5k7o.pl'), (eligible_for_legal_aid(case_gen).), halt.: Syntax error: Unexpected `.' before `)'
ERROR: consult('C:/Users/OMEN19~1/AppData/Local/Temp/tmp1o6x5k7o.pl'), (eligible_for_legal_aid(case_gen)
ERROR: ** here **
ERROR: .), halt.
2025-08-25 19:26:01,660 - hybex_system.prolog_engine - INFO - [Session:d61ea14e] Executing SWI-Prolog command: swipl -q -g consult('C:/Users/OMEN19~1/AppData/Local/Temp/tmpols2n2yp.pl'), (eligible_for_legal_aid(case_gen).), halt.
2025-08-25 19:26:01,726 - hybex_system.prolog_engine - WARNING - [Session:d61ea14e] Prolog warning/error: ERROR: -g consult('C:/Users/OMEN19~1/AppData/Local/Temp/tmpols2n2yp.pl'), (eligible_for_legal_aid(case_gen).), halt.: Syntax error: Unexpected `.' before `)'
ERROR: consult('C:/Users/OMEN19~1/AppData/Local/Temp/tmpols2n2yp.pl'), (eligible_for_legal_aid(case_gen)
ERROR: ** here **
ERROR: .), halt.
2025-08-25 19:26:01,726 - hybex_system.prolog_engine - INFO - [Session:d61ea14e] Executing SWI-Prolog command: swipl -q -g consult('C:/Users/OMEN19~1/AppData/Local/Temp/tmptm09k1e3.pl'), (eligible_for_legal_aid(case_gen).), halt.
2025-08-25 19:26:01,785 - hybex_system.prolog_engine - WARNING - [Session:d61ea14e] Prolog warning/error: ERROR: -g consult('C:/Users/OMEN19~1/AppData/Local/Temp/tmptm09k1e3.pl'), (eligible_for_legal_aid(case_gen).), halt.: Syntax error: Unexpected `.' before `)'
ERROR: consult('C:/Users/OMEN19~1/AppData/Local/Temp/tmptm09k1e3.pl'), (eligible_for_legal_aid(case_gen)
ERROR: ** here **
ERROR: .), halt.
2025-08-25 19:26:01,785 - hybex_system.prolog_engine - INFO - [Session:d61ea14e] Executing SWI-Prolog command: swipl -q -g consult('C:/Users/OMEN19~1/AppData/Local/Temp/tmpkmc6gv0h.pl'), (eligible_for_legal_aid(case_gen).), halt.
2025-08-25 19:26:01,857 - hybex_system.prolog_engine - WARNING - [Session:d61ea14e] Prolog warning/error: ERROR: -g consult('C:/Users/OMEN19~1/AppData/Local/Temp/tmpkmc6gv0h.pl'), (eligible_for_legal_aid(case_gen).), halt.: Syntax error: Unexpected `.' before `)'
ERROR: consult('C:/Users/OMEN19~1/AppData/Local/Temp/tmpkmc6gv0h.pl'), (eligible_for_legal_aid(case_gen)
ERROR: ** here **
ERROR: .), halt.
2025-08-25 19:26:01,859 - hybex_system.prolog_engine - INFO - [Session:d61ea14e] Executing SWI-Prolog command: swipl -q -g consult('C:/Users/OMEN19~1/AppData/Local/Temp/tmpejjdcofh.pl'), (eligible_for_legal_aid(case_gen).), halt.
2025-08-25 19:26:01,914 - hybex_system.prolog_engine - WARNING - [Session:d61ea14e] Prolog warning/error: ERROR: -g consult('C:/Users/OMEN19~1/AppData/Local/Temp/tmpejjdcofh.pl'), (eligible_for_legal_aid(case_gen).), halt.: Syntax error: Unexpected `.' before `)'
ERROR: consult('C:/Users/OMEN19~1/AppData/Local/Temp/tmpejjdcofh.pl'), (eligible_for_legal_aid(case_gen)
ERROR: ** here **
ERROR: .), halt.
2025-08-25 19:26:01,916 - hybex_system.prolog_engine - INFO - [Session:d61ea14e] Executing SWI-Prolog command: swipl -q -g consult('C:/Users/OMEN19~1/AppData/Local/Temp/tmptjq5nvvj.pl'), (eligible_for_legal_aid(case_gen).), halt.
2025-08-25 19:26:01,977 - hybex_system.prolog_engine - WARNING - [Session:d61ea14e] Prolog warning/error: ERROR: -g consult('C:/Users/OMEN19~1/AppData/Local/Temp/tmptjq5nvvj.pl'), (eligible_for_legal_aid(case_gen).), halt.: Syntax error: Unexpected `.' before `)'
ERROR: consult('C:/Users/OMEN19~1/AppData/Local/Temp/tmptjq5nvvj.pl'), (eligible_for_legal_aid(case_gen)
ERROR: ** here **
ERROR: .), halt.
2025-08-25 19:26:01,978 - hybex_system.prolog_engine - INFO - [Session:d61ea14e] Executing SWI-Prolog command: swipl -q -g consult('C:/Users/OMEN19~1/AppData/Local/Temp/tmpek0btpud.pl'), (eligible_for_legal_aid(case_gen).), halt.
2025-08-25 19:26:02,020 - hybex_system.prolog_engine - WARNING - [Session:d61ea14e] Prolog warning/error: ERROR: -g consult('C:/Users/OMEN19~1/AppData/Local/Temp/tmpek0btpud.pl'), (eligible_for_legal_aid(case_gen).), halt.: Syntax error: Unexpected `.' before `)'
ERROR: consult('C:/Users/OMEN19~1/AppData/Local/Temp/tmpek0btpud.pl'), (eligible_for_legal_aid(case_gen)
ERROR: ** here **
ERROR: .), halt.
2025-08-25 19:26:02,021 - hybex_system.prolog_engine - INFO - [Session:d61ea14e] Executing SWI-Prolog command: swipl -q -g consult('C:/Users/OMEN19~1/AppData/Local/Temp/tmp27s08nxp.pl'), (eligible_for_legal_aid(case_gen).), halt.
2025-08-25 19:26:02,068 - hybex_system.prolog_engine - WARNING - [Session:d61ea14e] Prolog warning/error: ERROR: -g consult('C:/Users/OMEN19~1/AppData/Local/Temp/tmp27s08nxp.pl'), (eligible_for_legal_aid(case_gen).), halt.: Syntax error: Unexpected `.' before `)'
ERROR: consult('C:/Users/OMEN19~1/AppData/Local/Temp/tmp27s08nxp.pl'), (eligible_for_legal_aid(case_gen)
ERROR: ** here **
ERROR: .), halt.
2025-08-25 19:26:02,069 - hybex_system.prolog_engine - INFO - [Session:d61ea14e] Executing SWI-Prolog command: swipl -q -g consult('C:/Users/OMEN19~1/AppData/Local/Temp/tmpy1dw9qpz.pl'), (eligible_for_legal_aid(case_gen).), halt.
2025-08-25 19:26:02,102 - hybex_system.prolog_engine - WARNING - [Session:d61ea14e] Prolog warning/error: ERROR: -g consult('C:/Users/OMEN19~1/AppData/Local/Temp/tmpy1dw9qpz.pl'), (eligible_for_legal_aid(case_gen).), halt.: Syntax error: Unexpected `.' before `)'
ERROR: consult('C:/Users/OMEN19~1/AppData/Local/Temp/tmpy1dw9qpz.pl'), (eligible_for_legal_aid(case_gen)
ERROR: ** here **
ERROR: .), halt.
2025-08-25 19:26:02,102 - hybex_system.prolog_engine - INFO - [Session:d61ea14e] Executing SWI-Prolog command: swipl -q -g consult('C:/Users/OMEN19~1/AppData/Local/Temp/tmptqp13p9l.pl'), (eligible_for_legal_aid(case_gen).), halt.
2025-08-25 19:26:02,147 - hybex_system.prolog_engine - WARNING - [Session:d61ea14e] Prolog warning/error: ERROR: -g consult('C:/Users/OMEN19~1/AppData/Local/Temp/tmptqp13p9l.pl'), (eligible_for_legal_aid(case_gen).), halt.: Syntax error: Unexpected `.' before `)'
ERROR: consult('C:/Users/OMEN19~1/AppData/Local/Temp/tmptqp13p9l.pl'), (eligible_for_legal_aid(case_gen)
ERROR: ** here **
ERROR: .), halt.
2025-08-25 19:26:02,150 - hybex_system.prolog_engine - INFO - [Session:d61ea14e] Executing SWI-Prolog command: swipl -q -g consult('C:/Users/OMEN19~1/AppData/Local/Temp/tmpasa6d8_f.pl'), (eligible_for_legal_aid(case_gen).), halt.
2025-08-25 19:26:02,197 - hybex_system.prolog_engine - WARNING - [Session:d61ea14e] Prolog warning/error: ERROR: -g consult('C:/Users/OMEN19~1/AppData/Local/Temp/tmpasa6d8_f.pl'), (eligible_for_legal_aid(case_gen).), halt.: Syntax error: Unexpected `.' before `)'
ERROR: consult('C:/Users/OMEN19~1/AppData/Local/Temp/tmpasa6d8_f.pl'), (eligible_for_legal_aid(case_gen)
ERROR: ** here **
ERROR: .), halt.
2025-08-25 19:26:02,205 - hybex_system.prolog_engine - INFO - [Session:d61ea14e] Executing SWI-Prolog command: swipl -q -g consult('C:/Users/OMEN19~1/AppData/Local/Temp/tmpud9n_rif.pl'), (eligible_for_legal_aid(case_gen).), halt.
2025-08-25 19:26:02,241 - hybex_system.prolog_engine - WARNING - [Session:d61ea14e] Prolog warning/error: ERROR: -g consult('C:/Users/OMEN19~1/AppData/Local/Temp/tmpud9n_rif.pl'), (eligible_for_legal_aid(case_gen).), halt.: Syntax error: Unexpected `.' before `)'
ERROR: consult('C:/Users/OMEN19~1/AppData/Local/Temp/tmpud9n_rif.pl'), (eligible_for_legal_aid(case_gen)
ERROR: ** here **
ERROR: .), halt.
2025-08-25 19:26:02,241 - hybex_system.prolog_engine - INFO - [Session:d61ea14e] Executing SWI-Prolog command: swipl -q -g consult('C:/Users/OMEN19~1/AppData/Local/Temp/tmpp71lc4g7.pl'), (eligible_for_legal_aid(case_gen).), halt.
2025-08-25 19:26:02,295 - hybex_system.prolog_engine - WARNING - [Session:d61ea14e] Prolog warning/error: ERROR: -g consult('C:/Users/OMEN19~1/AppData/Local/Temp/tmpp71lc4g7.pl'), (eligible_for_legal_aid(case_gen).), halt.: Syntax error: Unexpected `.' before `)'
ERROR: consult('C:/Users/OMEN19~1/AppData/Local/Temp/tmpp71lc4g7.pl'), (eligible_for_legal_aid(case_gen)
ERROR: ** here **
ERROR: .), halt.
2025-08-25 19:26:02,295 - hybex_system.prolog_engine - INFO - [Session:d61ea14e] Executing SWI-Prolog command: swipl -q -g consult('C:/Users/OMEN19~1/AppData/Local/Temp/tmppk6lo0yy.pl'), (eligible_for_legal_aid(case_gen).), halt.
2025-08-25 19:26:02,361 - hybex_system.prolog_engine - WARNING - [Session:d61ea14e] Prolog warning/error: ERROR: -g consult('C:/Users/OMEN19~1/AppData/Local/Temp/tmppk6lo0yy.pl'), (eligible_for_legal_aid(case_gen).), halt.: Syntax error: Unexpected `.' before `)'
ERROR: consult('C:/Users/OMEN19~1/AppData/Local/Temp/tmppk6lo0yy.pl'), (eligible_for_legal_aid(case_gen)
ERROR: ** here **
ERROR: .), halt.
2025-08-25 19:26:02,363 - hybex_system.prolog_engine - INFO - [Session:d61ea14e] Executing SWI-Prolog command: swipl -q -g consult('C:/Users/OMEN19~1/AppData/Local/Temp/tmptr00tn3n.pl'), (eligible_for_legal_aid(case_gen).), halt.
2025-08-25 19:26:02,419 - hybex_system.prolog_engine - WARNING - [Session:d61ea14e] Prolog warning/error: ERROR: -g consult('C:/Users/OMEN19~1/AppData/Local/Temp/tmptr00tn3n.pl'), (eligible_for_legal_aid(case_gen).), halt.: Syntax error: Unexpected `.' before `)'
ERROR: consult('C:/Users/OMEN19~1/AppData/Local/Temp/tmptr00tn3n.pl'), (eligible_for_legal_aid(case_gen)
ERROR: ** here **
ERROR: .), halt.
2025-08-25 19:26:02,419 - hybex_system.prolog_engine - INFO - [Session:d61ea14e] Executing SWI-Prolog command: swipl -q -g consult('C:/Users/OMEN19~1/AppData/Local/Temp/tmpmaa4c169.pl'), (eligible_for_legal_aid(case_gen).), halt.
2025-08-25 19:26:02,490 - hybex_system.prolog_engine - WARNING - [Session:d61ea14e] Prolog warning/error: ERROR: -g consult('C:/Users/OMEN19~1/AppData/Local/Temp/tmpmaa4c169.pl'), (eligible_for_legal_aid(case_gen).), halt.: Syntax error: Unexpected `.' before `)'
ERROR: consult('C:/Users/OMEN19~1/AppData/Local/Temp/tmpmaa4c169.pl'), (eligible_for_legal_aid(case_gen)
ERROR: ** here **
ERROR: .), halt.
2025-08-25 19:26:02,491 - hybex_system.prolog_engine - INFO - [Session:d61ea14e] Executing SWI-Prolog command: swipl -q -g consult('C:/Users/OMEN19~1/AppData/Local/Temp/tmpcd31j51m.pl'), (eligible_for_legal_aid(case_gen).), halt.
2025-08-25 19:26:02,543 - hybex_system.prolog_engine - WARNING - [Session:d61ea14e] Prolog warning/error: ERROR: -g consult('C:/Users/OMEN19~1/AppData/Local/Temp/tmpcd31j51m.pl'), (eligible_for_legal_aid(case_gen).), halt.: Syntax error: Unexpected `.' before `)'
ERROR: consult('C:/Users/OMEN19~1/AppData/Local/Temp/tmpcd31j51m.pl'), (eligible_for_legal_aid(case_gen)
ERROR: ** here **
ERROR: .), halt.
2025-08-25 19:26:02,545 - hybex_system.prolog_engine - INFO - [Session:d61ea14e] Executing SWI-Prolog command: swipl -q -g consult('C:/Users/OMEN19~1/AppData/Local/Temp/tmpu3m60h4p.pl'), (eligible_for_legal_aid(case_gen).), halt.
2025-08-25 19:26:02,617 - hybex_system.prolog_engine - WARNING - [Session:d61ea14e] Prolog warning/error: ERROR: -g consult('C:/Users/OMEN19~1/AppData/Local/Temp/tmpu3m60h4p.pl'), (eligible_for_legal_aid(case_gen).), halt.: Syntax error: Unexpected `.' before `)'
ERROR: consult('C:/Users/OMEN19~1/AppData/Local/Temp/tmpu3m60h4p.pl'), (eligible_for_legal_aid(case_gen)
ERROR: ** here **
ERROR: .), halt.
2025-08-25 19:26:02,619 - hybex_system.prolog_engine - INFO - [Session:d61ea14e] Executing SWI-Prolog command: swipl -q -g consult('C:/Users/OMEN19~1/AppData/Local/Temp/tmpga6gjwvu.pl'), (eligible_for_legal_aid(case_gen).), halt.
