2025-08-07 13:21:05,458 - hybex_system.prolog_engine - INFO - [Session:de167d75] Added file handler to PrologEngine logger.
2025-08-07 13:21:05,458 - hybex_system.prolog_engine - INFO - [Session:de167d75] ======================================================================
2025-08-07 13:21:05,459 - hybex_system.prolog_engine - INFO - [Session:de167d75] Starting HybEx-Law Comprehensive Prolog Reasoning Engine
2025-08-07 13:21:05,459 - hybex_system.prolog_engine - INFO - [Session:de167d75] Session ID: de167d75
2025-08-07 13:21:05,461 - hybex_system.prolog_engine - INFO - [Session:de167d75] Configuration: {'config_source': 'verified_fallback', 'last_updated': None, 'validation_status': 'unvalidated', 'primary_act': 'Legal Services Authorities Act, 1987', 'income_thresholds': {'general': 500000, 'sc_st': 800000, 'obc': 600000, 'bpl': 0, 'ews': 800000}, 'real_data_available': False, 'sources_count': 0}
2025-08-07 13:21:05,462 - hybex_system.prolog_engine - INFO - [Session:de167d75] ======================================================================
2025-08-07 13:21:05,463 - hybex_system.prolog_engine - INFO - [Session:de167d75] Attempting to load rules from: d:\Code_stuff\NLP\multi_domain_legal\knowledge_base\multi_domain_rules.py
2025-08-07 13:21:05,465 - hybex_system.prolog_engine - INFO - [Session:de167d75] Successfully loaded MULTI_DOMAIN_LEGAL_RULES from knowledge base.
2025-08-07 13:21:05,465 - hybex_system.prolog_engine - INFO - [Session:de167d75] Parsing comprehensive multi-domain legal rules from knowledge base.
2025-08-07 13:21:05,470 - hybex_system.prolog_engine - INFO - [Session:de167d75] Initialized Comprehensive PrologEngine (Session: de167d75, Available: True)
2025-08-07 13:21:05,470 - hybex_system.prolog_engine - INFO - [Session:de167d75] Loaded 9 rule categories with 162 total rules
2025-08-07 13:21:05,471 - hybex_system.prolog_engine - INFO - [Session:de167d75] Comprehensive rules actually loaded: True
2025-08-07 13:21:05,471 - hybex_system.prolog_engine - INFO - [Session:de167d75] Starting comprehensive legal analysis for case_de167d75_132105
2025-08-07 13:21:05,472 - hybex_system.prolog_engine - INFO - [Session:de167d75] Generated 7 comprehensive Prolog facts for case_de167d75_132105
2025-08-07 13:21:05,473 - hybex_system.prolog_engine - INFO - [Session:de167d75] Created comprehensive Prolog file: C:\Users\OMEN19~1\AppData\Local\Temp\tmp505b8d89.pl with 7 facts.
2025-08-07 13:21:35,494 - hybex_system.prolog_engine - ERROR - [Session:de167d75] Prolog query timeout (attempt 1): eligible_with_confidence('case_de167d75_132105', Eligible, Confidence)
2025-08-07 13:22:05,524 - hybex_system.prolog_engine - ERROR - [Session:de167d75] Prolog query timeout (attempt 2): eligible_with_confidence('case_de167d75_132105', Eligible, Confidence)
2025-08-07 13:22:35,550 - hybex_system.prolog_engine - ERROR - [Session:de167d75] Prolog query timeout (attempt 3): eligible_with_confidence('case_de167d75_132105', Eligible, Confidence)
2025-08-07 13:22:35,551 - hybex_system.prolog_engine - WARNING - [Session:de167d75] Failed to get confident eligibility from Prolog. Trying basic 'eligible_for_legal_aid'.
2025-08-07 13:23:05,584 - hybex_system.prolog_engine - ERROR - [Session:de167d75] Prolog query timeout (attempt 1): eligible_for_legal_aid('case_de167d75_132105')
2025-08-07 13:23:35,632 - hybex_system.prolog_engine - ERROR - [Session:de167d75] Prolog query timeout (attempt 2): eligible_for_legal_aid('case_de167d75_132105')
2025-08-07 13:24:05,652 - hybex_system.prolog_engine - ERROR - [Session:de167d75] Prolog query timeout (attempt 3): eligible_for_legal_aid('case_de167d75_132105')
2025-08-07 13:24:05,793 - hybex_system.prolog_engine - WARNING - [Session:de167d75] SWI-Prolog exited with code 1 (attempt 1). Stderr: ERROR: c:/users/omen19~1/appdata/local/temp/tmp505b8d89.pl:46:7: Syntax error: Operator expected
Warning: c:/users/omen19~1/appdata/local/temp/tmp505b8d89.pl:66:
Warning:    Singleton variables: [Spouse]
Warning: c:/users/omen19~1/appdata/local/temp/tmp505b8d89.pl:245:
Warning:    Singleton variables: [Person]
Warning: c:/users/omen19~1/appdata/local/temp/tmp505b8d89.pl:255:
Warning:    Singleton variables: [Date1,Date2]
Warning: c:/users/omen19~1/appdata/local/temp/tmp505b8d89.pl:343:
Warning:    Clauses of right_violation_occurred/2 are not together in the source-file
Warning:    Earlier definition at c:/users/omen19~1/appdata/local/temp/tmp505b8d89.pl:329
Warning:    Current predicate: prohibited_discrimination_ground/1
Warning:    Use :- discontiguous right_violation_occurred/2. to suppress this message
ERROR: c:/users/omen19~1/appdata/local/temp/tmp505b8d89.pl:353:7: Syntax error: Operator expected
Warning: c:/users/omen19~1/appdata/local/temp/tmp505b8d89.pl:372:
Warning:    Clauses of wrongful_termination/1 are not together in the source-file
Warning:    Earlier definition at c:/users/omen19~1/appdata/local/temp/tmp505b8d89.pl:148
Warning:    Current predicate: public_interest_issue/1
Warning:    Use :- discontiguous wrongful_termination/1. to suppress this message
Warning: c:/users/omen19~1/appdata/local/temp/tmp505b8d89.pl:379:
Warning:    Clauses of improper_procedure/1 are not together in the source-file
Warning:    Earlier definition at c:/users/omen19~1/appdata/local/temp/tmp505b8d89.pl:155
Warning:    Current predicate: wrongful_termination/1
Warning:    Use :- discontiguous improper_procedure/1. to suppress this message
Warning: c:/users/omen19~1/appdata/local/temp/tmp505b8d89.pl:386:
Warning:    Clauses of sufficient_notice_period/2 are not together in the source-file
Warning:    Earlier definition at c:/users/omen19~1/appdata/local/temp/tmp505b8d89.pl:162
Warning:    Current predicate: improper_procedure/1
Warning:    Use :- discontiguous sufficient_notice_period/2. to suppress this message
Warning: c:/users/omen19~1/appdata/local/temp/tmp505b8d89.pl:394:
Warning:    Clauses of retrenchment_compensation/2 are not together in the source-file
Warning:    Earlier definition at c:/users/omen19~1/appdata/local/temp/tmp505b8d89.pl:170
Warning:    Current predicate: sufficient_notice_period/2
Warning:    Use :- discontiguous retrenchment_compensation/2. to suppress this message
Warning: c:/users/omen19~1/appdata/local/temp/tmp505b8d89.pl:400:
Warning:    Clauses of valid_harassment_complaint/1 are not together in the source-file
Warning:    Earlier definition at c:/users/omen19~1/appdata/local/temp/tmp505b8d89.pl:176
Warning:    Current predicate: retrenchment_compensation/2
Warning:    Use :- discontiguous valid_harassment_complaint/1. to suppress this message
Warning: c:/users/omen19~1/appdata/local/temp/tmp505b8d89.pl:404:
Warning:    Clauses of harassment_remedy_available/2 are not together in the source-file
Warning:    Earlier definition at c:/users/omen19~1/appdata/local/temp/tmp505b8d89.pl:180
Warning:    Current predicate: valid_harassment_complaint/1
Warning:    Use :- discontiguous harassment_remedy_available/2. to suppress this message
Warning: c:/users/omen19~1/appdata/local/temp/tmp505b8d89.pl:408:
Warning:    Clauses of harassment_remedy/1 are not together in the source-file
Warning:    Earlier definition at c:/users/omen19~1/appdata/local/temp/tmp505b8d89.pl:184
Warning:    Current predicate: harassment_remedy_available/2
Warning:    Use :- discontiguous harassment_remedy/1. to suppress this message
Warning: c:/users/omen19~1/appdata/local/temp/tmp505b8d89.pl:416:
Warning:    Clauses of minimum_wage_violation/1 are not together in the source-file
Warning:    Earlier definition at c:/users/omen19~1/appdata/local/temp/tmp505b8d89.pl:192
Warning:    Current predicate: harassment_remedy/1
Warning:    Use :- discontiguous minimum_wage_violation/1. to suppress this message
Warning: c:/users/omen19~1/appdata/local/temp/tmp505b8d89.pl:423:
Warning:    Clauses of minimum_wage_rate/2 are not together in the source-file
Warning:    Earlier definition at c:/users/omen19~1/appdata/local/temp/tmp505b8d89.pl:199
Warning:    Current predicate: minimum_wage_violation/1
Warning:    Use :- discontiguous minimum_wage_rate/2. to suppress this message
Warning: c:/users/omen19~1/appdata/local/temp/tmp505b8d89.pl:430:
Warning:    Clauses of overtime_payment_due/2 are not together in the source-file
Warning:    Earlier definition at c:/users/omen19~1/appdata/local/temp/tmp505b8d89.pl:206
Warning:    Current predicate: minimum_wage_rate/2
Warning:    Use :- discontiguous overtime_payment_due/2. to suppress this message
Warning: c:/users/omen19~1/appdata/local/temp/tmp505b8d89.pl:438:
Warning:    Clauses of overtime_hours/2 are not together in the source-file
Warning:    Earlier definition at c:/users/omen19~1/appdata/local/temp/tmp505b8d89.pl:214
Warning:    Current predicate: overtime_payment_due/2
Warning:    Use :- discontiguous overtime_hours/2. to suppress this message
Warning: c:/users/omen19~1/appdata/local/temp/tmp505b8d89.pl:443:
Warning:    Clauses of legal_aid_employment_case/1 are not together in the source-file
Warning:    Earlier definition at c:/users/omen19~1/appdata/local/temp/tmp505b8d89.pl:219
Warning:    Current predicate: overtime_hours/2
Warning:    Use :- discontiguous legal_aid_employment_case/1. to suppress this message
Warning: c:/users/omen19~1/appdata/local/temp/tmp505b8d89.pl:450:
Warning:    Clauses of legal_aid_family_case/1 are not together in the source-file
Warning:    Earlier definition at c:/users/omen19~1/appdata/local/temp/tmp505b8d89.pl:226
Warning:    Current predicate: legal_aid_employment_case/1
Warning:    Use :- discontiguous legal_aid_family_case/1. to suppress this message
Warning: c:/users/omen19~1/appdata/local/temp/tmp505b8d89.pl:457:
Warning:    Clauses of legal_aid_consumer_case/1 are not together in the source-file
Warning:    Earlier definition at c:/users/omen19~1/appdata/local/temp/tmp505b8d89.pl:233
Warning:    Current predicate: legal_aid_family_case/1
Warning:    Use :- discontiguous legal_aid_consumer_case/1. to suppress this message
Warning: c:/users/omen19~1/appdata/local/temp/tmp505b8d89.pl:463:
Warning:    Clauses of constitutional_employment_remedy/1 are not together in the source-file
Warning:    Earlier definition at c:/users/omen19~1/appdata/local/temp/tmp505b8d89.pl:239
Warning:    Current predicate: legal_aid_consumer_case/1
Warning:    Use :- discontiguous constitutional_employment_remedy/1. to suppress this message
Warning: c:/users/omen19~1/appdata/local/temp/tmp505b8d89.pl:469:
Warning:    Singleton variables: [Person]
Warning: c:/users/omen19~1/appdata/local/temp/tmp505b8d89.pl:469:
Warning:    Clauses of employment_pil_standing/2 are not together in the source-file
Warning:    Earlier definition at c:/users/omen19~1/appdata/local/temp/tmp505b8d89.pl:245
Warning:    Current predicate: constitutional_employment_remedy/1
Warning:    Use :- discontiguous employment_pil_standing/2. to suppress this message
Warning: c:/users/omen19~1/appdata/local/temp/tmp505b8d89.pl:473:
Warning:    Clauses of employment_related_issue/1 are not together in the source-file
Warning:    Earlier definition at c:/users/omen19~1/appdata/local/temp/tmp505b8d89.pl:249
Warning:    Current predicate: employment_pil_standing/2
Warning:    Use :- discontiguous employment_related_issue/1. to suppress this message
Warning: c:/users/omen19~1/appdata/local/temp/tmp505b8d89.pl:479:
Warning:    Singleton variables: [Date1,Date2]
Warning: c:/users/omen19~1/appdata/local/temp/tmp505b8d89.pl:479:
Warning:    Clauses of days_between/3 are not together in the source-file
Warning:    Earlier definition at c:/users/omen19~1/appdata/local/temp/tmp505b8d89.pl:255
Warning:    Current predicate: employment_related_issue/1
Warning:    Use :- discontiguous days_between/3. to suppress this message
Warning: c:/users/omen19~1/appdata/local/temp/tmp505b8d89.pl:483:
Warning:    Clauses of appeal_court/2 are not together in the source-file
Warning:    Earlier definition at c:/users/omen19~1/appdata/local/temp/tmp505b8d89.pl:259
Warning:    Current predicate: days_between/3
Warning:    Use :- discontiguous appeal_court/2. to suppress this message
Warning: c:/users/omen19~1/appdata/local/temp/tmp505b8d89.pl:491:
Warning:    Clauses of legal_costs_estimate/3 are not together in the source-file
Warning:    Earlier definition at c:/users/omen19~1/appdata/local/temp/tmp505b8d89.pl:267
Warning:    Current predicate: appeal_court/2
Warning:    Use :- discontiguous legal_costs_estimate/3. to suppress this message
Warning: c:/users/omen19~1/appdata/local/temp/tmp505b8d89.pl:496:
Warning:    Clauses of base_court_fee/2 are not together in the source-file
Warning:    Earlier definition at c:/users/omen19~1/appdata/local/temp/tmp505b8d89.pl:272
Warning:    Current predicate: legal_costs_estimate/3
Warning:    Use :- discontiguous base_court_fee/2. to suppress this message
Warning: c:/users/omen19~1/appdata/local/temp/tmp505b8d89.pl:504:
Warning:    Clauses of lawyer_fee_estimate/2 are not together in the source-file
Warning:    Earlier definition at c:/users/omen19~1/appdata/local/temp/tmp505b8d89.pl:280
Warning:    Current predicate: base_court_fee/2
Warning:    Use :- discontiguous lawyer_fee_estimate/2. to suppress this message
Warning: c:/users/omen19~1/appdata/local/temp/tmp505b8d89.pl:513:
Warning:    Clauses of required_documents/2 are not together in the source-file
Warning:    Earlier definition at c:/users/omen19~1/appdata/local/temp/tmp505b8d89.pl:289
Warning:    Current predicate: lawyer_fee_estimate/2
Warning:    Use :- discontiguous required_documents/2. to suppress this message
Warning: c:/users/omen19~1/appdata/local/temp/tmp505b8d89.pl:523:
Warning:    Clauses of case_timeline_estimate/2 are not together in the source-file
Warning:    Earlier definition at c:/users/omen19~1/appdata/local/temp/tmp505b8d89.pl:299
Warning:    Current predicate: required_documents/2
Warning:    Use :- discontiguous case_timeline_estimate/2. to suppress this message
Warning: c:/users/omen19~1/appdata/local/temp/tmp505b8d89.pl:596:
Warning:    Singleton variables: [Person]
Warning: c:/users/omen19~1/appdata/local/temp/tmp505b8d89.pl:678:
Warning:    Singleton variables: [Person]
Warning: c:/users/omen19~1/appdata/local/temp/tmp505b8d89.pl:682:
Warning:    Singleton variables: [Person]
Warning: c:/users/omen19~1/appdata/local/temp/tmp505b8d89.pl:687:
Warning:    Singleton variables: [Person]
2025-08-07 13:24:35,832 - hybex_system.prolog_engine - ERROR - [Session:de167d75] Prolog query timeout (attempt 1): generate_detailed_reasoning('case_de167d75_132105', DetailedReason)
2025-08-07 13:25:05,865 - hybex_system.prolog_engine - ERROR - [Session:de167d75] Prolog query timeout (attempt 2): generate_detailed_reasoning('case_de167d75_132105', DetailedReason)
2025-08-07 13:25:35,883 - hybex_system.prolog_engine - ERROR - [Session:de167d75] Prolog query timeout (attempt 3): generate_detailed_reasoning('case_de167d75_132105', DetailedReason)
2025-08-07 13:26:05,921 - hybex_system.prolog_engine - ERROR - [Session:de167d75] Prolog query timeout (attempt 1): findall(Rule, applicable_rule('case_de167d75_132105', Rule, legal_aid), Rules)
2025-08-07 13:26:35,945 - hybex_system.prolog_engine - ERROR - [Session:de167d75] Prolog query timeout (attempt 2): findall(Rule, applicable_rule('case_de167d75_132105', Rule, legal_aid), Rules)
2025-08-07 13:27:05,996 - hybex_system.prolog_engine - ERROR - [Session:de167d75] Prolog query timeout (attempt 3): findall(Rule, applicable_rule('case_de167d75_132105', Rule, legal_aid), Rules)
2025-08-07 13:27:05,999 - hybex_system.prolog_engine - INFO - [Session:de167d75] Comprehensive legal analysis complete for case_de167d75_132105: Eligible=False, Confidence=0.30
2025-08-07 13:27:06,005 - hybex_system.prolog_engine - INFO - [Session:de167d75] Cleaning up PrologEngine session de167d75
2025-08-07 13:27:06,006 - hybex_system.prolog_engine - INFO - [Session:de167d75] PrologEngine cleanup completed
