2025-08-08 01:31:59,672 - hybex_system.prolog_engine - INFO - [Session:fa11dcd1] Added file handler to PrologEngine logger.
2025-08-08 01:31:59,672 - hybex_system.prolog_engine - INFO - [Session:fa11dcd1] ======================================================================
2025-08-08 01:31:59,672 - hybex_system.prolog_engine - INFO - [Session:fa11dcd1] Starting HybEx-Law Comprehensive Prolog Reasoning Engine
2025-08-08 01:31:59,672 - hybex_system.prolog_engine - INFO - [Session:fa11dcd1] Session ID: fa11dcd1
2025-08-08 01:31:59,672 - hybex_system.prolog_engine - INFO - [Session:fa11dcd1] Configuration: {'config_source': 'verified_fallback', 'last_updated': None, 'validation_status': 'unvalidated', 'primary_act': 'Legal Services Authorities Act, 1987', 'income_thresholds': {'general': 500000, 'sc_st': 800000, 'obc': 600000, 'bpl': 0, 'ews': 800000}, 'real_data_available': False, 'sources_count': 0}
2025-08-08 01:31:59,674 - hybex_system.prolog_engine - INFO - [Session:fa11dcd1] ======================================================================
2025-08-08 01:31:59,674 - hybex_system.prolog_engine - INFO - [Session:fa11dcd1] Attempting to load rules from: D:\Code_stuff\NLP\multi_domain_legal\knowledge_base\enhanced_multi_domain_rules.py
2025-08-08 01:31:59,675 - hybex_system.prolog_engine - INFO - [Session:fa11dcd1] Successfully loaded ENHANCED_MULTI_DOMAIN_LEGAL_RULES with scraped content.
2025-08-08 01:31:59,675 - hybex_system.prolog_engine - INFO - [Session:fa11dcd1] Parsing comprehensive multi-domain legal rules from knowledge base.
2025-08-08 01:31:59,678 - hybex_system.prolog_engine - INFO - [Session:fa11dcd1] Initialized Comprehensive PrologEngine (Session: fa11dcd1, Available: True)
2025-08-08 01:31:59,678 - hybex_system.prolog_engine - INFO - [Session:fa11dcd1] Loaded 9 rule categories with 299 total rules
2025-08-08 01:31:59,678 - hybex_system.prolog_engine - INFO - [Session:fa11dcd1] Comprehensive rules actually loaded: True
2025-08-08 01:32:00,845 - hybex_system.prolog_engine - INFO - [Session:fa11dcd1] 🧠 Starting comprehensive legal analysis for case_fa11dcd1_013200
2025-08-08 01:32:00,846 - hybex_system.prolog_engine - INFO - [Session:fa11dcd1] Generated 1 comprehensive Prolog facts for case_fa11dcd1_013200
2025-08-08 01:32:00,849 - hybex_system.prolog_engine - INFO - [Session:fa11dcd1] Created comprehensive Prolog file: C:\Users\OMEN19~1\AppData\Local\Temp\tmp3ds80aqs.pl with 1 facts.
2025-08-08 01:32:30,860 - hybex_system.prolog_engine - ERROR - [Session:fa11dcd1] Prolog query timeout (attempt 1): eligible_with_confidence('case_fa11dcd1_013200', Eligible, Confidence)
2025-08-08 01:33:00,886 - hybex_system.prolog_engine - ERROR - [Session:fa11dcd1] Prolog query timeout (attempt 2): eligible_with_confidence('case_fa11dcd1_013200', Eligible, Confidence)
2025-08-08 01:33:30,918 - hybex_system.prolog_engine - ERROR - [Session:fa11dcd1] Prolog query timeout (attempt 3): eligible_with_confidence('case_fa11dcd1_013200', Eligible, Confidence)
2025-08-08 01:33:30,919 - hybex_system.prolog_engine - WARNING - [Session:fa11dcd1] Failed to get confident eligibility from Prolog. Trying basic 'eligible_for_legal_aid'.
2025-08-08 01:33:30,996 - hybex_system.prolog_engine - WARNING - [Session:fa11dcd1] SWI-Prolog exited with code 1 (attempt 1). Stderr: ERROR: c:/users/omen19~1/appdata/local/temp/tmp3ds80aqs.pl:120:7: Syntax error: Operator expected
Warning: c:/users/omen19~1/appdata/local/temp/tmp3ds80aqs.pl:140:
Warning:    Singleton variables: [Spouse]
Warning: c:/users/omen19~1/appdata/local/temp/tmp3ds80aqs.pl:319:
Warning:    Singleton variables: [Person]
ERROR: c:/users/omen19~1/appdata/local/temp/tmp3ds80aqs.pl:371:7: Syntax error: Operator expected
Warning: c:/users/omen19~1/appdata/local/temp/tmp3ds80aqs.pl:487:
Warning:    Singleton variables: [Person]
ERROR: c:/users/omen19~1/appdata/local/temp/tmp3ds80aqs.pl:498:10: Syntax error: Operator expected
Warning: c:/users/omen19~1/appdata/local/temp/tmp3ds80aqs.pl:505:
Warning:    Singleton variables: [Category]
Warning: c:/users/omen19~1/appdata/local/temp/tmp3ds80aqs.pl:521:
Warning:    Singleton variables: [Category]
Warning: c:/users/omen19~1/appdata/local/temp/tmp3ds80aqs.pl:537:
Warning:    Singleton variables: [Date1,Date2]
Warning: c:/users/omen19~1/appdata/local/temp/tmp3ds80aqs.pl:597:
Warning:    Clauses of legal_section/3 are not together in the source-file
Warning:    Earlier definition at c:/users/omen19~1/appdata/local/temp/tmp3ds80aqs.pl:593
Warning:    Current predicate: authoritative_source/3
Warning:    Use :- discontiguous legal_section/3. to suppress this message
Warning: c:/users/omen19~1/appdata/local/temp/tmp3ds80aqs.pl:599:
Warning:    Clauses of authoritative_source/3 are not together in the source-file
Warning:    Earlier definition at c:/users/omen19~1/appdata/local/temp/tmp3ds80aqs.pl:595
Warning:    Current predicate: legal_section/3
Warning:    Use :- discontiguous authoritative_source/3. to suppress this message
Warning: c:/users/omen19~1/appdata/local/temp/tmp3ds80aqs.pl:601:
Warning:    Clauses of legal_section/3 are not together in the source-file
Warning:    Earlier definition at c:/users/omen19~1/appdata/local/temp/tmp3ds80aqs.pl:593
Warning:    Current predicate: authoritative_source/3
Warning:    Use :- discontiguous legal_section/3. to suppress this message
Warning: c:/users/omen19~1/appdata/local/temp/tmp3ds80aqs.pl:603:
Warning:    Clauses of authoritative_source/3 are not together in the source-file
Warning:    Earlier definition at c:/users/omen19~1/appdata/local/temp/tmp3ds80aqs.pl:595
Warning:    Current predicate: legal_section/3
Warning:    Use :- discontiguous authoritative_source/3. to suppress this message
Warning: c:/users/omen19~1/appdata/local/temp/tmp3ds80aqs.pl:605:
Warning:    Clauses of legal_section/3 are not together in the source-file
Warning:    Earlier definition at c:/users/omen19~1/appdata/local/temp/tmp3ds80aqs.pl:593
Warning:    Current predicate: authoritative_source/3
Warning:    Use :- discontiguous legal_section/3. to suppress this message
Warning: c:/users/omen19~1/appdata/local/temp/tmp3ds80aqs.pl:607:
Warning:    Clauses of authoritative_source/3 are not together in the source-file
Warning:    Earlier definition at c:/users/omen19~1/appdata/local/temp/tmp3ds80aqs.pl:595
Warning:    Current predicate: legal_section/3
Warning:    Use :- discontiguous authoritative_source/3. to suppress this message
Warning: c:/users/omen19~1/appdata/local/temp/tmp3ds80aqs.pl:609:
Warning:    Clauses of legal_section/3 are not together in the source-file
Warning:    Earlier definition at c:/users/omen19~1/appdata/local/temp/tmp3ds80aqs.pl:593
Warning:    Current predicate: authoritative_source/3
Warning:    Use :- discontiguous legal_section/3. to suppress this message
Warning: c:/users/omen19~1/appdata/local/temp/tmp3ds80aqs.pl:611:
Warning:    Clauses of authoritative_source/3 are not together in the source-file
Warning:    Earlier definition at c:/users/omen19~1/appdata/local/temp/tmp3ds80aqs.pl:595
Warning:    Current predicate: legal_section/3
Warning:    Use :- discontiguous authoritative_source/3. to suppress this message
ERROR: c:/users/omen19~1/appdata/local/temp/tmp3ds80aqs.pl:613:28: Syntax error: Operator expected
ERROR: c:/users/omen19~1/appdata/local/temp/tmp3ds80aqs.pl:615:35: Syntax error: Operator expected
Warning: c:/users/omen19~1/appdata/local/temp/tmp3ds80aqs.pl:617:
Warning:    Clauses of legal_section/3 are not together in the source-file
Warning:    Earlier definition at c:/users/omen19~1/appdata/local/temp/tmp3ds80aqs.pl:593
Warning:    Current predicate: authoritative_source/3
Warning:    Use :- discontiguous legal_section/3. to suppress this message
Warning: c:/users/omen19~1/appdata/local/temp/tmp3ds80aqs.pl:619:
Warning:    Clauses of authoritative_source/3 are not together in the source-file
Warning:    Earlier definition at c:/users/omen19~1/appdata/local/temp/tmp3ds80aqs.pl:595
Warning:    Current predicate: legal_section/3
Warning:    Use :- discontiguous authoritative_source/3. to suppress this message
Warning: c:/users/omen19~1/appdata/local/temp/tmp3ds80aqs.pl:621:
Warning:    Clauses of legal_section/3 are not together in the source-file
Warning:    Earlier definition at c:/users/omen19~1/appdata/local/temp/tmp3ds80aqs.pl:593
Warning:    Current predicate: authoritative_source/3
Warning:    Use :- discontiguous legal_section/3. to suppress this message
Warning: c:/users/omen19~1/appdata/local/temp/tmp3ds80aqs.pl:623:
Warning:    Clauses of authoritative_source/3 are not together in the source-file
Warning:    Earlier definition at c:/users/omen19~1/appdata/local/temp/tmp3ds80aqs.pl:595
Warning:    Current predicate: legal_section/3
Warning:    Use :- discontiguous authoritative_source/3. to suppress this message
Warning: c:/users/omen19~1/appdata/local/temp/tmp3ds80aqs.pl:625:
Warning:    Clauses of legal_section/3 are not together in the source-file
Warning:    Earlier definition at c:/users/omen19~1/appdata/local/temp/tmp3ds80aqs.pl:593
Warning:    Current predicate: authoritative_source/3
Warning:    Use :- discontiguous legal_section/3. to suppress this message
Warning: c:/users/omen19~1/appdata/local/temp/tmp3ds80aqs.pl:627:
Warning:    Clauses of authoritative_source/3 are not together in the source-file
Warning:    Earlier definition at c:/users/omen19~1/appdata/local/temp/tmp3ds80aqs.pl:595
Warning:    Current predicate: legal_section/3
Warning:    Use :- discontiguous authoritative_source/3. to suppress this message
Warning: c:/users/omen19~1/appdata/local/temp/tmp3ds80aqs.pl:629:
Warning:    Clauses of legal_section/3 are not together in the source-file
Warning:    Earlier definition at c:/users/omen19~1/appdata/local/temp/tmp3ds80aqs.pl:593
Warning:    Current predicate: authoritative_source/3
Warning:    Use :- discontiguous legal_section/3. to suppress this message
Warning: c:/users/omen19~1/appdata/local/temp/tmp3ds80aqs.pl:631:
Warning:    Clauses of authoritative_source/3 are not together in the source-file
Warning:    Earlier definition at c:/users/omen19~1/appdata/local/temp/tmp3ds80aqs.pl:595
Warning:    Current predicate: legal_section/3
Warning:    Use :- discontiguous authoritative_source/3. to suppress this message
Warning: c:/users/omen19~1/appdata/local/temp/tmp3ds80aqs.pl:633:
Warning:    Clauses of legal_section/3 are not together in the source-file
Warning:    Earlier definition at c:/users/omen19~1/appdata/local/temp/tmp3ds80aqs.pl:593
Warning:    Current predicate: authoritative_source/3
Warning:    Use :- discontiguous legal_section/3. to suppress this message
Warning: c:/users/omen19~1/appdata/local/temp/tmp3ds80aqs.pl:635:
Warning:    Clauses of authoritative_source/3 are not together in the source-file
Warning:    Earlier definition at c:/users/omen19~1/appdata/local/temp/tmp3ds80aqs.pl:595
Warning:    Current predicate: legal_section/3
Warning:    Use :- discontiguous authoritative_source/3. to suppress this message
Warning: c:/users/omen19~1/appdata/local/temp/tmp3ds80aqs.pl:637:
Warning:    Clauses of legal_section/3 are not together in the source-file
Warning:    Earlier definition at c:/users/omen19~1/appdata/local/temp/tmp3ds80aqs.pl:593
Warning:    Current predicate: authoritative_source/3
Warning:    Use :- discontiguous legal_section/3. to suppress this message
Warning: c:/users/omen19~1/appdata/local/temp/tmp3ds80aqs.pl:639:
Warning:    Clauses of authoritative_source/3 are not together in the source-file
Warning:    Earlier definition at c:/users/omen19~1/appdata/local/temp/tmp3ds80aqs.pl:595
Warning:    Current predicate: legal_section/3
Warning:    Use :- discontiguous authoritative_source/3. to suppress this message
Warning: c:/users/omen19~1/appdata/local/temp/tmp3ds80aqs.pl:641:
Warning:    Clauses of legal_section/3 are not together in the source-file
Warning:    Earlier definition at c:/users/omen19~1/appdata/local/temp/tmp3ds80aqs.pl:593
Warning:    Current predicate: authoritative_source/3
Warning:    Use :- discontiguous legal_section/3. to suppress this message
Warning: c:/users/omen19~1/appdata/local/temp/tmp3ds80aqs.pl:643:
Warning:    Clauses of authoritative_source/3 are not together in the source-file
Warning:    Earlier definition at c:/users/omen19~1/appdata/local/temp/tmp3ds80aqs.pl:595
Warning:    Current predicate: legal_section/3
Warning:    Use :- discontiguous authoritative_source/3. to suppress this message
Warning: c:/users/omen19~1/appdata/local/temp/tmp3ds80aqs.pl:645:
Warning:    Clauses of legal_section/3 are not together in the source-file
Warning:    Earlier definition at c:/users/omen19~1/appdata/local/temp/tmp3ds80aqs.pl:593
Warning:    Current predicate: authoritative_source/3
Warning:    Use :- discontiguous legal_section/3. to suppress this message
Warning: c:/users/omen19~1/appdata/local/temp/tmp3ds80aqs.pl:647:
Warning:    Clauses of authoritative_source/3 are not together in the source-file
Warning:    Earlier definition at c:/users/omen19~1/appdata/local/temp/tmp3ds80aqs.pl:595
Warning:    Current predicate: legal_section/3
Warning:    Use :- discontiguous authoritative_source/3. to suppress this message
Warning: c:/users/omen19~1/appdata/local/temp/tmp3ds80aqs.pl:649:
Warning:    Clauses of legal_section/3 are not together in the source-file
Warning:    Earlier definition at c:/users/omen19~1/appdata/local/temp/tmp3ds80aqs.pl:593
Warning:    Current predicate: authoritative_source/3
Warning:    Use :- discontiguous legal_section/3. to suppress this message
Warning: c:/users/omen19~1/appdata/local/temp/tmp3ds80aqs.pl:651:
Warning:    Clauses of authoritative_source/3 are not together in the source-file
Warning:    Earlier definition at c:/users/omen19~1/appdata/local/temp/tmp3ds80aqs.pl:595
Warning:    Current predicate: legal_section/3
Warning:    Use :- discontiguous authoritative_source/3. to suppress this message
Warning: c:/users/omen19~1/appdata/local/temp/tmp3ds80aqs.pl:653:
Warning:    Clauses of legal_section/3 are not together in the source-file
Warning:    Earlier definition at c:/users/omen19~1/appdata/local/temp/tmp3ds80aqs.pl:593
Warning:    Current predicate: authoritative_source/3
Warning:    Use :- discontiguous legal_section/3. to suppress this message
Warning: c:/users/omen19~1/appdata/local/temp/tmp3ds80aqs.pl:655:
Warning:    Clauses of authoritative_source/3 are not together in the source-file
Warning:    Earlier definition at c:/users/omen19~1/appdata/local/temp/tmp3ds80aqs.pl:595
Warning:    Current predicate: legal_section/3
Warning:    Use :- discontiguous authoritative_source/3. to suppress this message
Warning: c:/users/omen19~1/appdata/local/temp/tmp3ds80aqs.pl:657:
Warning:    Clauses of legal_section/3 are not together in the source-file
Warning:    Earlier definition at c:/users/omen19~1/appdata/local/temp/tmp3ds80aqs.pl:593
Warning:    Current predicate: authoritative_source/3
Warning:    Use :- discontiguous legal_section/3. to suppress this message
Warning: c:/users/omen19~1/appdata/local/temp/tmp3ds80aqs.pl:659:
Warning:    Clauses of authoritative_source/3 are not together in the source-file
Warning:    Earlier definition at c:/users/omen19~1/appdata/local/temp/tmp3ds80aqs.pl:595
Warning:    Current predicate: legal_section/3
Warning:    Use :- discontiguous authoritative_source/3. to suppress this message
Warning: c:/users/omen19~1/appdata/local/temp/tmp3ds80aqs.pl:661:
Warning:    Clauses of legal_section/3 are not together in the source-file
Warning:    Earlier definition at c:/users/omen19~1/appdata/local/temp/tmp3ds80aqs.pl:593
Warning:    Current predicate: authoritative_source/3
Warning:    Use :- discontiguous legal_section/3. to suppress this message
Warning: c:/users/omen19~1/appdata/local/temp/tmp3ds80aqs.pl:663:
Warning:    Clauses of authoritative_source/3 are not together in the source-file
Warning:    Earlier definition at c:/users/omen19~1/appdata/local/temp/tmp3ds80aqs.pl:595
Warning:    Current predicate: legal_section/3
Warning:    Use :- discontiguous authoritative_source/3. to suppress this message
ERROR: c:/users/omen19~1/appdata/local/temp/tmp3ds80aqs.pl:665:27: Syntax error: Operator expected
ERROR: c:/users/omen19~1/appdata/local/temp/tmp3ds80aqs.pl:667:34: Syntax error: Operator expected
Warning: c:/users/omen19~1/appdata/local/temp/tmp3ds80aqs.pl:669:
Warning:    Clauses of legal_section/3 are not together in the source-file
Warning:    Earlier definition at c:/users/omen19~1/appdata/local/temp/tmp3ds80aqs.pl:593
Warning:    Current predicate: authoritative_source/3
Warning:    Use :- discontiguous legal_section/3. to suppress this message
Warning: c:/users/omen19~1/appdata/local/temp/tmp3ds80aqs.pl:671:
Warning:    Clauses of authoritative_source/3 are not together in the source-file
Warning:    Earlier definition at c:/users/omen19~1/appdata/local/temp/tmp3ds80aqs.pl:595
Warning:    Current predicate: legal_section/3
Warning:    Use :- discontiguous authoritative_source/3. to suppress this message
Warning: c:/users/omen19~1/appdata/local/temp/tmp3ds80aqs.pl:673:
Warning:    Clauses of legal_section/3 are not together in the source-file
Warning:    Earlier definition at c:/users/omen19~1/appdata/local/temp/tmp3ds80aqs.pl:593
Warning:    Current predicate: authoritative_source/3
Warning:    Use :- discontiguous legal_section/3. to suppress this message
Warning: c:/users/omen19~1/appdata/local/temp/tmp3ds80aqs.pl:675:
Warning:    Clauses of authoritative_source/3 are not together in the source-file
Warning:    Earlier definition at c:/users/omen19~1/appdata/local/temp/tmp3ds80aqs.pl:595
Warning:    Current predicate: legal_section/3
Warning:    Use :- discontiguous authoritative_source/3. to suppress this message
Warning: c:/users/omen19~1/appdata/local/temp/tmp3ds80aqs.pl:677:
Warning:    Clauses of legal_section/3 are not together in the source-file
Warning:    Earlier definition at c:/users/omen19~1/appdata/local/temp/tmp3ds80aqs.pl:593
Warning:    Current predicate: authoritative_source/3
Warning:    Use :- discontiguous legal_section/3. to suppress this message
Warning: c:/users/omen19~1/appdata/local/temp/tmp3ds80aqs.pl:679:
Warning:    Clauses of authoritative_source/3 are not together in the source-file
Warning:    Earlier definition at c:/users/omen19~1/appdata/local/temp/tmp3ds80aqs.pl:595
Warning:    Current predicate: legal_section/3
Warning:    Use :- discontiguous authoritative_source/3. to suppress this message
Warning: c:/users/omen19~1/appdata/local/temp/tmp3ds80aqs.pl:681:
Warning:    Clauses of legal_section/3 are not together in the source-file
Warning:    Earlier definition at c:/users/omen19~1/appdata/local/temp/tmp3ds80aqs.pl:593
Warning:    Current predicate: authoritative_source/3
Warning:    Use :- discontiguous legal_section/3. to suppress this message
Warning: c:/users/omen19~1/appdata/local/temp/tmp3ds80aqs.pl:683:
Warning:    Clauses of authoritative_source/3 are not together in the source-file
Warning:    Earlier definition at c:/users/omen19~1/appdata/local/temp/tmp3ds80aqs.pl:595
Warning:    Current predicate: legal_section/3
Warning:    Use :- discontiguous authoritative_source/3. to suppress this message
Warning: c:/users/omen19~1/appdata/local/temp/tmp3ds80aqs.pl:685:
Warning:    Clauses of legal_section/3 are not together in the source-file
Warning:    Earlier definition at c:/users/omen19~1/appdata/local/temp/tmp3ds80aqs.pl:593
Warning:    Current predicate: authoritative_source/3
Warning:    Use :- discontiguous legal_section/3. to suppress this message
Warning: c:/users/omen19~1/appdata/local/temp/tmp3ds80aqs.pl:687:
Warning:    Clauses of authoritative_source/3 are not together in the source-file
Warning:    Earlier definition at c:/users/omen19~1/appdata/local/temp/tmp3ds80aqs.pl:595
Warning:    Current predicate: legal_section/3
Warning:    Use :- discontiguous authoritative_source/3. to suppress this message
ERROR: c:/users/omen19~1/appdata/local/temp/tmp3ds80aqs.pl:689:27: Syntax error: Operator expected
ERROR: c:/users/omen19~1/appdata/local/temp/tmp3ds80aqs.pl:691:34: Syntax error: Operator expected
Warning: c:/users/omen19~1/appdata/local/temp/tmp3ds80aqs.pl:693:
Warning:    Clauses of legal_section/3 are not together in the source-file
Warning:    Earlier definition at c:/users/omen19~1/appdata/local/temp/tmp3ds80aqs.pl:593
Warning:    Current predicate: authoritative_source/3
Warning:    Use :- discontiguous legal_section/3. to suppress this message
Warning: c:/users/omen19~1/appdata/local/temp/tmp3ds80aqs.pl:695:
Warning:    Clauses of authoritative_source/3 are not together in the source-file
Warning:    Earlier definition at c:/users/omen19~1/appdata/local/temp/tmp3ds80aqs.pl:595
Warning:    Current predicate: legal_section/3
Warning:    Use :- discontiguous authoritative_source/3. to suppress this message
Warning: c:/users/omen19~1/appdata/local/temp/tmp3ds80aqs.pl:697:
Warning:    Clauses of legal_section/3 are not together in the source-file
Warning:    Earlier definition at c:/users/omen19~1/appdata/local/temp/tmp3ds80aqs.pl:593
Warning:    Current predicate: authoritative_source/3
Warning:    Use :- discontiguous legal_section/3. to suppress this message
Warning: c:/users/omen19~1/appdata/local/temp/tmp3ds80aqs.pl:699:
Warning:    Clauses of authoritative_source/3 are not together in the source-file
Warning:    Earlier definition at c:/users/omen19~1/appdata/local/temp/tmp3ds80aqs.pl:595
Warning:    Current predicate: legal_section/3
Warning:    Use :- discontiguous authoritative_source/3. to suppress this message
ERROR: c:/users/omen19~1/appdata/local/temp/tmp3ds80aqs.pl:701:27: Syntax error: Operator expected
ERROR: c:/users/omen19~1/appdata/local/temp/tmp3ds80aqs.pl:703:34: Syntax error: Operator expected
ERROR: c:/users/omen19~1/appdata/local/temp/tmp3ds80aqs.pl:705:27: Syntax error: Operator expected
ERROR: c:/users/omen19~1/appdata/local/temp/tmp3ds80aqs.pl:707:34: Syntax error: Operator expected
ERROR: c:/users/omen19~1/appdata/local/temp/tmp3ds80aqs.pl:709:27: Syntax error: Operator expected
ERROR: c:/users/omen19~1/appdata/local/temp/tmp3ds80aqs.pl:711:34: Syntax error: Operator expected
Warning: c:/users/omen19~1/appdata/local/temp/tmp3ds80aqs.pl:713:
Warning:    Clauses of legal_section/3 are not together in the source-file
Warning:    Earlier definition at c:/users/omen19~1/appdata/local/temp/tmp3ds80aqs.pl:593
Warning:    Current predicate: authoritative_source/3
Warning:    Use :- discontiguous legal_section/3. to suppress this message
Warning: c:/users/omen19~1/appdata/local/temp/tmp3ds80aqs.pl:715:
Warning:    Clauses of authoritative_source/3 are not together in the source-file
Warning:    Earlier definition at c:/users/omen19~1/appdata/local/temp/tmp3ds80aqs.pl:595
Warning:    Current predicate: legal_section/3
Warning:    Use :- discontiguous authoritative_source/3. to suppress this message
ERROR: c:/users/omen19~1/appdata/local/temp/tmp3ds80aqs.pl:717:27: Syntax error: Operator expected
ERROR: c:/users/omen19~1/appdata/local/temp/tmp3ds80aqs.pl:719:34: Syntax error: Operator expected
ERROR: c:/users/omen19~1/appdata/local/temp/tmp3ds80aqs.pl:721:27: Syntax error: Operator expected
ERROR: c:/users/omen19~1/appdata/local/temp/tmp3ds80aqs.pl:723:34: Syntax error: Operator expected
Warning: c:/users/omen19~1/appdata/local/temp/tmp3ds80aqs.pl:725:
Warning:    Clauses of legal_section/3 are not together in the source-file
Warning:    Earlier definition at c:/users/omen19~1/appdata/local/temp/tmp3ds80aqs.pl:593
Warning:    Current predicate: authoritative_source/3
Warning:    Use :- discontiguous legal_section/3. to suppress this message
Warning: c:/users/omen19~1/appdata/local/temp/tmp3ds80aqs.pl:727:
Warning:    Clauses of authoritative_source/3 are not together in the source-file
Warning:    Earlier definition at c:/users/omen19~1/appdata/local/temp/tmp3ds80aqs.pl:595
Warning:    Current predicate: legal_section/3
Warning:    Use :- discontiguous authoritative_source/3. to suppress this message
Warning: c:/users/omen19~1/appdata/local/temp/tmp3ds80aqs.pl:729:
Warning:    Clauses of legal_section/3 are not together in the source-file
Warning:    Earlier definition at c:/users/omen19~1/appdata/local/temp/tmp3ds80aqs.pl:593
Warning:    Current predicate: authoritative_source/3
Warning:    Use :- discontiguous legal_section/3. to suppress this message
Warning: c:/users/omen19~1/appdata/local/temp/tmp3ds80aqs.pl:731:
Warning:    Clauses of authoritative_source/3 are not together in the source-file
Warning:    Earlier definition at c:/users/omen19~1/appdata/local/temp/tmp3ds80aqs.pl:595
Warning:    Current predicate: legal_section/3
Warning:    Use :- discontiguous authoritative_source/3. to suppress this message
ERROR: c:/users/omen19~1/appdata/local/temp/tmp3ds80aqs.pl:733:27: Syntax error: Operator expected
ERROR: c:/users/omen19~1/appdata/local/temp/tmp3ds80aqs.pl:735:34: Syntax error: Operator expected
Warning: c:/users/omen19~1/appdata/local/temp/tmp3ds80aqs.pl:737:
Warning:    Clauses of legal_section/3 are not together in the source-file
Warning:    Earlier definition at c:/users/omen19~1/appdata/local/temp/tmp3ds80aqs.pl:593
Warning:    Current predicate: authoritative_source/3
Warning:    Use :- discontiguous legal_section/3. to suppress this message
Warning: c:/users/omen19~1/appdata/local/temp/tmp3ds80aqs.pl:739:
Warning:    Clauses of authoritative_source/3 are not together in the source-file
Warning:    Earlier definition at c:/users/omen19~1/appdata/local/temp/tmp3ds80aqs.pl:595
Warning:    Current predicate: legal_section/3
Warning:    Use :- discontiguous authoritative_source/3. to suppress this message
ERROR: c:/users/omen19~1/appdata/local/temp/tmp3ds80aqs.pl:741:27: Syntax error: Operator expected
ERROR: c:/users/omen19~1/appdata/local/temp/tmp3ds80aqs.pl:743:34: Syntax error: Operator expected
Warning: c:/users/omen19~1/appdata/local/temp/tmp3ds80aqs.pl:745:
Warning:    Clauses of legal_section/3 are not together in the source-file
Warning:    Earlier definition at c:/users/omen19~1/appdata/local/temp/tmp3ds80aqs.pl:593
Warning:    Current predicate: authoritative_source/3
Warning:    Use :- discontiguous legal_section/3. to suppress this message
Warning: c:/users/omen19~1/appdata/local/temp/tmp3ds80aqs.pl:747:
Warning:    Clauses of authoritative_source/3 are not together in the source-file
Warning:    Earlier definition at c:/users/omen19~1/appdata/local/temp/tmp3ds80aqs.pl:595
Warning:    Current predicate: legal_section/3
Warning:    Use :- discontiguous authoritative_source/3. to suppress this message
ERROR: c:/users/omen19~1/appdata/local/temp/tmp3ds80aqs.pl:749:27: Syntax error: Operator expected
ERROR: c:/users/omen19~1/appdata/local/temp/tmp3ds80aqs.pl:751:34: Syntax error: Operator expected
Warning: c:/users/omen19~1/appdata/local/temp/tmp3ds80aqs.pl:753:
Warning:    Clauses of legal_section/3 are not together in the source-file
Warning:    Earlier definition at c:/users/omen19~1/appdata/local/temp/tmp3ds80aqs.pl:593
Warning:    Current predicate: authoritative_source/3
Warning:    Use :- discontiguous legal_section/3. to suppress this message
Warning: c:/users/omen19~1/appdata/local/temp/tmp3ds80aqs.pl:755:
Warning:    Clauses of authoritative_source/3 are not together in the source-file
Warning:    Earlier definition at c:/users/omen19~1/appdata/local/temp/tmp3ds80aqs.pl:595
Warning:    Current predicate: legal_section/3
Warning:    Use :- discontiguous authoritative_source/3. to suppress this message
Warning: c:/users/omen19~1/appdata/local/temp/tmp3ds80aqs.pl:757:
Warning:    Clauses of legal_section/3 are not together in the source-file
Warning:    Earlier definition at c:/users/omen19~1/appdata/local/temp/tmp3ds80aqs.pl:593
Warning:    Current predicate: authoritative_source/3
Warning:    Use :- discontiguous legal_section/3. to suppress this message
Warning: c:/users/omen19~1/appdata/local/temp/tmp3ds80aqs.pl:759:
Warning:    Clauses of authoritative_source/3 are not together in the source-file
Warning:    Earlier definition at c:/users/omen19~1/appdata/local/temp/tmp3ds80aqs.pl:595
Warning:    Current predicate: legal_section/3
Warning:    Use :- discontiguous authoritative_source/3. to suppress this message
ERROR: c:/users/omen19~1/appdata/local/temp/tmp3ds80aqs.pl:761:27: Syntax error: Operator expected
ERROR: c:/users/omen19~1/appdata/local/temp/tmp3ds80aqs.pl:763:34: Syntax error: Operator expected
Warning: c:/users/omen19~1/appdata/local/temp/tmp3ds80aqs.pl:765:
Warning:    Clauses of legal_section/3 are not together in the source-file
Warning:    Earlier definition at c:/users/omen19~1/appdata/local/temp/tmp3ds80aqs.pl:593
Warning:    Current predicate: authoritative_source/3
Warning:    Use :- discontiguous legal_section/3. to suppress this message
Warning: c:/users/omen19~1/appdata/local/temp/tmp3ds80aqs.pl:767:
Warning:    Clauses of authoritative_source/3 are not together in the source-file
Warning:    Earlier definition at c:/users/omen19~1/appdata/local/temp/tmp3ds80aqs.pl:595
Warning:    Current predicate: legal_section/3
Warning:    Use :- discontiguous authoritative_source/3. to suppress this message
Warning: c:/users/omen19~1/appdata/local/temp/tmp3ds80aqs.pl:769:
Warning:    Clauses of legal_section/3 are not together in the source-file
Warning:    Earlier definition at c:/users/omen19~1/appdata/local/temp/tmp3ds80aqs.pl:593
Warning:    Current predicate: authoritative_source/3
Warning:    Use :- discontiguous legal_section/3. to suppress this message
Warning: c:/users/omen19~1/appdata/local/temp/tmp3ds80aqs.pl:771:
Warning:    Clauses of authoritative_source/3 are not together in the source-file
Warning:    Earlier definition at c:/users/omen19~1/appdata/local/temp/tmp3ds80aqs.pl:595
Warning:    Current predicate: legal_section/3
Warning:    Use :- discontiguous authoritative_source/3. to suppress this message
Warning: c:/users/omen19~1/appdata/local/temp/tmp3ds80aqs.pl:773:
Warning:    Clauses of legal_section/3 are not together in the source-file
Warning:    Earlier definition at c:/users/omen19~1/appdata/local/temp/tmp3ds80aqs.pl:593
Warning:    Current predicate: authoritative_source/3
Warning:    Use :- discontiguous legal_section/3. to suppress this message
Warning: c:/users/omen19~1/appdata/local/temp/tmp3ds80aqs.pl:775:
Warning:    Clauses of authoritative_source/3 are not together in the source-file
Warning:    Earlier definition at c:/users/omen19~1/appdata/local/temp/tmp3ds80aqs.pl:595
Warning:    Current predicate: legal_section/3
Warning:    Use :- discontiguous authoritative_source/3. to suppress this message
Warning: c:/users/omen19~1/appdata/local/temp/tmp3ds80aqs.pl:777:
Warning:    Clauses of legal_section/3 are not together in the source-file
Warning:    Earlier definition at c:/users/omen19~1/appdata/local/temp/tmp3ds80aqs.pl:593
Warning:    Current predicate: authoritative_source/3
Warning:    Use :- discontiguous legal_section/3. to suppress this message
Warning: c:/users/omen19~1/appdata/local/temp/tmp3ds80aqs.pl:779:
Warning:    Clauses of authoritative_source/3 are not together in the source-file
Warning:    Earlier definition at c:/users/omen19~1/appdata/local/temp/tmp3ds80aqs.pl:595
Warning:    Current predicate: legal_section/3
Warning:    Use :- discontiguous authoritative_source/3. to suppress this message
ERROR: c:/users/omen19~1/appdata/local/temp/tmp3ds80aqs.pl:781:27: Syntax error: Operator expected
ERROR: c:/users/omen19~1/appdata/local/temp/tmp3ds80aqs.pl:783:34: Syntax error: Operator expected
Warning: c:/users/omen19~1/appdata/local/temp/tmp3ds80aqs.pl:785:
Warning:    Clauses of legal_section/3 are not together in the source-file
Warning:    Earlier definition at c:/users/omen19~1/appdata/local/temp/tmp3ds80aqs.pl:593
Warning:    Current predicate: authoritative_source/3
Warning:    Use :- discontiguous legal_section/3. to suppress this message
Warning: c:/users/omen19~1/appdata/local/temp/tmp3ds80aqs.pl:787:
Warning:    Clauses of authoritative_source/3 are not together in the source-file
Warning:    Earlier definition at c:/users/omen19~1/appdata/local/temp/tmp3ds80aqs.pl:595
Warning:    Current predicate: legal_section/3
Warning:    Use :- discontiguous authoritative_source/3. to suppress this message
ERROR: c:/users/omen19~1/appdata/local/temp/tmp3ds80aqs.pl:789:27: Syntax error: Operator expected
ERROR: c:/users/omen19~1/appdata/local/temp/tmp3ds80aqs.pl:791:34: Syntax error: Operator expected
ERROR: c:/users/omen19~1/appdata/local/temp/tmp3ds80aqs.pl:793:27: Syntax error: Operator expected
ERROR: c:/users/omen19~1/appdata/local/temp/tmp3ds80aqs.pl:795:34: Syntax error: Operator expected
Warning: c:/users/omen19~1/appdata/local/temp/tmp3ds80aqs.pl:797:
Warning:    Clauses of legal_section/3 are not together in the source-file
Warning:    Earlier definition at c:/users/omen19~1/appdata/local/temp/tmp3ds80aqs.pl:593
Warning:    Current predicate: authoritative_source/3
Warning:    Use :- discontiguous legal_section/3. to suppress this message
Warning: c:/users/omen19~1/appdata/local/temp/tmp3ds80aqs.pl:799:
Warning:    Clauses of authoritative_source/3 are not together in the source-file
Warning:    Earlier definition at c:/users/omen19~1/appdata/local/temp/tmp3ds80aqs.pl:595
Warning:    Current predicate: legal_section/3
Warning:    Use :- discontiguous authoritative_source/3. to suppress this message
Warning: c:/users/omen19~1/appdata/local/temp/tmp3ds80aqs.pl:801:
Warning:    Clauses of legal_section/3 are not together in the source-file
Warning:    Earlier definition at c:/users/omen19~1/appdata/local/temp/tmp3ds80aqs.pl:593
Warning:    Current predicate: authoritative_source/3
Warning:    Use :- discontiguous legal_section/3. to suppress this message
Warning: c:/users/omen19~1/appdata/local/temp/tmp3ds80aqs.pl:803:
Warning:    Clauses of authoritative_source/3 are not together in the source-file
Warning:    Earlier definition at c:/users/omen19~1/appdata/local/temp/tmp3ds80aqs.pl:595
Warning:    Current predicate: legal_section/3
Warning:    Use :- discontiguous authoritative_source/3. to suppress this message
Warning: c:/users/omen19~1/appdata/local/temp/tmp3ds80aqs.pl:805:
Warning:    Clauses of legal_section/3 are not together in the source-file
Warning:    Earlier definition at c:/users/omen19~1/appdata/local/temp/tmp3ds80aqs.pl:593
Warning:    Current predicate: authoritative_source/3
Warning:    Use :- discontiguous legal_section/3. to suppress this message
Warning: c:/users/omen19~1/appdata/local/temp/tmp3ds80aqs.pl:807:
Warning:    Clauses of authoritative_source/3 are not together in the source-file
Warning:    Earlier definition at c:/users/omen19~1/appdata/local/temp/tmp3ds80aqs.pl:595
Warning:    Current predicate: legal_section/3
Warning:    Use :- discontiguous authoritative_source/3. to suppress this message
Warning: c:/users/omen19~1/appdata/local/temp/tmp3ds80aqs.pl:809:
Warning:    Clauses of legal_section/3 are not together in the source-file
Warning:    Earlier definition at c:/users/omen19~1/appdata/local/temp/tmp3ds80aqs.pl:593
Warning:    Current predicate: authoritative_source/3
Warning:    Use :- discontiguous legal_section/3. to suppress this message
Warning: c:/users/omen19~1/appdata/local/temp/tmp3ds80aqs.pl:811:
Warning:    Clauses of authoritative_source/3 are not together in the source-file
Warning:    Earlier definition at c:/users/omen19~1/appdata/local/temp/tmp3ds80aqs.pl:595
Warning:    Current predicate: legal_section/3
Warning:    Use :- discontiguous authoritative_source/3. to suppress this message
Warning: c:/users/omen19~1/appdata/local/temp/tmp3ds80aqs.pl:813:
Warning:    Clauses of legal_section/3 are not together in the source-file
Warning:    Earlier definition at c:/users/omen19~1/appdata/local/temp/tmp3ds80aqs.pl:593
Warning:    Current predicate: authoritative_source/3
Warning:    Use :- discontiguous legal_section/3. to suppress this message
Warning: c:/users/omen19~1/appdata/local/temp/tmp3ds80aqs.pl:815:
Warning:    Clauses of authoritative_source/3 are not together in the source-file
Warning:    Earlier definition at c:/users/omen19~1/appdata/local/temp/tmp3ds80aqs.pl:595
Warning:    Current predicate: legal_section/3
Warning:    Use :- discontiguous authoritative_source/3. to suppress this message
Warning: c:/users/omen19~1/appdata/local/temp/tmp3ds80aqs.pl:817:
Warning:    Clauses of legal_section/3 are not together in the source-file
Warning:    Earlier definition at c:/users/omen19~1/appdata/local/temp/tmp3ds80aqs.pl:593
Warning:    Current predicate: authoritative_source/3
Warning:    Use :- discontiguous legal_section/3. to suppress this message
Warning: c:/users/omen19~1/appdata/local/temp/tmp3ds80aqs.pl:819:
Warning:    Clauses of authoritative_source/3 are not together in the source-file
Warning:    Earlier definition at c:/users/omen19~1/appdata/local/temp/tmp3ds80aqs.pl:595
Warning:    Current predicate: legal_section/3
Warning:    Use :- discontiguous authoritative_source/3. to suppress this message
Warning: c:/users/omen19~1/appdata/local/temp/tmp3ds80aqs.pl:821:
Warning:    Clauses of legal_section/3 are not together in the source-file
Warning:    Earlier definition at c:/users/omen19~1/appdata/local/temp/tmp3ds80aqs.pl:593
Warning:    Current predicate: authoritative_source/3
Warning:    Use :- discontiguous legal_section/3. to suppress this message
Warning: c:/users/omen19~1/appdata/local/temp/tmp3ds80aqs.pl:823:
Warning:    Clauses of authoritative_source/3 are not together in the source-file
Warning:    Earlier definition at c:/users/omen19~1/appdata/local/temp/tmp3ds80aqs.pl:595
Warning:    Current predicate: legal_section/3
Warning:    Use :- discontiguous authoritative_source/3. to suppress this message
ERROR: c:/users/omen19~1/appdata/local/temp/tmp3ds80aqs.pl:825:27: Syntax error: Operator expected
ERROR: c:/users/omen19~1/appdata/local/temp/tmp3ds80aqs.pl:827:34: Syntax error: Operator expected
ERROR: c:/users/omen19~1/appdata/local/temp/tmp3ds80aqs.pl:829:27: Syntax error: Operator expected
ERROR: c:/users/omen19~1/appdata/local/temp/tmp3ds80aqs.pl:831:34: Syntax error: Operator expected
Warning: c:/users/omen19~1/appdata/local/temp/tmp3ds80aqs.pl:833:
Warning:    Clauses of legal_section/3 are not together in the source-file
Warning:    Earlier definition at c:/users/omen19~1/appdata/local/temp/tmp3ds80aqs.pl:593
Warning:    Current predicate: authoritative_source/3
Warning:    Use :- discontiguous legal_section/3. to suppress this message
Warning: c:/users/omen19~1/appdata/local/temp/tmp3ds80aqs.pl:835:
Warning:    Clauses of authoritative_source/3 are not together in the source-file
Warning:    Earlier definition at c:/users/omen19~1/appdata/local/temp/tmp3ds80aqs.pl:595
Warning:    Current predicate: legal_section/3
Warning:    Use :- discontiguous authoritative_source/3. to suppress this message
Warning: c:/users/omen19~1/appdata/local/temp/tmp3ds80aqs.pl:837:
Warning:    Clauses of legal_section/3 are not together in the source-file
Warning:    Earlier definition at c:/users/omen19~1/appdata/local/temp/tmp3ds80aqs.pl:593
Warning:    Current predicate: authoritative_source/3
Warning:    Use :- discontiguous legal_section/3. to suppress this message
Warning: c:/users/omen19~1/appdata/local/temp/tmp3ds80aqs.pl:839:
Warning:    Clauses of authoritative_source/3 are not together in the source-file
Warning:    Earlier definition at c:/users/omen19~1/appdata/local/temp/tmp3ds80aqs.pl:595
Warning:    Current predicate: legal_section/3
Warning:    Use :- discontiguous authoritative_source/3. to suppress this message
ERROR: c:/users/omen19~1/appdata/local/temp/tmp3ds80aqs.pl:841:27: Syntax error: Operator expected
ERROR: c:/users/omen19~1/appdata/local/temp/tmp3ds80aqs.pl:843:34: Syntax error: Operator expected
Warning: c:/users/omen19~1/appdata/local/temp/tmp3ds80aqs.pl:845:
Warning:    Clauses of legal_section/3 are not together in the source-file
Warning:    Earlier definition at c:/users/omen19~1/appdata/local/temp/tmp3ds80aqs.pl:593
Warning:    Current predicate: authoritative_source/3
Warning:    Use :- discontiguous legal_section/3. to suppress this message
Warning: c:/users/omen19~1/appdata/local/temp/tmp3ds80aqs.pl:847:
Warning:    Clauses of authoritative_source/3 are not together in the source-file
Warning:    Earlier definition at c:/users/omen19~1/appdata/local/temp/tmp3ds80aqs.pl:595
Warning:    Current predicate: legal_section/3
Warning:    Use :- discontiguous authoritative_source/3. to suppress this message
Warning: c:/users/omen19~1/appdata/local/temp/tmp3ds80aqs.pl:849:
Warning:    Clauses of legal_section/3 are not together in the source-file
Warning:    Earlier definition at c:/users/omen19~1/appdata/local/temp/tmp3ds80aqs.pl:593
Warning:    Current predicate: authoritative_source/3
Warning:    Use :- discontiguous legal_section/3. to suppress this message
Warning: c:/users/omen19~1/appdata/local/temp/tmp3ds80aqs.pl:851:
Warning:    Clauses of authoritative_source/3 are not together in the source-file
Warning:    Earlier definition at c:/users/omen19~1/appdata/local/temp/tmp3ds80aqs.pl:595
Warning:    Current predicate: legal_section/3
Warning:    Use :- discontiguous authoritative_source/3. to suppress this message
Warning: c:/users/omen19~1/appdata/local/temp/tmp3ds80aqs.pl:853:
Warning:    Clauses of legal_section/3 are not together in the source-file
Warning:    Earlier definition at c:/users/omen19~1/appdata/local/temp/tmp3ds80aqs.pl:593
Warning:    Current predicate: authoritative_source/3
Warning:    Use :- discontiguous legal_section/3. to suppress this message
Warning: c:/users/omen19~1/appdata/local/temp/tmp3ds80aqs.pl:855:
Warning:    Clauses of authoritative_source/3 are not together in the source-file
Warning:    Earlier definition at c:/users/omen19~1/appdata/local/temp/tmp3ds80aqs.pl:595
Warning:    Current predicate: legal_section/3
Warning:    Use :- discontiguous authoritative_source/3. to suppress this message
ERROR: c:/users/omen19~1/appdata/local/temp/tmp3ds80aqs.pl:857:27: Syntax error: Operator expected
ERROR: c:/users/omen19~1/appdata/local/temp/tmp3ds80aqs.pl:859:34: Syntax error: Operator expected
Warning: c:/users/omen19~1/appdata/local/temp/tmp3ds80aqs.pl:861:
Warning:    Clauses of legal_section/3 are not together in the source-file
Warning:    Earlier definition at c:/users/omen19~1/appdata/local/temp/tmp3ds80aqs.pl:593
Warning:    Current predicate: authoritative_source/3
Warning:    Use :- discontiguous legal_section/3. to suppress this message
Warning: c:/users/omen19~1/appdata/local/temp/tmp3ds80aqs.pl:863:
Warning:    Clauses of authoritative_source/3 are not together in the source-file
Warning:    Earlier definition at c:/users/omen19~1/appdata/local/temp/tmp3ds80aqs.pl:595
Warning:    Current predicate: legal_section/3
Warning:    Use :- discontiguous authoritative_source/3. to suppress this message
Warning: c:/users/omen19~1/appdata/local/temp/tmp3ds80aqs.pl:865:
Warning:    Clauses of legal_section/3 are not together in the source-file
Warning:    Earlier definition at c:/users/omen19~1/appdata/local/temp/tmp3ds80aqs.pl:593
Warning:    Current predicate: authoritative_source/3
Warning:    Use :- discontiguous legal_section/3. to suppress this message
Warning: c:/users/omen19~1/appdata/local/temp/tmp3ds80aqs.pl:867:
Warning:    Clauses of authoritative_source/3 are not together in the source-file
Warning:    Earlier definition at c:/users/omen19~1/appdata/local/temp/tmp3ds80aqs.pl:595
Warning:    Current predicate: legal_section/3
Warning:    Use :- discontiguous authoritative_source/3. to suppress this message
Warning: c:/users/omen19~1/appdata/local/temp/tmp3ds80aqs.pl:869:
Warning:    Clauses of legal_section/3 are not together in the source-file
Warning:    Earlier definition at c:/users/omen19~1/appdata/local/temp/tmp3ds80aqs.pl:593
Warning:    Current predicate: authoritative_source/3
Warning:    Use :- discontiguous legal_section/3. to suppress this message
Warning: c:/users/omen19~1/appdata/local/temp/tmp3ds80aqs.pl:871:
Warning:    Clauses of authoritative_source/3 are not together in the source-file
Warning:    Earlier definition at c:/users/omen19~1/appdata/local/temp/tmp3ds80aqs.pl:595
Warning:    Current predicate: legal_section/3
Warning:    Use :- discontiguous authoritative_source/3. to suppress this message
Warning: c:/users/omen19~1/appdata/local/temp/tmp3ds80aqs.pl:873:
Warning:    Clauses of legal_section/3 are not together in the source-file
Warning:    Earlier definition at c:/users/omen19~1/appdata/local/temp/tmp3ds80aqs.pl:593
Warning:    Current predicate: authoritative_source/3
Warning:    Use :- discontiguous legal_section/3. to suppress this message
Warning: c:/users/omen19~1/appdata/local/temp/tmp3ds80aqs.pl:875:
Warning:    Clauses of authoritative_source/3 are not together in the source-file
Warning:    Earlier definition at c:/users/omen19~1/appdata/local/temp/tmp3ds80aqs.pl:595
Warning:    Current predicate: legal_section/3
Warning:    Use :- discontiguous authoritative_source/3. to suppress this message
Warning: c:/users/omen19~1/appdata/local/temp/tmp3ds80aqs.pl:877:
Warning:    Clauses of legal_section/3 are not together in the source-file
Warning:    Earlier definition at c:/users/omen19~1/appdata/local/temp/tmp3ds80aqs.pl:593
Warning:    Current predicate: authoritative_source/3
Warning:    Use :- discontiguous legal_section/3. to suppress this message
Warning: c:/users/omen19~1/appdata/local/temp/tmp3ds80aqs.pl:879:
Warning:    Clauses of authoritative_source/3 are not together in the source-file
Warning:    Earlier definition at c:/users/omen19~1/appdata/local/temp/tmp3ds80aqs.pl:595
Warning:    Current predicate: legal_section/3
Warning:    Use :- discontiguous authoritative_source/3. to suppress this message
Warning: c:/users/omen19~1/appdata/local/temp/tmp3ds80aqs.pl:881:
Warning:    Clauses of legal_section/3 are not together in the source-file
Warning:    Earlier definition at c:/users/omen19~1/appdata/local/temp/tmp3ds80aqs.pl:593
Warning:    Current predicate: authoritative_source/3
Warning:    Use :- discontiguous legal_section/3. to suppress this message
Warning: c:/users/omen19~1/appdata/local/temp/tmp3ds80aqs.pl:883:
Warning:    Clauses of authoritative_source/3 are not together in the source-file
Warning:    Earlier definition at c:/users/omen19~1/appdata/local/temp/tmp3ds80aqs.pl:595
Warning:    Current predicate: legal_section/3
Warning:    Use :- discontiguous authoritative_source/3. to suppress this message
Warning: c:/users/omen19~1/appdata/local/temp/tmp3ds80aqs.pl:983:
Warning:    Singleton variables: [Person]
Warning: c:/users/omen19~1/appdata/local/temp/tmp3ds80aqs.pl:987:
Warning:    Singleton variables: [Person]
Warning: c:/users/omen19~1/appdata/local/temp/tmp3ds80aqs.pl:992:
Warning:    Singleton variables: [Person]
2025-08-08 01:34:01,022 - hybex_system.prolog_engine - ERROR - [Session:fa11dcd1] Prolog query timeout (attempt 1): primary_eligibility_reason('case_fa11dcd1_013200', Reason)
2025-08-08 01:34:31,044 - hybex_system.prolog_engine - ERROR - [Session:fa11dcd1] Prolog query timeout (attempt 2): primary_eligibility_reason('case_fa11dcd1_013200', Reason)
2025-08-08 01:35:01,072 - hybex_system.prolog_engine - ERROR - [Session:fa11dcd1] Prolog query timeout (attempt 3): primary_eligibility_reason('case_fa11dcd1_013200', Reason)
2025-08-08 01:35:31,098 - hybex_system.prolog_engine - ERROR - [Session:fa11dcd1] Prolog query timeout (attempt 1): generate_detailed_reasoning('case_fa11dcd1_013200', DetailedReason)
2025-08-08 01:36:01,112 - hybex_system.prolog_engine - ERROR - [Session:fa11dcd1] Prolog query timeout (attempt 2): generate_detailed_reasoning('case_fa11dcd1_013200', DetailedReason)
2025-08-08 01:36:31,143 - hybex_system.prolog_engine - ERROR - [Session:fa11dcd1] Prolog query timeout (attempt 3): generate_detailed_reasoning('case_fa11dcd1_013200', DetailedReason)
2025-08-08 01:37:01,172 - hybex_system.prolog_engine - ERROR - [Session:fa11dcd1] Prolog query timeout (attempt 1): findall(Rule, applicable_rule('case_fa11dcd1_013200', Rule, legal_aid), Rules)
2025-08-08 01:37:31,201 - hybex_system.prolog_engine - ERROR - [Session:fa11dcd1] Prolog query timeout (attempt 2): findall(Rule, applicable_rule('case_fa11dcd1_013200', Rule, legal_aid), Rules)
2025-08-08 01:38:01,230 - hybex_system.prolog_engine - ERROR - [Session:fa11dcd1] Prolog query timeout (attempt 3): findall(Rule, applicable_rule('case_fa11dcd1_013200', Rule, legal_aid), Rules)
2025-08-08 01:38:01,231 - hybex_system.prolog_engine - INFO - [Session:fa11dcd1] Comprehensive legal analysis complete for case_fa11dcd1_013200: Eligible=False, Confidence=0.30
2025-08-08 01:38:01,264 - hybex_system.prolog_engine - INFO - [Session:fa11dcd1] 🧠 Starting comprehensive legal analysis for case_fa11dcd1_013801
2025-08-08 01:38:01,265 - hybex_system.prolog_engine - INFO - [Session:fa11dcd1] Generated 3 comprehensive Prolog facts for case_fa11dcd1_013801
2025-08-08 01:38:01,268 - hybex_system.prolog_engine - INFO - [Session:fa11dcd1] Created comprehensive Prolog file: C:\Users\OMEN19~1\AppData\Local\Temp\tmp4xo1avm0.pl with 3 facts.
2025-08-08 01:38:31,276 - hybex_system.prolog_engine - ERROR - [Session:fa11dcd1] Prolog query timeout (attempt 1): eligible_with_confidence('case_fa11dcd1_013801', Eligible, Confidence)
2025-08-08 01:39:01,296 - hybex_system.prolog_engine - ERROR - [Session:fa11dcd1] Prolog query timeout (attempt 2): eligible_with_confidence('case_fa11dcd1_013801', Eligible, Confidence)
2025-08-08 01:39:31,339 - hybex_system.prolog_engine - ERROR - [Session:fa11dcd1] Prolog query timeout (attempt 3): eligible_with_confidence('case_fa11dcd1_013801', Eligible, Confidence)
2025-08-08 01:39:31,350 - hybex_system.prolog_engine - WARNING - [Session:fa11dcd1] Failed to get confident eligibility from Prolog. Trying basic 'eligible_for_legal_aid'.
2025-08-08 01:39:31,561 - hybex_system.prolog_engine - WARNING - [Session:fa11dcd1] SWI-Prolog exited with code 1 (attempt 1). Stderr: ERROR: c:/users/omen19~1/appdata/local/temp/tmp4xo1avm0.pl:120:7: Syntax error: Operator expected
Warning: c:/users/omen19~1/appdata/local/temp/tmp4xo1avm0.pl:140:
Warning:    Singleton variables: [Spouse]
Warning: c:/users/omen19~1/appdata/local/temp/tmp4xo1avm0.pl:319:
Warning:    Singleton variables: [Person]
ERROR: c:/users/omen19~1/appdata/local/temp/tmp4xo1avm0.pl:371:7: Syntax error: Operator expected
Warning: c:/users/omen19~1/appdata/local/temp/tmp4xo1avm0.pl:487:
Warning:    Singleton variables: [Person]
ERROR: c:/users/omen19~1/appdata/local/temp/tmp4xo1avm0.pl:498:10: Syntax error: Operator expected
Warning: c:/users/omen19~1/appdata/local/temp/tmp4xo1avm0.pl:505:
Warning:    Singleton variables: [Category]
Warning: c:/users/omen19~1/appdata/local/temp/tmp4xo1avm0.pl:521:
Warning:    Singleton variables: [Category]
Warning: c:/users/omen19~1/appdata/local/temp/tmp4xo1avm0.pl:537:
Warning:    Singleton variables: [Date1,Date2]
Warning: c:/users/omen19~1/appdata/local/temp/tmp4xo1avm0.pl:597:
Warning:    Clauses of legal_section/3 are not together in the source-file
Warning:    Earlier definition at c:/users/omen19~1/appdata/local/temp/tmp4xo1avm0.pl:593
Warning:    Current predicate: authoritative_source/3
Warning:    Use :- discontiguous legal_section/3. to suppress this message
Warning: c:/users/omen19~1/appdata/local/temp/tmp4xo1avm0.pl:599:
Warning:    Clauses of authoritative_source/3 are not together in the source-file
Warning:    Earlier definition at c:/users/omen19~1/appdata/local/temp/tmp4xo1avm0.pl:595
Warning:    Current predicate: legal_section/3
Warning:    Use :- discontiguous authoritative_source/3. to suppress this message
Warning: c:/users/omen19~1/appdata/local/temp/tmp4xo1avm0.pl:601:
Warning:    Clauses of legal_section/3 are not together in the source-file
Warning:    Earlier definition at c:/users/omen19~1/appdata/local/temp/tmp4xo1avm0.pl:593
Warning:    Current predicate: authoritative_source/3
Warning:    Use :- discontiguous legal_section/3. to suppress this message
Warning: c:/users/omen19~1/appdata/local/temp/tmp4xo1avm0.pl:603:
Warning:    Clauses of authoritative_source/3 are not together in the source-file
Warning:    Earlier definition at c:/users/omen19~1/appdata/local/temp/tmp4xo1avm0.pl:595
Warning:    Current predicate: legal_section/3
Warning:    Use :- discontiguous authoritative_source/3. to suppress this message
Warning: c:/users/omen19~1/appdata/local/temp/tmp4xo1avm0.pl:605:
Warning:    Clauses of legal_section/3 are not together in the source-file
Warning:    Earlier definition at c:/users/omen19~1/appdata/local/temp/tmp4xo1avm0.pl:593
Warning:    Current predicate: authoritative_source/3
Warning:    Use :- discontiguous legal_section/3. to suppress this message
Warning: c:/users/omen19~1/appdata/local/temp/tmp4xo1avm0.pl:607:
Warning:    Clauses of authoritative_source/3 are not together in the source-file
Warning:    Earlier definition at c:/users/omen19~1/appdata/local/temp/tmp4xo1avm0.pl:595
Warning:    Current predicate: legal_section/3
Warning:    Use :- discontiguous authoritative_source/3. to suppress this message
Warning: c:/users/omen19~1/appdata/local/temp/tmp4xo1avm0.pl:609:
Warning:    Clauses of legal_section/3 are not together in the source-file
Warning:    Earlier definition at c:/users/omen19~1/appdata/local/temp/tmp4xo1avm0.pl:593
Warning:    Current predicate: authoritative_source/3
Warning:    Use :- discontiguous legal_section/3. to suppress this message
Warning: c:/users/omen19~1/appdata/local/temp/tmp4xo1avm0.pl:611:
Warning:    Clauses of authoritative_source/3 are not together in the source-file
Warning:    Earlier definition at c:/users/omen19~1/appdata/local/temp/tmp4xo1avm0.pl:595
Warning:    Current predicate: legal_section/3
Warning:    Use :- discontiguous authoritative_source/3. to suppress this message
ERROR: c:/users/omen19~1/appdata/local/temp/tmp4xo1avm0.pl:613:28: Syntax error: Operator expected
ERROR: c:/users/omen19~1/appdata/local/temp/tmp4xo1avm0.pl:615:35: Syntax error: Operator expected
Warning: c:/users/omen19~1/appdata/local/temp/tmp4xo1avm0.pl:617:
Warning:    Clauses of legal_section/3 are not together in the source-file
Warning:    Earlier definition at c:/users/omen19~1/appdata/local/temp/tmp4xo1avm0.pl:593
Warning:    Current predicate: authoritative_source/3
Warning:    Use :- discontiguous legal_section/3. to suppress this message
Warning: c:/users/omen19~1/appdata/local/temp/tmp4xo1avm0.pl:619:
Warning:    Clauses of authoritative_source/3 are not together in the source-file
Warning:    Earlier definition at c:/users/omen19~1/appdata/local/temp/tmp4xo1avm0.pl:595
Warning:    Current predicate: legal_section/3
Warning:    Use :- discontiguous authoritative_source/3. to suppress this message
Warning: c:/users/omen19~1/appdata/local/temp/tmp4xo1avm0.pl:621:
Warning:    Clauses of legal_section/3 are not together in the source-file
Warning:    Earlier definition at c:/users/omen19~1/appdata/local/temp/tmp4xo1avm0.pl:593
Warning:    Current predicate: authoritative_source/3
Warning:    Use :- discontiguous legal_section/3. to suppress this message
Warning: c:/users/omen19~1/appdata/local/temp/tmp4xo1avm0.pl:623:
Warning:    Clauses of authoritative_source/3 are not together in the source-file
Warning:    Earlier definition at c:/users/omen19~1/appdata/local/temp/tmp4xo1avm0.pl:595
Warning:    Current predicate: legal_section/3
Warning:    Use :- discontiguous authoritative_source/3. to suppress this message
Warning: c:/users/omen19~1/appdata/local/temp/tmp4xo1avm0.pl:625:
Warning:    Clauses of legal_section/3 are not together in the source-file
Warning:    Earlier definition at c:/users/omen19~1/appdata/local/temp/tmp4xo1avm0.pl:593
Warning:    Current predicate: authoritative_source/3
Warning:    Use :- discontiguous legal_section/3. to suppress this message
Warning: c:/users/omen19~1/appdata/local/temp/tmp4xo1avm0.pl:627:
Warning:    Clauses of authoritative_source/3 are not together in the source-file
Warning:    Earlier definition at c:/users/omen19~1/appdata/local/temp/tmp4xo1avm0.pl:595
Warning:    Current predicate: legal_section/3
Warning:    Use :- discontiguous authoritative_source/3. to suppress this message
Warning: c:/users/omen19~1/appdata/local/temp/tmp4xo1avm0.pl:629:
Warning:    Clauses of legal_section/3 are not together in the source-file
Warning:    Earlier definition at c:/users/omen19~1/appdata/local/temp/tmp4xo1avm0.pl:593
Warning:    Current predicate: authoritative_source/3
Warning:    Use :- discontiguous legal_section/3. to suppress this message
Warning: c:/users/omen19~1/appdata/local/temp/tmp4xo1avm0.pl:631:
Warning:    Clauses of authoritative_source/3 are not together in the source-file
Warning:    Earlier definition at c:/users/omen19~1/appdata/local/temp/tmp4xo1avm0.pl:595
Warning:    Current predicate: legal_section/3
Warning:    Use :- discontiguous authoritative_source/3. to suppress this message
Warning: c:/users/omen19~1/appdata/local/temp/tmp4xo1avm0.pl:633:
Warning:    Clauses of legal_section/3 are not together in the source-file
Warning:    Earlier definition at c:/users/omen19~1/appdata/local/temp/tmp4xo1avm0.pl:593
Warning:    Current predicate: authoritative_source/3
Warning:    Use :- discontiguous legal_section/3. to suppress this message
Warning: c:/users/omen19~1/appdata/local/temp/tmp4xo1avm0.pl:635:
Warning:    Clauses of authoritative_source/3 are not together in the source-file
Warning:    Earlier definition at c:/users/omen19~1/appdata/local/temp/tmp4xo1avm0.pl:595
Warning:    Current predicate: legal_section/3
Warning:    Use :- discontiguous authoritative_source/3. to suppress this message
Warning: c:/users/omen19~1/appdata/local/temp/tmp4xo1avm0.pl:637:
Warning:    Clauses of legal_section/3 are not together in the source-file
Warning:    Earlier definition at c:/users/omen19~1/appdata/local/temp/tmp4xo1avm0.pl:593
Warning:    Current predicate: authoritative_source/3
Warning:    Use :- discontiguous legal_section/3. to suppress this message
Warning: c:/users/omen19~1/appdata/local/temp/tmp4xo1avm0.pl:639:
Warning:    Clauses of authoritative_source/3 are not together in the source-file
Warning:    Earlier definition at c:/users/omen19~1/appdata/local/temp/tmp4xo1avm0.pl:595
Warning:    Current predicate: legal_section/3
Warning:    Use :- discontiguous authoritative_source/3. to suppress this message
Warning: c:/users/omen19~1/appdata/local/temp/tmp4xo1avm0.pl:641:
Warning:    Clauses of legal_section/3 are not together in the source-file
Warning:    Earlier definition at c:/users/omen19~1/appdata/local/temp/tmp4xo1avm0.pl:593
Warning:    Current predicate: authoritative_source/3
Warning:    Use :- discontiguous legal_section/3. to suppress this message
Warning: c:/users/omen19~1/appdata/local/temp/tmp4xo1avm0.pl:643:
Warning:    Clauses of authoritative_source/3 are not together in the source-file
Warning:    Earlier definition at c:/users/omen19~1/appdata/local/temp/tmp4xo1avm0.pl:595
Warning:    Current predicate: legal_section/3
Warning:    Use :- discontiguous authoritative_source/3. to suppress this message
Warning: c:/users/omen19~1/appdata/local/temp/tmp4xo1avm0.pl:645:
Warning:    Clauses of legal_section/3 are not together in the source-file
Warning:    Earlier definition at c:/users/omen19~1/appdata/local/temp/tmp4xo1avm0.pl:593
Warning:    Current predicate: authoritative_source/3
Warning:    Use :- discontiguous legal_section/3. to suppress this message
Warning: c:/users/omen19~1/appdata/local/temp/tmp4xo1avm0.pl:647:
Warning:    Clauses of authoritative_source/3 are not together in the source-file
Warning:    Earlier definition at c:/users/omen19~1/appdata/local/temp/tmp4xo1avm0.pl:595
Warning:    Current predicate: legal_section/3
Warning:    Use :- discontiguous authoritative_source/3. to suppress this message
Warning: c:/users/omen19~1/appdata/local/temp/tmp4xo1avm0.pl:649:
Warning:    Clauses of legal_section/3 are not together in the source-file
Warning:    Earlier definition at c:/users/omen19~1/appdata/local/temp/tmp4xo1avm0.pl:593
Warning:    Current predicate: authoritative_source/3
Warning:    Use :- discontiguous legal_section/3. to suppress this message
Warning: c:/users/omen19~1/appdata/local/temp/tmp4xo1avm0.pl:651:
Warning:    Clauses of authoritative_source/3 are not together in the source-file
Warning:    Earlier definition at c:/users/omen19~1/appdata/local/temp/tmp4xo1avm0.pl:595
Warning:    Current predicate: legal_section/3
Warning:    Use :- discontiguous authoritative_source/3. to suppress this message
Warning: c:/users/omen19~1/appdata/local/temp/tmp4xo1avm0.pl:653:
Warning:    Clauses of legal_section/3 are not together in the source-file
Warning:    Earlier definition at c:/users/omen19~1/appdata/local/temp/tmp4xo1avm0.pl:593
Warning:    Current predicate: authoritative_source/3
Warning:    Use :- discontiguous legal_section/3. to suppress this message
Warning: c:/users/omen19~1/appdata/local/temp/tmp4xo1avm0.pl:655:
Warning:    Clauses of authoritative_source/3 are not together in the source-file
Warning:    Earlier definition at c:/users/omen19~1/appdata/local/temp/tmp4xo1avm0.pl:595
Warning:    Current predicate: legal_section/3
Warning:    Use :- discontiguous authoritative_source/3. to suppress this message
Warning: c:/users/omen19~1/appdata/local/temp/tmp4xo1avm0.pl:657:
Warning:    Clauses of legal_section/3 are not together in the source-file
Warning:    Earlier definition at c:/users/omen19~1/appdata/local/temp/tmp4xo1avm0.pl:593
Warning:    Current predicate: authoritative_source/3
Warning:    Use :- discontiguous legal_section/3. to suppress this message
Warning: c:/users/omen19~1/appdata/local/temp/tmp4xo1avm0.pl:659:
Warning:    Clauses of authoritative_source/3 are not together in the source-file
Warning:    Earlier definition at c:/users/omen19~1/appdata/local/temp/tmp4xo1avm0.pl:595
Warning:    Current predicate: legal_section/3
Warning:    Use :- discontiguous authoritative_source/3. to suppress this message
Warning: c:/users/omen19~1/appdata/local/temp/tmp4xo1avm0.pl:661:
Warning:    Clauses of legal_section/3 are not together in the source-file
Warning:    Earlier definition at c:/users/omen19~1/appdata/local/temp/tmp4xo1avm0.pl:593
Warning:    Current predicate: authoritative_source/3
Warning:    Use :- discontiguous legal_section/3. to suppress this message
Warning: c:/users/omen19~1/appdata/local/temp/tmp4xo1avm0.pl:663:
Warning:    Clauses of authoritative_source/3 are not together in the source-file
Warning:    Earlier definition at c:/users/omen19~1/appdata/local/temp/tmp4xo1avm0.pl:595
Warning:    Current predicate: legal_section/3
Warning:    Use :- discontiguous authoritative_source/3. to suppress this message
ERROR: c:/users/omen19~1/appdata/local/temp/tmp4xo1avm0.pl:665:27: Syntax error: Operator expected
ERROR: c:/users/omen19~1/appdata/local/temp/tmp4xo1avm0.pl:667:34: Syntax error: Operator expected
Warning: c:/users/omen19~1/appdata/local/temp/tmp4xo1avm0.pl:669:
Warning:    Clauses of legal_section/3 are not together in the source-file
Warning:    Earlier definition at c:/users/omen19~1/appdata/local/temp/tmp4xo1avm0.pl:593
Warning:    Current predicate: authoritative_source/3
Warning:    Use :- discontiguous legal_section/3. to suppress this message
Warning: c:/users/omen19~1/appdata/local/temp/tmp4xo1avm0.pl:671:
Warning:    Clauses of authoritative_source/3 are not together in the source-file
Warning:    Earlier definition at c:/users/omen19~1/appdata/local/temp/tmp4xo1avm0.pl:595
Warning:    Current predicate: legal_section/3
Warning:    Use :- discontiguous authoritative_source/3. to suppress this message
Warning: c:/users/omen19~1/appdata/local/temp/tmp4xo1avm0.pl:673:
Warning:    Clauses of legal_section/3 are not together in the source-file
Warning:    Earlier definition at c:/users/omen19~1/appdata/local/temp/tmp4xo1avm0.pl:593
Warning:    Current predicate: authoritative_source/3
Warning:    Use :- discontiguous legal_section/3. to suppress this message
Warning: c:/users/omen19~1/appdata/local/temp/tmp4xo1avm0.pl:675:
Warning:    Clauses of authoritative_source/3 are not together in the source-file
Warning:    Earlier definition at c:/users/omen19~1/appdata/local/temp/tmp4xo1avm0.pl:595
Warning:    Current predicate: legal_section/3
Warning:    Use :- discontiguous authoritative_source/3. to suppress this message
Warning: c:/users/omen19~1/appdata/local/temp/tmp4xo1avm0.pl:677:
Warning:    Clauses of legal_section/3 are not together in the source-file
Warning:    Earlier definition at c:/users/omen19~1/appdata/local/temp/tmp4xo1avm0.pl:593
Warning:    Current predicate: authoritative_source/3
Warning:    Use :- discontiguous legal_section/3. to suppress this message
Warning: c:/users/omen19~1/appdata/local/temp/tmp4xo1avm0.pl:679:
Warning:    Clauses of authoritative_source/3 are not together in the source-file
Warning:    Earlier definition at c:/users/omen19~1/appdata/local/temp/tmp4xo1avm0.pl:595
Warning:    Current predicate: legal_section/3
Warning:    Use :- discontiguous authoritative_source/3. to suppress this message
Warning: c:/users/omen19~1/appdata/local/temp/tmp4xo1avm0.pl:681:
Warning:    Clauses of legal_section/3 are not together in the source-file
Warning:    Earlier definition at c:/users/omen19~1/appdata/local/temp/tmp4xo1avm0.pl:593
Warning:    Current predicate: authoritative_source/3
Warning:    Use :- discontiguous legal_section/3. to suppress this message
Warning: c:/users/omen19~1/appdata/local/temp/tmp4xo1avm0.pl:683:
Warning:    Clauses of authoritative_source/3 are not together in the source-file
Warning:    Earlier definition at c:/users/omen19~1/appdata/local/temp/tmp4xo1avm0.pl:595
Warning:    Current predicate: legal_section/3
Warning:    Use :- discontiguous authoritative_source/3. to suppress this message
Warning: c:/users/omen19~1/appdata/local/temp/tmp4xo1avm0.pl:685:
Warning:    Clauses of legal_section/3 are not together in the source-file
Warning:    Earlier definition at c:/users/omen19~1/appdata/local/temp/tmp4xo1avm0.pl:593
Warning:    Current predicate: authoritative_source/3
Warning:    Use :- discontiguous legal_section/3. to suppress this message
Warning: c:/users/omen19~1/appdata/local/temp/tmp4xo1avm0.pl:687:
Warning:    Clauses of authoritative_source/3 are not together in the source-file
Warning:    Earlier definition at c:/users/omen19~1/appdata/local/temp/tmp4xo1avm0.pl:595
Warning:    Current predicate: legal_section/3
Warning:    Use :- discontiguous authoritative_source/3. to suppress this message
ERROR: c:/users/omen19~1/appdata/local/temp/tmp4xo1avm0.pl:689:27: Syntax error: Operator expected
ERROR: c:/users/omen19~1/appdata/local/temp/tmp4xo1avm0.pl:691:34: Syntax error: Operator expected
Warning: c:/users/omen19~1/appdata/local/temp/tmp4xo1avm0.pl:693:
Warning:    Clauses of legal_section/3 are not together in the source-file
Warning:    Earlier definition at c:/users/omen19~1/appdata/local/temp/tmp4xo1avm0.pl:593
Warning:    Current predicate: authoritative_source/3
Warning:    Use :- discontiguous legal_section/3. to suppress this message
Warning: c:/users/omen19~1/appdata/local/temp/tmp4xo1avm0.pl:695:
Warning:    Clauses of authoritative_source/3 are not together in the source-file
Warning:    Earlier definition at c:/users/omen19~1/appdata/local/temp/tmp4xo1avm0.pl:595
Warning:    Current predicate: legal_section/3
Warning:    Use :- discontiguous authoritative_source/3. to suppress this message
Warning: c:/users/omen19~1/appdata/local/temp/tmp4xo1avm0.pl:697:
Warning:    Clauses of legal_section/3 are not together in the source-file
Warning:    Earlier definition at c:/users/omen19~1/appdata/local/temp/tmp4xo1avm0.pl:593
Warning:    Current predicate: authoritative_source/3
Warning:    Use :- discontiguous legal_section/3. to suppress this message
Warning: c:/users/omen19~1/appdata/local/temp/tmp4xo1avm0.pl:699:
Warning:    Clauses of authoritative_source/3 are not together in the source-file
Warning:    Earlier definition at c:/users/omen19~1/appdata/local/temp/tmp4xo1avm0.pl:595
Warning:    Current predicate: legal_section/3
Warning:    Use :- discontiguous authoritative_source/3. to suppress this message
ERROR: c:/users/omen19~1/appdata/local/temp/tmp4xo1avm0.pl:701:27: Syntax error: Operator expected
ERROR: c:/users/omen19~1/appdata/local/temp/tmp4xo1avm0.pl:703:34: Syntax error: Operator expected
ERROR: c:/users/omen19~1/appdata/local/temp/tmp4xo1avm0.pl:705:27: Syntax error: Operator expected
ERROR: c:/users/omen19~1/appdata/local/temp/tmp4xo1avm0.pl:707:34: Syntax error: Operator expected
ERROR: c:/users/omen19~1/appdata/local/temp/tmp4xo1avm0.pl:709:27: Syntax error: Operator expected
ERROR: c:/users/omen19~1/appdata/local/temp/tmp4xo1avm0.pl:711:34: Syntax error: Operator expected
Warning: c:/users/omen19~1/appdata/local/temp/tmp4xo1avm0.pl:713:
Warning:    Clauses of legal_section/3 are not together in the source-file
Warning:    Earlier definition at c:/users/omen19~1/appdata/local/temp/tmp4xo1avm0.pl:593
Warning:    Current predicate: authoritative_source/3
Warning:    Use :- discontiguous legal_section/3. to suppress this message
Warning: c:/users/omen19~1/appdata/local/temp/tmp4xo1avm0.pl:715:
Warning:    Clauses of authoritative_source/3 are not together in the source-file
Warning:    Earlier definition at c:/users/omen19~1/appdata/local/temp/tmp4xo1avm0.pl:595
Warning:    Current predicate: legal_section/3
Warning:    Use :- discontiguous authoritative_source/3. to suppress this message
ERROR: c:/users/omen19~1/appdata/local/temp/tmp4xo1avm0.pl:717:27: Syntax error: Operator expected
ERROR: c:/users/omen19~1/appdata/local/temp/tmp4xo1avm0.pl:719:34: Syntax error: Operator expected
ERROR: c:/users/omen19~1/appdata/local/temp/tmp4xo1avm0.pl:721:27: Syntax error: Operator expected
ERROR: c:/users/omen19~1/appdata/local/temp/tmp4xo1avm0.pl:723:34: Syntax error: Operator expected
Warning: c:/users/omen19~1/appdata/local/temp/tmp4xo1avm0.pl:725:
Warning:    Clauses of legal_section/3 are not together in the source-file
Warning:    Earlier definition at c:/users/omen19~1/appdata/local/temp/tmp4xo1avm0.pl:593
Warning:    Current predicate: authoritative_source/3
Warning:    Use :- discontiguous legal_section/3. to suppress this message
Warning: c:/users/omen19~1/appdata/local/temp/tmp4xo1avm0.pl:727:
Warning:    Clauses of authoritative_source/3 are not together in the source-file
Warning:    Earlier definition at c:/users/omen19~1/appdata/local/temp/tmp4xo1avm0.pl:595
Warning:    Current predicate: legal_section/3
Warning:    Use :- discontiguous authoritative_source/3. to suppress this message
Warning: c:/users/omen19~1/appdata/local/temp/tmp4xo1avm0.pl:729:
Warning:    Clauses of legal_section/3 are not together in the source-file
Warning:    Earlier definition at c:/users/omen19~1/appdata/local/temp/tmp4xo1avm0.pl:593
Warning:    Current predicate: authoritative_source/3
Warning:    Use :- discontiguous legal_section/3. to suppress this message
Warning: c:/users/omen19~1/appdata/local/temp/tmp4xo1avm0.pl:731:
Warning:    Clauses of authoritative_source/3 are not together in the source-file
Warning:    Earlier definition at c:/users/omen19~1/appdata/local/temp/tmp4xo1avm0.pl:595
Warning:    Current predicate: legal_section/3
Warning:    Use :- discontiguous authoritative_source/3. to suppress this message
ERROR: c:/users/omen19~1/appdata/local/temp/tmp4xo1avm0.pl:733:27: Syntax error: Operator expected
ERROR: c:/users/omen19~1/appdata/local/temp/tmp4xo1avm0.pl:735:34: Syntax error: Operator expected
Warning: c:/users/omen19~1/appdata/local/temp/tmp4xo1avm0.pl:737:
Warning:    Clauses of legal_section/3 are not together in the source-file
Warning:    Earlier definition at c:/users/omen19~1/appdata/local/temp/tmp4xo1avm0.pl:593
Warning:    Current predicate: authoritative_source/3
Warning:    Use :- discontiguous legal_section/3. to suppress this message
Warning: c:/users/omen19~1/appdata/local/temp/tmp4xo1avm0.pl:739:
Warning:    Clauses of authoritative_source/3 are not together in the source-file
Warning:    Earlier definition at c:/users/omen19~1/appdata/local/temp/tmp4xo1avm0.pl:595
Warning:    Current predicate: legal_section/3
Warning:    Use :- discontiguous authoritative_source/3. to suppress this message
ERROR: c:/users/omen19~1/appdata/local/temp/tmp4xo1avm0.pl:741:27: Syntax error: Operator expected
ERROR: c:/users/omen19~1/appdata/local/temp/tmp4xo1avm0.pl:743:34: Syntax error: Operator expected
Warning: c:/users/omen19~1/appdata/local/temp/tmp4xo1avm0.pl:745:
Warning:    Clauses of legal_section/3 are not together in the source-file
Warning:    Earlier definition at c:/users/omen19~1/appdata/local/temp/tmp4xo1avm0.pl:593
Warning:    Current predicate: authoritative_source/3
Warning:    Use :- discontiguous legal_section/3. to suppress this message
Warning: c:/users/omen19~1/appdata/local/temp/tmp4xo1avm0.pl:747:
Warning:    Clauses of authoritative_source/3 are not together in the source-file
Warning:    Earlier definition at c:/users/omen19~1/appdata/local/temp/tmp4xo1avm0.pl:595
Warning:    Current predicate: legal_section/3
Warning:    Use :- discontiguous authoritative_source/3. to suppress this message
ERROR: c:/users/omen19~1/appdata/local/temp/tmp4xo1avm0.pl:749:27: Syntax error: Operator expected
ERROR: c:/users/omen19~1/appdata/local/temp/tmp4xo1avm0.pl:751:34: Syntax error: Operator expected
Warning: c:/users/omen19~1/appdata/local/temp/tmp4xo1avm0.pl:753:
Warning:    Clauses of legal_section/3 are not together in the source-file
Warning:    Earlier definition at c:/users/omen19~1/appdata/local/temp/tmp4xo1avm0.pl:593
Warning:    Current predicate: authoritative_source/3
Warning:    Use :- discontiguous legal_section/3. to suppress this message
Warning: c:/users/omen19~1/appdata/local/temp/tmp4xo1avm0.pl:755:
Warning:    Clauses of authoritative_source/3 are not together in the source-file
Warning:    Earlier definition at c:/users/omen19~1/appdata/local/temp/tmp4xo1avm0.pl:595
Warning:    Current predicate: legal_section/3
Warning:    Use :- discontiguous authoritative_source/3. to suppress this message
Warning: c:/users/omen19~1/appdata/local/temp/tmp4xo1avm0.pl:757:
Warning:    Clauses of legal_section/3 are not together in the source-file
Warning:    Earlier definition at c:/users/omen19~1/appdata/local/temp/tmp4xo1avm0.pl:593
Warning:    Current predicate: authoritative_source/3
Warning:    Use :- discontiguous legal_section/3. to suppress this message
Warning: c:/users/omen19~1/appdata/local/temp/tmp4xo1avm0.pl:759:
Warning:    Clauses of authoritative_source/3 are not together in the source-file
Warning:    Earlier definition at c:/users/omen19~1/appdata/local/temp/tmp4xo1avm0.pl:595
Warning:    Current predicate: legal_section/3
Warning:    Use :- discontiguous authoritative_source/3. to suppress this message
ERROR: c:/users/omen19~1/appdata/local/temp/tmp4xo1avm0.pl:761:27: Syntax error: Operator expected
ERROR: c:/users/omen19~1/appdata/local/temp/tmp4xo1avm0.pl:763:34: Syntax error: Operator expected
Warning: c:/users/omen19~1/appdata/local/temp/tmp4xo1avm0.pl:765:
Warning:    Clauses of legal_section/3 are not together in the source-file
Warning:    Earlier definition at c:/users/omen19~1/appdata/local/temp/tmp4xo1avm0.pl:593
Warning:    Current predicate: authoritative_source/3
Warning:    Use :- discontiguous legal_section/3. to suppress this message
Warning: c:/users/omen19~1/appdata/local/temp/tmp4xo1avm0.pl:767:
Warning:    Clauses of authoritative_source/3 are not together in the source-file
Warning:    Earlier definition at c:/users/omen19~1/appdata/local/temp/tmp4xo1avm0.pl:595
Warning:    Current predicate: legal_section/3
Warning:    Use :- discontiguous authoritative_source/3. to suppress this message
Warning: c:/users/omen19~1/appdata/local/temp/tmp4xo1avm0.pl:769:
Warning:    Clauses of legal_section/3 are not together in the source-file
Warning:    Earlier definition at c:/users/omen19~1/appdata/local/temp/tmp4xo1avm0.pl:593
Warning:    Current predicate: authoritative_source/3
Warning:    Use :- discontiguous legal_section/3. to suppress this message
Warning: c:/users/omen19~1/appdata/local/temp/tmp4xo1avm0.pl:771:
Warning:    Clauses of authoritative_source/3 are not together in the source-file
Warning:    Earlier definition at c:/users/omen19~1/appdata/local/temp/tmp4xo1avm0.pl:595
Warning:    Current predicate: legal_section/3
Warning:    Use :- discontiguous authoritative_source/3. to suppress this message
Warning: c:/users/omen19~1/appdata/local/temp/tmp4xo1avm0.pl:773:
Warning:    Clauses of legal_section/3 are not together in the source-file
Warning:    Earlier definition at c:/users/omen19~1/appdata/local/temp/tmp4xo1avm0.pl:593
Warning:    Current predicate: authoritative_source/3
Warning:    Use :- discontiguous legal_section/3. to suppress this message
Warning: c:/users/omen19~1/appdata/local/temp/tmp4xo1avm0.pl:775:
Warning:    Clauses of authoritative_source/3 are not together in the source-file
Warning:    Earlier definition at c:/users/omen19~1/appdata/local/temp/tmp4xo1avm0.pl:595
Warning:    Current predicate: legal_section/3
Warning:    Use :- discontiguous authoritative_source/3. to suppress this message
Warning: c:/users/omen19~1/appdata/local/temp/tmp4xo1avm0.pl:777:
Warning:    Clauses of legal_section/3 are not together in the source-file
Warning:    Earlier definition at c:/users/omen19~1/appdata/local/temp/tmp4xo1avm0.pl:593
Warning:    Current predicate: authoritative_source/3
Warning:    Use :- discontiguous legal_section/3. to suppress this message
Warning: c:/users/omen19~1/appdata/local/temp/tmp4xo1avm0.pl:779:
Warning:    Clauses of authoritative_source/3 are not together in the source-file
Warning:    Earlier definition at c:/users/omen19~1/appdata/local/temp/tmp4xo1avm0.pl:595
Warning:    Current predicate: legal_section/3
Warning:    Use :- discontiguous authoritative_source/3. to suppress this message
ERROR: c:/users/omen19~1/appdata/local/temp/tmp4xo1avm0.pl:781:27: Syntax error: Operator expected
ERROR: c:/users/omen19~1/appdata/local/temp/tmp4xo1avm0.pl:783:34: Syntax error: Operator expected
Warning: c:/users/omen19~1/appdata/local/temp/tmp4xo1avm0.pl:785:
Warning:    Clauses of legal_section/3 are not together in the source-file
Warning:    Earlier definition at c:/users/omen19~1/appdata/local/temp/tmp4xo1avm0.pl:593
Warning:    Current predicate: authoritative_source/3
Warning:    Use :- discontiguous legal_section/3. to suppress this message
Warning: c:/users/omen19~1/appdata/local/temp/tmp4xo1avm0.pl:787:
Warning:    Clauses of authoritative_source/3 are not together in the source-file
Warning:    Earlier definition at c:/users/omen19~1/appdata/local/temp/tmp4xo1avm0.pl:595
Warning:    Current predicate: legal_section/3
Warning:    Use :- discontiguous authoritative_source/3. to suppress this message
ERROR: c:/users/omen19~1/appdata/local/temp/tmp4xo1avm0.pl:789:27: Syntax error: Operator expected
ERROR: c:/users/omen19~1/appdata/local/temp/tmp4xo1avm0.pl:791:34: Syntax error: Operator expected
ERROR: c:/users/omen19~1/appdata/local/temp/tmp4xo1avm0.pl:793:27: Syntax error: Operator expected
ERROR: c:/users/omen19~1/appdata/local/temp/tmp4xo1avm0.pl:795:34: Syntax error: Operator expected
Warning: c:/users/omen19~1/appdata/local/temp/tmp4xo1avm0.pl:797:
Warning:    Clauses of legal_section/3 are not together in the source-file
Warning:    Earlier definition at c:/users/omen19~1/appdata/local/temp/tmp4xo1avm0.pl:593
Warning:    Current predicate: authoritative_source/3
Warning:    Use :- discontiguous legal_section/3. to suppress this message
Warning: c:/users/omen19~1/appdata/local/temp/tmp4xo1avm0.pl:799:
Warning:    Clauses of authoritative_source/3 are not together in the source-file
Warning:    Earlier definition at c:/users/omen19~1/appdata/local/temp/tmp4xo1avm0.pl:595
Warning:    Current predicate: legal_section/3
Warning:    Use :- discontiguous authoritative_source/3. to suppress this message
Warning: c:/users/omen19~1/appdata/local/temp/tmp4xo1avm0.pl:801:
Warning:    Clauses of legal_section/3 are not together in the source-file
Warning:    Earlier definition at c:/users/omen19~1/appdata/local/temp/tmp4xo1avm0.pl:593
Warning:    Current predicate: authoritative_source/3
Warning:    Use :- discontiguous legal_section/3. to suppress this message
Warning: c:/users/omen19~1/appdata/local/temp/tmp4xo1avm0.pl:803:
Warning:    Clauses of authoritative_source/3 are not together in the source-file
Warning:    Earlier definition at c:/users/omen19~1/appdata/local/temp/tmp4xo1avm0.pl:595
Warning:    Current predicate: legal_section/3
Warning:    Use :- discontiguous authoritative_source/3. to suppress this message
Warning: c:/users/omen19~1/appdata/local/temp/tmp4xo1avm0.pl:805:
Warning:    Clauses of legal_section/3 are not together in the source-file
Warning:    Earlier definition at c:/users/omen19~1/appdata/local/temp/tmp4xo1avm0.pl:593
Warning:    Current predicate: authoritative_source/3
Warning:    Use :- discontiguous legal_section/3. to suppress this message
Warning: c:/users/omen19~1/appdata/local/temp/tmp4xo1avm0.pl:807:
Warning:    Clauses of authoritative_source/3 are not together in the source-file
Warning:    Earlier definition at c:/users/omen19~1/appdata/local/temp/tmp4xo1avm0.pl:595
Warning:    Current predicate: legal_section/3
Warning:    Use :- discontiguous authoritative_source/3. to suppress this message
Warning: c:/users/omen19~1/appdata/local/temp/tmp4xo1avm0.pl:809:
Warning:    Clauses of legal_section/3 are not together in the source-file
Warning:    Earlier definition at c:/users/omen19~1/appdata/local/temp/tmp4xo1avm0.pl:593
Warning:    Current predicate: authoritative_source/3
Warning:    Use :- discontiguous legal_section/3. to suppress this message
Warning: c:/users/omen19~1/appdata/local/temp/tmp4xo1avm0.pl:811:
Warning:    Clauses of authoritative_source/3 are not together in the source-file
Warning:    Earlier definition at c:/users/omen19~1/appdata/local/temp/tmp4xo1avm0.pl:595
Warning:    Current predicate: legal_section/3
Warning:    Use :- discontiguous authoritative_source/3. to suppress this message
Warning: c:/users/omen19~1/appdata/local/temp/tmp4xo1avm0.pl:813:
Warning:    Clauses of legal_section/3 are not together in the source-file
Warning:    Earlier definition at c:/users/omen19~1/appdata/local/temp/tmp4xo1avm0.pl:593
Warning:    Current predicate: authoritative_source/3
Warning:    Use :- discontiguous legal_section/3. to suppress this message
Warning: c:/users/omen19~1/appdata/local/temp/tmp4xo1avm0.pl:815:
Warning:    Clauses of authoritative_source/3 are not together in the source-file
Warning:    Earlier definition at c:/users/omen19~1/appdata/local/temp/tmp4xo1avm0.pl:595
Warning:    Current predicate: legal_section/3
Warning:    Use :- discontiguous authoritative_source/3. to suppress this message
Warning: c:/users/omen19~1/appdata/local/temp/tmp4xo1avm0.pl:817:
Warning:    Clauses of legal_section/3 are not together in the source-file
Warning:    Earlier definition at c:/users/omen19~1/appdata/local/temp/tmp4xo1avm0.pl:593
Warning:    Current predicate: authoritative_source/3
Warning:    Use :- discontiguous legal_section/3. to suppress this message
Warning: c:/users/omen19~1/appdata/local/temp/tmp4xo1avm0.pl:819:
Warning:    Clauses of authoritative_source/3 are not together in the source-file
Warning:    Earlier definition at c:/users/omen19~1/appdata/local/temp/tmp4xo1avm0.pl:595
Warning:    Current predicate: legal_section/3
Warning:    Use :- discontiguous authoritative_source/3. to suppress this message
Warning: c:/users/omen19~1/appdata/local/temp/tmp4xo1avm0.pl:821:
Warning:    Clauses of legal_section/3 are not together in the source-file
Warning:    Earlier definition at c:/users/omen19~1/appdata/local/temp/tmp4xo1avm0.pl:593
Warning:    Current predicate: authoritative_source/3
Warning:    Use :- discontiguous legal_section/3. to suppress this message
Warning: c:/users/omen19~1/appdata/local/temp/tmp4xo1avm0.pl:823:
Warning:    Clauses of authoritative_source/3 are not together in the source-file
Warning:    Earlier definition at c:/users/omen19~1/appdata/local/temp/tmp4xo1avm0.pl:595
Warning:    Current predicate: legal_section/3
Warning:    Use :- discontiguous authoritative_source/3. to suppress this message
ERROR: c:/users/omen19~1/appdata/local/temp/tmp4xo1avm0.pl:825:27: Syntax error: Operator expected
ERROR: c:/users/omen19~1/appdata/local/temp/tmp4xo1avm0.pl:827:34: Syntax error: Operator expected
ERROR: c:/users/omen19~1/appdata/local/temp/tmp4xo1avm0.pl:829:27: Syntax error: Operator expected
ERROR: c:/users/omen19~1/appdata/local/temp/tmp4xo1avm0.pl:831:34: Syntax error: Operator expected
Warning: c:/users/omen19~1/appdata/local/temp/tmp4xo1avm0.pl:833:
Warning:    Clauses of legal_section/3 are not together in the source-file
Warning:    Earlier definition at c:/users/omen19~1/appdata/local/temp/tmp4xo1avm0.pl:593
Warning:    Current predicate: authoritative_source/3
Warning:    Use :- discontiguous legal_section/3. to suppress this message
Warning: c:/users/omen19~1/appdata/local/temp/tmp4xo1avm0.pl:835:
Warning:    Clauses of authoritative_source/3 are not together in the source-file
Warning:    Earlier definition at c:/users/omen19~1/appdata/local/temp/tmp4xo1avm0.pl:595
Warning:    Current predicate: legal_section/3
Warning:    Use :- discontiguous authoritative_source/3. to suppress this message
Warning: c:/users/omen19~1/appdata/local/temp/tmp4xo1avm0.pl:837:
Warning:    Clauses of legal_section/3 are not together in the source-file
Warning:    Earlier definition at c:/users/omen19~1/appdata/local/temp/tmp4xo1avm0.pl:593
Warning:    Current predicate: authoritative_source/3
Warning:    Use :- discontiguous legal_section/3. to suppress this message
Warning: c:/users/omen19~1/appdata/local/temp/tmp4xo1avm0.pl:839:
Warning:    Clauses of authoritative_source/3 are not together in the source-file
Warning:    Earlier definition at c:/users/omen19~1/appdata/local/temp/tmp4xo1avm0.pl:595
Warning:    Current predicate: legal_section/3
Warning:    Use :- discontiguous authoritative_source/3. to suppress this message
ERROR: c:/users/omen19~1/appdata/local/temp/tmp4xo1avm0.pl:841:27: Syntax error: Operator expected
ERROR: c:/users/omen19~1/appdata/local/temp/tmp4xo1avm0.pl:843:34: Syntax error: Operator expected
Warning: c:/users/omen19~1/appdata/local/temp/tmp4xo1avm0.pl:845:
Warning:    Clauses of legal_section/3 are not together in the source-file
Warning:    Earlier definition at c:/users/omen19~1/appdata/local/temp/tmp4xo1avm0.pl:593
Warning:    Current predicate: authoritative_source/3
Warning:    Use :- discontiguous legal_section/3. to suppress this message
Warning: c:/users/omen19~1/appdata/local/temp/tmp4xo1avm0.pl:847:
Warning:    Clauses of authoritative_source/3 are not together in the source-file
Warning:    Earlier definition at c:/users/omen19~1/appdata/local/temp/tmp4xo1avm0.pl:595
Warning:    Current predicate: legal_section/3
Warning:    Use :- discontiguous authoritative_source/3. to suppress this message
Warning: c:/users/omen19~1/appdata/local/temp/tmp4xo1avm0.pl:849:
Warning:    Clauses of legal_section/3 are not together in the source-file
Warning:    Earlier definition at c:/users/omen19~1/appdata/local/temp/tmp4xo1avm0.pl:593
Warning:    Current predicate: authoritative_source/3
Warning:    Use :- discontiguous legal_section/3. to suppress this message
Warning: c:/users/omen19~1/appdata/local/temp/tmp4xo1avm0.pl:851:
Warning:    Clauses of authoritative_source/3 are not together in the source-file
Warning:    Earlier definition at c:/users/omen19~1/appdata/local/temp/tmp4xo1avm0.pl:595
Warning:    Current predicate: legal_section/3
Warning:    Use :- discontiguous authoritative_source/3. to suppress this message
Warning: c:/users/omen19~1/appdata/local/temp/tmp4xo1avm0.pl:853:
Warning:    Clauses of legal_section/3 are not together in the source-file
Warning:    Earlier definition at c:/users/omen19~1/appdata/local/temp/tmp4xo1avm0.pl:593
Warning:    Current predicate: authoritative_source/3
Warning:    Use :- discontiguous legal_section/3. to suppress this message
Warning: c:/users/omen19~1/appdata/local/temp/tmp4xo1avm0.pl:855:
Warning:    Clauses of authoritative_source/3 are not together in the source-file
Warning:    Earlier definition at c:/users/omen19~1/appdata/local/temp/tmp4xo1avm0.pl:595
Warning:    Current predicate: legal_section/3
Warning:    Use :- discontiguous authoritative_source/3. to suppress this message
ERROR: c:/users/omen19~1/appdata/local/temp/tmp4xo1avm0.pl:857:27: Syntax error: Operator expected
ERROR: c:/users/omen19~1/appdata/local/temp/tmp4xo1avm0.pl:859:34: Syntax error: Operator expected
Warning: c:/users/omen19~1/appdata/local/temp/tmp4xo1avm0.pl:861:
Warning:    Clauses of legal_section/3 are not together in the source-file
Warning:    Earlier definition at c:/users/omen19~1/appdata/local/temp/tmp4xo1avm0.pl:593
Warning:    Current predicate: authoritative_source/3
Warning:    Use :- discontiguous legal_section/3. to suppress this message
Warning: c:/users/omen19~1/appdata/local/temp/tmp4xo1avm0.pl:863:
Warning:    Clauses of authoritative_source/3 are not together in the source-file
Warning:    Earlier definition at c:/users/omen19~1/appdata/local/temp/tmp4xo1avm0.pl:595
Warning:    Current predicate: legal_section/3
Warning:    Use :- discontiguous authoritative_source/3. to suppress this message
Warning: c:/users/omen19~1/appdata/local/temp/tmp4xo1avm0.pl:865:
Warning:    Clauses of legal_section/3 are not together in the source-file
Warning:    Earlier definition at c:/users/omen19~1/appdata/local/temp/tmp4xo1avm0.pl:593
Warning:    Current predicate: authoritative_source/3
Warning:    Use :- discontiguous legal_section/3. to suppress this message
Warning: c:/users/omen19~1/appdata/local/temp/tmp4xo1avm0.pl:867:
Warning:    Clauses of authoritative_source/3 are not together in the source-file
Warning:    Earlier definition at c:/users/omen19~1/appdata/local/temp/tmp4xo1avm0.pl:595
Warning:    Current predicate: legal_section/3
Warning:    Use :- discontiguous authoritative_source/3. to suppress this message
Warning: c:/users/omen19~1/appdata/local/temp/tmp4xo1avm0.pl:869:
Warning:    Clauses of legal_section/3 are not together in the source-file
Warning:    Earlier definition at c:/users/omen19~1/appdata/local/temp/tmp4xo1avm0.pl:593
Warning:    Current predicate: authoritative_source/3
Warning:    Use :- discontiguous legal_section/3. to suppress this message
Warning: c:/users/omen19~1/appdata/local/temp/tmp4xo1avm0.pl:871:
Warning:    Clauses of authoritative_source/3 are not together in the source-file
Warning:    Earlier definition at c:/users/omen19~1/appdata/local/temp/tmp4xo1avm0.pl:595
Warning:    Current predicate: legal_section/3
Warning:    Use :- discontiguous authoritative_source/3. to suppress this message
Warning: c:/users/omen19~1/appdata/local/temp/tmp4xo1avm0.pl:873:
Warning:    Clauses of legal_section/3 are not together in the source-file
Warning:    Earlier definition at c:/users/omen19~1/appdata/local/temp/tmp4xo1avm0.pl:593
Warning:    Current predicate: authoritative_source/3
Warning:    Use :- discontiguous legal_section/3. to suppress this message
Warning: c:/users/omen19~1/appdata/local/temp/tmp4xo1avm0.pl:875:
Warning:    Clauses of authoritative_source/3 are not together in the source-file
Warning:    Earlier definition at c:/users/omen19~1/appdata/local/temp/tmp4xo1avm0.pl:595
Warning:    Current predicate: legal_section/3
Warning:    Use :- discontiguous authoritative_source/3. to suppress this message
Warning: c:/users/omen19~1/appdata/local/temp/tmp4xo1avm0.pl:877:
Warning:    Clauses of legal_section/3 are not together in the source-file
Warning:    Earlier definition at c:/users/omen19~1/appdata/local/temp/tmp4xo1avm0.pl:593
Warning:    Current predicate: authoritative_source/3
Warning:    Use :- discontiguous legal_section/3. to suppress this message
Warning: c:/users/omen19~1/appdata/local/temp/tmp4xo1avm0.pl:879:
Warning:    Clauses of authoritative_source/3 are not together in the source-file
Warning:    Earlier definition at c:/users/omen19~1/appdata/local/temp/tmp4xo1avm0.pl:595
Warning:    Current predicate: legal_section/3
Warning:    Use :- discontiguous authoritative_source/3. to suppress this message
Warning: c:/users/omen19~1/appdata/local/temp/tmp4xo1avm0.pl:881:
Warning:    Clauses of legal_section/3 are not together in the source-file
Warning:    Earlier definition at c:/users/omen19~1/appdata/local/temp/tmp4xo1avm0.pl:593
Warning:    Current predicate: authoritative_source/3
Warning:    Use :- discontiguous legal_section/3. to suppress this message
Warning: c:/users/omen19~1/appdata/local/temp/tmp4xo1avm0.pl:883:
Warning:    Clauses of authoritative_source/3 are not together in the source-file
Warning:    Earlier definition at c:/users/omen19~1/appdata/local/temp/tmp4xo1avm0.pl:595
Warning:    Current predicate: legal_section/3
Warning:    Use :- discontiguous authoritative_source/3. to suppress this message
Warning: c:/users/omen19~1/appdata/local/temp/tmp4xo1avm0.pl:983:
Warning:    Singleton variables: [Person]
Warning: c:/users/omen19~1/appdata/local/temp/tmp4xo1avm0.pl:987:
Warning:    Singleton variables: [Person]
Warning: c:/users/omen19~1/appdata/local/temp/tmp4xo1avm0.pl:992:
Warning:    Singleton variables: [Person]
2025-08-08 01:40:01,595 - hybex_system.prolog_engine - ERROR - [Session:fa11dcd1] Prolog query timeout (attempt 1): primary_eligibility_reason('case_fa11dcd1_013801', Reason)
2025-08-08 01:40:31,617 - hybex_system.prolog_engine - ERROR - [Session:fa11dcd1] Prolog query timeout (attempt 2): primary_eligibility_reason('case_fa11dcd1_013801', Reason)
2025-08-08 01:41:01,622 - hybex_system.prolog_engine - ERROR - [Session:fa11dcd1] Prolog query timeout (attempt 3): primary_eligibility_reason('case_fa11dcd1_013801', Reason)
2025-08-08 01:41:31,653 - hybex_system.prolog_engine - ERROR - [Session:fa11dcd1] Prolog query timeout (attempt 1): generate_detailed_reasoning('case_fa11dcd1_013801', DetailedReason)
2025-08-08 01:42:01,684 - hybex_system.prolog_engine - ERROR - [Session:fa11dcd1] Prolog query timeout (attempt 2): generate_detailed_reasoning('case_fa11dcd1_013801', DetailedReason)
2025-08-08 01:42:31,706 - hybex_system.prolog_engine - ERROR - [Session:fa11dcd1] Prolog query timeout (attempt 3): generate_detailed_reasoning('case_fa11dcd1_013801', DetailedReason)
