2025-08-09 19:53:45,389 - hybex_system.prolog_engine - INFO - [Session:1839a79f] Added file handler to PrologEngine logger.
2025-08-09 19:53:45,389 - hybex_system.prolog_engine - INFO - [Session:1839a79f] ======================================================================
2025-08-09 19:53:45,389 - hybex_system.prolog_engine - INFO - [Session:1839a79f] Starting HybEx-Law Comprehensive Prolog Reasoning Engine
2025-08-09 19:53:45,389 - hybex_system.prolog_engine - INFO - [Session:1839a79f] Session ID: 1839a79f
2025-08-09 19:53:45,391 - hybex_system.prolog_engine - INFO - [Session:1839a79f] Configuration: {'config_source': 'verified_fallback', 'last_updated': None, 'validation_status': 'unvalidated', 'primary_act': 'Legal Services Authorities Act, 1987', 'income_thresholds': {'general': 500000, 'sc_st': 800000, 'obc': 600000, 'bpl': 0, 'ews': 800000}, 'real_data_available': False, 'sources_count': 0}
2025-08-09 19:53:45,393 - hybex_system.prolog_engine - INFO - [Session:1839a79f] ======================================================================
2025-08-09 19:53:45,395 - hybex_system.prolog_engine - INFO - [Session:1839a79f] Using ultra-fast minimal knowledge base (testing)
2025-08-09 19:53:45,398 - hybex_system.prolog_engine - INFO - [Session:1839a79f] Attempting to load rules from: D:\Code_stuff\NLP\multi_domain_legal\knowledge_base\ultra_fast_minimal_rules.py
2025-08-09 19:53:45,401 - hybex_system.prolog_engine - WARNING - [Session:1839a79f] File D:\Code_stuff\NLP\multi_domain_legal\knowledge_base\ultra_fast_minimal_rules.py found, but no legal rules variable found within it.
2025-08-09 19:53:45,401 - hybex_system.prolog_engine - WARNING - [Session:1839a79f] No multi-domain rules found in knowledge base. Using enhanced fallback rules.
2025-08-09 19:53:45,403 - hybex_system.prolog_engine - WARNING - [Session:1839a79f] Using enhanced fallback rules as multi_domain_rules.py could not be loaded or parsed correctly.
2025-08-09 19:53:45,403 - hybex_system.prolog_engine - INFO - [Session:1839a79f] Initialized Comprehensive PrologEngine (Session: 1839a79f, Available: True)
2025-08-09 19:53:45,404 - hybex_system.prolog_engine - INFO - [Session:1839a79f] Loaded 9 rule categories with 11 total rules
2025-08-09 19:53:45,404 - hybex_system.prolog_engine - INFO - [Session:1839a79f] Comprehensive rules actually loaded: True
2025-08-09 19:53:45,406 - hybex_system.prolog_engine - INFO - [Session:1839a79f] 🧠 Starting comprehensive legal analysis for case_1839a79f_195345
2025-08-09 19:53:45,406 - hybex_system.prolog_engine - INFO - [Session:1839a79f] 🎯 Detected domain 'general_legal_aid' for case type ''
2025-08-09 19:53:45,407 - hybex_system.prolog_engine - INFO - [Session:1839a79f] 🎯 Using domain-specific rules for: ['general_legal_aid']
2025-08-09 19:53:45,408 - hybex_system.prolog_engine - INFO - [Session:1839a79f] Generated 3 comprehensive Prolog facts for case_1839a79f_195345
2025-08-09 19:53:45,412 - hybex_system.prolog_engine - INFO - [Session:1839a79f] ✅ Combined 1 core rules with 1 domain-specific rules
2025-08-09 19:53:45,412 - hybex_system.prolog_engine - INFO - [Session:1839a79f] ✅ Created domain-specific Prolog file for 'general_legal_aid': C:\Users\OMEN19~1\AppData\Local\Temp\tmpm4r9kbr7.pl with 3 facts.
2025-08-09 19:53:45,521 - hybex_system.prolog_engine - WARNING - [Session:1839a79f] SWI-Prolog exited with code 2 (attempt 1). Stderr: ERROR: -g ['C:/Users/OMEN19~1/AppData/Local/Temp/tmpm4r9kbr7.pl'], eligible_with_confidence('case_1839a79f_195345', Eligible, Confidence).: '<meta-call>'/1: Unknown procedure: eligible_with_confidence/3
2025-08-09 19:53:45,522 - hybex_system.prolog_engine - WARNING - [Session:1839a79f] Failed to get confident eligibility from Prolog. Trying basic 'eligible_for_legal_aid'.
2025-08-09 19:53:45,613 - hybex_system.prolog_engine - WARNING - [Session:1839a79f] SWI-Prolog exited with code 2 (attempt 1). Stderr: ERROR: -g ['C:/Users/OMEN19~1/AppData/Local/Temp/tmpm4r9kbr7.pl'], eligible_for_legal_aid('case_1839a79f_195345').: '<meta-call>'/1: Unknown procedure: eligible_for_legal_aid/1
2025-08-09 19:53:45,684 - hybex_system.prolog_engine - WARNING - [Session:1839a79f] SWI-Prolog exited with code 2 (attempt 1). Stderr: ERROR: -g ['C:/Users/OMEN19~1/AppData/Local/Temp/tmpm4r9kbr7.pl'], primary_eligibility_reason('case_1839a79f_195345', Reason).: '<meta-call>'/1: Unknown procedure: primary_eligibility_reason/2
2025-08-09 19:53:45,769 - hybex_system.prolog_engine - WARNING - [Session:1839a79f] SWI-Prolog exited with code 2 (attempt 1). Stderr: ERROR: -g ['C:/Users/OMEN19~1/AppData/Local/Temp/tmpm4r9kbr7.pl'], generate_detailed_reasoning('case_1839a79f_195345', DetailedReason).: '<meta-call>'/1: Unknown procedure: generate_detailed_reasoning/2
2025-08-09 19:53:45,840 - hybex_system.prolog_engine - WARNING - [Session:1839a79f] SWI-Prolog exited with code 2 (attempt 1). Stderr: ERROR: -g ['C:/Users/OMEN19~1/AppData/Local/Temp/tmpm4r9kbr7.pl'], findall(Rule, applicable_rule('case_1839a79f_195345', Rule, legal_aid), Rules).: findall_loop/4: Unknown procedure: applicable_rule/3
2025-08-09 19:53:45,840 - hybex_system.prolog_engine - INFO - [Session:1839a79f] Comprehensive legal analysis complete for case_1839a79f_195345: Eligible=False, Confidence=0.30
