2025-08-10 18:29:45,798 - hybex_system.prolog_engine - INFO - [Session:0b772b79] Added file handler to PrologEngine logger.
2025-08-10 18:29:45,798 - hybex_system.prolog_engine - INFO - [Session:0b772b79] ======================================================================
2025-08-10 18:29:45,798 - hybex_system.prolog_engine - INFO - [Session:0b772b79] Starting HybEx-Law Comprehensive Prolog Reasoning Engine
2025-08-10 18:29:45,798 - hybex_system.prolog_engine - INFO - [Session:0b772b79] Session ID: 0b772b79
2025-08-10 18:29:45,798 - hybex_system.prolog_engine - INFO - [Session:0b772b79] Configuration: {'config_source': 'verified_fallback', 'last_updated': None, 'validation_status': 'unvalidated', 'primary_act': 'Legal Services Authorities Act, 1987', 'income_thresholds': {'general': 500000, 'sc_st': 800000, 'obc': 600000, 'bpl': 0, 'ews': 800000}, 'real_data_available': False, 'sources_count': 0}
2025-08-10 18:29:45,798 - hybex_system.prolog_engine - INFO - [Session:0b772b79] ======================================================================
2025-08-10 18:29:45,798 - hybex_system.prolog_engine - INFO - [Session:0b772b79] Using verified fallback knowledge base with 105 comprehensive rules
2025-08-10 18:29:45,798 - hybex_system.prolog_engine - INFO - [Session:0b772b79] Attempting to load rules from: d:\Code_stuff\NLP\multi_domain_legal\knowledge_base\multi_domain_rules.py
2025-08-10 18:29:45,807 - hybex_system.prolog_engine - INFO - [Session:0b772b79] Successfully loaded MULTI_DOMAIN_LEGAL_RULES from knowledge base.
2025-08-10 18:29:45,807 - hybex_system.prolog_engine - INFO - [Session:0b772b79] Parsing comprehensive multi-domain legal rules from knowledge base.
2025-08-10 18:29:45,813 - hybex_system.prolog_engine - INFO - [Session:0b772b79] Initialized Comprehensive PrologEngine (Session: 0b772b79, Available: True)
2025-08-10 18:29:45,813 - hybex_system.prolog_engine - INFO - [Session:0b772b79] Loaded 9 rule categories with 145 total rules
2025-08-10 18:29:45,814 - hybex_system.prolog_engine - INFO - [Session:0b772b79] Comprehensive rules actually loaded: True
2025-08-10 18:29:45,814 - hybex_system.prolog_engine - INFO - [Session:0b772b79] 🧠 Starting comprehensive legal analysis for case_0b772b79_182945
2025-08-10 18:29:45,814 - hybex_system.prolog_engine - INFO - [Session:0b772b79] 🎯 Detected domain 'general_legal_aid' for case type ''
2025-08-10 18:29:45,814 - hybex_system.prolog_engine - INFO - [Session:0b772b79] 🎯 Using domain-specific rules for: ['general_legal_aid']
2025-08-10 18:29:45,814 - hybex_system.prolog_engine - INFO - [Session:0b772b79] Generated 6 comprehensive Prolog facts for case_0b772b79_182945
2025-08-10 18:29:45,814 - hybex_system.prolog_engine - INFO - [Session:0b772b79] 📂 Selected files for domain 'general_legal_aid': ['minimal_legal_aid.pl']
2025-08-10 18:29:45,814 - hybex_system.prolog_engine - INFO - [Session:0b772b79] ✅ Loaded modular file: minimal_legal_aid.pl
2025-08-10 18:29:45,814 - hybex_system.prolog_engine - INFO - [Session:0b772b79] 🔍 DEBUG: Modular Prolog file content:
2025-08-10 18:29:45,837 - hybex_system.prolog_engine - INFO - [Session:0b772b79] Modular file (2378 chars):
% HybEx-Law Modular Legal Reasoning Session: 0b772b79
% Domain: general_legal_aid
% Generated: 2025-08-10T18:29:45.814855

% DISCONTIGUOUS DIRECTIVES
:- discontiguous person/1.
:- discontiguous eligible_for_legal_aid/1.
:- discontiguous categorically_eligible/1.
:- discontiguous income_eligible/1.
:- discontiguous social_category/2.
:- discontiguous annual_income/2.
:- discontiguous case_type/2.
:- discontiguous generate_detailed_reasoning/2.
:- discontiguous primary_eligibility_reason/2.
:- discontiguous applicable_rule/3.
:- discontiguous vulnerable_group/2.
:- discontiguous gender/2.
:- discontiguous age/2.

% LOADING: minimal_legal_aid.pl
% ULTRA-MINIMAL LEGAL AID RULES - OPTIMIZED FOR SPEED
% Contains ONLY the essential predicates needed for basic eligibility testing

% =================================================================
% ESSENTIAL PREDICATES
% =================================================================

% Basic person predicate
person(Person) :- atom(Person)....
2025-08-10 18:29:45,837 - hybex_system.prolog_engine - INFO - [Session:0b772b79] ✅ Created MODULAR Prolog file: C:\Users\OMEN19~1\AppData\Local\Temp\tmpl5del3p3.pl with 1 domain modules
2025-08-10 18:29:45,839 - hybex_system.prolog_engine - INFO - [Session:0b772b79] 🎯 Ultra-fast eligibility check for case_0b772b79_182945
2025-08-10 18:29:48,863 - hybex_system.prolog_engine - ERROR - [Session:0b772b79] Prolog query timeout (attempt 1): eligible_for_legal_aid('case_0b772b79_182945')
2025-08-10 18:29:48,865 - hybex_system.prolog_engine - INFO - [Session:0b772b79] ❌ FAST RESULT: Not eligible - Query timeout after 1 attempts
2025-08-10 18:30:48,899 - hybex_system.prolog_engine - ERROR - [Session:0b772b79] Prolog query timeout (attempt 1): primary_eligibility_reason('case_0b772b79_182945', Reason)
2025-08-10 18:31:48,920 - hybex_system.prolog_engine - ERROR - [Session:0b772b79] Prolog query timeout (attempt 2): primary_eligibility_reason('case_0b772b79_182945', Reason)
2025-08-10 18:32:48,955 - hybex_system.prolog_engine - ERROR - [Session:0b772b79] Prolog query timeout (attempt 3): primary_eligibility_reason('case_0b772b79_182945', Reason)
2025-08-10 18:33:48,997 - hybex_system.prolog_engine - ERROR - [Session:0b772b79] Prolog query timeout (attempt 1): generate_detailed_reasoning('case_0b772b79_182945', DetailedReason)
2025-08-10 18:34:49,007 - hybex_system.prolog_engine - ERROR - [Session:0b772b79] Prolog query timeout (attempt 2): generate_detailed_reasoning('case_0b772b79_182945', DetailedReason)
2025-08-10 18:35:49,038 - hybex_system.prolog_engine - ERROR - [Session:0b772b79] Prolog query timeout (attempt 3): generate_detailed_reasoning('case_0b772b79_182945', DetailedReason)
2025-08-10 18:36:49,061 - hybex_system.prolog_engine - ERROR - [Session:0b772b79] Prolog query timeout (attempt 1): findall(Rule, applicable_rule('case_0b772b79_182945', Rule, legal_aid), Rules)
2025-08-10 18:37:49,075 - hybex_system.prolog_engine - ERROR - [Session:0b772b79] Prolog query timeout (attempt 2): findall(Rule, applicable_rule('case_0b772b79_182945', Rule, legal_aid), Rules)
2025-08-10 18:38:49,088 - hybex_system.prolog_engine - ERROR - [Session:0b772b79] Prolog query timeout (attempt 3): findall(Rule, applicable_rule('case_0b772b79_182945', Rule, legal_aid), Rules)
2025-08-10 18:38:49,088 - hybex_system.prolog_engine - INFO - [Session:0b772b79] Comprehensive legal analysis complete for case_0b772b79_182945: Eligible=False, Confidence=0.90
2025-08-10 18:38:49,109 - hybex_system.prolog_engine - INFO - [Session:0b772b79] 🧠 Starting comprehensive legal analysis for case_0b772b79_183849
2025-08-10 18:38:49,109 - hybex_system.prolog_engine - INFO - [Session:0b772b79] 🎯 Detected domain 'general_legal_aid' for case type 'family law'
2025-08-10 18:38:49,109 - hybex_system.prolog_engine - INFO - [Session:0b772b79] 🎯 Using domain-specific rules for: ['general_legal_aid']
2025-08-10 18:38:49,109 - hybex_system.prolog_engine - INFO - [Session:0b772b79] Generated 5 comprehensive Prolog facts for case_0b772b79_183849
2025-08-10 18:38:49,113 - hybex_system.prolog_engine - INFO - [Session:0b772b79] 📂 Selected files for domain 'general_legal_aid': ['minimal_legal_aid.pl']
2025-08-10 18:38:49,113 - hybex_system.prolog_engine - INFO - [Session:0b772b79] ✅ Loaded modular file: minimal_legal_aid.pl
2025-08-10 18:38:49,113 - hybex_system.prolog_engine - INFO - [Session:0b772b79] 🔍 DEBUG: Modular Prolog file content:
2025-08-10 18:38:49,144 - hybex_system.prolog_engine - INFO - [Session:0b772b79] Modular file (2333 chars):
% HybEx-Law Modular Legal Reasoning Session: 0b772b79
% Domain: general_legal_aid
% Generated: 2025-08-10T18:38:49.113222

% DISCONTIGUOUS DIRECTIVES
:- discontiguous person/1.
:- discontiguous eligible_for_legal_aid/1.
:- discontiguous categorically_eligible/1.
:- discontiguous income_eligible/1.
:- discontiguous social_category/2.
:- discontiguous annual_income/2.
:- discontiguous case_type/2.
:- discontiguous generate_detailed_reasoning/2.
:- discontiguous primary_eligibility_reason/2.
:- discontiguous applicable_rule/3.
:- discontiguous vulnerable_group/2.
:- discontiguous gender/2.
:- discontiguous age/2.

% LOADING: minimal_legal_aid.pl
% ULTRA-MINIMAL LEGAL AID RULES - OPTIMIZED FOR SPEED
% Contains ONLY the essential predicates needed for basic eligibility testing

% =================================================================
% ESSENTIAL PREDICATES
% =================================================================

% Basic person predicate
person(Person) :- atom(Person)....
2025-08-10 18:38:49,147 - hybex_system.prolog_engine - INFO - [Session:0b772b79] ✅ Created MODULAR Prolog file: C:\Users\OMEN19~1\AppData\Local\Temp\tmp4cguqvrf.pl with 1 domain modules
2025-08-10 18:38:49,147 - hybex_system.prolog_engine - INFO - [Session:0b772b79] 🎯 Ultra-fast eligibility check for case_0b772b79_183849
2025-08-10 18:38:52,173 - hybex_system.prolog_engine - ERROR - [Session:0b772b79] Prolog query timeout (attempt 1): eligible_for_legal_aid('case_0b772b79_183849')
2025-08-10 18:38:52,175 - hybex_system.prolog_engine - INFO - [Session:0b772b79] ❌ FAST RESULT: Not eligible - Query timeout after 1 attempts
2025-08-10 18:39:52,211 - hybex_system.prolog_engine - ERROR - [Session:0b772b79] Prolog query timeout (attempt 1): primary_eligibility_reason('case_0b772b79_183849', Reason)
2025-08-10 18:40:52,231 - hybex_system.prolog_engine - ERROR - [Session:0b772b79] Prolog query timeout (attempt 2): primary_eligibility_reason('case_0b772b79_183849', Reason)
2025-08-10 18:41:52,250 - hybex_system.prolog_engine - ERROR - [Session:0b772b79] Prolog query timeout (attempt 3): primary_eligibility_reason('case_0b772b79_183849', Reason)
2025-08-10 18:42:52,297 - hybex_system.prolog_engine - ERROR - [Session:0b772b79] Prolog query timeout (attempt 1): generate_detailed_reasoning('case_0b772b79_183849', DetailedReason)
