2025-08-10 19:13:14,596 - hybex_system.prolog_engine - INFO - [Session:e32d4b72] Added file handler to PrologEngine logger.
2025-08-10 19:13:14,600 - hybex_system.prolog_engine - INFO - [Session:e32d4b72] ======================================================================
2025-08-10 19:13:14,600 - hybex_system.prolog_engine - INFO - [Session:e32d4b72] Starting HybEx-Law Comprehensive Prolog Reasoning Engine
2025-08-10 19:13:14,600 - hybex_system.prolog_engine - INFO - [Session:e32d4b72] Session ID: e32d4b72
2025-08-10 19:13:14,600 - hybex_system.prolog_engine - INFO - [Session:e32d4b72] Configuration: {'config_source': 'verified_fallback', 'last_updated': None, 'validation_status': 'unvalidated', 'primary_act': 'Legal Services Authorities Act, 1987', 'income_thresholds': {'general': 500000, 'sc_st': 800000, 'obc': 600000, 'bpl': 0, 'ews': 800000}, 'real_data_available': False, 'sources_count': 0}
2025-08-10 19:13:14,615 - hybex_system.prolog_engine - INFO - [Session:e32d4b72] ======================================================================
2025-08-10 19:13:14,616 - hybex_system.prolog_engine - INFO - [Session:e32d4b72] Using verified fallback knowledge base with 105 comprehensive rules
2025-08-10 19:13:14,616 - hybex_system.prolog_engine - INFO - [Session:e32d4b72] Attempting to load rules from: d:\Code_stuff\NLP\multi_domain_legal\knowledge_base\multi_domain_rules.py
2025-08-10 19:13:14,618 - hybex_system.prolog_engine - INFO - [Session:e32d4b72] Successfully loaded MULTI_DOMAIN_LEGAL_RULES from knowledge base.
2025-08-10 19:13:14,618 - hybex_system.prolog_engine - INFO - [Session:e32d4b72] Parsing comprehensive multi-domain legal rules from knowledge base.
2025-08-10 19:13:14,622 - hybex_system.prolog_engine - INFO - [Session:e32d4b72] Initialized Comprehensive PrologEngine (Session: e32d4b72, Available: True)
2025-08-10 19:13:14,622 - hybex_system.prolog_engine - INFO - [Session:e32d4b72] Loaded 9 rule categories with 145 total rules
2025-08-10 19:13:14,622 - hybex_system.prolog_engine - INFO - [Session:e32d4b72] Comprehensive rules actually loaded: True
2025-08-10 19:13:14,622 - hybex_system.prolog_engine - INFO - [Session:e32d4b72] 🧠 Starting comprehensive legal analysis for case_e32d4b72_191314
2025-08-10 19:13:14,622 - hybex_system.prolog_engine - INFO - [Session:e32d4b72] 🎯 Detected domain 'general_legal_aid' for case type ''
2025-08-10 19:13:14,627 - hybex_system.prolog_engine - INFO - [Session:e32d4b72] 🎯 Using domain-specific rules for: ['general_legal_aid']
2025-08-10 19:13:14,628 - hybex_system.prolog_engine - INFO - [Session:e32d4b72] Generated 12 comprehensive Prolog facts for case_e32d4b72_191314
2025-08-10 19:13:14,630 - hybex_system.prolog_engine - INFO - [Session:e32d4b72] 📂 Selected files for domain 'general_legal_aid': ['foundational_rules_clean.pl', 'legal_aid_clean.pl']
2025-08-10 19:13:14,631 - hybex_system.prolog_engine - INFO - [Session:e32d4b72] ✅ Loaded modular file: foundational_rules_clean.pl
2025-08-10 19:13:14,631 - hybex_system.prolog_engine - INFO - [Session:e32d4b72] ✅ Loaded modular file: legal_aid_clean.pl
2025-08-10 19:13:14,631 - hybex_system.prolog_engine - INFO - [Session:e32d4b72] 🔍 DEBUG: Modular Prolog file content:
2025-08-10 19:13:14,656 - hybex_system.prolog_engine - INFO - [Session:e32d4b72] Modular file (5073 chars):
% HybEx-Law Modular Legal Reasoning Session: e32d4b72
% Domain: general_legal_aid
% Generated: 2025-08-10T19:13:14.629664

% DISCONTIGUOUS DIRECTIVES
:- discontiguous person/1.
:- discontiguous eligible_for_legal_aid/1.
:- discontiguous categorically_eligible/1.
:- discontiguous income_eligible/1.
:- discontiguous social_category/2.
:- discontiguous annual_income/2.
:- discontiguous case_type/2.
:- discontiguous generate_detailed_reasoning/2.
:- discontiguous primary_eligibility_reason/2.
:- discontiguous applicable_rule/3.
:- discontiguous vulnerable_group/2.
:- discontiguous gender/2.
:- discontiguous age/2.

% LOADING: foundational_rules_clean.pl
% ============================================================================
% FOUNDATIONAL PREDICATES AND UTILITY RULES
% This file contains only generic, reusable predicates.
% All case-specific facts (e.g., age, income) must be provided by Python.
% ============================================================================

% Simple ...
2025-08-10 19:13:14,656 - hybex_system.prolog_engine - INFO - [Session:e32d4b72] ✅ Created MODULAR Prolog file: C:\Users\OMEN19~1\AppData\Local\Temp\tmppry3_2ev.pl with 2 domain modules
2025-08-10 19:13:14,656 - hybex_system.prolog_engine - INFO - [Session:e32d4b72] 🎯 Ultra-fast eligibility check for case_e32d4b72_191314
2025-08-10 19:13:17,685 - hybex_system.prolog_engine - ERROR - [Session:e32d4b72] Prolog query timeout (attempt 1): eligible_for_legal_aid('case_e32d4b72_191314')
2025-08-10 19:13:17,690 - hybex_system.prolog_engine - INFO - [Session:e32d4b72] ❌ FAST RESULT: Not eligible - Query timeout after 1 attempts
2025-08-10 19:14:17,729 - hybex_system.prolog_engine - ERROR - [Session:e32d4b72] Prolog query timeout (attempt 1): primary_eligibility_reason('case_e32d4b72_191314', Reason)
2025-08-10 19:15:17,797 - hybex_system.prolog_engine - ERROR - [Session:e32d4b72] Prolog query timeout (attempt 2): primary_eligibility_reason('case_e32d4b72_191314', Reason)
2025-08-10 19:16:17,832 - hybex_system.prolog_engine - ERROR - [Session:e32d4b72] Prolog query timeout (attempt 3): primary_eligibility_reason('case_e32d4b72_191314', Reason)
2025-08-10 19:16:17,933 - hybex_system.prolog_engine - WARNING - [Session:e32d4b72] SWI-Prolog exited with code 1 (attempt 1). Stderr: 
2025-08-10 19:16:17,934 - hybex_system.prolog_engine - WARNING - [Session:e32d4b72] Prolog query returned false/no or empty (attempt 1): generate_detailed_reasoning('case_e32d4b72_191314', DetailedReason). Output: . Stderr: 
2025-08-10 19:16:17,999 - hybex_system.prolog_engine - WARNING - [Session:e32d4b72] SWI-Prolog exited with code 1 (attempt 2). Stderr: 
2025-08-10 19:16:17,999 - hybex_system.prolog_engine - WARNING - [Session:e32d4b72] Prolog query returned false/no or empty (attempt 2): generate_detailed_reasoning('case_e32d4b72_191314', DetailedReason). Output: . Stderr: 
2025-08-10 19:16:18,069 - hybex_system.prolog_engine - WARNING - [Session:e32d4b72] SWI-Prolog exited with code 1 (attempt 3). Stderr: 
2025-08-10 19:16:18,069 - hybex_system.prolog_engine - WARNING - [Session:e32d4b72] Prolog query returned false/no or empty (attempt 3): generate_detailed_reasoning('case_e32d4b72_191314', DetailedReason). Output: . Stderr: 
2025-08-10 19:17:18,096 - hybex_system.prolog_engine - ERROR - [Session:e32d4b72] Prolog query timeout (attempt 1): findall(Rule, applicable_rule('case_e32d4b72_191314', Rule, legal_aid), Rules)
2025-08-10 19:18:18,128 - hybex_system.prolog_engine - ERROR - [Session:e32d4b72] Prolog query timeout (attempt 2): findall(Rule, applicable_rule('case_e32d4b72_191314', Rule, legal_aid), Rules)
2025-08-10 19:19:18,147 - hybex_system.prolog_engine - ERROR - [Session:e32d4b72] Prolog query timeout (attempt 3): findall(Rule, applicable_rule('case_e32d4b72_191314', Rule, legal_aid), Rules)
2025-08-10 19:19:18,147 - hybex_system.prolog_engine - INFO - [Session:e32d4b72] Comprehensive legal analysis complete for case_e32d4b72_191314: Eligible=False, Confidence=0.90
2025-08-10 19:19:18,181 - hybex_system.prolog_engine - INFO - [Session:e32d4b72] 🧠 Starting comprehensive legal analysis for case_e32d4b72_191918
2025-08-10 19:19:18,181 - hybex_system.prolog_engine - INFO - [Session:e32d4b72] 🎯 Detected domain 'general_legal_aid' for case type 'family law'
2025-08-10 19:19:18,181 - hybex_system.prolog_engine - INFO - [Session:e32d4b72] 🎯 Using domain-specific rules for: ['general_legal_aid']
2025-08-10 19:19:18,181 - hybex_system.prolog_engine - INFO - [Session:e32d4b72] Generated 11 comprehensive Prolog facts for case_e32d4b72_191918
2025-08-10 19:19:18,186 - hybex_system.prolog_engine - INFO - [Session:e32d4b72] 📂 Selected files for domain 'general_legal_aid': ['foundational_rules_clean.pl', 'legal_aid_clean.pl']
2025-08-10 19:19:18,190 - hybex_system.prolog_engine - INFO - [Session:e32d4b72] ✅ Loaded modular file: foundational_rules_clean.pl
2025-08-10 19:19:18,195 - hybex_system.prolog_engine - INFO - [Session:e32d4b72] ✅ Loaded modular file: legal_aid_clean.pl
2025-08-10 19:19:18,196 - hybex_system.prolog_engine - INFO - [Session:e32d4b72] 🔍 DEBUG: Modular Prolog file content:
2025-08-10 19:19:18,237 - hybex_system.prolog_engine - INFO - [Session:e32d4b72] Modular file (5028 chars):
% HybEx-Law Modular Legal Reasoning Session: e32d4b72
% Domain: general_legal_aid
% Generated: 2025-08-10T19:19:18.186206

% DISCONTIGUOUS DIRECTIVES
:- discontiguous person/1.
:- discontiguous eligible_for_legal_aid/1.
:- discontiguous categorically_eligible/1.
:- discontiguous income_eligible/1.
:- discontiguous social_category/2.
:- discontiguous annual_income/2.
:- discontiguous case_type/2.
:- discontiguous generate_detailed_reasoning/2.
:- discontiguous primary_eligibility_reason/2.
:- discontiguous applicable_rule/3.
:- discontiguous vulnerable_group/2.
:- discontiguous gender/2.
:- discontiguous age/2.

% LOADING: foundational_rules_clean.pl
% ============================================================================
% FOUNDATIONAL PREDICATES AND UTILITY RULES
% This file contains only generic, reusable predicates.
% All case-specific facts (e.g., age, income) must be provided by Python.
% ============================================================================

% Simple ...
2025-08-10 19:19:18,237 - hybex_system.prolog_engine - INFO - [Session:e32d4b72] ✅ Created MODULAR Prolog file: C:\Users\OMEN19~1\AppData\Local\Temp\tmpvgcs0atm.pl with 2 domain modules
2025-08-10 19:19:18,243 - hybex_system.prolog_engine - INFO - [Session:e32d4b72] 🎯 Ultra-fast eligibility check for case_e32d4b72_191918
2025-08-10 19:19:18,369 - hybex_system.prolog_engine - WARNING - [Session:e32d4b72] SWI-Prolog exited with code 2 (attempt 1). Stderr: ERROR: -g ['C:/Users/OMEN19~1/AppData/Local/Temp/tmpvgcs0atm.pl'], eligible_for_legal_aid('case_e32d4b72_191918').: vulnerable_group/2: Unknown procedure: disability_status/2
2025-08-10 19:19:18,370 - hybex_system.prolog_engine - INFO - [Session:e32d4b72] ❌ FAST RESULT: Not eligible - Prolog syntax or fatal error: ERROR: -g ['C:/Users/OMEN19~1/AppData/Local/Temp/tmpvgcs0atm.pl'], eligible_for_legal_aid('case_e32d4b72_191918').: vulnerable_group/2: Unknown procedure: disability_status/2
2025-08-10 19:20:18,392 - hybex_system.prolog_engine - ERROR - [Session:e32d4b72] Prolog query timeout (attempt 1): primary_eligibility_reason('case_e32d4b72_191918', Reason)
