2025-08-10 08:40:06,222 - hybex_system.prolog_engine - INFO - [Session:14bd465f] Added file handler to PrologEngine logger.
2025-08-10 08:40:06,222 - hybex_system.prolog_engine - INFO - [Session:14bd465f] ======================================================================
2025-08-10 08:40:06,232 - hybex_system.prolog_engine - INFO - [Session:14bd465f] Starting HybEx-Law Comprehensive Prolog Reasoning Engine
2025-08-10 08:40:06,233 - hybex_system.prolog_engine - INFO - [Session:14bd465f] Session ID: 14bd465f
2025-08-10 08:40:06,233 - hybex_system.prolog_engine - INFO - [Session:14bd465f] Configuration: {'config_source': 'verified_fallback', 'last_updated': None, 'validation_status': 'unvalidated', 'primary_act': 'Legal Services Authorities Act, 1987', 'income_thresholds': {'general': 500000, 'sc_st': 800000, 'obc': 600000, 'bpl': 0, 'ews': 800000}, 'real_data_available': False, 'sources_count': 0}
2025-08-10 08:40:06,233 - hybex_system.prolog_engine - INFO - [Session:14bd465f] ======================================================================
2025-08-10 08:40:06,233 - hybex_system.prolog_engine - INFO - [Session:14bd465f] Using verified fallback knowledge base with 105 comprehensive rules
2025-08-10 08:40:06,233 - hybex_system.prolog_engine - INFO - [Session:14bd465f] Attempting to load rules from: d:\Code_stuff\NLP\multi_domain_legal\knowledge_base\multi_domain_rules.py
2025-08-10 08:40:06,240 - hybex_system.prolog_engine - INFO - [Session:14bd465f] Successfully loaded MULTI_DOMAIN_LEGAL_RULES from knowledge base.
2025-08-10 08:40:06,240 - hybex_system.prolog_engine - INFO - [Session:14bd465f] Parsing comprehensive multi-domain legal rules from knowledge base.
2025-08-10 08:40:06,249 - hybex_system.prolog_engine - INFO - [Session:14bd465f] Initialized Comprehensive PrologEngine (Session: 14bd465f, Available: True)
2025-08-10 08:40:06,251 - hybex_system.prolog_engine - INFO - [Session:14bd465f] Loaded 9 rule categories with 145 total rules
2025-08-10 08:40:06,251 - hybex_system.prolog_engine - INFO - [Session:14bd465f] Comprehensive rules actually loaded: True
2025-08-10 08:40:06,251 - hybex_system.prolog_engine - INFO - [Session:14bd465f] 🧠 Starting comprehensive legal analysis for case_14bd465f_084006
2025-08-10 08:40:06,251 - hybex_system.prolog_engine - INFO - [Session:14bd465f] 🎯 Detected domain 'family_law' for case type 'family'
2025-08-10 08:40:06,259 - hybex_system.prolog_engine - INFO - [Session:14bd465f] 🎯 Using domain-specific rules for: ['family_law']
2025-08-10 08:40:06,259 - hybex_system.prolog_engine - INFO - [Session:14bd465f] Generated 7 comprehensive Prolog facts for case_14bd465f_084006
2025-08-10 08:40:06,259 - hybex_system.prolog_engine - INFO - [Session:14bd465f] 🔍 DEBUG: Minimal Prolog file content:
2025-08-10 08:40:06,320 - hybex_system.prolog_engine - INFO - [Session:14bd465f] Minimal file (2444 chars):
% HybEx-Law Minimal Legal Reasoning Session: 14bd465f
% Domain: family_law
% Generated: 2025-08-10T08:40:06.259198

% DISCONTIGUOUS DIRECTIVES
:- discontiguous person/1.
:- discontiguous applicable_rule/3.
:- discontiguous eligible_for_legal_aid/1.
:- discontiguous categorically_eligible/1.
:- discontiguous income_eligible/1.

% MINIMAL ESSENTIAL RULES
member(X, [X|_]).
member(X, [_|T]) :- member(X, T).

% OPTIMIZED CORE ELIGIBILITY RULES
eligible_for_legal_aid(Person) :- categorically_eligible(Person), !.
eligible_for_legal_aid(Person) :- income_eligible(Person), !.

categorically_eligible(Person) :- social_category(Person, sc), !.
categorically_eligible(Person) :- social_category(Person, st), !.
categorically_eligible(Person) :- social_category(Person, obc), !.

% DYNAMIC INCOME THRESHOLDS
income_threshold('general', 500000).
income_threshold('sc', 800000).
income_threshold('st', 800000).
income_threshold('obc', 600000).
income_threshold('bpl', 0).
income_threshold('ews', 800000).

% INCOME ELIGIBILITY (dynamic thresholds)
income_eligible(Person) :-
    social_category(Person, Category),
    income_threshold(Category, Threshold),
    annual_income(Person, Income),
    Income =< Threshold, !.
income_eligible(Person) :-
    \+ social_category(Person, _),
    income_threshold(general, Threshold),
    annual_income(Person, Income),
    Income =< Threshold, !.

% SIMPLE REASONING
primary_eligibility_reason(Person, 'Eligible: SC/ST/OBC category') :- categorically_eligible(Person), !.
primary_eligibility_reason(Person, 'Eligible: Income below threshold') :- income_eligible(Person), !.
primary_eligibility_reason(Person, 'Not eligible') :- \+ eligible_for_legal_aid(Person), !.

generate_detailed_reasoning(Person, 'Legal aid evaluation completed') :- person(Person), !.

% APPLICABLE RULES (to fix missing predicate error)
applicable_rule(Person, 'categorical_eligibility', legal_aid) :- categorically_eligible(Person), !.
applicable_rule(Person, 'income_eligibility', legal_aid) :- income_eligible(Person), !.
applicable_rule(Person, 'not_eligible', legal_aid) :- \+ eligible_for_legal_aid(Person), !.

% CASE FACTS
person('case_14bd465f_084006').
annual_income('case_14bd465f_084006', 250000).
monthly_income('case_14bd465f_084006', 20833).
social_category('case_14bd465f_084006', sc).
vulnerable_group('case_14bd465f_084006', social_category).
person('case_14bd465f_084006').
case_type('case_14bd465f_084006', family).

2025-08-10 08:40:06,320 - hybex_system.prolog_engine - INFO - [Session:14bd465f] ✅ Created MINIMAL Prolog file: C:\Users\OMEN19~1\AppData\Local\Temp\tmpta_m95_7.pl with essential rules only
2025-08-10 08:40:06,320 - hybex_system.prolog_engine - INFO - [Session:14bd465f] 🎯 Ultra-fast eligibility check for case_14bd465f_084006
2025-08-10 08:40:09,368 - hybex_system.prolog_engine - ERROR - [Session:14bd465f] Prolog query timeout (attempt 1): eligible_for_legal_aid('case_14bd465f_084006')
2025-08-10 08:40:09,368 - hybex_system.prolog_engine - INFO - [Session:14bd465f] ❌ FAST RESULT: Not eligible - Query timeout after 1 attempts
2025-08-10 08:41:09,399 - hybex_system.prolog_engine - ERROR - [Session:14bd465f] Prolog query timeout (attempt 1): primary_eligibility_reason('case_14bd465f_084006', Reason)
2025-08-10 08:42:09,422 - hybex_system.prolog_engine - ERROR - [Session:14bd465f] Prolog query timeout (attempt 2): primary_eligibility_reason('case_14bd465f_084006', Reason)
2025-08-10 08:43:09,424 - hybex_system.prolog_engine - ERROR - [Session:14bd465f] Prolog query timeout (attempt 3): primary_eligibility_reason('case_14bd465f_084006', Reason)
2025-08-10 08:44:09,442 - hybex_system.prolog_engine - ERROR - [Session:14bd465f] Prolog query timeout (attempt 1): generate_detailed_reasoning('case_14bd465f_084006', DetailedReason)
2025-08-10 08:45:09,458 - hybex_system.prolog_engine - ERROR - [Session:14bd465f] Prolog query timeout (attempt 2): generate_detailed_reasoning('case_14bd465f_084006', DetailedReason)
2025-08-10 08:46:09,471 - hybex_system.prolog_engine - ERROR - [Session:14bd465f] Prolog query timeout (attempt 3): generate_detailed_reasoning('case_14bd465f_084006', DetailedReason)
2025-08-10 08:47:09,489 - hybex_system.prolog_engine - ERROR - [Session:14bd465f] Prolog query timeout (attempt 1): findall(Rule, applicable_rule('case_14bd465f_084006', Rule, legal_aid), Rules)
2025-08-10 08:48:09,515 - hybex_system.prolog_engine - ERROR - [Session:14bd465f] Prolog query timeout (attempt 2): findall(Rule, applicable_rule('case_14bd465f_084006', Rule, legal_aid), Rules)
2025-08-10 08:49:09,551 - hybex_system.prolog_engine - ERROR - [Session:14bd465f] Prolog query timeout (attempt 3): findall(Rule, applicable_rule('case_14bd465f_084006', Rule, legal_aid), Rules)
2025-08-10 08:49:09,551 - hybex_system.prolog_engine - INFO - [Session:14bd465f] Comprehensive legal analysis complete for case_14bd465f_084006: Eligible=False, Confidence=0.90
