2025-08-07 16:18:24,181 - hybex_system.prolog_engine - INFO - [Session:c9f6c3cf] Added file handler to PrologEngine logger.
2025-08-07 16:18:24,181 - hybex_system.prolog_engine - INFO - [Session:c9f6c3cf] ======================================================================
2025-08-07 16:18:24,182 - hybex_system.prolog_engine - INFO - [Session:c9f6c3cf] Starting HybEx-Law Comprehensive Prolog Reasoning Engine
2025-08-07 16:18:24,183 - hybex_system.prolog_engine - INFO - [Session:c9f6c3cf] Session ID: c9f6c3cf
2025-08-07 16:18:24,183 - hybex_system.prolog_engine - INFO - [Session:c9f6c3cf] Configuration: {'config_source': 'verified_fallback', 'last_updated': None, 'validation_status': 'unvalidated', 'primary_act': 'Legal Services Authorities Act, 1987', 'income_thresholds': {'general': 500000, 'sc_st': 800000, 'obc': 600000, 'bpl': 0, 'ews': 800000}, 'real_data_available': False, 'sources_count': 0}
2025-08-07 16:18:24,185 - hybex_system.prolog_engine - INFO - [Session:c9f6c3cf] ======================================================================
2025-08-07 16:18:24,187 - hybex_system.prolog_engine - INFO - [Session:c9f6c3cf] Attempting to load rules from: d:\Code_stuff\NLP\multi_domain_legal\knowledge_base\multi_domain_rules.py
2025-08-07 16:18:24,188 - hybex_system.prolog_engine - INFO - [Session:c9f6c3cf] Successfully loaded MULTI_DOMAIN_LEGAL_RULES from knowledge base.
2025-08-07 16:18:24,189 - hybex_system.prolog_engine - INFO - [Session:c9f6c3cf] Fixed 2 Prolog syntax issues: 'not' -> '\+'
2025-08-07 16:18:24,189 - hybex_system.prolog_engine - INFO - [Session:c9f6c3cf] Parsing comprehensive multi-domain legal rules from knowledge base.
2025-08-07 16:18:24,193 - hybex_system.prolog_engine - INFO - [Session:c9f6c3cf] Initialized Comprehensive PrologEngine (Session: c9f6c3cf, Available: True)
2025-08-07 16:18:24,194 - hybex_system.prolog_engine - INFO - [Session:c9f6c3cf] Loaded 9 rule categories with 162 total rules
2025-08-07 16:18:24,195 - hybex_system.prolog_engine - INFO - [Session:c9f6c3cf] Comprehensive rules actually loaded: True
2025-08-07 16:18:24,197 - hybex_system.prolog_engine - INFO - [Session:c9f6c3cf] Starting comprehensive legal analysis for case_c9f6c3cf_161824
2025-08-07 16:18:24,198 - hybex_system.prolog_engine - INFO - [Session:c9f6c3cf] Generated 7 comprehensive Prolog facts for case_c9f6c3cf_161824
2025-08-07 16:18:24,201 - hybex_system.prolog_engine - INFO - [Session:c9f6c3cf] Created comprehensive Prolog file: C:\Users\OMEN19~1\AppData\Local\Temp\tmpiyfwx8ae.pl with 7 facts.
2025-08-07 16:18:24,237 - hybex_system.prolog_engine - INFO - [Session:c9f6c3cf] DEBUG: Saved copy of Prolog file to debug_prolog_output.pl for analysis
2025-08-07 16:18:54,267 - hybex_system.prolog_engine - ERROR - [Session:c9f6c3cf] Prolog query timeout (attempt 1): eligible_with_confidence('case_c9f6c3cf_161824', Eligible, Confidence)
2025-08-07 16:19:24,294 - hybex_system.prolog_engine - ERROR - [Session:c9f6c3cf] Prolog query timeout (attempt 2): eligible_with_confidence('case_c9f6c3cf_161824', Eligible, Confidence)
2025-08-07 16:19:54,312 - hybex_system.prolog_engine - ERROR - [Session:c9f6c3cf] Prolog query timeout (attempt 3): eligible_with_confidence('case_c9f6c3cf_161824', Eligible, Confidence)
2025-08-07 16:19:54,313 - hybex_system.prolog_engine - WARNING - [Session:c9f6c3cf] Failed to get confident eligibility from Prolog. Trying basic 'eligible_for_legal_aid'.
2025-08-07 16:20:24,312 - hybex_system.prolog_engine - ERROR - [Session:c9f6c3cf] Prolog query timeout (attempt 1): eligible_for_legal_aid('case_c9f6c3cf_161824')
2025-08-07 16:20:54,323 - hybex_system.prolog_engine - ERROR - [Session:c9f6c3cf] Prolog query timeout (attempt 2): eligible_for_legal_aid('case_c9f6c3cf_161824')
2025-08-07 16:21:24,344 - hybex_system.prolog_engine - ERROR - [Session:c9f6c3cf] Prolog query timeout (attempt 3): eligible_for_legal_aid('case_c9f6c3cf_161824')
2025-08-07 16:21:24,413 - hybex_system.prolog_engine - WARNING - [Session:c9f6c3cf] SWI-Prolog exited with code 1 (attempt 1). Stderr: Warning: c:/users/omen19~1/appdata/local/temp/tmpiyfwx8ae.pl:98:
Warning:    Singleton variables: [Person]
2025-08-07 16:21:24,413 - hybex_system.prolog_engine - WARNING - [Session:c9f6c3cf] Prolog query returned false/no or empty (attempt 1): primary_eligibility_reason('case_c9f6c3cf_161824', Reason). Output: . Stderr: Warning: c:/users/omen19~1/appdata/local/temp/tmpiyfwx8ae.pl:98:
Warning:    Singleton variables: [Person]

2025-08-07 16:21:24,469 - hybex_system.prolog_engine - WARNING - [Session:c9f6c3cf] SWI-Prolog exited with code 1 (attempt 2). Stderr: Warning: c:/users/omen19~1/appdata/local/temp/tmpiyfwx8ae.pl:98:
Warning:    Singleton variables: [Person]
2025-08-07 16:21:24,470 - hybex_system.prolog_engine - WARNING - [Session:c9f6c3cf] Prolog query returned false/no or empty (attempt 2): primary_eligibility_reason('case_c9f6c3cf_161824', Reason). Output: . Stderr: Warning: c:/users/omen19~1/appdata/local/temp/tmpiyfwx8ae.pl:98:
Warning:    Singleton variables: [Person]

2025-08-07 16:21:24,522 - hybex_system.prolog_engine - WARNING - [Session:c9f6c3cf] SWI-Prolog exited with code 1 (attempt 3). Stderr: Warning: c:/users/omen19~1/appdata/local/temp/tmpiyfwx8ae.pl:98:
Warning:    Singleton variables: [Person]
2025-08-07 16:21:24,523 - hybex_system.prolog_engine - WARNING - [Session:c9f6c3cf] Prolog query returned false/no or empty (attempt 3): primary_eligibility_reason('case_c9f6c3cf_161824', Reason). Output: . Stderr: Warning: c:/users/omen19~1/appdata/local/temp/tmpiyfwx8ae.pl:98:
Warning:    Singleton variables: [Person]

2025-08-07 16:21:54,547 - hybex_system.prolog_engine - ERROR - [Session:c9f6c3cf] Prolog query timeout (attempt 1): generate_detailed_reasoning('case_c9f6c3cf_161824', DetailedReason)
2025-08-07 16:22:24,572 - hybex_system.prolog_engine - ERROR - [Session:c9f6c3cf] Prolog query timeout (attempt 2): generate_detailed_reasoning('case_c9f6c3cf_161824', DetailedReason)
2025-08-07 16:22:54,589 - hybex_system.prolog_engine - ERROR - [Session:c9f6c3cf] Prolog query timeout (attempt 3): generate_detailed_reasoning('case_c9f6c3cf_161824', DetailedReason)
2025-08-07 16:22:54,699 - hybex_system.prolog_engine - WARNING - [Session:c9f6c3cf] SWI-Prolog exited with code 2 (attempt 1). Stderr: Warning: c:/users/omen19~1/appdata/local/temp/tmpiyfwx8ae.pl:98:
Warning:    Singleton variables: [Person]
ERROR: -g ['C:/Users/OMEN19~1/AppData/Local/Temp/tmpiyfwx8ae.pl'], findall(Rule, applicable_rule('case_c9f6c3cf_161824', Rule, legal_aid), Rules).: findall_loop/4: Unknown procedure: applicable_rule/3
2025-08-07 16:22:54,699 - hybex_system.prolog_engine - INFO - [Session:c9f6c3cf] Comprehensive legal analysis complete for case_c9f6c3cf_161824: Eligible=False, Confidence=0.30
2025-08-07 16:22:54,701 - hybex_system.prolog_engine - INFO - [Session:c9f6c3cf] Cleaning up PrologEngine session c9f6c3cf
2025-08-07 16:22:54,701 - hybex_system.prolog_engine - INFO - [Session:c9f6c3cf] PrologEngine cleanup completed
