2025-08-12 12:17:35,207 - hybex_system.prolog_engine - INFO - [Session:034c1100] Added file handler to PrologEngine logger.
2025-08-12 12:17:35,207 - hybex_system.prolog_engine - INFO - [Session:034c1100] ======================================================================
2025-08-12 12:17:35,207 - hybex_system.prolog_engine - INFO - [Session:034c1100] Starting HybEx-Law Comprehensive Prolog Reasoning Engine
2025-08-12 12:17:35,207 - hybex_system.prolog_engine - INFO - [Session:034c1100] Session ID: 034c1100
2025-08-12 12:17:35,207 - hybex_system.prolog_engine - INFO - [Session:034c1100] Configuration: {'config_source': 'verified_fallback', 'last_updated': None, 'validation_status': 'unvalidated', 'primary_act': 'Legal Services Authorities Act, 1987', 'income_thresholds': {'general': 500000, 'sc_st': 800000, 'obc': 600000, 'bpl': 0, 'ews': 800000}, 'real_data_available': False, 'sources_count': 0}
2025-08-12 12:17:35,207 - hybex_system.prolog_engine - INFO - [Session:034c1100] ======================================================================
2025-08-12 12:17:35,207 - hybex_system.prolog_engine - INFO - [Session:034c1100] Using verified fallback knowledge base with 105 comprehensive rules
2025-08-12 12:17:35,207 - hybex_system.prolog_engine - INFO - [Session:034c1100] Attempting to load rules from: C:\Users\Student\Documents\22BLC1058\NLP\multi_domain_legal\knowledge_base\multi_domain_rules.py
2025-08-12 12:17:35,207 - hybex_system.prolog_engine - INFO - [Session:034c1100] Successfully loaded MULTI_DOMAIN_LEGAL_RULES from knowledge base.
2025-08-12 12:17:35,207 - hybex_system.prolog_engine - INFO - [Session:034c1100] Parsing comprehensive multi-domain legal rules from knowledge base.
2025-08-12 12:17:35,207 - hybex_system.prolog_engine - INFO - [Session:034c1100] Initialized Comprehensive PrologEngine (Session: 034c1100, Available: True)
2025-08-12 12:17:35,207 - hybex_system.prolog_engine - INFO - [Session:034c1100] Loaded 9 rule categories with 145 total rules
2025-08-12 12:17:35,207 - hybex_system.prolog_engine - INFO - [Session:034c1100] Comprehensive rules actually loaded: True
2025-08-12 12:17:35,207 - hybex_system.prolog_engine - INFO - [Session:034c1100] 🧠 Starting comprehensive legal analysis for case_034c1100_121735
2025-08-12 12:17:35,222 - hybex_system.prolog_engine - INFO - [Session:034c1100] 🎯 Using domain-specific rules for: ['legal_aid']
2025-08-12 12:17:35,222 - hybex_system.prolog_engine - INFO - [Session:034c1100] Generated 12 comprehensive Prolog facts for case_034c1100_121735
2025-08-12 12:17:35,223 - hybex_system.prolog_engine - INFO - [Session:034c1100] 📂 Selected files for domain 'legal_aid': ['foundational_rules_clean.pl', 'legal_aid_clean_v2.pl']
2025-08-12 12:17:35,223 - hybex_system.prolog_engine - INFO - [Session:034c1100] ✅ Loaded modular file: foundational_rules_clean.pl
2025-08-12 12:17:35,225 - hybex_system.prolog_engine - INFO - [Session:034c1100] ✅ Loaded modular file: legal_aid_clean_v2.pl
2025-08-12 12:17:35,227 - hybex_system.prolog_engine - INFO - [Session:034c1100] 🔍 DEBUG: Modular Prolog file content:
2025-08-12 12:17:35,228 - hybex_system.prolog_engine - INFO - [Session:034c1100] Modular file (6951 chars):
% HybEx-Law Modular Legal Reasoning Session: 034c1100
% Domain: legal_aid
% Generated: 2025-08-12T12:17:35.223797

% DISCONTIGUOUS DIRECTIVES
:- discontiguous person/1.
:- discontiguous eligible_for_legal_aid/1.
:- discontiguous categorically_eligible/1.
:- discontiguous income_eligible/1.
:- discontiguous social_category/2.
:- discontiguous annual_income/2.
:- discontiguous case_type/2.
:- discontiguous generate_detailed_reasoning/2.
:- discontiguous primary_eligibility_reason/2.
:- discontiguous applicable_rule/3.
:- discontiguous vulnerable_group/2.
:- discontiguous gender/2.
:- discontiguous age/2.

% LOADING: foundational_rules_clean.pl
% ============================================================================
% FOUNDATIONAL PREDICATES AND UTILITY RULES - CORRECTED AND ROBUST
% This file contains only generic, reusable predicates.
% All case-specific facts (e.g., age, income) must be provided by Python.
% ========================================================================...
2025-08-12 12:17:35,228 - hybex_system.prolog_engine - INFO - [Session:034c1100] ✅ Created MODULAR Prolog file: C:\Users\Student\AppData\Local\Temp\tmpcpfr_5_4.pl with 2 domain modules
2025-08-12 12:17:35,228 - hybex_system.prolog_engine - INFO - [Session:034c1100] 🎯 Ultra-fast eligibility check for case_034c1100_121735
2025-08-12 12:17:35,228 - hybex_system.prolog_engine - INFO - [Session:034c1100] Executing SWI-Prolog command: swipl -q -g ['C:/Users/Student/AppData/Local/Temp/tmpcpfr_5_4.pl'], eligible_for_legal_aid('case_034c1100_121735'), halt --stack-limit=2g --traditional
2025-08-12 12:17:35,261 - hybex_system.prolog_engine - INFO - [Session:034c1100] Prolog query successful (attempt 1): eligible_for_legal_aid('case_034c1100_121735')
2025-08-12 12:17:35,261 - hybex_system.prolog_engine - INFO - [Session:034c1100] ✅ FAST SUCCESS: Basic eligibility confirmed for case_034c1100_121735
2025-08-12 12:17:35,261 - hybex_system.prolog_engine - INFO - [Session:034c1100] Executing SWI-Prolog command: swipl -q -g consult('C:/Users/Student/AppData/Local/Temp/tmpcpfr_5_4.pl'), primary_eligibility_reason('case_034c1100_121735', Reason), format('Reason:~q~n', [Reason]), halt.
2025-08-12 12:17:35,308 - hybex_system.prolog_engine - INFO - [Session:034c1100] Executing SWI-Prolog command: swipl -q -g consult('C:/Users/Student/AppData/Local/Temp/tmpcpfr_5_4.pl'), generate_detailed_reasoning('case_034c1100_121735', DetailedReason), format('DetailedReason:~q~n', [DetailedReason]), halt.
2025-08-12 12:17:35,344 - hybex_system.prolog_engine - INFO - [Session:034c1100] Executing SWI-Prolog command: swipl -q -g consult('C:/Users/Student/AppData/Local/Temp/tmpcpfr_5_4.pl'), findall(Rule, applicable_rule('case_034c1100_121735', Rule, legal_aid), Rules), format('Rules:~q~n', [Rules]), halt.
2025-08-12 12:17:35,377 - hybex_system.prolog_engine - INFO - [Session:034c1100] Comprehensive legal analysis complete for case_034c1100_121735: Eligible=True, Confidence=0.90
2025-08-12 12:17:35,418 - hybex_system.prolog_engine - INFO - [Session:034c1100] 🧠 Starting comprehensive legal analysis for case_034c1100_121735
2025-08-12 12:17:35,418 - hybex_system.prolog_engine - INFO - [Session:034c1100] 🎯 Using domain-specific rules for: ['legal_aid']
2025-08-12 12:17:35,419 - hybex_system.prolog_engine - INFO - [Session:034c1100] Generated 13 comprehensive Prolog facts for case_034c1100_121735
2025-08-12 12:17:35,420 - hybex_system.prolog_engine - INFO - [Session:034c1100] 📂 Selected files for domain 'legal_aid': ['foundational_rules_clean.pl', 'legal_aid_clean_v2.pl']
2025-08-12 12:17:35,421 - hybex_system.prolog_engine - INFO - [Session:034c1100] ✅ Loaded modular file: foundational_rules_clean.pl
2025-08-12 12:17:35,422 - hybex_system.prolog_engine - INFO - [Session:034c1100] ✅ Loaded modular file: legal_aid_clean_v2.pl
2025-08-12 12:17:35,424 - hybex_system.prolog_engine - INFO - [Session:034c1100] 🔍 DEBUG: Modular Prolog file content:
2025-08-12 12:17:35,424 - hybex_system.prolog_engine - INFO - [Session:034c1100] Modular file (6999 chars):
% HybEx-Law Modular Legal Reasoning Session: 034c1100
% Domain: legal_aid
% Generated: 2025-08-12T12:17:35.420700

% DISCONTIGUOUS DIRECTIVES
:- discontiguous person/1.
:- discontiguous eligible_for_legal_aid/1.
:- discontiguous categorically_eligible/1.
:- discontiguous income_eligible/1.
:- discontiguous social_category/2.
:- discontiguous annual_income/2.
:- discontiguous case_type/2.
:- discontiguous generate_detailed_reasoning/2.
:- discontiguous primary_eligibility_reason/2.
:- discontiguous applicable_rule/3.
:- discontiguous vulnerable_group/2.
:- discontiguous gender/2.
:- discontiguous age/2.

% LOADING: foundational_rules_clean.pl
% ============================================================================
% FOUNDATIONAL PREDICATES AND UTILITY RULES - CORRECTED AND ROBUST
% This file contains only generic, reusable predicates.
% All case-specific facts (e.g., age, income) must be provided by Python.
% ========================================================================...
2025-08-12 12:17:35,425 - hybex_system.prolog_engine - INFO - [Session:034c1100] ✅ Created MODULAR Prolog file: C:\Users\Student\AppData\Local\Temp\tmp_of7jdm1.pl with 2 domain modules
2025-08-12 12:17:35,425 - hybex_system.prolog_engine - INFO - [Session:034c1100] 🎯 Ultra-fast eligibility check for case_034c1100_121735
2025-08-12 12:17:35,425 - hybex_system.prolog_engine - INFO - [Session:034c1100] Executing SWI-Prolog command: swipl -q -g ['C:/Users/Student/AppData/Local/Temp/tmp_of7jdm1.pl'], eligible_for_legal_aid('case_034c1100_121735'), halt --stack-limit=2g --traditional
2025-08-12 12:17:35,471 - hybex_system.prolog_engine - INFO - [Session:034c1100] Prolog query successful (attempt 1): eligible_for_legal_aid('case_034c1100_121735')
2025-08-12 12:17:35,471 - hybex_system.prolog_engine - INFO - [Session:034c1100] ✅ FAST SUCCESS: Basic eligibility confirmed for case_034c1100_121735
2025-08-12 12:17:35,471 - hybex_system.prolog_engine - INFO - [Session:034c1100] Executing SWI-Prolog command: swipl -q -g consult('C:/Users/Student/AppData/Local/Temp/tmp_of7jdm1.pl'), primary_eligibility_reason('case_034c1100_121735', Reason), format('Reason:~q~n', [Reason]), halt.
2025-08-12 12:17:35,513 - hybex_system.prolog_engine - INFO - [Session:034c1100] Executing SWI-Prolog command: swipl -q -g consult('C:/Users/Student/AppData/Local/Temp/tmp_of7jdm1.pl'), generate_detailed_reasoning('case_034c1100_121735', DetailedReason), format('DetailedReason:~q~n', [DetailedReason]), halt.
2025-08-12 12:17:35,546 - hybex_system.prolog_engine - INFO - [Session:034c1100] Executing SWI-Prolog command: swipl -q -g consult('C:/Users/Student/AppData/Local/Temp/tmp_of7jdm1.pl'), findall(Rule, applicable_rule('case_034c1100_121735', Rule, legal_aid), Rules), format('Rules:~q~n', [Rules]), halt.
2025-08-12 12:17:35,595 - hybex_system.prolog_engine - INFO - [Session:034c1100] Comprehensive legal analysis complete for case_034c1100_121735: Eligible=True, Confidence=0.90
2025-08-12 12:17:35,627 - hybex_system.prolog_engine - INFO - [Session:034c1100] 🧠 Starting comprehensive legal analysis for case_034c1100_121735
2025-08-12 12:17:35,627 - hybex_system.prolog_engine - INFO - [Session:034c1100] 🎯 Using domain-specific rules for: ['legal_aid']
2025-08-12 12:17:35,627 - hybex_system.prolog_engine - INFO - [Session:034c1100] Generated 12 comprehensive Prolog facts for case_034c1100_121735
2025-08-12 12:17:35,629 - hybex_system.prolog_engine - INFO - [Session:034c1100] 📂 Selected files for domain 'legal_aid': ['foundational_rules_clean.pl', 'legal_aid_clean_v2.pl']
2025-08-12 12:17:35,629 - hybex_system.prolog_engine - INFO - [Session:034c1100] ✅ Loaded modular file: foundational_rules_clean.pl
2025-08-12 12:17:35,630 - hybex_system.prolog_engine - INFO - [Session:034c1100] ✅ Loaded modular file: legal_aid_clean_v2.pl
2025-08-12 12:17:35,631 - hybex_system.prolog_engine - INFO - [Session:034c1100] 🔍 DEBUG: Modular Prolog file content:
2025-08-12 12:17:35,632 - hybex_system.prolog_engine - INFO - [Session:034c1100] Modular file (6954 chars):
% HybEx-Law Modular Legal Reasoning Session: 034c1100
% Domain: legal_aid
% Generated: 2025-08-12T12:17:35.628184

% DISCONTIGUOUS DIRECTIVES
:- discontiguous person/1.
:- discontiguous eligible_for_legal_aid/1.
:- discontiguous categorically_eligible/1.
:- discontiguous income_eligible/1.
:- discontiguous social_category/2.
:- discontiguous annual_income/2.
:- discontiguous case_type/2.
:- discontiguous generate_detailed_reasoning/2.
:- discontiguous primary_eligibility_reason/2.
:- discontiguous applicable_rule/3.
:- discontiguous vulnerable_group/2.
:- discontiguous gender/2.
:- discontiguous age/2.

% LOADING: foundational_rules_clean.pl
% ============================================================================
% FOUNDATIONAL PREDICATES AND UTILITY RULES - CORRECTED AND ROBUST
% This file contains only generic, reusable predicates.
% All case-specific facts (e.g., age, income) must be provided by Python.
% ========================================================================...
2025-08-12 12:17:35,632 - hybex_system.prolog_engine - INFO - [Session:034c1100] ✅ Created MODULAR Prolog file: C:\Users\Student\AppData\Local\Temp\tmp0y2ho8lo.pl with 2 domain modules
2025-08-12 12:17:35,633 - hybex_system.prolog_engine - INFO - [Session:034c1100] 🎯 Ultra-fast eligibility check for case_034c1100_121735
2025-08-12 12:17:35,633 - hybex_system.prolog_engine - INFO - [Session:034c1100] Executing SWI-Prolog command: swipl -q -g ['C:/Users/Student/AppData/Local/Temp/tmp0y2ho8lo.pl'], eligible_for_legal_aid('case_034c1100_121735'), halt --stack-limit=2g --traditional
2025-08-12 12:17:35,675 - hybex_system.prolog_engine - INFO - [Session:034c1100] Prolog query successful (attempt 1): eligible_for_legal_aid('case_034c1100_121735')
2025-08-12 12:17:35,675 - hybex_system.prolog_engine - INFO - [Session:034c1100] ✅ FAST SUCCESS: Basic eligibility confirmed for case_034c1100_121735
2025-08-12 12:17:35,675 - hybex_system.prolog_engine - INFO - [Session:034c1100] Executing SWI-Prolog command: swipl -q -g consult('C:/Users/Student/AppData/Local/Temp/tmp0y2ho8lo.pl'), primary_eligibility_reason('case_034c1100_121735', Reason), format('Reason:~q~n', [Reason]), halt.
2025-08-12 12:17:35,713 - hybex_system.prolog_engine - INFO - [Session:034c1100] Executing SWI-Prolog command: swipl -q -g consult('C:/Users/Student/AppData/Local/Temp/tmp0y2ho8lo.pl'), generate_detailed_reasoning('case_034c1100_121735', DetailedReason), format('DetailedReason:~q~n', [DetailedReason]), halt.
2025-08-12 12:17:35,741 - hybex_system.prolog_engine - INFO - [Session:034c1100] Executing SWI-Prolog command: swipl -q -g consult('C:/Users/Student/AppData/Local/Temp/tmp0y2ho8lo.pl'), findall(Rule, applicable_rule('case_034c1100_121735', Rule, legal_aid), Rules), format('Rules:~q~n', [Rules]), halt.
2025-08-12 12:17:35,787 - hybex_system.prolog_engine - INFO - [Session:034c1100] Comprehensive legal analysis complete for case_034c1100_121735: Eligible=True, Confidence=0.95
