2025-08-09 21:49:46,836 - hybex_system.prolog_engine - INFO - [Session:e13e5d5c] Added file handler to PrologEngine logger.
2025-08-09 21:49:46,836 - hybex_system.prolog_engine - INFO - [Session:e13e5d5c] ======================================================================
2025-08-09 21:49:46,838 - hybex_system.prolog_engine - INFO - [Session:e13e5d5c] Starting HybEx-Law Comprehensive Prolog Reasoning Engine
2025-08-09 21:49:46,838 - hybex_system.prolog_engine - INFO - [Session:e13e5d5c] Session ID: e13e5d5c
2025-08-09 21:49:46,840 - hybex_system.prolog_engine - INFO - [Session:e13e5d5c] Configuration: {'config_source': 'verified_fallback', 'last_updated': None, 'validation_status': 'unvalidated', 'primary_act': 'Legal Services Authorities Act, 1987', 'income_thresholds': {'general': 500000, 'sc_st': 800000, 'obc': 600000, 'bpl': 0, 'ews': 800000}, 'real_data_available': False, 'sources_count': 0}
2025-08-09 21:49:46,841 - hybex_system.prolog_engine - INFO - [Session:e13e5d5c] ======================================================================
2025-08-09 21:49:46,843 - hybex_system.prolog_engine - INFO - [Session:e13e5d5c] Using verified fallback knowledge base with 105 comprehensive rules
2025-08-09 21:49:46,843 - hybex_system.prolog_engine - INFO - [Session:e13e5d5c] Attempting to load rules from: d:\Code_stuff\NLP\multi_domain_legal\knowledge_base\multi_domain_rules.py
2025-08-09 21:49:46,847 - hybex_system.prolog_engine - INFO - [Session:e13e5d5c] Successfully loaded MULTI_DOMAIN_LEGAL_RULES from knowledge base.
2025-08-09 21:49:46,847 - hybex_system.prolog_engine - INFO - [Session:e13e5d5c] Parsing comprehensive multi-domain legal rules from knowledge base.
2025-08-09 21:49:46,855 - hybex_system.prolog_engine - INFO - [Session:e13e5d5c] Initialized Comprehensive PrologEngine (Session: e13e5d5c, Available: True)
2025-08-09 21:49:46,855 - hybex_system.prolog_engine - INFO - [Session:e13e5d5c] Loaded 9 rule categories with 145 total rules
2025-08-09 21:49:46,856 - hybex_system.prolog_engine - INFO - [Session:e13e5d5c] Comprehensive rules actually loaded: True
2025-08-09 21:49:46,858 - hybex_system.prolog_engine - INFO - [Session:e13e5d5c] 🧠 Starting comprehensive legal analysis for case_e13e5d5c_214946
2025-08-09 21:49:46,860 - hybex_system.prolog_engine - INFO - [Session:e13e5d5c] 🎯 Detected domain 'family_law' for case type 'family'
2025-08-09 21:49:46,861 - hybex_system.prolog_engine - INFO - [Session:e13e5d5c] 🎯 Using domain-specific rules for: ['family_law']
2025-08-09 21:49:46,862 - hybex_system.prolog_engine - INFO - [Session:e13e5d5c] Generated 7 comprehensive Prolog facts for case_e13e5d5c_214946
2025-08-09 21:49:46,866 - hybex_system.prolog_engine - INFO - [Session:e13e5d5c] 🔍 DEBUG: Minimal Prolog file content:
2025-08-09 21:49:46,902 - hybex_system.prolog_engine - INFO - [Session:e13e5d5c] Minimal file (1372 chars):
% HybEx-Law Minimal Legal Reasoning Session: e13e5d5c
% Domain: family_law
% Generated: 2025-08-09T21:49:46.864938

% MINIMAL ESSENTIAL RULES
member(X, [X|_]).
member(X, [_|T]) :- member(X, T).

% OPTIMIZED CORE ELIGIBILITY RULES
eligible_for_legal_aid(Person) :- categorically_eligible(Person), !.
eligible_for_legal_aid(Person) :- income_eligible(Person), !.

categorically_eligible(Person) :- social_category(Person, sc), !.
categorically_eligible(Person) :- social_category(Person, st), !.
categorically_eligible(Person) :- social_category(Person, obc), !.

income_eligible(Person) :- annual_income(Person, Income), Income =< 500000, !.

% SIMPLE REASONING
primary_eligibility_reason(Person, 'Eligible: SC/ST/OBC category') :- categorically_eligible(Person), !.
primary_eligibility_reason(Person, 'Eligible: Income below threshold') :- income_eligible(Person), !.
primary_eligibility_reason(Person, 'Not eligible') :- \+ eligible_for_legal_aid(Person), !.

generate_detailed_reasoning(Person, 'Legal aid evaluation completed') :- person(Person), !.

% CASE FACTS
person('case_e13e5d5c_214946').
annual_income('case_e13e5d5c_214946', 250000).
monthly_income('case_e13e5d5c_214946', 20833).
social_category('case_e13e5d5c_214946', sc).
vulnerable_group('case_e13e5d5c_214946', social_category).
person('case_e13e5d5c_214946').
case_type('case_e13e5d5c_214946', family).

2025-08-09 21:49:46,904 - hybex_system.prolog_engine - INFO - [Session:e13e5d5c] ✅ Created MINIMAL Prolog file: C:\Users\OMEN19~1\AppData\Local\Temp\tmp1a_mnbsz.pl with essential rules only
2025-08-09 21:49:46,906 - hybex_system.prolog_engine - INFO - [Session:e13e5d5c] 🎯 Ultra-fast eligibility check for case_e13e5d5c_214946
2025-08-09 21:49:49,939 - hybex_system.prolog_engine - ERROR - [Session:e13e5d5c] Prolog query timeout (attempt 1): eligible_for_legal_aid('case_e13e5d5c_214946')
2025-08-09 21:49:49,943 - hybex_system.prolog_engine - INFO - [Session:e13e5d5c] ❌ FAST RESULT: Not eligible - Query timeout after 1 attempts
2025-08-09 21:50:49,961 - hybex_system.prolog_engine - ERROR - [Session:e13e5d5c] Prolog query timeout (attempt 1): primary_eligibility_reason('case_e13e5d5c_214946', Reason)
2025-08-09 21:51:49,975 - hybex_system.prolog_engine - ERROR - [Session:e13e5d5c] Prolog query timeout (attempt 2): primary_eligibility_reason('case_e13e5d5c_214946', Reason)
2025-08-09 21:52:50,002 - hybex_system.prolog_engine - ERROR - [Session:e13e5d5c] Prolog query timeout (attempt 3): primary_eligibility_reason('case_e13e5d5c_214946', Reason)
2025-08-09 21:53:50,021 - hybex_system.prolog_engine - ERROR - [Session:e13e5d5c] Prolog query timeout (attempt 1): generate_detailed_reasoning('case_e13e5d5c_214946', DetailedReason)
2025-08-09 21:54:50,041 - hybex_system.prolog_engine - ERROR - [Session:e13e5d5c] Prolog query timeout (attempt 2): generate_detailed_reasoning('case_e13e5d5c_214946', DetailedReason)
2025-08-09 21:55:50,065 - hybex_system.prolog_engine - ERROR - [Session:e13e5d5c] Prolog query timeout (attempt 3): generate_detailed_reasoning('case_e13e5d5c_214946', DetailedReason)
2025-08-09 21:55:50,151 - hybex_system.prolog_engine - WARNING - [Session:e13e5d5c] SWI-Prolog exited with code 2 (attempt 1). Stderr: Warning: c:/users/omen19~1/appdata/local/temp/tmp1a_mnbsz.pl:32:
Warning:    Clauses of person/1 are not together in the source-file
Warning:    Earlier definition at c:/users/omen19~1/appdata/local/temp/tmp1a_mnbsz.pl:27
Warning:    Current predicate: vulnerable_group/2
Warning:    Use :- discontiguous person/1. to suppress this message
ERROR: -g ['C:/Users/OMEN19~1/AppData/Local/Temp/tmp1a_mnbsz.pl'], findall(Rule, applicable_rule('case_e13e5d5c_214946', Rule, legal_aid), Rules).: findall_loop/4: Unknown procedure: applicable_rule/3
2025-08-09 21:55:50,151 - hybex_system.prolog_engine - INFO - [Session:e13e5d5c] Comprehensive legal analysis complete for case_e13e5d5c_214946: Eligible=False, Confidence=0.90
