2025-08-25 19:37:31,891 - hybex_system.prolog_engine - INFO - [Session:b46ac541] Added file handler to PrologEngine logger.
2025-08-25 19:37:31,891 - hybex_system.prolog_engine - INFO - [Session:b46ac541] ======================================================================
2025-08-25 19:37:31,895 - hybex_system.prolog_engine - INFO - [Session:b46ac541] Starting HybEx-Law Comprehensive Prolog Reasoning Engine
2025-08-25 19:37:31,895 - hybex_system.prolog_engine - INFO - [Session:b46ac541] Session ID: b46ac541
2025-08-25 19:37:31,895 - hybex_system.prolog_engine - INFO - [Session:b46ac541] Configuration: {'config_source': 'verified_fallback', 'last_updated': None, 'validation_status': 'unvalidated', 'primary_act': 'Legal Services Authorities Act, 1987', 'income_thresholds': {'general': 500000, 'sc_st': 800000, 'obc': 600000, 'bpl': 0, 'ews': 800000}, 'real_data_available': False, 'sources_count': 0}
2025-08-25 19:37:31,895 - hybex_system.prolog_engine - INFO - [Session:b46ac541] ======================================================================
2025-08-25 19:37:31,895 - hybex_system.prolog_engine - INFO - [Session:b46ac541] Using modular knowledge base entry point: D:\Code_stuff\HybEx-Law\multi_domain_legal\knowledge_base\knowledge_base.pl
2025-08-25 19:37:31,895 - hybex_system.prolog_engine - INFO - [Session:b46ac541] Parsing comprehensive multi-domain legal rules from knowledge base.
2025-08-25 19:37:31,895 - hybex_system.prolog_engine - INFO - [Session:b46ac541] Initialized Comprehensive PrologEngine (Session: b46ac541, Available: True)
2025-08-25 19:37:31,900 - hybex_system.prolog_engine - INFO - [Session:b46ac541] Loaded 3 rule categories with 9 total rules
2025-08-25 19:37:31,901 - hybex_system.prolog_engine - INFO - [Session:b46ac541] Comprehensive rules actually loaded: True
2025-08-25 19:37:31,902 - hybex_system.prolog_engine - INFO - [Session:b46ac541] ✅ Successfully loaded master knowledge base from: D:\Code_stuff\HybEx-Law\multi_domain_legal\knowledge_base\knowledge_base.pl
2025-08-25 19:37:32,071 - hybex_system.prolog_engine - INFO - [Session:b46ac541] Executing SWI-Prolog command: swipl -q -g consult('C:/Users/OMEN19~1/AppData/Local/Temp/tmp3kcicsf9.pl') -g eligible_for_legal_aid(case_gen) -g halt
2025-08-25 19:37:32,190 - hybex_system.prolog_engine - WARNING - [Session:b46ac541] Prolog warning/error: Warning: d:/code_stuff/hybex-law/multi_domain_legal/knowledge_base/employment_law.pl:115:
Warning:    Singleton variables: [Person]
Warning: d:/code_stuff/hybex-law/multi_domain_legal/knowledge_base/cross_domain_rules.pl:38:
Warning:    Clauses of constitutional_employment_remedy/1 are not together in the source-file
Warning:    Earlier definition at d:/code_stuff/hybex-law/multi_domain_legal/knowledge_base/employment_law.pl:111
Warning:    Current predicate: has_consumer_grounds/1
Warning:    Use :- discontiguous constitutional_employment_remedy/1. to suppress this message
Warning: d:/code_stuff/hybex-law/multi_domain_legal/knowledge_base/cross_domain_rules.pl:45:
Warning:    Singleton variables: [Person]
Warning: d:/code_stuff/hybex-law/multi_domain_legal/knowledge_base/cross_domain_rules.pl:45:
Warning:    Clauses of employment_pil_standing/2 are not together in the source-file
Warning:    Earlier definition at d:/code_stuff/hybex-law/multi_domain_legal/knowledge_base/employment_law.pl:115
Warning:    Current predicate: constitutional_employment_remedy/1
Warning:    Use :- discontiguous employment_pil_standing/2. to suppress this message
Warning: d:/code_stuff/hybex-law/multi_domain_legal/knowledge_base/cross_domain_rules.pl:49:
Warning:    Clauses of employment_related_issue/1 are not together in the source-file
Warning:    Earlier definition at d:/code_stuff/hybex-law/multi_domain_legal/knowledge_base/employment_law.pl:123
Warning:    Current predicate: employment_pil_standing/2
Warning:    Use :- discontiguous employment_related_issue/1. to suppress this message
Warning: c:/users/omen19~1/appdata/local/temp/tmp3kcicsf9.pl:4:
Warning:    Redefined static procedure person/1
Warning:    Previously defined at d:/code_stuff/hybex-law/multi_domain_legal/knowledge_base/foundational_rules_clean.pl:12
Warning: c:/users/omen19~1/appdata/local/temp/tmp3kcicsf9.pl:5:
Warning:    Redefined static procedure vulnerable_group/2
Warning:    Previously defined at d:/code_stuff/hybex-law/multi_domain_legal/knowledge_base/foundational_rules_clean.pl:19
ERROR: -g eligible_for_legal_aid(case_gen): categorically_eligible/1: Unknown procedure: social_category/2
2025-08-25 19:37:32,190 - hybex_system.prolog_engine - INFO - [Session:b46ac541] Executing SWI-Prolog command: swipl -q -g consult('C:/Users/OMEN19~1/AppData/Local/Temp/tmpkg5eg59l.pl') -g eligible_for_legal_aid(case_gen) -g halt
2025-08-25 19:37:32,304 - hybex_system.prolog_engine - WARNING - [Session:b46ac541] Prolog warning/error: Warning: d:/code_stuff/hybex-law/multi_domain_legal/knowledge_base/employment_law.pl:115:
Warning:    Singleton variables: [Person]
Warning: d:/code_stuff/hybex-law/multi_domain_legal/knowledge_base/cross_domain_rules.pl:38:
Warning:    Clauses of constitutional_employment_remedy/1 are not together in the source-file
Warning:    Earlier definition at d:/code_stuff/hybex-law/multi_domain_legal/knowledge_base/employment_law.pl:111
Warning:    Current predicate: has_consumer_grounds/1
Warning:    Use :- discontiguous constitutional_employment_remedy/1. to suppress this message
Warning: d:/code_stuff/hybex-law/multi_domain_legal/knowledge_base/cross_domain_rules.pl:45:
Warning:    Singleton variables: [Person]
Warning: d:/code_stuff/hybex-law/multi_domain_legal/knowledge_base/cross_domain_rules.pl:45:
Warning:    Clauses of employment_pil_standing/2 are not together in the source-file
Warning:    Earlier definition at d:/code_stuff/hybex-law/multi_domain_legal/knowledge_base/employment_law.pl:115
Warning:    Current predicate: constitutional_employment_remedy/1
Warning:    Use :- discontiguous employment_pil_standing/2. to suppress this message
Warning: d:/code_stuff/hybex-law/multi_domain_legal/knowledge_base/cross_domain_rules.pl:49:
Warning:    Clauses of employment_related_issue/1 are not together in the source-file
Warning:    Earlier definition at d:/code_stuff/hybex-law/multi_domain_legal/knowledge_base/employment_law.pl:123
Warning:    Current predicate: employment_pil_standing/2
Warning:    Use :- discontiguous employment_related_issue/1. to suppress this message
Warning: c:/users/omen19~1/appdata/local/temp/tmpkg5eg59l.pl:4:
Warning:    Redefined static procedure person/1
Warning:    Previously defined at d:/code_stuff/hybex-law/multi_domain_legal/knowledge_base/foundational_rules_clean.pl:12
Warning: c:/users/omen19~1/appdata/local/temp/tmpkg5eg59l.pl:5:
Warning:    Redefined static procedure vulnerable_group/2
Warning:    Previously defined at d:/code_stuff/hybex-law/multi_domain_legal/knowledge_base/foundational_rules_clean.pl:19
ERROR: -g eligible_for_legal_aid(case_gen): categorically_eligible/1: Unknown procedure: social_category/2
2025-08-25 19:37:32,306 - hybex_system.prolog_engine - INFO - [Session:b46ac541] Executing SWI-Prolog command: swipl -q -g consult('C:/Users/OMEN19~1/AppData/Local/Temp/tmpptjsvx0d.pl') -g eligible_for_legal_aid(case_gen) -g halt
2025-08-25 19:37:32,416 - hybex_system.prolog_engine - WARNING - [Session:b46ac541] Prolog warning/error: Warning: d:/code_stuff/hybex-law/multi_domain_legal/knowledge_base/employment_law.pl:115:
Warning:    Singleton variables: [Person]
Warning: d:/code_stuff/hybex-law/multi_domain_legal/knowledge_base/cross_domain_rules.pl:38:
Warning:    Clauses of constitutional_employment_remedy/1 are not together in the source-file
Warning:    Earlier definition at d:/code_stuff/hybex-law/multi_domain_legal/knowledge_base/employment_law.pl:111
Warning:    Current predicate: has_consumer_grounds/1
Warning:    Use :- discontiguous constitutional_employment_remedy/1. to suppress this message
Warning: d:/code_stuff/hybex-law/multi_domain_legal/knowledge_base/cross_domain_rules.pl:45:
Warning:    Singleton variables: [Person]
Warning: d:/code_stuff/hybex-law/multi_domain_legal/knowledge_base/cross_domain_rules.pl:45:
Warning:    Clauses of employment_pil_standing/2 are not together in the source-file
Warning:    Earlier definition at d:/code_stuff/hybex-law/multi_domain_legal/knowledge_base/employment_law.pl:115
Warning:    Current predicate: constitutional_employment_remedy/1
Warning:    Use :- discontiguous employment_pil_standing/2. to suppress this message
Warning: d:/code_stuff/hybex-law/multi_domain_legal/knowledge_base/cross_domain_rules.pl:49:
Warning:    Clauses of employment_related_issue/1 are not together in the source-file
Warning:    Earlier definition at d:/code_stuff/hybex-law/multi_domain_legal/knowledge_base/employment_law.pl:123
Warning:    Current predicate: employment_pil_standing/2
Warning:    Use :- discontiguous employment_related_issue/1. to suppress this message
Warning: c:/users/omen19~1/appdata/local/temp/tmpptjsvx0d.pl:4:
Warning:    Redefined static procedure person/1
Warning:    Previously defined at d:/code_stuff/hybex-law/multi_domain_legal/knowledge_base/foundational_rules_clean.pl:12
Warning: c:/users/omen19~1/appdata/local/temp/tmpptjsvx0d.pl:5:
Warning:    Redefined static procedure vulnerable_group/2
Warning:    Previously defined at d:/code_stuff/hybex-law/multi_domain_legal/knowledge_base/foundational_rules_clean.pl:19
ERROR: -g eligible_for_legal_aid(case_gen): categorically_eligible/1: Unknown procedure: social_category/2
2025-08-25 19:37:32,416 - hybex_system.prolog_engine - INFO - [Session:b46ac541] Executing SWI-Prolog command: swipl -q -g consult('C:/Users/OMEN19~1/AppData/Local/Temp/tmp12tj1b97.pl') -g eligible_for_legal_aid(case_gen) -g halt
2025-08-25 19:37:32,505 - hybex_system.prolog_engine - WARNING - [Session:b46ac541] Prolog warning/error: Warning: d:/code_stuff/hybex-law/multi_domain_legal/knowledge_base/employment_law.pl:115:
Warning:    Singleton variables: [Person]
Warning: d:/code_stuff/hybex-law/multi_domain_legal/knowledge_base/cross_domain_rules.pl:38:
Warning:    Clauses of constitutional_employment_remedy/1 are not together in the source-file
Warning:    Earlier definition at d:/code_stuff/hybex-law/multi_domain_legal/knowledge_base/employment_law.pl:111
Warning:    Current predicate: has_consumer_grounds/1
Warning:    Use :- discontiguous constitutional_employment_remedy/1. to suppress this message
Warning: d:/code_stuff/hybex-law/multi_domain_legal/knowledge_base/cross_domain_rules.pl:45:
Warning:    Singleton variables: [Person]
Warning: d:/code_stuff/hybex-law/multi_domain_legal/knowledge_base/cross_domain_rules.pl:45:
Warning:    Clauses of employment_pil_standing/2 are not together in the source-file
Warning:    Earlier definition at d:/code_stuff/hybex-law/multi_domain_legal/knowledge_base/employment_law.pl:115
Warning:    Current predicate: constitutional_employment_remedy/1
Warning:    Use :- discontiguous employment_pil_standing/2. to suppress this message
Warning: d:/code_stuff/hybex-law/multi_domain_legal/knowledge_base/cross_domain_rules.pl:49:
Warning:    Clauses of employment_related_issue/1 are not together in the source-file
Warning:    Earlier definition at d:/code_stuff/hybex-law/multi_domain_legal/knowledge_base/employment_law.pl:123
Warning:    Current predicate: employment_pil_standing/2
Warning:    Use :- discontiguous employment_related_issue/1. to suppress this message
Warning: c:/users/omen19~1/appdata/local/temp/tmp12tj1b97.pl:4:
Warning:    Redefined static procedure person/1
Warning:    Previously defined at d:/code_stuff/hybex-law/multi_domain_legal/knowledge_base/foundational_rules_clean.pl:12
Warning: c:/users/omen19~1/appdata/local/temp/tmp12tj1b97.pl:5:
Warning:    Redefined static procedure vulnerable_group/2
Warning:    Previously defined at d:/code_stuff/hybex-law/multi_domain_legal/knowledge_base/foundational_rules_clean.pl:19
ERROR: -g eligible_for_legal_aid(case_gen): categorically_eligible/1: Unknown procedure: social_category/2
2025-08-25 19:37:32,512 - hybex_system.prolog_engine - INFO - [Session:b46ac541] Executing SWI-Prolog command: swipl -q -g consult('C:/Users/OMEN19~1/AppData/Local/Temp/tmphykq5u5c.pl') -g eligible_for_legal_aid(case_gen) -g halt
2025-08-25 19:37:32,609 - hybex_system.prolog_engine - WARNING - [Session:b46ac541] Prolog warning/error: Warning: d:/code_stuff/hybex-law/multi_domain_legal/knowledge_base/employment_law.pl:115:
Warning:    Singleton variables: [Person]
Warning: d:/code_stuff/hybex-law/multi_domain_legal/knowledge_base/cross_domain_rules.pl:38:
Warning:    Clauses of constitutional_employment_remedy/1 are not together in the source-file
Warning:    Earlier definition at d:/code_stuff/hybex-law/multi_domain_legal/knowledge_base/employment_law.pl:111
Warning:    Current predicate: has_consumer_grounds/1
Warning:    Use :- discontiguous constitutional_employment_remedy/1. to suppress this message
Warning: d:/code_stuff/hybex-law/multi_domain_legal/knowledge_base/cross_domain_rules.pl:45:
Warning:    Singleton variables: [Person]
Warning: d:/code_stuff/hybex-law/multi_domain_legal/knowledge_base/cross_domain_rules.pl:45:
Warning:    Clauses of employment_pil_standing/2 are not together in the source-file
Warning:    Earlier definition at d:/code_stuff/hybex-law/multi_domain_legal/knowledge_base/employment_law.pl:115
Warning:    Current predicate: constitutional_employment_remedy/1
Warning:    Use :- discontiguous employment_pil_standing/2. to suppress this message
Warning: d:/code_stuff/hybex-law/multi_domain_legal/knowledge_base/cross_domain_rules.pl:49:
Warning:    Clauses of employment_related_issue/1 are not together in the source-file
Warning:    Earlier definition at d:/code_stuff/hybex-law/multi_domain_legal/knowledge_base/employment_law.pl:123
Warning:    Current predicate: employment_pil_standing/2
Warning:    Use :- discontiguous employment_related_issue/1. to suppress this message
Warning: c:/users/omen19~1/appdata/local/temp/tmphykq5u5c.pl:4:
Warning:    Redefined static procedure person/1
Warning:    Previously defined at d:/code_stuff/hybex-law/multi_domain_legal/knowledge_base/foundational_rules_clean.pl:12
Warning: c:/users/omen19~1/appdata/local/temp/tmphykq5u5c.pl:5:
Warning:    Redefined static procedure vulnerable_group/2
Warning:    Previously defined at d:/code_stuff/hybex-law/multi_domain_legal/knowledge_base/foundational_rules_clean.pl:19
ERROR: -g eligible_for_legal_aid(case_gen): categorically_eligible/1: Unknown procedure: social_category/2
2025-08-25 19:37:32,609 - hybex_system.prolog_engine - INFO - [Session:b46ac541] Executing SWI-Prolog command: swipl -q -g consult('C:/Users/OMEN19~1/AppData/Local/Temp/tmpykwoffav.pl') -g eligible_for_legal_aid(case_gen) -g halt
2025-08-25 19:37:32,702 - hybex_system.prolog_engine - WARNING - [Session:b46ac541] Prolog warning/error: Warning: d:/code_stuff/hybex-law/multi_domain_legal/knowledge_base/employment_law.pl:115:
Warning:    Singleton variables: [Person]
Warning: d:/code_stuff/hybex-law/multi_domain_legal/knowledge_base/cross_domain_rules.pl:38:
Warning:    Clauses of constitutional_employment_remedy/1 are not together in the source-file
Warning:    Earlier definition at d:/code_stuff/hybex-law/multi_domain_legal/knowledge_base/employment_law.pl:111
Warning:    Current predicate: has_consumer_grounds/1
Warning:    Use :- discontiguous constitutional_employment_remedy/1. to suppress this message
Warning: d:/code_stuff/hybex-law/multi_domain_legal/knowledge_base/cross_domain_rules.pl:45:
Warning:    Singleton variables: [Person]
Warning: d:/code_stuff/hybex-law/multi_domain_legal/knowledge_base/cross_domain_rules.pl:45:
Warning:    Clauses of employment_pil_standing/2 are not together in the source-file
Warning:    Earlier definition at d:/code_stuff/hybex-law/multi_domain_legal/knowledge_base/employment_law.pl:115
Warning:    Current predicate: constitutional_employment_remedy/1
Warning:    Use :- discontiguous employment_pil_standing/2. to suppress this message
Warning: d:/code_stuff/hybex-law/multi_domain_legal/knowledge_base/cross_domain_rules.pl:49:
Warning:    Clauses of employment_related_issue/1 are not together in the source-file
Warning:    Earlier definition at d:/code_stuff/hybex-law/multi_domain_legal/knowledge_base/employment_law.pl:123
Warning:    Current predicate: employment_pil_standing/2
Warning:    Use :- discontiguous employment_related_issue/1. to suppress this message
Warning: c:/users/omen19~1/appdata/local/temp/tmpykwoffav.pl:4:
Warning:    Redefined static procedure person/1
Warning:    Previously defined at d:/code_stuff/hybex-law/multi_domain_legal/knowledge_base/foundational_rules_clean.pl:12
Warning: c:/users/omen19~1/appdata/local/temp/tmpykwoffav.pl:5:
Warning:    Redefined static procedure vulnerable_group/2
Warning:    Previously defined at d:/code_stuff/hybex-law/multi_domain_legal/knowledge_base/foundational_rules_clean.pl:19
ERROR: -g eligible_for_legal_aid(case_gen): categorically_eligible/1: Unknown procedure: social_category/2
2025-08-25 19:37:32,706 - hybex_system.prolog_engine - INFO - [Session:b46ac541] Executing SWI-Prolog command: swipl -q -g consult('C:/Users/OMEN19~1/AppData/Local/Temp/tmph77y05lb.pl') -g eligible_for_legal_aid(case_gen) -g halt
2025-08-25 19:37:32,804 - hybex_system.prolog_engine - WARNING - [Session:b46ac541] Prolog warning/error: Warning: d:/code_stuff/hybex-law/multi_domain_legal/knowledge_base/employment_law.pl:115:
Warning:    Singleton variables: [Person]
Warning: d:/code_stuff/hybex-law/multi_domain_legal/knowledge_base/cross_domain_rules.pl:38:
Warning:    Clauses of constitutional_employment_remedy/1 are not together in the source-file
Warning:    Earlier definition at d:/code_stuff/hybex-law/multi_domain_legal/knowledge_base/employment_law.pl:111
Warning:    Current predicate: has_consumer_grounds/1
Warning:    Use :- discontiguous constitutional_employment_remedy/1. to suppress this message
Warning: d:/code_stuff/hybex-law/multi_domain_legal/knowledge_base/cross_domain_rules.pl:45:
Warning:    Singleton variables: [Person]
Warning: d:/code_stuff/hybex-law/multi_domain_legal/knowledge_base/cross_domain_rules.pl:45:
Warning:    Clauses of employment_pil_standing/2 are not together in the source-file
Warning:    Earlier definition at d:/code_stuff/hybex-law/multi_domain_legal/knowledge_base/employment_law.pl:115
Warning:    Current predicate: constitutional_employment_remedy/1
Warning:    Use :- discontiguous employment_pil_standing/2. to suppress this message
Warning: d:/code_stuff/hybex-law/multi_domain_legal/knowledge_base/cross_domain_rules.pl:49:
Warning:    Clauses of employment_related_issue/1 are not together in the source-file
Warning:    Earlier definition at d:/code_stuff/hybex-law/multi_domain_legal/knowledge_base/employment_law.pl:123
Warning:    Current predicate: employment_pil_standing/2
Warning:    Use :- discontiguous employment_related_issue/1. to suppress this message
Warning: c:/users/omen19~1/appdata/local/temp/tmph77y05lb.pl:4:
Warning:    Redefined static procedure person/1
Warning:    Previously defined at d:/code_stuff/hybex-law/multi_domain_legal/knowledge_base/foundational_rules_clean.pl:12
Warning: c:/users/omen19~1/appdata/local/temp/tmph77y05lb.pl:5:
Warning:    Redefined static procedure vulnerable_group/2
Warning:    Previously defined at d:/code_stuff/hybex-law/multi_domain_legal/knowledge_base/foundational_rules_clean.pl:19
ERROR: -g eligible_for_legal_aid(case_gen): categorically_eligible/1: Unknown procedure: social_category/2
2025-08-25 19:37:32,807 - hybex_system.prolog_engine - INFO - [Session:b46ac541] Executing SWI-Prolog command: swipl -q -g consult('C:/Users/OMEN19~1/AppData/Local/Temp/tmpsegjl1hp.pl') -g eligible_for_legal_aid(case_gen) -g halt
2025-08-25 19:37:32,917 - hybex_system.prolog_engine - WARNING - [Session:b46ac541] Prolog warning/error: Warning: d:/code_stuff/hybex-law/multi_domain_legal/knowledge_base/employment_law.pl:115:
Warning:    Singleton variables: [Person]
Warning: d:/code_stuff/hybex-law/multi_domain_legal/knowledge_base/cross_domain_rules.pl:38:
Warning:    Clauses of constitutional_employment_remedy/1 are not together in the source-file
Warning:    Earlier definition at d:/code_stuff/hybex-law/multi_domain_legal/knowledge_base/employment_law.pl:111
Warning:    Current predicate: has_consumer_grounds/1
Warning:    Use :- discontiguous constitutional_employment_remedy/1. to suppress this message
Warning: d:/code_stuff/hybex-law/multi_domain_legal/knowledge_base/cross_domain_rules.pl:45:
Warning:    Singleton variables: [Person]
Warning: d:/code_stuff/hybex-law/multi_domain_legal/knowledge_base/cross_domain_rules.pl:45:
Warning:    Clauses of employment_pil_standing/2 are not together in the source-file
Warning:    Earlier definition at d:/code_stuff/hybex-law/multi_domain_legal/knowledge_base/employment_law.pl:115
Warning:    Current predicate: constitutional_employment_remedy/1
Warning:    Use :- discontiguous employment_pil_standing/2. to suppress this message
Warning: d:/code_stuff/hybex-law/multi_domain_legal/knowledge_base/cross_domain_rules.pl:49:
Warning:    Clauses of employment_related_issue/1 are not together in the source-file
Warning:    Earlier definition at d:/code_stuff/hybex-law/multi_domain_legal/knowledge_base/employment_law.pl:123
Warning:    Current predicate: employment_pil_standing/2
Warning:    Use :- discontiguous employment_related_issue/1. to suppress this message
Warning: c:/users/omen19~1/appdata/local/temp/tmpsegjl1hp.pl:4:
Warning:    Redefined static procedure person/1
Warning:    Previously defined at d:/code_stuff/hybex-law/multi_domain_legal/knowledge_base/foundational_rules_clean.pl:12
Warning: c:/users/omen19~1/appdata/local/temp/tmpsegjl1hp.pl:5:
Warning:    Redefined static procedure vulnerable_group/2
Warning:    Previously defined at d:/code_stuff/hybex-law/multi_domain_legal/knowledge_base/foundational_rules_clean.pl:19
ERROR: -g eligible_for_legal_aid(case_gen): categorically_eligible/1: Unknown procedure: social_category/2
2025-08-25 19:37:32,919 - hybex_system.prolog_engine - INFO - [Session:b46ac541] Executing SWI-Prolog command: swipl -q -g consult('C:/Users/OMEN19~1/AppData/Local/Temp/tmp_yrs0t4d.pl') -g eligible_for_legal_aid(case_gen) -g halt
2025-08-25 19:37:33,027 - hybex_system.prolog_engine - WARNING - [Session:b46ac541] Prolog warning/error: Warning: d:/code_stuff/hybex-law/multi_domain_legal/knowledge_base/employment_law.pl:115:
Warning:    Singleton variables: [Person]
Warning: d:/code_stuff/hybex-law/multi_domain_legal/knowledge_base/cross_domain_rules.pl:38:
Warning:    Clauses of constitutional_employment_remedy/1 are not together in the source-file
Warning:    Earlier definition at d:/code_stuff/hybex-law/multi_domain_legal/knowledge_base/employment_law.pl:111
Warning:    Current predicate: has_consumer_grounds/1
Warning:    Use :- discontiguous constitutional_employment_remedy/1. to suppress this message
Warning: d:/code_stuff/hybex-law/multi_domain_legal/knowledge_base/cross_domain_rules.pl:45:
Warning:    Singleton variables: [Person]
Warning: d:/code_stuff/hybex-law/multi_domain_legal/knowledge_base/cross_domain_rules.pl:45:
Warning:    Clauses of employment_pil_standing/2 are not together in the source-file
Warning:    Earlier definition at d:/code_stuff/hybex-law/multi_domain_legal/knowledge_base/employment_law.pl:115
Warning:    Current predicate: constitutional_employment_remedy/1
Warning:    Use :- discontiguous employment_pil_standing/2. to suppress this message
Warning: d:/code_stuff/hybex-law/multi_domain_legal/knowledge_base/cross_domain_rules.pl:49:
Warning:    Clauses of employment_related_issue/1 are not together in the source-file
Warning:    Earlier definition at d:/code_stuff/hybex-law/multi_domain_legal/knowledge_base/employment_law.pl:123
Warning:    Current predicate: employment_pil_standing/2
Warning:    Use :- discontiguous employment_related_issue/1. to suppress this message
Warning: c:/users/omen19~1/appdata/local/temp/tmp_yrs0t4d.pl:4:
Warning:    Redefined static procedure person/1
Warning:    Previously defined at d:/code_stuff/hybex-law/multi_domain_legal/knowledge_base/foundational_rules_clean.pl:12
Warning: c:/users/omen19~1/appdata/local/temp/tmp_yrs0t4d.pl:5:
Warning:    Redefined static procedure vulnerable_group/2
Warning:    Previously defined at d:/code_stuff/hybex-law/multi_domain_legal/knowledge_base/foundational_rules_clean.pl:19
ERROR: -g eligible_for_legal_aid(case_gen): categorically_eligible/1: Unknown procedure: social_category/2
2025-08-25 19:37:33,031 - hybex_system.prolog_engine - INFO - [Session:b46ac541] Executing SWI-Prolog command: swipl -q -g consult('C:/Users/OMEN19~1/AppData/Local/Temp/tmpjv01z07y.pl') -g eligible_for_legal_aid(case_gen) -g halt
2025-08-25 19:37:33,141 - hybex_system.prolog_engine - WARNING - [Session:b46ac541] Prolog warning/error: Warning: d:/code_stuff/hybex-law/multi_domain_legal/knowledge_base/employment_law.pl:115:
Warning:    Singleton variables: [Person]
Warning: d:/code_stuff/hybex-law/multi_domain_legal/knowledge_base/cross_domain_rules.pl:38:
Warning:    Clauses of constitutional_employment_remedy/1 are not together in the source-file
Warning:    Earlier definition at d:/code_stuff/hybex-law/multi_domain_legal/knowledge_base/employment_law.pl:111
Warning:    Current predicate: has_consumer_grounds/1
Warning:    Use :- discontiguous constitutional_employment_remedy/1. to suppress this message
Warning: d:/code_stuff/hybex-law/multi_domain_legal/knowledge_base/cross_domain_rules.pl:45:
Warning:    Singleton variables: [Person]
Warning: d:/code_stuff/hybex-law/multi_domain_legal/knowledge_base/cross_domain_rules.pl:45:
Warning:    Clauses of employment_pil_standing/2 are not together in the source-file
Warning:    Earlier definition at d:/code_stuff/hybex-law/multi_domain_legal/knowledge_base/employment_law.pl:115
Warning:    Current predicate: constitutional_employment_remedy/1
Warning:    Use :- discontiguous employment_pil_standing/2. to suppress this message
Warning: d:/code_stuff/hybex-law/multi_domain_legal/knowledge_base/cross_domain_rules.pl:49:
Warning:    Clauses of employment_related_issue/1 are not together in the source-file
Warning:    Earlier definition at d:/code_stuff/hybex-law/multi_domain_legal/knowledge_base/employment_law.pl:123
Warning:    Current predicate: employment_pil_standing/2
Warning:    Use :- discontiguous employment_related_issue/1. to suppress this message
Warning: c:/users/omen19~1/appdata/local/temp/tmpjv01z07y.pl:4:
Warning:    Redefined static procedure person/1
Warning:    Previously defined at d:/code_stuff/hybex-law/multi_domain_legal/knowledge_base/foundational_rules_clean.pl:12
Warning: c:/users/omen19~1/appdata/local/temp/tmpjv01z07y.pl:5:
Warning:    Redefined static procedure vulnerable_group/2
Warning:    Previously defined at d:/code_stuff/hybex-law/multi_domain_legal/knowledge_base/foundational_rules_clean.pl:19
ERROR: -g eligible_for_legal_aid(case_gen): categorically_eligible/1: Unknown procedure: social_category/2
2025-08-25 19:37:33,141 - hybex_system.prolog_engine - INFO - [Session:b46ac541] Executing SWI-Prolog command: swipl -q -g consult('C:/Users/OMEN19~1/AppData/Local/Temp/tmp_onamp2h.pl') -g eligible_for_legal_aid(case_gen) -g halt
