2025-08-11 11:40:14,821 - hybex_system.prolog_engine - INFO - [Session:fd8f715d] Added file handler to PrologEngine logger.
2025-08-11 11:40:14,821 - hybex_system.prolog_engine - INFO - [Session:fd8f715d] ======================================================================
2025-08-11 11:40:14,823 - hybex_system.prolog_engine - INFO - [Session:fd8f715d] Starting HybEx-Law Comprehensive Prolog Reasoning Engine
2025-08-11 11:40:14,823 - hybex_system.prolog_engine - INFO - [Session:fd8f715d] Session ID: fd8f715d
2025-08-11 11:40:14,824 - hybex_system.prolog_engine - INFO - [Session:fd8f715d] Configuration: {'config_source': 'verified_fallback', 'last_updated': None, 'validation_status': 'unvalidated', 'primary_act': 'Legal Services Authorities Act, 1987', 'income_thresholds': {'general': 500000, 'sc_st': 800000, 'obc': 600000, 'bpl': 0, 'ews': 800000}, 'real_data_available': False, 'sources_count': 0}
2025-08-11 11:40:14,824 - hybex_system.prolog_engine - INFO - [Session:fd8f715d] ======================================================================
2025-08-11 11:40:14,824 - hybex_system.prolog_engine - INFO - [Session:fd8f715d] Using verified fallback knowledge base with 105 comprehensive rules
2025-08-11 11:40:14,826 - hybex_system.prolog_engine - INFO - [Session:fd8f715d] Attempting to load rules from: d:\Code_stuff\NLP\multi_domain_legal\knowledge_base\multi_domain_rules.py
2025-08-11 11:40:14,828 - hybex_system.prolog_engine - INFO - [Session:fd8f715d] Successfully loaded MULTI_DOMAIN_LEGAL_RULES from knowledge base.
2025-08-11 11:40:14,829 - hybex_system.prolog_engine - INFO - [Session:fd8f715d] Parsing comprehensive multi-domain legal rules from knowledge base.
2025-08-11 11:40:14,840 - hybex_system.prolog_engine - INFO - [Session:fd8f715d] Initialized Comprehensive PrologEngine (Session: fd8f715d, Available: True)
2025-08-11 11:40:14,841 - hybex_system.prolog_engine - INFO - [Session:fd8f715d] Loaded 9 rule categories with 145 total rules
2025-08-11 11:40:14,842 - hybex_system.prolog_engine - INFO - [Session:fd8f715d] Comprehensive rules actually loaded: True
2025-08-11 11:40:14,843 - hybex_system.prolog_engine - INFO - [Session:fd8f715d] 🧠 Starting comprehensive legal analysis for case_fd8f715d_114014
2025-08-11 11:40:14,845 - hybex_system.prolog_engine - INFO - [Session:fd8f715d] 🎯 Detected domain 'general_legal_aid' for case type ''
2025-08-11 11:40:14,847 - hybex_system.prolog_engine - INFO - [Session:fd8f715d] 🎯 Using domain-specific rules for: ['general_legal_aid']
2025-08-11 11:40:14,848 - hybex_system.prolog_engine - INFO - [Session:fd8f715d] Generated 12 comprehensive Prolog facts for case_fd8f715d_114014
2025-08-11 11:40:14,851 - hybex_system.prolog_engine - INFO - [Session:fd8f715d] 📂 Selected files for domain 'general_legal_aid': ['foundational_rules_clean.pl', 'legal_aid_clean_v2.pl']
2025-08-11 11:40:14,853 - hybex_system.prolog_engine - INFO - [Session:fd8f715d] ✅ Loaded modular file: foundational_rules_clean.pl
2025-08-11 11:40:14,878 - hybex_system.prolog_engine - INFO - [Session:fd8f715d] ✅ Loaded modular file: legal_aid_clean_v2.pl
2025-08-11 11:40:14,879 - hybex_system.prolog_engine - INFO - [Session:fd8f715d] 🔍 DEBUG: Modular Prolog file content:
2025-08-11 11:40:14,904 - hybex_system.prolog_engine - INFO - [Session:fd8f715d] Modular file (6333 chars):
% HybEx-Law Modular Legal Reasoning Session: fd8f715d
% Domain: general_legal_aid
% Generated: 2025-08-11T11:40:14.851064

% DISCONTIGUOUS DIRECTIVES
:- discontiguous person/1.
:- discontiguous eligible_for_legal_aid/1.
:- discontiguous categorically_eligible/1.
:- discontiguous income_eligible/1.
:- discontiguous social_category/2.
:- discontiguous annual_income/2.
:- discontiguous case_type/2.
:- discontiguous generate_detailed_reasoning/2.
:- discontiguous primary_eligibility_reason/2.
:- discontiguous applicable_rule/3.
:- discontiguous vulnerable_group/2.
:- discontiguous gender/2.
:- discontiguous age/2.

% LOADING: foundational_rules_clean.pl
% ============================================================================
% FOUNDATIONAL PREDICATES AND UTILITY RULES - CORRECTED AND ROBUST
% This file contains only generic, reusable predicates.
% All case-specific facts (e.g., age, income) must be provided by Python.
% ================================================================...
2025-08-11 11:40:14,905 - hybex_system.prolog_engine - INFO - [Session:fd8f715d] ✅ Created MODULAR Prolog file: C:\Users\OMEN19~1\AppData\Local\Temp\tmpconjtonb.pl with 2 domain modules
2025-08-11 11:40:14,905 - hybex_system.prolog_engine - INFO - [Session:fd8f715d] 🎯 Ultra-fast eligibility check for case_fd8f715d_114014
2025-08-11 11:40:14,906 - hybex_system.prolog_engine - INFO - [Session:fd8f715d] Executing SWI-Prolog command: swipl -q -g ['C:/Users/OMEN19~1/AppData/Local/Temp/tmpconjtonb.pl'], eligible_for_legal_aid('case_fd8f715d_114014'), halt --stack-limit=2g --traditional
2025-08-11 11:40:14,967 - hybex_system.prolog_engine - INFO - [Session:fd8f715d] Prolog query successful (attempt 1): eligible_for_legal_aid('case_fd8f715d_114014')
2025-08-11 11:40:14,967 - hybex_system.prolog_engine - INFO - [Session:fd8f715d] ✅ FAST SUCCESS: Basic eligibility confirmed for case_fd8f715d_114014
2025-08-11 11:40:14,967 - hybex_system.prolog_engine - INFO - [Session:fd8f715d] Executing SWI-Prolog command: swipl -q -g ['C:/Users/OMEN19~1/AppData/Local/Temp/tmpconjtonb.pl'], primary_eligibility_reason('case_fd8f715d_114014', Reason), halt --stack-limit=2g --traditional
2025-08-11 11:40:15,025 - hybex_system.prolog_engine - INFO - [Session:fd8f715d] Prolog query successful (attempt 1): primary_eligibility_reason('case_fd8f715d_114014', Reason)
2025-08-11 11:40:15,025 - hybex_system.prolog_engine - INFO - [Session:fd8f715d] Executing SWI-Prolog command: swipl -q -g ['C:/Users/OMEN19~1/AppData/Local/Temp/tmpconjtonb.pl'], generate_detailed_reasoning('case_fd8f715d_114014', DetailedReason), halt --stack-limit=2g --traditional
2025-08-11 11:40:15,087 - hybex_system.prolog_engine - INFO - [Session:fd8f715d] Prolog query successful (attempt 1): generate_detailed_reasoning('case_fd8f715d_114014', DetailedReason)
2025-08-11 11:40:15,088 - hybex_system.prolog_engine - INFO - [Session:fd8f715d] Executing SWI-Prolog command: swipl -q -g ['C:/Users/OMEN19~1/AppData/Local/Temp/tmpconjtonb.pl'], findall(Rule, applicable_rule('case_fd8f715d_114014', Rule, legal_aid), Rules), halt --stack-limit=2g --traditional
2025-08-11 11:40:15,158 - hybex_system.prolog_engine - INFO - [Session:fd8f715d] Prolog query successful (attempt 1): findall(Rule, applicable_rule('case_fd8f715d_114014', Rule, legal_aid), Rules)
2025-08-11 11:40:15,158 - hybex_system.prolog_engine - INFO - [Session:fd8f715d] Comprehensive legal analysis complete for case_fd8f715d_114014: Eligible=True, Confidence=0.85
2025-08-11 11:40:15,175 - hybex_system.prolog_engine - INFO - [Session:fd8f715d] 🧠 Starting comprehensive legal analysis for case_fd8f715d_114015
2025-08-11 11:40:15,175 - hybex_system.prolog_engine - INFO - [Session:fd8f715d] 🎯 Detected domain 'general_legal_aid' for case type 'family law'
2025-08-11 11:40:15,177 - hybex_system.prolog_engine - INFO - [Session:fd8f715d] 🎯 Using domain-specific rules for: ['general_legal_aid']
2025-08-11 11:40:15,177 - hybex_system.prolog_engine - INFO - [Session:fd8f715d] Generated 13 comprehensive Prolog facts for case_fd8f715d_114015
2025-08-11 11:40:15,179 - hybex_system.prolog_engine - INFO - [Session:fd8f715d] 📂 Selected files for domain 'general_legal_aid': ['foundational_rules_clean.pl', 'legal_aid_clean_v2.pl']
2025-08-11 11:40:15,179 - hybex_system.prolog_engine - INFO - [Session:fd8f715d] ✅ Loaded modular file: foundational_rules_clean.pl
2025-08-11 11:40:15,181 - hybex_system.prolog_engine - INFO - [Session:fd8f715d] ✅ Loaded modular file: legal_aid_clean_v2.pl
2025-08-11 11:40:15,183 - hybex_system.prolog_engine - INFO - [Session:fd8f715d] 🔍 DEBUG: Modular Prolog file content:
2025-08-11 11:40:15,207 - hybex_system.prolog_engine - INFO - [Session:fd8f715d] Modular file (6381 chars):
% HybEx-Law Modular Legal Reasoning Session: fd8f715d
% Domain: general_legal_aid
% Generated: 2025-08-11T11:40:15.179116

% DISCONTIGUOUS DIRECTIVES
:- discontiguous person/1.
:- discontiguous eligible_for_legal_aid/1.
:- discontiguous categorically_eligible/1.
:- discontiguous income_eligible/1.
:- discontiguous social_category/2.
:- discontiguous annual_income/2.
:- discontiguous case_type/2.
:- discontiguous generate_detailed_reasoning/2.
:- discontiguous primary_eligibility_reason/2.
:- discontiguous applicable_rule/3.
:- discontiguous vulnerable_group/2.
:- discontiguous gender/2.
:- discontiguous age/2.

% LOADING: foundational_rules_clean.pl
% ============================================================================
% FOUNDATIONAL PREDICATES AND UTILITY RULES - CORRECTED AND ROBUST
% This file contains only generic, reusable predicates.
% All case-specific facts (e.g., age, income) must be provided by Python.
% ================================================================...
2025-08-11 11:40:15,207 - hybex_system.prolog_engine - INFO - [Session:fd8f715d] ✅ Created MODULAR Prolog file: C:\Users\OMEN19~1\AppData\Local\Temp\tmpn4pwmv8t.pl with 2 domain modules
2025-08-11 11:40:15,207 - hybex_system.prolog_engine - INFO - [Session:fd8f715d] 🎯 Ultra-fast eligibility check for case_fd8f715d_114015
2025-08-11 11:40:15,209 - hybex_system.prolog_engine - INFO - [Session:fd8f715d] Executing SWI-Prolog command: swipl -q -g ['C:/Users/OMEN19~1/AppData/Local/Temp/tmpn4pwmv8t.pl'], eligible_for_legal_aid('case_fd8f715d_114015'), halt --stack-limit=2g --traditional
2025-08-11 11:40:15,275 - hybex_system.prolog_engine - INFO - [Session:fd8f715d] Prolog query successful (attempt 1): eligible_for_legal_aid('case_fd8f715d_114015')
2025-08-11 11:40:15,275 - hybex_system.prolog_engine - INFO - [Session:fd8f715d] ✅ FAST SUCCESS: Basic eligibility confirmed for case_fd8f715d_114015
2025-08-11 11:40:15,275 - hybex_system.prolog_engine - INFO - [Session:fd8f715d] Executing SWI-Prolog command: swipl -q -g ['C:/Users/OMEN19~1/AppData/Local/Temp/tmpn4pwmv8t.pl'], primary_eligibility_reason('case_fd8f715d_114015', Reason), halt --stack-limit=2g --traditional
2025-08-11 11:40:15,345 - hybex_system.prolog_engine - INFO - [Session:fd8f715d] Prolog query successful (attempt 1): primary_eligibility_reason('case_fd8f715d_114015', Reason)
2025-08-11 11:40:15,345 - hybex_system.prolog_engine - INFO - [Session:fd8f715d] Executing SWI-Prolog command: swipl -q -g ['C:/Users/OMEN19~1/AppData/Local/Temp/tmpn4pwmv8t.pl'], generate_detailed_reasoning('case_fd8f715d_114015', DetailedReason), halt --stack-limit=2g --traditional
2025-08-11 11:40:15,407 - hybex_system.prolog_engine - INFO - [Session:fd8f715d] Prolog query successful (attempt 1): generate_detailed_reasoning('case_fd8f715d_114015', DetailedReason)
2025-08-11 11:40:15,415 - hybex_system.prolog_engine - INFO - [Session:fd8f715d] Executing SWI-Prolog command: swipl -q -g ['C:/Users/OMEN19~1/AppData/Local/Temp/tmpn4pwmv8t.pl'], findall(Rule, applicable_rule('case_fd8f715d_114015', Rule, legal_aid), Rules), halt --stack-limit=2g --traditional
2025-08-11 11:40:15,480 - hybex_system.prolog_engine - INFO - [Session:fd8f715d] Prolog query successful (attempt 1): findall(Rule, applicable_rule('case_fd8f715d_114015', Rule, legal_aid), Rules)
2025-08-11 11:40:15,480 - hybex_system.prolog_engine - INFO - [Session:fd8f715d] Comprehensive legal analysis complete for case_fd8f715d_114015: Eligible=True, Confidence=0.85
2025-08-11 11:40:15,506 - hybex_system.prolog_engine - INFO - [Session:fd8f715d] 🧠 Starting comprehensive legal analysis for case_fd8f715d_114015
2025-08-11 11:40:15,506 - hybex_system.prolog_engine - INFO - [Session:fd8f715d] 🎯 Detected domain 'general_legal_aid' for case type ''
2025-08-11 11:40:15,507 - hybex_system.prolog_engine - INFO - [Session:fd8f715d] 🎯 Using domain-specific rules for: ['general_legal_aid']
2025-08-11 11:40:15,507 - hybex_system.prolog_engine - INFO - [Session:fd8f715d] Generated 12 comprehensive Prolog facts for case_fd8f715d_114015
2025-08-11 11:40:15,509 - hybex_system.prolog_engine - INFO - [Session:fd8f715d] 📂 Selected files for domain 'general_legal_aid': ['foundational_rules_clean.pl', 'legal_aid_clean_v2.pl']
2025-08-11 11:40:15,510 - hybex_system.prolog_engine - INFO - [Session:fd8f715d] ✅ Loaded modular file: foundational_rules_clean.pl
2025-08-11 11:40:15,511 - hybex_system.prolog_engine - INFO - [Session:fd8f715d] ✅ Loaded modular file: legal_aid_clean_v2.pl
2025-08-11 11:40:15,513 - hybex_system.prolog_engine - INFO - [Session:fd8f715d] 🔍 DEBUG: Modular Prolog file content:
2025-08-11 11:40:15,538 - hybex_system.prolog_engine - INFO - [Session:fd8f715d] Modular file (6336 chars):
% HybEx-Law Modular Legal Reasoning Session: fd8f715d
% Domain: general_legal_aid
% Generated: 2025-08-11T11:40:15.509359

% DISCONTIGUOUS DIRECTIVES
:- discontiguous person/1.
:- discontiguous eligible_for_legal_aid/1.
:- discontiguous categorically_eligible/1.
:- discontiguous income_eligible/1.
:- discontiguous social_category/2.
:- discontiguous annual_income/2.
:- discontiguous case_type/2.
:- discontiguous generate_detailed_reasoning/2.
:- discontiguous primary_eligibility_reason/2.
:- discontiguous applicable_rule/3.
:- discontiguous vulnerable_group/2.
:- discontiguous gender/2.
:- discontiguous age/2.

% LOADING: foundational_rules_clean.pl
% ============================================================================
% FOUNDATIONAL PREDICATES AND UTILITY RULES - CORRECTED AND ROBUST
% This file contains only generic, reusable predicates.
% All case-specific facts (e.g., age, income) must be provided by Python.
% ================================================================...
2025-08-11 11:40:15,538 - hybex_system.prolog_engine - INFO - [Session:fd8f715d] ✅ Created MODULAR Prolog file: C:\Users\OMEN19~1\AppData\Local\Temp\tmpdp_ud2yl.pl with 2 domain modules
2025-08-11 11:40:15,538 - hybex_system.prolog_engine - INFO - [Session:fd8f715d] 🎯 Ultra-fast eligibility check for case_fd8f715d_114015
2025-08-11 11:40:15,542 - hybex_system.prolog_engine - INFO - [Session:fd8f715d] Executing SWI-Prolog command: swipl -q -g ['C:/Users/OMEN19~1/AppData/Local/Temp/tmpdp_ud2yl.pl'], eligible_for_legal_aid('case_fd8f715d_114015'), halt --stack-limit=2g --traditional
2025-08-11 11:40:15,606 - hybex_system.prolog_engine - INFO - [Session:fd8f715d] Prolog query successful (attempt 1): eligible_for_legal_aid('case_fd8f715d_114015')
2025-08-11 11:40:15,606 - hybex_system.prolog_engine - INFO - [Session:fd8f715d] ✅ FAST SUCCESS: Basic eligibility confirmed for case_fd8f715d_114015
2025-08-11 11:40:15,606 - hybex_system.prolog_engine - INFO - [Session:fd8f715d] Executing SWI-Prolog command: swipl -q -g ['C:/Users/OMEN19~1/AppData/Local/Temp/tmpdp_ud2yl.pl'], primary_eligibility_reason('case_fd8f715d_114015', Reason), halt --stack-limit=2g --traditional
2025-08-11 11:40:15,673 - hybex_system.prolog_engine - INFO - [Session:fd8f715d] Prolog query successful (attempt 1): primary_eligibility_reason('case_fd8f715d_114015', Reason)
2025-08-11 11:40:15,674 - hybex_system.prolog_engine - INFO - [Session:fd8f715d] Executing SWI-Prolog command: swipl -q -g ['C:/Users/OMEN19~1/AppData/Local/Temp/tmpdp_ud2yl.pl'], generate_detailed_reasoning('case_fd8f715d_114015', DetailedReason), halt --stack-limit=2g --traditional
2025-08-11 11:40:15,737 - hybex_system.prolog_engine - INFO - [Session:fd8f715d] Prolog query successful (attempt 1): generate_detailed_reasoning('case_fd8f715d_114015', DetailedReason)
2025-08-11 11:40:15,737 - hybex_system.prolog_engine - INFO - [Session:fd8f715d] Executing SWI-Prolog command: swipl -q -g ['C:/Users/OMEN19~1/AppData/Local/Temp/tmpdp_ud2yl.pl'], findall(Rule, applicable_rule('case_fd8f715d_114015', Rule, legal_aid), Rules), halt --stack-limit=2g --traditional
2025-08-11 11:40:15,811 - hybex_system.prolog_engine - INFO - [Session:fd8f715d] Prolog query successful (attempt 1): findall(Rule, applicable_rule('case_fd8f715d_114015', Rule, legal_aid), Rules)
2025-08-11 11:40:15,811 - hybex_system.prolog_engine - INFO - [Session:fd8f715d] Comprehensive legal analysis complete for case_fd8f715d_114015: Eligible=True, Confidence=0.85
