2025-08-07 13:04:49,498 - hybex_system.prolog_engine - INFO - [Session:26c3093b] Added file handler to PrologEngine logger.
2025-08-07 13:04:49,498 - hybex_system.prolog_engine - INFO - [Session:26c3093b] ======================================================================
2025-08-07 13:04:49,498 - hybex_system.prolog_engine - INFO - [Session:26c3093b] Starting HybEx-Law Comprehensive Prolog Reasoning Engine
2025-08-07 13:04:49,499 - hybex_system.prolog_engine - INFO - [Session:26c3093b] Session ID: 26c3093b
2025-08-07 13:04:49,499 - hybex_system.prolog_engine - INFO - [Session:26c3093b] Configuration: {'config_source': 'verified_fallback', 'last_updated': None, 'validation_status': 'unvalidated', 'primary_act': 'Legal Services Authorities Act, 1987', 'income_thresholds': {'general': 500000, 'sc_st': 800000, 'obc': 600000, 'bpl': 0, 'ews': 800000}, 'real_data_available': False, 'sources_count': 0}
2025-08-07 13:04:49,499 - hybex_system.prolog_engine - INFO - [Session:26c3093b] ======================================================================
2025-08-07 13:04:49,499 - hybex_system.prolog_engine - INFO - [Session:26c3093b] Attempting to load rules from: d:\Code_stuff\NLP\multi_domain_legal\knowledge_base\multi_domain_rules.py
2025-08-07 13:04:49,502 - hybex_system.prolog_engine - INFO - [Session:26c3093b] Successfully loaded MULTI_DOMAIN_LEGAL_RULES from knowledge base.
2025-08-07 13:04:49,502 - hybex_system.prolog_engine - INFO - [Session:26c3093b] Parsing comprehensive multi-domain legal rules from knowledge base.
2025-08-07 13:04:49,505 - hybex_system.prolog_engine - INFO - [Session:26c3093b] Initialized Comprehensive PrologEngine (Session: 26c3093b, Available: True)
2025-08-07 13:04:49,505 - hybex_system.prolog_engine - INFO - [Session:26c3093b] Loaded 9 rule categories with 162 total rules
2025-08-07 13:04:49,505 - hybex_system.prolog_engine - INFO - [Session:26c3093b] Comprehensive rules actually loaded: True
2025-08-07 13:04:50,183 - hybex_system.prolog_engine - INFO - [Session:26c3093b] Generated 1 comprehensive Prolog facts for case_26c3093b_130450
2025-08-07 13:04:50,184 - hybex_system.prolog_engine - INFO - [Session:26c3093b] Created comprehensive Prolog file: C:\Users\OMEN19~1\AppData\Local\Temp\tmpygoo57i7.pl with 1 facts.
2025-08-07 13:04:50,267 - hybex_system.prolog_engine - WARNING - [Session:26c3093b] SWI-Prolog exited with code 2 (attempt 1). Stderr: ERROR: -g ['C:\Users\OMEN19~1\AppData\Local\Temp\tmpygoo57i7.pl'], eligible_with_confidence('case_26c3093b_130450', Eligible, Confidence).: Syntax error: Illegal \u or \U sequence
ERROR: ['C:
ERROR: ** here **
ERROR: \Users\OMEN19~1\AppData\Local\Temp\tmpygoo57i7.pl'], eligible_with_confidence('case_26c3093b_130450', Eligible, Confidence).
2025-08-07 13:04:50,268 - hybex_system.prolog_engine - WARNING - [Session:26c3093b] Failed to get confident eligibility from Prolog. Trying basic 'eligible_for_legal_aid'.
2025-08-07 13:04:50,357 - hybex_system.prolog_engine - WARNING - [Session:26c3093b] SWI-Prolog exited with code 2 (attempt 1). Stderr: ERROR: -g ['C:\Users\OMEN19~1\AppData\Local\Temp\tmpygoo57i7.pl'], eligible_for_legal_aid('case_26c3093b_130450').: Syntax error: Illegal \u or \U sequence
ERROR: ['C:
ERROR: ** here **
ERROR: \Users\OMEN19~1\AppData\Local\Temp\tmpygoo57i7.pl'], eligible_for_legal_aid('case_26c3093b_130450').
2025-08-07 13:04:50,416 - hybex_system.prolog_engine - WARNING - [Session:26c3093b] SWI-Prolog exited with code 2 (attempt 1). Stderr: ERROR: -g ['C:\Users\OMEN19~1\AppData\Local\Temp\tmpygoo57i7.pl'], primary_eligibility_reason('case_26c3093b_130450', Reason).: Syntax error: Illegal \u or \U sequence
ERROR: ['C:
ERROR: ** here **
ERROR: \Users\OMEN19~1\AppData\Local\Temp\tmpygoo57i7.pl'], primary_eligibility_reason('case_26c3093b_130450', Reason).
2025-08-07 13:04:50,470 - hybex_system.prolog_engine - WARNING - [Session:26c3093b] SWI-Prolog exited with code 2 (attempt 1). Stderr: ERROR: -g ['C:\Users\OMEN19~1\AppData\Local\Temp\tmpygoo57i7.pl'], generate_detailed_reasoning('case_26c3093b_130450', DetailedReason).: Syntax error: Illegal \u or \U sequence
ERROR: ['C:
ERROR: ** here **
ERROR: \Users\OMEN19~1\AppData\Local\Temp\tmpygoo57i7.pl'], generate_detailed_reasoning('case_26c3093b_130450', DetailedReason).
2025-08-07 13:04:50,534 - hybex_system.prolog_engine - WARNING - [Session:26c3093b] SWI-Prolog exited with code 2 (attempt 1). Stderr: ERROR: -g ['C:\Users\OMEN19~1\AppData\Local\Temp\tmpygoo57i7.pl'], findall(Rule, applicable_rule('case_26c3093b_130450', Rule, legal_aid), Rules).: Syntax error: Illegal \u or \U sequence
ERROR: ['C:
ERROR: ** here **
ERROR: \Users\OMEN19~1\AppData\Local\Temp\tmpygoo57i7.pl'], findall(Rule, applicable_rule('case_26c3093b_130450', Rule, legal_aid), Rules).
2025-08-07 13:04:50,534 - hybex_system.prolog_engine - INFO - [Session:26c3093b] Comprehensive legal analysis complete for case_26c3093b_130450: Eligible=False, Confidence=0.30
2025-08-07 13:04:50,558 - hybex_system.prolog_engine - INFO - [Session:26c3093b] Generated 3 comprehensive Prolog facts for case_26c3093b_130450
2025-08-07 13:04:50,560 - hybex_system.prolog_engine - INFO - [Session:26c3093b] Created comprehensive Prolog file: C:\Users\OMEN19~1\AppData\Local\Temp\tmpry4zlgi9.pl with 3 facts.
2025-08-07 13:04:50,635 - hybex_system.prolog_engine - WARNING - [Session:26c3093b] SWI-Prolog exited with code 2 (attempt 1). Stderr: ERROR: -g ['C:\Users\OMEN19~1\AppData\Local\Temp\tmpry4zlgi9.pl'], eligible_with_confidence('case_26c3093b_130450', Eligible, Confidence).: Syntax error: Illegal \u or \U sequence
ERROR: ['C:
ERROR: ** here **
ERROR: \Users\OMEN19~1\AppData\Local\Temp\tmpry4zlgi9.pl'], eligible_with_confidence('case_26c3093b_130450', Eligible, Confidence).
2025-08-07 13:04:50,636 - hybex_system.prolog_engine - WARNING - [Session:26c3093b] Failed to get confident eligibility from Prolog. Trying basic 'eligible_for_legal_aid'.
2025-08-07 13:04:50,703 - hybex_system.prolog_engine - WARNING - [Session:26c3093b] SWI-Prolog exited with code 2 (attempt 1). Stderr: ERROR: -g ['C:\Users\OMEN19~1\AppData\Local\Temp\tmpry4zlgi9.pl'], eligible_for_legal_aid('case_26c3093b_130450').: Syntax error: Illegal \u or \U sequence
ERROR: ['C:
ERROR: ** here **
ERROR: \Users\OMEN19~1\AppData\Local\Temp\tmpry4zlgi9.pl'], eligible_for_legal_aid('case_26c3093b_130450').
2025-08-07 13:04:50,778 - hybex_system.prolog_engine - WARNING - [Session:26c3093b] SWI-Prolog exited with code 2 (attempt 1). Stderr: ERROR: -g ['C:\Users\OMEN19~1\AppData\Local\Temp\tmpry4zlgi9.pl'], primary_eligibility_reason('case_26c3093b_130450', Reason).: Syntax error: Illegal \u or \U sequence
ERROR: ['C:
ERROR: ** here **
ERROR: \Users\OMEN19~1\AppData\Local\Temp\tmpry4zlgi9.pl'], primary_eligibility_reason('case_26c3093b_130450', Reason).
2025-08-07 13:04:50,838 - hybex_system.prolog_engine - WARNING - [Session:26c3093b] SWI-Prolog exited with code 2 (attempt 1). Stderr: ERROR: -g ['C:\Users\OMEN19~1\AppData\Local\Temp\tmpry4zlgi9.pl'], generate_detailed_reasoning('case_26c3093b_130450', DetailedReason).: Syntax error: Illegal \u or \U sequence
ERROR: ['C:
ERROR: ** here **
ERROR: \Users\OMEN19~1\AppData\Local\Temp\tmpry4zlgi9.pl'], generate_detailed_reasoning('case_26c3093b_130450', DetailedReason).
2025-08-07 13:04:50,894 - hybex_system.prolog_engine - WARNING - [Session:26c3093b] SWI-Prolog exited with code 2 (attempt 1). Stderr: ERROR: -g ['C:\Users\OMEN19~1\AppData\Local\Temp\tmpry4zlgi9.pl'], findall(Rule, applicable_rule('case_26c3093b_130450', Rule, legal_aid), Rules).: Syntax error: Illegal \u or \U sequence
ERROR: ['C:
ERROR: ** here **
ERROR: \Users\OMEN19~1\AppData\Local\Temp\tmpry4zlgi9.pl'], findall(Rule, applicable_rule('case_26c3093b_130450', Rule, legal_aid), Rules).
2025-08-07 13:04:50,894 - hybex_system.prolog_engine - INFO - [Session:26c3093b] Comprehensive legal analysis complete for case_26c3093b_130450: Eligible=False, Confidence=0.30
2025-08-07 13:04:50,915 - hybex_system.prolog_engine - INFO - [Session:26c3093b] Generated 3 comprehensive Prolog facts for case_26c3093b_130450
2025-08-07 13:04:50,916 - hybex_system.prolog_engine - INFO - [Session:26c3093b] Created comprehensive Prolog file: C:\Users\OMEN19~1\AppData\Local\Temp\tmpfdr5jzp2.pl with 3 facts.
2025-08-07 13:04:50,972 - hybex_system.prolog_engine - WARNING - [Session:26c3093b] SWI-Prolog exited with code 2 (attempt 1). Stderr: ERROR: -g ['C:\Users\OMEN19~1\AppData\Local\Temp\tmpfdr5jzp2.pl'], eligible_with_confidence('case_26c3093b_130450', Eligible, Confidence).: Syntax error: Illegal \u or \U sequence
ERROR: ['C:
ERROR: ** here **
ERROR: \Users\OMEN19~1\AppData\Local\Temp\tmpfdr5jzp2.pl'], eligible_with_confidence('case_26c3093b_130450', Eligible, Confidence).
2025-08-07 13:04:50,973 - hybex_system.prolog_engine - WARNING - [Session:26c3093b] Failed to get confident eligibility from Prolog. Trying basic 'eligible_for_legal_aid'.
2025-08-07 13:04:51,047 - hybex_system.prolog_engine - WARNING - [Session:26c3093b] SWI-Prolog exited with code 2 (attempt 1). Stderr: ERROR: -g ['C:\Users\OMEN19~1\AppData\Local\Temp\tmpfdr5jzp2.pl'], eligible_for_legal_aid('case_26c3093b_130450').: Syntax error: Illegal \u or \U sequence
ERROR: ['C:
ERROR: ** here **
ERROR: \Users\OMEN19~1\AppData\Local\Temp\tmpfdr5jzp2.pl'], eligible_for_legal_aid('case_26c3093b_130450').
2025-08-07 13:04:51,122 - hybex_system.prolog_engine - WARNING - [Session:26c3093b] SWI-Prolog exited with code 2 (attempt 1). Stderr: ERROR: -g ['C:\Users\OMEN19~1\AppData\Local\Temp\tmpfdr5jzp2.pl'], primary_eligibility_reason('case_26c3093b_130450', Reason).: Syntax error: Illegal \u or \U sequence
ERROR: ['C:
ERROR: ** here **
ERROR: \Users\OMEN19~1\AppData\Local\Temp\tmpfdr5jzp2.pl'], primary_eligibility_reason('case_26c3093b_130450', Reason).
2025-08-07 13:04:51,179 - hybex_system.prolog_engine - WARNING - [Session:26c3093b] SWI-Prolog exited with code 2 (attempt 1). Stderr: ERROR: -g ['C:\Users\OMEN19~1\AppData\Local\Temp\tmpfdr5jzp2.pl'], generate_detailed_reasoning('case_26c3093b_130450', DetailedReason).: Syntax error: Illegal \u or \U sequence
ERROR: ['C:
ERROR: ** here **
ERROR: \Users\OMEN19~1\AppData\Local\Temp\tmpfdr5jzp2.pl'], generate_detailed_reasoning('case_26c3093b_130450', DetailedReason).
2025-08-07 13:04:51,248 - hybex_system.prolog_engine - WARNING - [Session:26c3093b] SWI-Prolog exited with code 2 (attempt 1). Stderr: ERROR: -g ['C:\Users\OMEN19~1\AppData\Local\Temp\tmpfdr5jzp2.pl'], findall(Rule, applicable_rule('case_26c3093b_130450', Rule, legal_aid), Rules).: Syntax error: Illegal \u or \U sequence
ERROR: ['C:
ERROR: ** here **
ERROR: \Users\OMEN19~1\AppData\Local\Temp\tmpfdr5jzp2.pl'], findall(Rule, applicable_rule('case_26c3093b_130450', Rule, legal_aid), Rules).
2025-08-07 13:04:51,248 - hybex_system.prolog_engine - INFO - [Session:26c3093b] Comprehensive legal analysis complete for case_26c3093b_130450: Eligible=False, Confidence=0.30
2025-08-07 13:04:51,249 - hybex_system.prolog_engine - INFO - [Session:26c3093b] Cleaning up PrologEngine session 26c3093b
2025-08-07 13:04:51,249 - hybex_system.prolog_engine - INFO - [Session:26c3093b] PrologEngine cleanup completed
