2025-08-25 19:40:33,357 - hybex_system.prolog_engine - INFO - [Session:7347b1c2] Added file handler to PrologEngine logger.
2025-08-25 19:40:33,357 - hybex_system.prolog_engine - INFO - [Session:7347b1c2] ======================================================================
2025-08-25 19:40:33,357 - hybex_system.prolog_engine - INFO - [Session:7347b1c2] Starting HybEx-Law Comprehensive Prolog Reasoning Engine
2025-08-25 19:40:33,357 - hybex_system.prolog_engine - INFO - [Session:7347b1c2] Session ID: 7347b1c2
2025-08-25 19:40:33,357 - hybex_system.prolog_engine - INFO - [Session:7347b1c2] Configuration: {'config_source': 'verified_fallback', 'last_updated': None, 'validation_status': 'unvalidated', 'primary_act': 'Legal Services Authorities Act, 1987', 'income_thresholds': {'general': 500000, 'sc_st': 800000, 'obc': 600000, 'bpl': 0, 'ews': 800000}, 'real_data_available': False, 'sources_count': 0}
2025-08-25 19:40:33,360 - hybex_system.prolog_engine - INFO - [Session:7347b1c2] ======================================================================
2025-08-25 19:40:33,361 - hybex_system.prolog_engine - INFO - [Session:7347b1c2] Using modular knowledge base entry point: D:\Code_stuff\HybEx-Law\multi_domain_legal\knowledge_base\knowledge_base.pl
2025-08-25 19:40:33,361 - hybex_system.prolog_engine - INFO - [Session:7347b1c2] Parsing comprehensive multi-domain legal rules from knowledge base.
2025-08-25 19:40:33,362 - hybex_system.prolog_engine - INFO - [Session:7347b1c2] Initialized Comprehensive PrologEngine (Session: 7347b1c2, Available: True)
2025-08-25 19:40:33,362 - hybex_system.prolog_engine - INFO - [Session:7347b1c2] Loaded 3 rule categories with 9 total rules
2025-08-25 19:40:33,362 - hybex_system.prolog_engine - INFO - [Session:7347b1c2] Comprehensive rules actually loaded: True
2025-08-25 19:40:33,362 - hybex_system.prolog_engine - INFO - [Session:7347b1c2] ✅ Successfully loaded master knowledge base from: D:\Code_stuff\HybEx-Law\multi_domain_legal\knowledge_base\knowledge_base.pl
2025-08-25 19:40:33,520 - hybex_system.prolog_engine - INFO - [Session:7347b1c2] Executing SWI-Prolog command: swipl -q -g consult('C:/Users/OMEN19~1/AppData/Local/Temp/tmphulwu3vi.pl') -g eligible_for_legal_aid(case_gen) -g halt
2025-08-25 19:40:33,631 - hybex_system.prolog_engine - WARNING - [Session:7347b1c2] Prolog warning/error: Warning: d:/code_stuff/hybex-law/multi_domain_legal/knowledge_base/employment_law.pl:115:
Warning:    Singleton variables: [Person]
Warning: d:/code_stuff/hybex-law/multi_domain_legal/knowledge_base/cross_domain_rules.pl:38:
Warning:    Clauses of constitutional_employment_remedy/1 are not together in the source-file
Warning:    Earlier definition at d:/code_stuff/hybex-law/multi_domain_legal/knowledge_base/employment_law.pl:111
Warning:    Current predicate: has_consumer_grounds/1
Warning:    Use :- discontiguous constitutional_employment_remedy/1. to suppress this message
Warning: d:/code_stuff/hybex-law/multi_domain_legal/knowledge_base/cross_domain_rules.pl:45:
Warning:    Singleton variables: [Person]
Warning: d:/code_stuff/hybex-law/multi_domain_legal/knowledge_base/cross_domain_rules.pl:45:
Warning:    Clauses of employment_pil_standing/2 are not together in the source-file
Warning:    Earlier definition at d:/code_stuff/hybex-law/multi_domain_legal/knowledge_base/employment_law.pl:115
Warning:    Current predicate: constitutional_employment_remedy/1
Warning:    Use :- discontiguous employment_pil_standing/2. to suppress this message
Warning: d:/code_stuff/hybex-law/multi_domain_legal/knowledge_base/cross_domain_rules.pl:49:
Warning:    Clauses of employment_related_issue/1 are not together in the source-file
Warning:    Earlier definition at d:/code_stuff/hybex-law/multi_domain_legal/knowledge_base/employment_law.pl:123
Warning:    Current predicate: employment_pil_standing/2
Warning:    Use :- discontiguous employment_related_issue/1. to suppress this message
Warning: c:/users/omen19~1/appdata/local/temp/tmphulwu3vi.pl:4:
Warning:    Redefined static procedure person/1
Warning:    Previously defined at d:/code_stuff/hybex-law/multi_domain_legal/knowledge_base/foundational_rules_clean.pl:12
Warning: c:/users/omen19~1/appdata/local/temp/tmphulwu3vi.pl:5:
Warning:    Redefined static procedure vulnerable_group/2
Warning:    Previously defined at d:/code_stuff/hybex-law/multi_domain_legal/knowledge_base/foundational_rules_clean.pl:19
ERROR: -g eligible_for_legal_aid(case_gen): categorically_eligible/1: Unknown procedure: social_category/2
2025-08-25 19:40:33,633 - hybex_system.prolog_engine - INFO - [Session:7347b1c2] Executing SWI-Prolog command: swipl -q -g consult('C:/Users/OMEN19~1/AppData/Local/Temp/tmp8h5rdvbd.pl') -g eligible_for_legal_aid(case_gen) -g halt
2025-08-25 19:40:33,735 - hybex_system.prolog_engine - WARNING - [Session:7347b1c2] Prolog warning/error: Warning: d:/code_stuff/hybex-law/multi_domain_legal/knowledge_base/employment_law.pl:115:
Warning:    Singleton variables: [Person]
Warning: d:/code_stuff/hybex-law/multi_domain_legal/knowledge_base/cross_domain_rules.pl:38:
Warning:    Clauses of constitutional_employment_remedy/1 are not together in the source-file
Warning:    Earlier definition at d:/code_stuff/hybex-law/multi_domain_legal/knowledge_base/employment_law.pl:111
Warning:    Current predicate: has_consumer_grounds/1
Warning:    Use :- discontiguous constitutional_employment_remedy/1. to suppress this message
Warning: d:/code_stuff/hybex-law/multi_domain_legal/knowledge_base/cross_domain_rules.pl:45:
Warning:    Singleton variables: [Person]
Warning: d:/code_stuff/hybex-law/multi_domain_legal/knowledge_base/cross_domain_rules.pl:45:
Warning:    Clauses of employment_pil_standing/2 are not together in the source-file
Warning:    Earlier definition at d:/code_stuff/hybex-law/multi_domain_legal/knowledge_base/employment_law.pl:115
Warning:    Current predicate: constitutional_employment_remedy/1
Warning:    Use :- discontiguous employment_pil_standing/2. to suppress this message
Warning: d:/code_stuff/hybex-law/multi_domain_legal/knowledge_base/cross_domain_rules.pl:49:
Warning:    Clauses of employment_related_issue/1 are not together in the source-file
Warning:    Earlier definition at d:/code_stuff/hybex-law/multi_domain_legal/knowledge_base/employment_law.pl:123
Warning:    Current predicate: employment_pil_standing/2
Warning:    Use :- discontiguous employment_related_issue/1. to suppress this message
Warning: c:/users/omen19~1/appdata/local/temp/tmp8h5rdvbd.pl:4:
Warning:    Redefined static procedure person/1
Warning:    Previously defined at d:/code_stuff/hybex-law/multi_domain_legal/knowledge_base/foundational_rules_clean.pl:12
Warning: c:/users/omen19~1/appdata/local/temp/tmp8h5rdvbd.pl:5:
Warning:    Redefined static procedure vulnerable_group/2
Warning:    Previously defined at d:/code_stuff/hybex-law/multi_domain_legal/knowledge_base/foundational_rules_clean.pl:19
ERROR: -g eligible_for_legal_aid(case_gen): categorically_eligible/1: Unknown procedure: social_category/2
2025-08-25 19:40:33,735 - hybex_system.prolog_engine - INFO - [Session:7347b1c2] Executing SWI-Prolog command: swipl -q -g consult('C:/Users/OMEN19~1/AppData/Local/Temp/tmpw4eq2wco.pl') -g eligible_for_legal_aid(case_gen) -g halt
2025-08-25 19:40:33,833 - hybex_system.prolog_engine - WARNING - [Session:7347b1c2] Prolog warning/error: Warning: d:/code_stuff/hybex-law/multi_domain_legal/knowledge_base/employment_law.pl:115:
Warning:    Singleton variables: [Person]
Warning: d:/code_stuff/hybex-law/multi_domain_legal/knowledge_base/cross_domain_rules.pl:38:
Warning:    Clauses of constitutional_employment_remedy/1 are not together in the source-file
Warning:    Earlier definition at d:/code_stuff/hybex-law/multi_domain_legal/knowledge_base/employment_law.pl:111
Warning:    Current predicate: has_consumer_grounds/1
Warning:    Use :- discontiguous constitutional_employment_remedy/1. to suppress this message
Warning: d:/code_stuff/hybex-law/multi_domain_legal/knowledge_base/cross_domain_rules.pl:45:
Warning:    Singleton variables: [Person]
Warning: d:/code_stuff/hybex-law/multi_domain_legal/knowledge_base/cross_domain_rules.pl:45:
Warning:    Clauses of employment_pil_standing/2 are not together in the source-file
Warning:    Earlier definition at d:/code_stuff/hybex-law/multi_domain_legal/knowledge_base/employment_law.pl:115
Warning:    Current predicate: constitutional_employment_remedy/1
Warning:    Use :- discontiguous employment_pil_standing/2. to suppress this message
Warning: d:/code_stuff/hybex-law/multi_domain_legal/knowledge_base/cross_domain_rules.pl:49:
Warning:    Clauses of employment_related_issue/1 are not together in the source-file
Warning:    Earlier definition at d:/code_stuff/hybex-law/multi_domain_legal/knowledge_base/employment_law.pl:123
Warning:    Current predicate: employment_pil_standing/2
Warning:    Use :- discontiguous employment_related_issue/1. to suppress this message
Warning: c:/users/omen19~1/appdata/local/temp/tmpw4eq2wco.pl:4:
Warning:    Redefined static procedure person/1
Warning:    Previously defined at d:/code_stuff/hybex-law/multi_domain_legal/knowledge_base/foundational_rules_clean.pl:12
Warning: c:/users/omen19~1/appdata/local/temp/tmpw4eq2wco.pl:5:
Warning:    Redefined static procedure vulnerable_group/2
Warning:    Previously defined at d:/code_stuff/hybex-law/multi_domain_legal/knowledge_base/foundational_rules_clean.pl:19
ERROR: -g eligible_for_legal_aid(case_gen): categorically_eligible/1: Unknown procedure: social_category/2
2025-08-25 19:40:33,848 - hybex_system.prolog_engine - INFO - [Session:7347b1c2] Executing SWI-Prolog command: swipl -q -g consult('C:/Users/OMEN19~1/AppData/Local/Temp/tmpetx20ly0.pl') -g eligible_for_legal_aid(case_gen) -g halt
2025-08-25 19:40:33,945 - hybex_system.prolog_engine - WARNING - [Session:7347b1c2] Prolog warning/error: Warning: d:/code_stuff/hybex-law/multi_domain_legal/knowledge_base/employment_law.pl:115:
Warning:    Singleton variables: [Person]
Warning: d:/code_stuff/hybex-law/multi_domain_legal/knowledge_base/cross_domain_rules.pl:38:
Warning:    Clauses of constitutional_employment_remedy/1 are not together in the source-file
Warning:    Earlier definition at d:/code_stuff/hybex-law/multi_domain_legal/knowledge_base/employment_law.pl:111
Warning:    Current predicate: has_consumer_grounds/1
Warning:    Use :- discontiguous constitutional_employment_remedy/1. to suppress this message
Warning: d:/code_stuff/hybex-law/multi_domain_legal/knowledge_base/cross_domain_rules.pl:45:
Warning:    Singleton variables: [Person]
Warning: d:/code_stuff/hybex-law/multi_domain_legal/knowledge_base/cross_domain_rules.pl:45:
Warning:    Clauses of employment_pil_standing/2 are not together in the source-file
Warning:    Earlier definition at d:/code_stuff/hybex-law/multi_domain_legal/knowledge_base/employment_law.pl:115
Warning:    Current predicate: constitutional_employment_remedy/1
Warning:    Use :- discontiguous employment_pil_standing/2. to suppress this message
Warning: d:/code_stuff/hybex-law/multi_domain_legal/knowledge_base/cross_domain_rules.pl:49:
Warning:    Clauses of employment_related_issue/1 are not together in the source-file
Warning:    Earlier definition at d:/code_stuff/hybex-law/multi_domain_legal/knowledge_base/employment_law.pl:123
Warning:    Current predicate: employment_pil_standing/2
Warning:    Use :- discontiguous employment_related_issue/1. to suppress this message
Warning: c:/users/omen19~1/appdata/local/temp/tmpetx20ly0.pl:4:
Warning:    Redefined static procedure person/1
Warning:    Previously defined at d:/code_stuff/hybex-law/multi_domain_legal/knowledge_base/foundational_rules_clean.pl:12
Warning: c:/users/omen19~1/appdata/local/temp/tmpetx20ly0.pl:5:
Warning:    Redefined static procedure vulnerable_group/2
Warning:    Previously defined at d:/code_stuff/hybex-law/multi_domain_legal/knowledge_base/foundational_rules_clean.pl:19
ERROR: -g eligible_for_legal_aid(case_gen): categorically_eligible/1: Unknown procedure: social_category/2
2025-08-25 19:40:33,945 - hybex_system.prolog_engine - INFO - [Session:7347b1c2] Executing SWI-Prolog command: swipl -q -g consult('C:/Users/OMEN19~1/AppData/Local/Temp/tmptp2cknux.pl') -g eligible_for_legal_aid(case_gen) -g halt
2025-08-25 19:40:34,044 - hybex_system.prolog_engine - WARNING - [Session:7347b1c2] Prolog warning/error: Warning: d:/code_stuff/hybex-law/multi_domain_legal/knowledge_base/employment_law.pl:115:
Warning:    Singleton variables: [Person]
Warning: d:/code_stuff/hybex-law/multi_domain_legal/knowledge_base/cross_domain_rules.pl:38:
Warning:    Clauses of constitutional_employment_remedy/1 are not together in the source-file
Warning:    Earlier definition at d:/code_stuff/hybex-law/multi_domain_legal/knowledge_base/employment_law.pl:111
Warning:    Current predicate: has_consumer_grounds/1
Warning:    Use :- discontiguous constitutional_employment_remedy/1. to suppress this message
Warning: d:/code_stuff/hybex-law/multi_domain_legal/knowledge_base/cross_domain_rules.pl:45:
Warning:    Singleton variables: [Person]
Warning: d:/code_stuff/hybex-law/multi_domain_legal/knowledge_base/cross_domain_rules.pl:45:
Warning:    Clauses of employment_pil_standing/2 are not together in the source-file
Warning:    Earlier definition at d:/code_stuff/hybex-law/multi_domain_legal/knowledge_base/employment_law.pl:115
Warning:    Current predicate: constitutional_employment_remedy/1
Warning:    Use :- discontiguous employment_pil_standing/2. to suppress this message
Warning: d:/code_stuff/hybex-law/multi_domain_legal/knowledge_base/cross_domain_rules.pl:49:
Warning:    Clauses of employment_related_issue/1 are not together in the source-file
Warning:    Earlier definition at d:/code_stuff/hybex-law/multi_domain_legal/knowledge_base/employment_law.pl:123
Warning:    Current predicate: employment_pil_standing/2
Warning:    Use :- discontiguous employment_related_issue/1. to suppress this message
Warning: c:/users/omen19~1/appdata/local/temp/tmptp2cknux.pl:4:
Warning:    Redefined static procedure person/1
Warning:    Previously defined at d:/code_stuff/hybex-law/multi_domain_legal/knowledge_base/foundational_rules_clean.pl:12
Warning: c:/users/omen19~1/appdata/local/temp/tmptp2cknux.pl:5:
Warning:    Redefined static procedure vulnerable_group/2
Warning:    Previously defined at d:/code_stuff/hybex-law/multi_domain_legal/knowledge_base/foundational_rules_clean.pl:19
ERROR: -g eligible_for_legal_aid(case_gen): categorically_eligible/1: Unknown procedure: social_category/2
2025-08-25 19:40:34,046 - hybex_system.prolog_engine - INFO - [Session:7347b1c2] Executing SWI-Prolog command: swipl -q -g consult('C:/Users/OMEN19~1/AppData/Local/Temp/tmpi2srque3.pl') -g eligible_for_legal_aid(case_gen) -g halt
2025-08-25 19:40:34,144 - hybex_system.prolog_engine - WARNING - [Session:7347b1c2] Prolog warning/error: Warning: d:/code_stuff/hybex-law/multi_domain_legal/knowledge_base/employment_law.pl:115:
Warning:    Singleton variables: [Person]
Warning: d:/code_stuff/hybex-law/multi_domain_legal/knowledge_base/cross_domain_rules.pl:38:
Warning:    Clauses of constitutional_employment_remedy/1 are not together in the source-file
Warning:    Earlier definition at d:/code_stuff/hybex-law/multi_domain_legal/knowledge_base/employment_law.pl:111
Warning:    Current predicate: has_consumer_grounds/1
Warning:    Use :- discontiguous constitutional_employment_remedy/1. to suppress this message
Warning: d:/code_stuff/hybex-law/multi_domain_legal/knowledge_base/cross_domain_rules.pl:45:
Warning:    Singleton variables: [Person]
Warning: d:/code_stuff/hybex-law/multi_domain_legal/knowledge_base/cross_domain_rules.pl:45:
Warning:    Clauses of employment_pil_standing/2 are not together in the source-file
Warning:    Earlier definition at d:/code_stuff/hybex-law/multi_domain_legal/knowledge_base/employment_law.pl:115
Warning:    Current predicate: constitutional_employment_remedy/1
Warning:    Use :- discontiguous employment_pil_standing/2. to suppress this message
Warning: d:/code_stuff/hybex-law/multi_domain_legal/knowledge_base/cross_domain_rules.pl:49:
Warning:    Clauses of employment_related_issue/1 are not together in the source-file
Warning:    Earlier definition at d:/code_stuff/hybex-law/multi_domain_legal/knowledge_base/employment_law.pl:123
Warning:    Current predicate: employment_pil_standing/2
Warning:    Use :- discontiguous employment_related_issue/1. to suppress this message
Warning: c:/users/omen19~1/appdata/local/temp/tmpi2srque3.pl:4:
Warning:    Redefined static procedure person/1
Warning:    Previously defined at d:/code_stuff/hybex-law/multi_domain_legal/knowledge_base/foundational_rules_clean.pl:12
Warning: c:/users/omen19~1/appdata/local/temp/tmpi2srque3.pl:5:
Warning:    Redefined static procedure vulnerable_group/2
Warning:    Previously defined at d:/code_stuff/hybex-law/multi_domain_legal/knowledge_base/foundational_rules_clean.pl:19
ERROR: -g eligible_for_legal_aid(case_gen): categorically_eligible/1: Unknown procedure: social_category/2
2025-08-25 19:40:34,149 - hybex_system.prolog_engine - INFO - [Session:7347b1c2] Executing SWI-Prolog command: swipl -q -g consult('C:/Users/OMEN19~1/AppData/Local/Temp/tmp2m1ulqrw.pl') -g eligible_for_legal_aid(case_gen) -g halt
2025-08-25 19:40:34,242 - hybex_system.prolog_engine - WARNING - [Session:7347b1c2] Prolog warning/error: Warning: d:/code_stuff/hybex-law/multi_domain_legal/knowledge_base/employment_law.pl:115:
Warning:    Singleton variables: [Person]
Warning: d:/code_stuff/hybex-law/multi_domain_legal/knowledge_base/cross_domain_rules.pl:38:
Warning:    Clauses of constitutional_employment_remedy/1 are not together in the source-file
Warning:    Earlier definition at d:/code_stuff/hybex-law/multi_domain_legal/knowledge_base/employment_law.pl:111
Warning:    Current predicate: has_consumer_grounds/1
Warning:    Use :- discontiguous constitutional_employment_remedy/1. to suppress this message
Warning: d:/code_stuff/hybex-law/multi_domain_legal/knowledge_base/cross_domain_rules.pl:45:
Warning:    Singleton variables: [Person]
Warning: d:/code_stuff/hybex-law/multi_domain_legal/knowledge_base/cross_domain_rules.pl:45:
Warning:    Clauses of employment_pil_standing/2 are not together in the source-file
Warning:    Earlier definition at d:/code_stuff/hybex-law/multi_domain_legal/knowledge_base/employment_law.pl:115
Warning:    Current predicate: constitutional_employment_remedy/1
Warning:    Use :- discontiguous employment_pil_standing/2. to suppress this message
Warning: d:/code_stuff/hybex-law/multi_domain_legal/knowledge_base/cross_domain_rules.pl:49:
Warning:    Clauses of employment_related_issue/1 are not together in the source-file
Warning:    Earlier definition at d:/code_stuff/hybex-law/multi_domain_legal/knowledge_base/employment_law.pl:123
Warning:    Current predicate: employment_pil_standing/2
Warning:    Use :- discontiguous employment_related_issue/1. to suppress this message
Warning: c:/users/omen19~1/appdata/local/temp/tmp2m1ulqrw.pl:4:
Warning:    Redefined static procedure person/1
Warning:    Previously defined at d:/code_stuff/hybex-law/multi_domain_legal/knowledge_base/foundational_rules_clean.pl:12
Warning: c:/users/omen19~1/appdata/local/temp/tmp2m1ulqrw.pl:5:
Warning:    Redefined static procedure vulnerable_group/2
Warning:    Previously defined at d:/code_stuff/hybex-law/multi_domain_legal/knowledge_base/foundational_rules_clean.pl:19
ERROR: -g eligible_for_legal_aid(case_gen): categorically_eligible/1: Unknown procedure: social_category/2
2025-08-25 19:40:34,242 - hybex_system.prolog_engine - INFO - [Session:7347b1c2] Executing SWI-Prolog command: swipl -q -g consult('C:/Users/OMEN19~1/AppData/Local/Temp/tmpen6_3h8o.pl') -g eligible_for_legal_aid(case_gen) -g halt
2025-08-25 19:40:34,343 - hybex_system.prolog_engine - WARNING - [Session:7347b1c2] Prolog warning/error: Warning: d:/code_stuff/hybex-law/multi_domain_legal/knowledge_base/employment_law.pl:115:
Warning:    Singleton variables: [Person]
Warning: d:/code_stuff/hybex-law/multi_domain_legal/knowledge_base/cross_domain_rules.pl:38:
Warning:    Clauses of constitutional_employment_remedy/1 are not together in the source-file
Warning:    Earlier definition at d:/code_stuff/hybex-law/multi_domain_legal/knowledge_base/employment_law.pl:111
Warning:    Current predicate: has_consumer_grounds/1
Warning:    Use :- discontiguous constitutional_employment_remedy/1. to suppress this message
Warning: d:/code_stuff/hybex-law/multi_domain_legal/knowledge_base/cross_domain_rules.pl:45:
Warning:    Singleton variables: [Person]
Warning: d:/code_stuff/hybex-law/multi_domain_legal/knowledge_base/cross_domain_rules.pl:45:
Warning:    Clauses of employment_pil_standing/2 are not together in the source-file
Warning:    Earlier definition at d:/code_stuff/hybex-law/multi_domain_legal/knowledge_base/employment_law.pl:115
Warning:    Current predicate: constitutional_employment_remedy/1
Warning:    Use :- discontiguous employment_pil_standing/2. to suppress this message
Warning: d:/code_stuff/hybex-law/multi_domain_legal/knowledge_base/cross_domain_rules.pl:49:
Warning:    Clauses of employment_related_issue/1 are not together in the source-file
Warning:    Earlier definition at d:/code_stuff/hybex-law/multi_domain_legal/knowledge_base/employment_law.pl:123
Warning:    Current predicate: employment_pil_standing/2
Warning:    Use :- discontiguous employment_related_issue/1. to suppress this message
Warning: c:/users/omen19~1/appdata/local/temp/tmpen6_3h8o.pl:4:
Warning:    Redefined static procedure person/1
Warning:    Previously defined at d:/code_stuff/hybex-law/multi_domain_legal/knowledge_base/foundational_rules_clean.pl:12
Warning: c:/users/omen19~1/appdata/local/temp/tmpen6_3h8o.pl:5:
Warning:    Redefined static procedure vulnerable_group/2
Warning:    Previously defined at d:/code_stuff/hybex-law/multi_domain_legal/knowledge_base/foundational_rules_clean.pl:19
ERROR: -g eligible_for_legal_aid(case_gen): categorically_eligible/1: Unknown procedure: social_category/2
2025-08-25 19:40:34,346 - hybex_system.prolog_engine - INFO - [Session:7347b1c2] Executing SWI-Prolog command: swipl -q -g consult('C:/Users/OMEN19~1/AppData/Local/Temp/tmpdazfwp6q.pl') -g eligible_for_legal_aid(case_gen) -g halt
2025-08-25 19:40:34,448 - hybex_system.prolog_engine - WARNING - [Session:7347b1c2] Prolog warning/error: Warning: d:/code_stuff/hybex-law/multi_domain_legal/knowledge_base/employment_law.pl:115:
Warning:    Singleton variables: [Person]
Warning: d:/code_stuff/hybex-law/multi_domain_legal/knowledge_base/cross_domain_rules.pl:38:
Warning:    Clauses of constitutional_employment_remedy/1 are not together in the source-file
Warning:    Earlier definition at d:/code_stuff/hybex-law/multi_domain_legal/knowledge_base/employment_law.pl:111
Warning:    Current predicate: has_consumer_grounds/1
Warning:    Use :- discontiguous constitutional_employment_remedy/1. to suppress this message
Warning: d:/code_stuff/hybex-law/multi_domain_legal/knowledge_base/cross_domain_rules.pl:45:
Warning:    Singleton variables: [Person]
Warning: d:/code_stuff/hybex-law/multi_domain_legal/knowledge_base/cross_domain_rules.pl:45:
Warning:    Clauses of employment_pil_standing/2 are not together in the source-file
Warning:    Earlier definition at d:/code_stuff/hybex-law/multi_domain_legal/knowledge_base/employment_law.pl:115
Warning:    Current predicate: constitutional_employment_remedy/1
Warning:    Use :- discontiguous employment_pil_standing/2. to suppress this message
Warning: d:/code_stuff/hybex-law/multi_domain_legal/knowledge_base/cross_domain_rules.pl:49:
Warning:    Clauses of employment_related_issue/1 are not together in the source-file
Warning:    Earlier definition at d:/code_stuff/hybex-law/multi_domain_legal/knowledge_base/employment_law.pl:123
Warning:    Current predicate: employment_pil_standing/2
Warning:    Use :- discontiguous employment_related_issue/1. to suppress this message
Warning: c:/users/omen19~1/appdata/local/temp/tmpdazfwp6q.pl:4:
Warning:    Redefined static procedure person/1
Warning:    Previously defined at d:/code_stuff/hybex-law/multi_domain_legal/knowledge_base/foundational_rules_clean.pl:12
Warning: c:/users/omen19~1/appdata/local/temp/tmpdazfwp6q.pl:5:
Warning:    Redefined static procedure vulnerable_group/2
Warning:    Previously defined at d:/code_stuff/hybex-law/multi_domain_legal/knowledge_base/foundational_rules_clean.pl:19
ERROR: -g eligible_for_legal_aid(case_gen): categorically_eligible/1: Unknown procedure: social_category/2
2025-08-25 19:40:34,451 - hybex_system.prolog_engine - INFO - [Session:7347b1c2] Executing SWI-Prolog command: swipl -q -g consult('C:/Users/OMEN19~1/AppData/Local/Temp/tmpj72vpmwc.pl') -g eligible_for_legal_aid(case_gen) -g halt
2025-08-25 19:40:34,553 - hybex_system.prolog_engine - WARNING - [Session:7347b1c2] Prolog warning/error: Warning: d:/code_stuff/hybex-law/multi_domain_legal/knowledge_base/employment_law.pl:115:
Warning:    Singleton variables: [Person]
Warning: d:/code_stuff/hybex-law/multi_domain_legal/knowledge_base/cross_domain_rules.pl:38:
Warning:    Clauses of constitutional_employment_remedy/1 are not together in the source-file
Warning:    Earlier definition at d:/code_stuff/hybex-law/multi_domain_legal/knowledge_base/employment_law.pl:111
Warning:    Current predicate: has_consumer_grounds/1
Warning:    Use :- discontiguous constitutional_employment_remedy/1. to suppress this message
Warning: d:/code_stuff/hybex-law/multi_domain_legal/knowledge_base/cross_domain_rules.pl:45:
Warning:    Singleton variables: [Person]
Warning: d:/code_stuff/hybex-law/multi_domain_legal/knowledge_base/cross_domain_rules.pl:45:
Warning:    Clauses of employment_pil_standing/2 are not together in the source-file
Warning:    Earlier definition at d:/code_stuff/hybex-law/multi_domain_legal/knowledge_base/employment_law.pl:115
Warning:    Current predicate: constitutional_employment_remedy/1
Warning:    Use :- discontiguous employment_pil_standing/2. to suppress this message
Warning: d:/code_stuff/hybex-law/multi_domain_legal/knowledge_base/cross_domain_rules.pl:49:
Warning:    Clauses of employment_related_issue/1 are not together in the source-file
Warning:    Earlier definition at d:/code_stuff/hybex-law/multi_domain_legal/knowledge_base/employment_law.pl:123
Warning:    Current predicate: employment_pil_standing/2
Warning:    Use :- discontiguous employment_related_issue/1. to suppress this message
Warning: c:/users/omen19~1/appdata/local/temp/tmpj72vpmwc.pl:4:
Warning:    Redefined static procedure person/1
Warning:    Previously defined at d:/code_stuff/hybex-law/multi_domain_legal/knowledge_base/foundational_rules_clean.pl:12
Warning: c:/users/omen19~1/appdata/local/temp/tmpj72vpmwc.pl:5:
Warning:    Redefined static procedure vulnerable_group/2
Warning:    Previously defined at d:/code_stuff/hybex-law/multi_domain_legal/knowledge_base/foundational_rules_clean.pl:19
ERROR: -g eligible_for_legal_aid(case_gen): categorically_eligible/1: Unknown procedure: social_category/2
2025-08-25 19:40:34,555 - hybex_system.prolog_engine - INFO - [Session:7347b1c2] Executing SWI-Prolog command: swipl -q -g consult('C:/Users/OMEN19~1/AppData/Local/Temp/tmp_o3j1u0l.pl') -g eligible_for_legal_aid(case_gen) -g halt
2025-08-25 19:40:34,632 - hybex_system.prolog_engine - WARNING - [Session:7347b1c2] Prolog warning/error: Warning: d:/code_stuff/hybex-law/multi_domain_legal/knowledge_base/employment_law.pl:115:
Warning:    Singleton variables: [Person]
Warning: d:/code_stuff/hybex-law/multi_domain_legal/knowledge_base/cross_domain_rules.pl:38:
Warning:    Clauses of constitutional_employment_remedy/1 are not together in the source-file
Warning:    Earlier definition at d:/code_stuff/hybex-law/multi_domain_legal/knowledge_base/employment_law.pl:111
Warning:    Current predicate: has_consumer_grounds/1
Warning:    Use :- discontiguous constitutional_employment_remedy/1. to suppress this message
Warning: d:/code_stuff/hybex-law/multi_domain_legal/knowledge_base/cross_domain_rules.pl:45:
Warning:    Singleton variables: [Person]
Warning: d:/code_stuff/hybex-law/multi_domain_legal/knowledge_base/cross_domain_rules.pl:45:
Warning:    Clauses of employment_pil_standing/2 are not together in the source-file
Warning:    Earlier definition at d:/code_stuff/hybex-law/multi_domain_legal/knowledge_base/employment_law.pl:115
Warning:    Current predicate: constitutional_employment_remedy/1
Warning:    Use :- discontiguous employment_pil_standing/2. to suppress this message
Warning: d:/code_stuff/hybex-law/multi_domain_legal/knowledge_base/cross_domain_rules.pl:49:
Warning:    Clauses of employment_related_issue/1 are not together in the source-file
Warning:    Earlier definition at d:/code_stuff/hybex-law/multi_domain_legal/knowledge_base/employment_law.pl:123
Warning:    Current predicate: employment_pil_standing/2
Warning:    Use :- discontiguous employment_related_issue/1. to suppress this message
Warning: c:/users/omen19~1/appdata/local/temp/tmp_o3j1u0l.pl:4:
Warning:    Redefined static procedure person/1
Warning:    Previously defined at d:/code_stuff/hybex-law/multi_domain_legal/knowledge_base/foundational_rules_clean.pl:12
Warning: c:/users/omen19~1/appdata/local/temp/tmp_o3j1u0l.pl:5:
Warning:    Redefined static procedure vulnerable_group/2
Warning:    Previously defined at d:/code_stuff/hybex-law/multi_domain_legal/knowledge_base/foundational_rules_clean.pl:19
ERROR: -g eligible_for_legal_aid(case_gen): categorically_eligible/1: Unknown procedure: social_category/2
2025-08-25 19:40:34,632 - hybex_system.prolog_engine - INFO - [Session:7347b1c2] Executing SWI-Prolog command: swipl -q -g consult('C:/Users/OMEN19~1/AppData/Local/Temp/tmpjbr8zcqg.pl') -g eligible_for_legal_aid(case_gen) -g halt
2025-08-25 19:40:34,743 - hybex_system.prolog_engine - WARNING - [Session:7347b1c2] Prolog warning/error: Warning: d:/code_stuff/hybex-law/multi_domain_legal/knowledge_base/employment_law.pl:115:
Warning:    Singleton variables: [Person]
Warning: d:/code_stuff/hybex-law/multi_domain_legal/knowledge_base/cross_domain_rules.pl:38:
Warning:    Clauses of constitutional_employment_remedy/1 are not together in the source-file
Warning:    Earlier definition at d:/code_stuff/hybex-law/multi_domain_legal/knowledge_base/employment_law.pl:111
Warning:    Current predicate: has_consumer_grounds/1
Warning:    Use :- discontiguous constitutional_employment_remedy/1. to suppress this message
Warning: d:/code_stuff/hybex-law/multi_domain_legal/knowledge_base/cross_domain_rules.pl:45:
Warning:    Singleton variables: [Person]
Warning: d:/code_stuff/hybex-law/multi_domain_legal/knowledge_base/cross_domain_rules.pl:45:
Warning:    Clauses of employment_pil_standing/2 are not together in the source-file
Warning:    Earlier definition at d:/code_stuff/hybex-law/multi_domain_legal/knowledge_base/employment_law.pl:115
Warning:    Current predicate: constitutional_employment_remedy/1
Warning:    Use :- discontiguous employment_pil_standing/2. to suppress this message
Warning: d:/code_stuff/hybex-law/multi_domain_legal/knowledge_base/cross_domain_rules.pl:49:
Warning:    Clauses of employment_related_issue/1 are not together in the source-file
Warning:    Earlier definition at d:/code_stuff/hybex-law/multi_domain_legal/knowledge_base/employment_law.pl:123
Warning:    Current predicate: employment_pil_standing/2
Warning:    Use :- discontiguous employment_related_issue/1. to suppress this message
Warning: c:/users/omen19~1/appdata/local/temp/tmpjbr8zcqg.pl:4:
Warning:    Redefined static procedure person/1
Warning:    Previously defined at d:/code_stuff/hybex-law/multi_domain_legal/knowledge_base/foundational_rules_clean.pl:12
Warning: c:/users/omen19~1/appdata/local/temp/tmpjbr8zcqg.pl:5:
Warning:    Redefined static procedure vulnerable_group/2
Warning:    Previously defined at d:/code_stuff/hybex-law/multi_domain_legal/knowledge_base/foundational_rules_clean.pl:19
ERROR: -g eligible_for_legal_aid(case_gen): categorically_eligible/1: Unknown procedure: social_category/2
2025-08-25 19:40:34,743 - hybex_system.prolog_engine - INFO - [Session:7347b1c2] Executing SWI-Prolog command: swipl -q -g consult('C:/Users/OMEN19~1/AppData/Local/Temp/tmp_kmx1h1p.pl') -g eligible_for_legal_aid(case_gen) -g halt
2025-08-25 19:40:34,832 - hybex_system.prolog_engine - WARNING - [Session:7347b1c2] Prolog warning/error: Warning: d:/code_stuff/hybex-law/multi_domain_legal/knowledge_base/employment_law.pl:115:
Warning:    Singleton variables: [Person]
Warning: d:/code_stuff/hybex-law/multi_domain_legal/knowledge_base/cross_domain_rules.pl:38:
Warning:    Clauses of constitutional_employment_remedy/1 are not together in the source-file
Warning:    Earlier definition at d:/code_stuff/hybex-law/multi_domain_legal/knowledge_base/employment_law.pl:111
Warning:    Current predicate: has_consumer_grounds/1
Warning:    Use :- discontiguous constitutional_employment_remedy/1. to suppress this message
Warning: d:/code_stuff/hybex-law/multi_domain_legal/knowledge_base/cross_domain_rules.pl:45:
Warning:    Singleton variables: [Person]
Warning: d:/code_stuff/hybex-law/multi_domain_legal/knowledge_base/cross_domain_rules.pl:45:
Warning:    Clauses of employment_pil_standing/2 are not together in the source-file
Warning:    Earlier definition at d:/code_stuff/hybex-law/multi_domain_legal/knowledge_base/employment_law.pl:115
Warning:    Current predicate: constitutional_employment_remedy/1
Warning:    Use :- discontiguous employment_pil_standing/2. to suppress this message
Warning: d:/code_stuff/hybex-law/multi_domain_legal/knowledge_base/cross_domain_rules.pl:49:
Warning:    Clauses of employment_related_issue/1 are not together in the source-file
Warning:    Earlier definition at d:/code_stuff/hybex-law/multi_domain_legal/knowledge_base/employment_law.pl:123
Warning:    Current predicate: employment_pil_standing/2
Warning:    Use :- discontiguous employment_related_issue/1. to suppress this message
Warning: c:/users/omen19~1/appdata/local/temp/tmp_kmx1h1p.pl:4:
Warning:    Redefined static procedure person/1
Warning:    Previously defined at d:/code_stuff/hybex-law/multi_domain_legal/knowledge_base/foundational_rules_clean.pl:12
Warning: c:/users/omen19~1/appdata/local/temp/tmp_kmx1h1p.pl:5:
Warning:    Redefined static procedure vulnerable_group/2
Warning:    Previously defined at d:/code_stuff/hybex-law/multi_domain_legal/knowledge_base/foundational_rules_clean.pl:19
ERROR: -g eligible_for_legal_aid(case_gen): categorically_eligible/1: Unknown procedure: social_category/2
2025-08-25 19:40:34,832 - hybex_system.prolog_engine - INFO - [Session:7347b1c2] Executing SWI-Prolog command: swipl -q -g consult('C:/Users/OMEN19~1/AppData/Local/Temp/tmpp6e4i5ea.pl') -g eligible_for_legal_aid(case_gen) -g halt
2025-08-25 19:40:34,938 - hybex_system.prolog_engine - WARNING - [Session:7347b1c2] Prolog warning/error: Warning: d:/code_stuff/hybex-law/multi_domain_legal/knowledge_base/employment_law.pl:115:
Warning:    Singleton variables: [Person]
Warning: d:/code_stuff/hybex-law/multi_domain_legal/knowledge_base/cross_domain_rules.pl:38:
Warning:    Clauses of constitutional_employment_remedy/1 are not together in the source-file
Warning:    Earlier definition at d:/code_stuff/hybex-law/multi_domain_legal/knowledge_base/employment_law.pl:111
Warning:    Current predicate: has_consumer_grounds/1
Warning:    Use :- discontiguous constitutional_employment_remedy/1. to suppress this message
Warning: d:/code_stuff/hybex-law/multi_domain_legal/knowledge_base/cross_domain_rules.pl:45:
Warning:    Singleton variables: [Person]
Warning: d:/code_stuff/hybex-law/multi_domain_legal/knowledge_base/cross_domain_rules.pl:45:
Warning:    Clauses of employment_pil_standing/2 are not together in the source-file
Warning:    Earlier definition at d:/code_stuff/hybex-law/multi_domain_legal/knowledge_base/employment_law.pl:115
Warning:    Current predicate: constitutional_employment_remedy/1
Warning:    Use :- discontiguous employment_pil_standing/2. to suppress this message
Warning: d:/code_stuff/hybex-law/multi_domain_legal/knowledge_base/cross_domain_rules.pl:49:
Warning:    Clauses of employment_related_issue/1 are not together in the source-file
Warning:    Earlier definition at d:/code_stuff/hybex-law/multi_domain_legal/knowledge_base/employment_law.pl:123
Warning:    Current predicate: employment_pil_standing/2
Warning:    Use :- discontiguous employment_related_issue/1. to suppress this message
Warning: c:/users/omen19~1/appdata/local/temp/tmpp6e4i5ea.pl:4:
Warning:    Redefined static procedure person/1
Warning:    Previously defined at d:/code_stuff/hybex-law/multi_domain_legal/knowledge_base/foundational_rules_clean.pl:12
Warning: c:/users/omen19~1/appdata/local/temp/tmpp6e4i5ea.pl:5:
Warning:    Redefined static procedure vulnerable_group/2
Warning:    Previously defined at d:/code_stuff/hybex-law/multi_domain_legal/knowledge_base/foundational_rules_clean.pl:19
ERROR: -g eligible_for_legal_aid(case_gen): categorically_eligible/1: Unknown procedure: social_category/2
2025-08-25 19:40:34,939 - hybex_system.prolog_engine - INFO - [Session:7347b1c2] Executing SWI-Prolog command: swipl -q -g consult('C:/Users/OMEN19~1/AppData/Local/Temp/tmp9d260xdu.pl') -g eligible_for_legal_aid(case_gen) -g halt
