2025-08-25 20:35:40,361 - hybex_system.prolog_engine - INFO - [Session:664128f8] Added file handler to PrologEngine logger.
2025-08-25 20:35:40,361 - hybex_system.prolog_engine - INFO - [Session:664128f8] ======================================================================
2025-08-25 20:35:40,361 - hybex_system.prolog_engine - INFO - [Session:664128f8] Starting HybEx-Law Comprehensive Prolog Reasoning Engine
2025-08-25 20:35:40,361 - hybex_system.prolog_engine - INFO - [Session:664128f8] Session ID: 664128f8
2025-08-25 20:35:40,361 - hybex_system.prolog_engine - INFO - [Session:664128f8] Configuration: {'config_source': 'verified_fallback', 'last_updated': None, 'validation_status': 'unvalidated', 'primary_act': 'Legal Services Authorities Act, 1987', 'income_thresholds': {'general': 500000, 'sc_st': 800000, 'obc': 600000, 'bpl': 0, 'ews': 800000}, 'real_data_available': False, 'sources_count': 0}
2025-08-25 20:35:40,361 - hybex_system.prolog_engine - INFO - [Session:664128f8] ======================================================================
2025-08-25 20:35:40,361 - hybex_system.prolog_engine - INFO - [Session:664128f8] Using modular knowledge base entry point: D:\Code_stuff\HybEx-Law\multi_domain_legal\knowledge_base\knowledge_base.pl
2025-08-25 20:35:40,361 - hybex_system.prolog_engine - INFO - [Session:664128f8] Parsing comprehensive multi-domain legal rules from knowledge base.
2025-08-25 20:35:40,372 - hybex_system.prolog_engine - INFO - [Session:664128f8] Initialized Comprehensive PrologEngine (Session: 664128f8, Available: True)
2025-08-25 20:35:40,372 - hybex_system.prolog_engine - INFO - [Session:664128f8] Loaded 3 rule categories with 9 total rules
2025-08-25 20:35:40,374 - hybex_system.prolog_engine - INFO - [Session:664128f8] Comprehensive rules actually loaded: True
2025-08-25 20:35:40,375 - hybex_system.prolog_engine - INFO - [Session:664128f8] ✅ Successfully loaded master knowledge base from: D:\Code_stuff\HybEx-Law\multi_domain_legal\knowledge_base\knowledge_base.pl
2025-08-25 20:35:40,559 - hybex_system.prolog_engine - INFO - [Session:664128f8] Executing SWI-Prolog command: swipl -q -g "consult('C:/Users/OMEN19~1/AppData/Local/Temp/tmpzaln1ddf.pl')" -g "eligible_for_legal_aid(case_gen)" -g halt
2025-08-25 20:35:40,833 - hybex_system.prolog_engine - WARNING - [Session:664128f8] Prolog warning/error: Warning: d:/code_stuff/hybex-law/multi_domain_legal/knowledge_base/cross_domain_rules.pl:45:
Warning:    Singleton variables: [Person]
ERROR: c:/users/omen 19/appdata/local/temp/tmpueda_9to.pl:1:16: Syntax error: Operator expected
ERROR: -g eligible_for_legal_aid(case_gen): categorically_eligible/1: Unknown procedure: social_category/2
2025-08-25 20:35:40,833 - hybex_system.prolog_engine - INFO - [Session:664128f8] Cleaned up temp file: C:\Users\OMEN19~1\AppData\Local\Temp\tmpueda_9to.pl
2025-08-25 20:35:40,833 - hybex_system.prolog_engine - INFO - [Session:664128f8] Cleaned up temp file: C:\Users\OMEN19~1\AppData\Local\Temp\tmpzaln1ddf.pl
2025-08-25 20:35:40,838 - hybex_system.prolog_engine - INFO - [Session:664128f8] Executing SWI-Prolog command: swipl -q -g "consult('C:/Users/OMEN19~1/AppData/Local/Temp/tmp1h63hwqq.pl')" -g "eligible_for_legal_aid(case_gen)" -g halt
2025-08-25 20:35:41,091 - hybex_system.prolog_engine - WARNING - [Session:664128f8] Prolog warning/error: Warning: d:/code_stuff/hybex-law/multi_domain_legal/knowledge_base/cross_domain_rules.pl:45:
Warning:    Singleton variables: [Person]
ERROR: c:/users/omen 19/appdata/local/temp/tmpdii6_k8b.pl:1:16: Syntax error: Operator expected
ERROR: -g eligible_for_legal_aid(case_gen): categorically_eligible/1: Unknown procedure: social_category/2
2025-08-25 20:35:41,096 - hybex_system.prolog_engine - INFO - [Session:664128f8] Cleaned up temp file: C:\Users\OMEN19~1\AppData\Local\Temp\tmpdii6_k8b.pl
2025-08-25 20:35:41,096 - hybex_system.prolog_engine - INFO - [Session:664128f8] Cleaned up temp file: C:\Users\OMEN19~1\AppData\Local\Temp\tmp1h63hwqq.pl
2025-08-25 20:35:41,098 - hybex_system.prolog_engine - INFO - [Session:664128f8] Executing SWI-Prolog command: swipl -q -g "consult('C:/Users/OMEN19~1/AppData/Local/Temp/tmp3r8v3lf5.pl')" -g "eligible_for_legal_aid(case_gen)" -g halt
2025-08-25 20:35:41,369 - hybex_system.prolog_engine - WARNING - [Session:664128f8] Prolog warning/error: Warning: d:/code_stuff/hybex-law/multi_domain_legal/knowledge_base/cross_domain_rules.pl:45:
Warning:    Singleton variables: [Person]
ERROR: c:/users/omen 19/appdata/local/temp/tmpxu5hhodw.pl:1:16: Syntax error: Operator expected
ERROR: -g eligible_for_legal_aid(case_gen): categorically_eligible/1: Unknown procedure: social_category/2
2025-08-25 20:35:41,373 - hybex_system.prolog_engine - INFO - [Session:664128f8] Cleaned up temp file: C:\Users\OMEN19~1\AppData\Local\Temp\tmpxu5hhodw.pl
2025-08-25 20:35:41,375 - hybex_system.prolog_engine - INFO - [Session:664128f8] Cleaned up temp file: C:\Users\OMEN19~1\AppData\Local\Temp\tmp3r8v3lf5.pl
2025-08-25 20:35:41,382 - hybex_system.prolog_engine - INFO - [Session:664128f8] Executing SWI-Prolog command: swipl -q -g "consult('C:/Users/OMEN19~1/AppData/Local/Temp/tmp9d8r9foz.pl')" -g "eligible_for_legal_aid(case_gen)" -g halt
2025-08-25 20:35:41,598 - hybex_system.prolog_engine - WARNING - [Session:664128f8] Prolog warning/error: Warning: d:/code_stuff/hybex-law/multi_domain_legal/knowledge_base/cross_domain_rules.pl:45:
Warning:    Singleton variables: [Person]
ERROR: c:/users/omen 19/appdata/local/temp/tmplm69uta3.pl:1:16: Syntax error: Operator expected
ERROR: -g eligible_for_legal_aid(case_gen): categorically_eligible/1: Unknown procedure: social_category/2
2025-08-25 20:35:41,598 - hybex_system.prolog_engine - INFO - [Session:664128f8] Cleaned up temp file: C:\Users\OMEN19~1\AppData\Local\Temp\tmplm69uta3.pl
2025-08-25 20:35:41,598 - hybex_system.prolog_engine - INFO - [Session:664128f8] Cleaned up temp file: C:\Users\OMEN19~1\AppData\Local\Temp\tmp9d8r9foz.pl
2025-08-25 20:35:41,606 - hybex_system.prolog_engine - INFO - [Session:664128f8] Executing SWI-Prolog command: swipl -q -g "consult('C:/Users/OMEN19~1/AppData/Local/Temp/tmp4k63mtkz.pl')" -g "eligible_for_legal_aid(case_gen)" -g halt
2025-08-25 20:35:41,873 - hybex_system.prolog_engine - WARNING - [Session:664128f8] Prolog warning/error: Warning: d:/code_stuff/hybex-law/multi_domain_legal/knowledge_base/cross_domain_rules.pl:45:
Warning:    Singleton variables: [Person]
ERROR: c:/users/omen 19/appdata/local/temp/tmpe8e3baup.pl:1:16: Syntax error: Operator expected
ERROR: -g eligible_for_legal_aid(case_gen): categorically_eligible/1: Unknown procedure: social_category/2
2025-08-25 20:35:41,873 - hybex_system.prolog_engine - INFO - [Session:664128f8] Cleaned up temp file: C:\Users\OMEN19~1\AppData\Local\Temp\tmpe8e3baup.pl
2025-08-25 20:35:41,873 - hybex_system.prolog_engine - INFO - [Session:664128f8] Cleaned up temp file: C:\Users\OMEN19~1\AppData\Local\Temp\tmp4k63mtkz.pl
2025-08-25 20:35:41,880 - hybex_system.prolog_engine - INFO - [Session:664128f8] Executing SWI-Prolog command: swipl -q -g "consult('C:/Users/OMEN19~1/AppData/Local/Temp/tmp76h8kdg8.pl')" -g "eligible_for_legal_aid(case_gen)" -g halt
2025-08-25 20:35:42,069 - hybex_system.prolog_engine - WARNING - [Session:664128f8] Prolog warning/error: Warning: d:/code_stuff/hybex-law/multi_domain_legal/knowledge_base/cross_domain_rules.pl:45:
Warning:    Singleton variables: [Person]
ERROR: c:/users/omen 19/appdata/local/temp/tmptlkg5yxb.pl:1:16: Syntax error: Operator expected
ERROR: -g eligible_for_legal_aid(case_gen): categorically_eligible/1: Unknown procedure: social_category/2
2025-08-25 20:35:42,069 - hybex_system.prolog_engine - INFO - [Session:664128f8] Cleaned up temp file: C:\Users\OMEN19~1\AppData\Local\Temp\tmptlkg5yxb.pl
2025-08-25 20:35:42,069 - hybex_system.prolog_engine - INFO - [Session:664128f8] Cleaned up temp file: C:\Users\OMEN19~1\AppData\Local\Temp\tmp76h8kdg8.pl
2025-08-25 20:35:42,082 - hybex_system.prolog_engine - INFO - [Session:664128f8] Executing SWI-Prolog command: swipl -q -g "consult('C:/Users/OMEN19~1/AppData/Local/Temp/tmppkw0flyt.pl')" -g "eligible_for_legal_aid(case_gen)" -g halt
2025-08-25 20:35:42,289 - hybex_system.prolog_engine - WARNING - [Session:664128f8] Prolog warning/error: Warning: d:/code_stuff/hybex-law/multi_domain_legal/knowledge_base/cross_domain_rules.pl:45:
Warning:    Singleton variables: [Person]
ERROR: c:/users/omen 19/appdata/local/temp/tmpo2_dy51_.pl:1:16: Syntax error: Operator expected
ERROR: -g eligible_for_legal_aid(case_gen): categorically_eligible/1: Unknown procedure: social_category/2
2025-08-25 20:35:42,289 - hybex_system.prolog_engine - INFO - [Session:664128f8] Cleaned up temp file: C:\Users\OMEN19~1\AppData\Local\Temp\tmpo2_dy51_.pl
2025-08-25 20:35:42,289 - hybex_system.prolog_engine - INFO - [Session:664128f8] Cleaned up temp file: C:\Users\OMEN19~1\AppData\Local\Temp\tmppkw0flyt.pl
2025-08-25 20:35:42,289 - hybex_system.prolog_engine - INFO - [Session:664128f8] Executing SWI-Prolog command: swipl -q -g "consult('C:/Users/OMEN19~1/AppData/Local/Temp/tmppup999bb.pl')" -g "eligible_for_legal_aid(case_gen)" -g halt
2025-08-25 20:35:42,531 - hybex_system.prolog_engine - WARNING - [Session:664128f8] Prolog warning/error: Warning: d:/code_stuff/hybex-law/multi_domain_legal/knowledge_base/cross_domain_rules.pl:45:
Warning:    Singleton variables: [Person]
ERROR: c:/users/omen 19/appdata/local/temp/tmpwi99ww92.pl:1:16: Syntax error: Operator expected
ERROR: -g eligible_for_legal_aid(case_gen): categorically_eligible/1: Unknown procedure: social_category/2
2025-08-25 20:35:42,533 - hybex_system.prolog_engine - INFO - [Session:664128f8] Cleaned up temp file: C:\Users\OMEN19~1\AppData\Local\Temp\tmpwi99ww92.pl
2025-08-25 20:35:42,534 - hybex_system.prolog_engine - INFO - [Session:664128f8] Cleaned up temp file: C:\Users\OMEN19~1\AppData\Local\Temp\tmppup999bb.pl
2025-08-25 20:35:42,539 - hybex_system.prolog_engine - INFO - [Session:664128f8] Executing SWI-Prolog command: swipl -q -g "consult('C:/Users/OMEN19~1/AppData/Local/Temp/tmpprwk7t_5.pl')" -g "eligible_for_legal_aid(case_gen)" -g halt
2025-08-25 20:35:42,732 - hybex_system.prolog_engine - WARNING - [Session:664128f8] Prolog warning/error: Warning: d:/code_stuff/hybex-law/multi_domain_legal/knowledge_base/cross_domain_rules.pl:45:
Warning:    Singleton variables: [Person]
ERROR: c:/users/omen 19/appdata/local/temp/tmpiskr0qla.pl:1:16: Syntax error: Operator expected
ERROR: -g eligible_for_legal_aid(case_gen): categorically_eligible/1: Unknown procedure: social_category/2
2025-08-25 20:35:42,734 - hybex_system.prolog_engine - INFO - [Session:664128f8] Cleaned up temp file: C:\Users\OMEN19~1\AppData\Local\Temp\tmpiskr0qla.pl
2025-08-25 20:35:42,734 - hybex_system.prolog_engine - INFO - [Session:664128f8] Cleaned up temp file: C:\Users\OMEN19~1\AppData\Local\Temp\tmpprwk7t_5.pl
2025-08-25 20:35:42,737 - hybex_system.prolog_engine - INFO - [Session:664128f8] Executing SWI-Prolog command: swipl -q -g "consult('C:/Users/OMEN19~1/AppData/Local/Temp/tmpvsbtl42o.pl')" -g "eligible_for_legal_aid(case_gen)" -g halt
2025-08-25 20:35:42,954 - hybex_system.prolog_engine - WARNING - [Session:664128f8] Prolog warning/error: Warning: d:/code_stuff/hybex-law/multi_domain_legal/knowledge_base/cross_domain_rules.pl:45:
Warning:    Singleton variables: [Person]
ERROR: c:/users/omen 19/appdata/local/temp/tmpxr07hhti.pl:1:16: Syntax error: Operator expected
ERROR: -g eligible_for_legal_aid(case_gen): categorically_eligible/1: Unknown procedure: social_category/2
2025-08-25 20:35:42,956 - hybex_system.prolog_engine - INFO - [Session:664128f8] Cleaned up temp file: C:\Users\OMEN19~1\AppData\Local\Temp\tmpxr07hhti.pl
2025-08-25 20:35:42,959 - hybex_system.prolog_engine - INFO - [Session:664128f8] Cleaned up temp file: C:\Users\OMEN19~1\AppData\Local\Temp\tmpvsbtl42o.pl
2025-08-25 20:35:42,969 - hybex_system.prolog_engine - INFO - [Session:664128f8] Executing SWI-Prolog command: swipl -q -g "consult('C:/Users/OMEN19~1/AppData/Local/Temp/tmpsjt5f22o.pl')" -g "eligible_for_legal_aid(case_gen)" -g halt
2025-08-25 20:35:43,201 - hybex_system.prolog_engine - WARNING - [Session:664128f8] Prolog warning/error: Warning: d:/code_stuff/hybex-law/multi_domain_legal/knowledge_base/cross_domain_rules.pl:45:
Warning:    Singleton variables: [Person]
ERROR: c:/users/omen 19/appdata/local/temp/tmp59dmx_jb.pl:1:16: Syntax error: Operator expected
ERROR: -g eligible_for_legal_aid(case_gen): categorically_eligible/1: Unknown procedure: social_category/2
2025-08-25 20:35:43,209 - hybex_system.prolog_engine - INFO - [Session:664128f8] Cleaned up temp file: C:\Users\OMEN19~1\AppData\Local\Temp\tmp59dmx_jb.pl
2025-08-25 20:35:43,209 - hybex_system.prolog_engine - INFO - [Session:664128f8] Cleaned up temp file: C:\Users\OMEN19~1\AppData\Local\Temp\tmpsjt5f22o.pl
2025-08-25 20:35:43,213 - hybex_system.prolog_engine - INFO - [Session:664128f8] Executing SWI-Prolog command: swipl -q -g "consult('C:/Users/OMEN19~1/AppData/Local/Temp/tmpa3t82fj3.pl')" -g "eligible_for_legal_aid(case_gen)" -g halt
2025-08-25 20:35:43,454 - hybex_system.prolog_engine - WARNING - [Session:664128f8] Prolog warning/error: Warning: d:/code_stuff/hybex-law/multi_domain_legal/knowledge_base/cross_domain_rules.pl:45:
Warning:    Singleton variables: [Person]
ERROR: c:/users/omen 19/appdata/local/temp/tmpxnslyh83.pl:1:16: Syntax error: Operator expected
ERROR: -g eligible_for_legal_aid(case_gen): categorically_eligible/1: Unknown procedure: social_category/2
2025-08-25 20:35:43,464 - hybex_system.prolog_engine - INFO - [Session:664128f8] Cleaned up temp file: C:\Users\OMEN19~1\AppData\Local\Temp\tmpxnslyh83.pl
2025-08-25 20:35:43,464 - hybex_system.prolog_engine - INFO - [Session:664128f8] Cleaned up temp file: C:\Users\OMEN19~1\AppData\Local\Temp\tmpa3t82fj3.pl
2025-08-25 20:35:43,464 - hybex_system.prolog_engine - INFO - [Session:664128f8] Executing SWI-Prolog command: swipl -q -g "consult('C:/Users/OMEN19~1/AppData/Local/Temp/tmpxgs3_xio.pl')" -g "eligible_for_legal_aid(case_gen)" -g halt
2025-08-25 20:35:43,667 - hybex_system.prolog_engine - WARNING - [Session:664128f8] Prolog warning/error: Warning: d:/code_stuff/hybex-law/multi_domain_legal/knowledge_base/cross_domain_rules.pl:45:
Warning:    Singleton variables: [Person]
ERROR: c:/users/omen 19/appdata/local/temp/tmpxdutvaqs.pl:1:16: Syntax error: Operator expected
ERROR: -g eligible_for_legal_aid(case_gen): categorically_eligible/1: Unknown procedure: social_category/2
2025-08-25 20:35:43,667 - hybex_system.prolog_engine - INFO - [Session:664128f8] Cleaned up temp file: C:\Users\OMEN19~1\AppData\Local\Temp\tmpxdutvaqs.pl
2025-08-25 20:35:43,667 - hybex_system.prolog_engine - INFO - [Session:664128f8] Cleaned up temp file: C:\Users\OMEN19~1\AppData\Local\Temp\tmpxgs3_xio.pl
2025-08-25 20:35:43,672 - hybex_system.prolog_engine - INFO - [Session:664128f8] Executing SWI-Prolog command: swipl -q -g "consult('C:/Users/OMEN19~1/AppData/Local/Temp/tmpft8as3y2.pl')" -g "eligible_for_legal_aid(case_gen)" -g halt
2025-08-25 20:35:43,863 - hybex_system.prolog_engine - WARNING - [Session:664128f8] Prolog warning/error: Warning: d:/code_stuff/hybex-law/multi_domain_legal/knowledge_base/cross_domain_rules.pl:45:
Warning:    Singleton variables: [Person]
ERROR: c:/users/omen 19/appdata/local/temp/tmpzic6k8fq.pl:1:16: Syntax error: Operator expected
ERROR: -g eligible_for_legal_aid(case_gen): categorically_eligible/1: Unknown procedure: social_category/2
2025-08-25 20:35:43,863 - hybex_system.prolog_engine - INFO - [Session:664128f8] Cleaned up temp file: C:\Users\OMEN19~1\AppData\Local\Temp\tmpzic6k8fq.pl
2025-08-25 20:35:43,874 - hybex_system.prolog_engine - INFO - [Session:664128f8] Cleaned up temp file: C:\Users\OMEN19~1\AppData\Local\Temp\tmpft8as3y2.pl
2025-08-25 20:35:43,875 - hybex_system.prolog_engine - INFO - [Session:664128f8] Executing SWI-Prolog command: swipl -q -g "consult('C:/Users/OMEN19~1/AppData/Local/Temp/tmphvm0gb8f.pl')" -g "eligible_for_legal_aid(case_gen)" -g halt
2025-08-25 20:35:44,092 - hybex_system.prolog_engine - WARNING - [Session:664128f8] Prolog warning/error: Warning: d:/code_stuff/hybex-law/multi_domain_legal/knowledge_base/cross_domain_rules.pl:45:
Warning:    Singleton variables: [Person]
ERROR: c:/users/omen 19/appdata/local/temp/tmpik90hm9f.pl:1:16: Syntax error: Operator expected
ERROR: -g eligible_for_legal_aid(case_gen): categorically_eligible/1: Unknown procedure: social_category/2
2025-08-25 20:35:44,092 - hybex_system.prolog_engine - INFO - [Session:664128f8] Cleaned up temp file: C:\Users\OMEN19~1\AppData\Local\Temp\tmpik90hm9f.pl
2025-08-25 20:35:44,092 - hybex_system.prolog_engine - INFO - [Session:664128f8] Cleaned up temp file: C:\Users\OMEN19~1\AppData\Local\Temp\tmphvm0gb8f.pl
2025-08-25 20:35:44,103 - hybex_system.prolog_engine - INFO - [Session:664128f8] Executing SWI-Prolog command: swipl -q -g "consult('C:/Users/OMEN19~1/AppData/Local/Temp/tmp09j0nukg.pl')" -g "eligible_for_legal_aid(case_gen)" -g halt
2025-08-25 20:35:44,329 - hybex_system.prolog_engine - WARNING - [Session:664128f8] Prolog warning/error: Warning: d:/code_stuff/hybex-law/multi_domain_legal/knowledge_base/cross_domain_rules.pl:45:
Warning:    Singleton variables: [Person]
ERROR: c:/users/omen 19/appdata/local/temp/tmpq1wa6l9e.pl:1:16: Syntax error: Operator expected
ERROR: -g eligible_for_legal_aid(case_gen): categorically_eligible/1: Unknown procedure: social_category/2
2025-08-25 20:35:44,332 - hybex_system.prolog_engine - INFO - [Session:664128f8] Cleaned up temp file: C:\Users\OMEN19~1\AppData\Local\Temp\tmpq1wa6l9e.pl
2025-08-25 20:35:44,332 - hybex_system.prolog_engine - INFO - [Session:664128f8] Cleaned up temp file: C:\Users\OMEN19~1\AppData\Local\Temp\tmp09j0nukg.pl
2025-08-25 20:35:44,342 - hybex_system.prolog_engine - INFO - [Session:664128f8] Executing SWI-Prolog command: swipl -q -g "consult('C:/Users/OMEN19~1/AppData/Local/Temp/tmp_snfj6hi.pl')" -g "eligible_for_legal_aid(case_gen)" -g halt
2025-08-25 20:35:44,583 - hybex_system.prolog_engine - WARNING - [Session:664128f8] Prolog warning/error: Warning: d:/code_stuff/hybex-law/multi_domain_legal/knowledge_base/cross_domain_rules.pl:45:
Warning:    Singleton variables: [Person]
ERROR: c:/users/omen 19/appdata/local/temp/tmpwj306gaq.pl:1:16: Syntax error: Operator expected
ERROR: -g eligible_for_legal_aid(case_gen): categorically_eligible/1: Unknown procedure: social_category/2
2025-08-25 20:35:44,583 - hybex_system.prolog_engine - INFO - [Session:664128f8] Cleaned up temp file: C:\Users\OMEN19~1\AppData\Local\Temp\tmpwj306gaq.pl
2025-08-25 20:35:44,583 - hybex_system.prolog_engine - INFO - [Session:664128f8] Cleaned up temp file: C:\Users\OMEN19~1\AppData\Local\Temp\tmp_snfj6hi.pl
2025-08-25 20:35:44,583 - hybex_system.prolog_engine - INFO - [Session:664128f8] Executing SWI-Prolog command: swipl -q -g "consult('C:/Users/OMEN19~1/AppData/Local/Temp/tmpq3g8c9zn.pl')" -g "eligible_for_legal_aid(case_gen)" -g halt
2025-08-25 20:35:44,829 - hybex_system.prolog_engine - WARNING - [Session:664128f8] Prolog warning/error: Warning: d:/code_stuff/hybex-law/multi_domain_legal/knowledge_base/cross_domain_rules.pl:45:
Warning:    Singleton variables: [Person]
ERROR: c:/users/omen 19/appdata/local/temp/tmpixl_bxx3.pl:1:16: Syntax error: Operator expected
ERROR: -g eligible_for_legal_aid(case_gen): categorically_eligible/1: Unknown procedure: social_category/2
2025-08-25 20:35:44,831 - hybex_system.prolog_engine - INFO - [Session:664128f8] Cleaned up temp file: C:\Users\OMEN19~1\AppData\Local\Temp\tmpixl_bxx3.pl
2025-08-25 20:35:44,833 - hybex_system.prolog_engine - INFO - [Session:664128f8] Cleaned up temp file: C:\Users\OMEN19~1\AppData\Local\Temp\tmpq3g8c9zn.pl
2025-08-25 20:35:44,840 - hybex_system.prolog_engine - INFO - [Session:664128f8] Executing SWI-Prolog command: swipl -q -g "consult('C:/Users/OMEN19~1/AppData/Local/Temp/tmpsuwtheij.pl')" -g "eligible_for_legal_aid(case_gen)" -g halt
2025-08-25 20:35:45,053 - hybex_system.prolog_engine - WARNING - [Session:664128f8] Prolog warning/error: Warning: d:/code_stuff/hybex-law/multi_domain_legal/knowledge_base/cross_domain_rules.pl:45:
Warning:    Singleton variables: [Person]
ERROR: c:/users/omen 19/appdata/local/temp/tmp1m1b0h3v.pl:1:16: Syntax error: Operator expected
ERROR: -g eligible_for_legal_aid(case_gen): categorically_eligible/1: Unknown procedure: social_category/2
2025-08-25 20:35:45,053 - hybex_system.prolog_engine - INFO - [Session:664128f8] Cleaned up temp file: C:\Users\OMEN19~1\AppData\Local\Temp\tmp1m1b0h3v.pl
2025-08-25 20:35:45,053 - hybex_system.prolog_engine - INFO - [Session:664128f8] Cleaned up temp file: C:\Users\OMEN19~1\AppData\Local\Temp\tmpsuwtheij.pl
2025-08-25 20:35:45,061 - hybex_system.prolog_engine - INFO - [Session:664128f8] Executing SWI-Prolog command: swipl -q -g "consult('C:/Users/OMEN19~1/AppData/Local/Temp/tmpvebpmly9.pl')" -g "eligible_for_legal_aid(case_gen)" -g halt
2025-08-25 20:35:45,289 - hybex_system.prolog_engine - WARNING - [Session:664128f8] Prolog warning/error: Warning: d:/code_stuff/hybex-law/multi_domain_legal/knowledge_base/cross_domain_rules.pl:45:
Warning:    Singleton variables: [Person]
ERROR: c:/users/omen 19/appdata/local/temp/tmpcc_u5wii.pl:1:16: Syntax error: Operator expected
ERROR: -g eligible_for_legal_aid(case_gen): categorically_eligible/1: Unknown procedure: social_category/2
2025-08-25 20:35:45,289 - hybex_system.prolog_engine - INFO - [Session:664128f8] Cleaned up temp file: C:\Users\OMEN19~1\AppData\Local\Temp\tmpcc_u5wii.pl
2025-08-25 20:35:45,298 - hybex_system.prolog_engine - INFO - [Session:664128f8] Cleaned up temp file: C:\Users\OMEN19~1\AppData\Local\Temp\tmpvebpmly9.pl
2025-08-25 20:35:45,301 - hybex_system.prolog_engine - INFO - [Session:664128f8] Executing SWI-Prolog command: swipl -q -g "consult('C:/Users/OMEN19~1/AppData/Local/Temp/tmp617tm7oa.pl')" -g "eligible_for_legal_aid(case_gen)" -g halt
2025-08-25 20:35:45,536 - hybex_system.prolog_engine - WARNING - [Session:664128f8] Prolog warning/error: Warning: d:/code_stuff/hybex-law/multi_domain_legal/knowledge_base/cross_domain_rules.pl:45:
Warning:    Singleton variables: [Person]
ERROR: c:/users/omen 19/appdata/local/temp/tmpvtua_6tz.pl:1:16: Syntax error: Operator expected
ERROR: -g eligible_for_legal_aid(case_gen): categorically_eligible/1: Unknown procedure: social_category/2
2025-08-25 20:35:45,537 - hybex_system.prolog_engine - INFO - [Session:664128f8] Cleaned up temp file: C:\Users\OMEN19~1\AppData\Local\Temp\tmpvtua_6tz.pl
2025-08-25 20:35:45,539 - hybex_system.prolog_engine - INFO - [Session:664128f8] Cleaned up temp file: C:\Users\OMEN19~1\AppData\Local\Temp\tmp617tm7oa.pl
2025-08-25 20:35:45,544 - hybex_system.prolog_engine - INFO - [Session:664128f8] Executing SWI-Prolog command: swipl -q -g "consult('C:/Users/OMEN19~1/AppData/Local/Temp/tmp7e26v3su.pl')" -g "eligible_for_legal_aid(case_gen)" -g halt
2025-08-25 20:35:45,777 - hybex_system.prolog_engine - WARNING - [Session:664128f8] Prolog warning/error: Warning: d:/code_stuff/hybex-law/multi_domain_legal/knowledge_base/cross_domain_rules.pl:45:
Warning:    Singleton variables: [Person]
ERROR: c:/users/omen 19/appdata/local/temp/tmpctjncdny.pl:1:16: Syntax error: Operator expected
ERROR: -g eligible_for_legal_aid(case_gen): categorically_eligible/1: Unknown procedure: social_category/2
2025-08-25 20:35:45,777 - hybex_system.prolog_engine - INFO - [Session:664128f8] Cleaned up temp file: C:\Users\OMEN19~1\AppData\Local\Temp\tmpctjncdny.pl
2025-08-25 20:35:45,777 - hybex_system.prolog_engine - INFO - [Session:664128f8] Cleaned up temp file: C:\Users\OMEN19~1\AppData\Local\Temp\tmp7e26v3su.pl
2025-08-25 20:35:45,783 - hybex_system.prolog_engine - INFO - [Session:664128f8] Executing SWI-Prolog command: swipl -q -g "consult('C:/Users/OMEN19~1/AppData/Local/Temp/tmpsuf5mred.pl')" -g "eligible_for_legal_aid(case_gen)" -g halt
2025-08-25 20:35:45,999 - hybex_system.prolog_engine - WARNING - [Session:664128f8] Prolog warning/error: Warning: d:/code_stuff/hybex-law/multi_domain_legal/knowledge_base/cross_domain_rules.pl:45:
Warning:    Singleton variables: [Person]
ERROR: c:/users/omen 19/appdata/local/temp/tmpgkfh0msr.pl:1:16: Syntax error: Operator expected
ERROR: -g eligible_for_legal_aid(case_gen): categorically_eligible/1: Unknown procedure: social_category/2
2025-08-25 20:35:46,001 - hybex_system.prolog_engine - INFO - [Session:664128f8] Cleaned up temp file: C:\Users\OMEN19~1\AppData\Local\Temp\tmpgkfh0msr.pl
2025-08-25 20:35:46,003 - hybex_system.prolog_engine - INFO - [Session:664128f8] Cleaned up temp file: C:\Users\OMEN19~1\AppData\Local\Temp\tmpsuf5mred.pl
2025-08-25 20:35:46,005 - hybex_system.prolog_engine - INFO - [Session:664128f8] Executing SWI-Prolog command: swipl -q -g "consult('C:/Users/OMEN19~1/AppData/Local/Temp/tmpw93730n4.pl')" -g "eligible_for_legal_aid(case_gen)" -g halt
2025-08-25 20:35:46,209 - hybex_system.prolog_engine - WARNING - [Session:664128f8] Prolog warning/error: Warning: d:/code_stuff/hybex-law/multi_domain_legal/knowledge_base/cross_domain_rules.pl:45:
Warning:    Singleton variables: [Person]
ERROR: c:/users/omen 19/appdata/local/temp/tmphlai6hsh.pl:1:16: Syntax error: Operator expected
ERROR: -g eligible_for_legal_aid(case_gen): categorically_eligible/1: Unknown procedure: social_category/2
2025-08-25 20:35:46,209 - hybex_system.prolog_engine - INFO - [Session:664128f8] Cleaned up temp file: C:\Users\OMEN19~1\AppData\Local\Temp\tmphlai6hsh.pl
2025-08-25 20:35:46,209 - hybex_system.prolog_engine - INFO - [Session:664128f8] Cleaned up temp file: C:\Users\OMEN19~1\AppData\Local\Temp\tmpw93730n4.pl
2025-08-25 20:35:46,214 - hybex_system.prolog_engine - INFO - [Session:664128f8] Executing SWI-Prolog command: swipl -q -g "consult('C:/Users/OMEN19~1/AppData/Local/Temp/tmpbi5o2h8g.pl')" -g "eligible_for_legal_aid(case_gen)" -g halt
2025-08-25 20:35:46,397 - hybex_system.prolog_engine - WARNING - [Session:664128f8] Prolog warning/error: Warning: d:/code_stuff/hybex-law/multi_domain_legal/knowledge_base/cross_domain_rules.pl:45:
Warning:    Singleton variables: [Person]
ERROR: c:/users/omen 19/appdata/local/temp/tmpnaquea27.pl:1:16: Syntax error: Operator expected
ERROR: -g eligible_for_legal_aid(case_gen): categorically_eligible/1: Unknown procedure: social_category/2
2025-08-25 20:35:46,407 - hybex_system.prolog_engine - INFO - [Session:664128f8] Cleaned up temp file: C:\Users\OMEN19~1\AppData\Local\Temp\tmpnaquea27.pl
2025-08-25 20:35:46,407 - hybex_system.prolog_engine - INFO - [Session:664128f8] Cleaned up temp file: C:\Users\OMEN19~1\AppData\Local\Temp\tmpbi5o2h8g.pl
2025-08-25 20:35:46,407 - hybex_system.prolog_engine - INFO - [Session:664128f8] Executing SWI-Prolog command: swipl -q -g "consult('C:/Users/OMEN19~1/AppData/Local/Temp/tmp53lddptx.pl')" -g "eligible_for_legal_aid(case_gen)" -g halt
2025-08-25 20:35:46,637 - hybex_system.prolog_engine - WARNING - [Session:664128f8] Prolog warning/error: Warning: d:/code_stuff/hybex-law/multi_domain_legal/knowledge_base/cross_domain_rules.pl:45:
Warning:    Singleton variables: [Person]
ERROR: c:/users/omen 19/appdata/local/temp/tmpe1kb1cq2.pl:1:16: Syntax error: Operator expected
ERROR: -g eligible_for_legal_aid(case_gen): categorically_eligible/1: Unknown procedure: social_category/2
2025-08-25 20:35:46,637 - hybex_system.prolog_engine - INFO - [Session:664128f8] Cleaned up temp file: C:\Users\OMEN19~1\AppData\Local\Temp\tmpe1kb1cq2.pl
2025-08-25 20:35:46,644 - hybex_system.prolog_engine - INFO - [Session:664128f8] Cleaned up temp file: C:\Users\OMEN19~1\AppData\Local\Temp\tmp53lddptx.pl
2025-08-25 20:35:46,646 - hybex_system.prolog_engine - INFO - [Session:664128f8] Executing SWI-Prolog command: swipl -q -g "consult('C:/Users/OMEN19~1/AppData/Local/Temp/tmpqaf2rome.pl')" -g "eligible_for_legal_aid(case_gen)" -g halt
2025-08-25 20:35:46,885 - hybex_system.prolog_engine - WARNING - [Session:664128f8] Prolog warning/error: Warning: d:/code_stuff/hybex-law/multi_domain_legal/knowledge_base/cross_domain_rules.pl:45:
Warning:    Singleton variables: [Person]
ERROR: c:/users/omen 19/appdata/local/temp/tmp_b_0akow.pl:1:16: Syntax error: Operator expected
ERROR: -g eligible_for_legal_aid(case_gen): categorically_eligible/1: Unknown procedure: social_category/2
2025-08-25 20:35:46,888 - hybex_system.prolog_engine - INFO - [Session:664128f8] Cleaned up temp file: C:\Users\OMEN19~1\AppData\Local\Temp\tmp_b_0akow.pl
2025-08-25 20:35:46,889 - hybex_system.prolog_engine - INFO - [Session:664128f8] Cleaned up temp file: C:\Users\OMEN19~1\AppData\Local\Temp\tmpqaf2rome.pl
2025-08-25 20:35:46,896 - hybex_system.prolog_engine - INFO - [Session:664128f8] Executing SWI-Prolog command: swipl -q -g "consult('C:/Users/OMEN19~1/AppData/Local/Temp/tmpo2837tgt.pl')" -g "eligible_for_legal_aid(case_gen)" -g halt
2025-08-25 20:35:47,071 - hybex_system.prolog_engine - WARNING - [Session:664128f8] Prolog warning/error: Warning: d:/code_stuff/hybex-law/multi_domain_legal/knowledge_base/cross_domain_rules.pl:45:
Warning:    Singleton variables: [Person]
ERROR: c:/users/omen 19/appdata/local/temp/tmpk2kqgvf_.pl:1:16: Syntax error: Operator expected
ERROR: -g eligible_for_legal_aid(case_gen): categorically_eligible/1: Unknown procedure: social_category/2
2025-08-25 20:35:47,072 - hybex_system.prolog_engine - INFO - [Session:664128f8] Cleaned up temp file: C:\Users\OMEN19~1\AppData\Local\Temp\tmpk2kqgvf_.pl
2025-08-25 20:35:47,075 - hybex_system.prolog_engine - INFO - [Session:664128f8] Cleaned up temp file: C:\Users\OMEN19~1\AppData\Local\Temp\tmpo2837tgt.pl
2025-08-25 20:35:47,077 - hybex_system.prolog_engine - INFO - [Session:664128f8] Executing SWI-Prolog command: swipl -q -g "consult('C:/Users/OMEN19~1/AppData/Local/Temp/tmpeneaaazr.pl')" -g "eligible_for_legal_aid(case_gen)" -g halt
2025-08-25 20:35:47,284 - hybex_system.prolog_engine - WARNING - [Session:664128f8] Prolog warning/error: Warning: d:/code_stuff/hybex-law/multi_domain_legal/knowledge_base/cross_domain_rules.pl:45:
Warning:    Singleton variables: [Person]
ERROR: c:/users/omen 19/appdata/local/temp/tmpan0ici5v.pl:1:16: Syntax error: Operator expected
ERROR: -g eligible_for_legal_aid(case_gen): categorically_eligible/1: Unknown procedure: social_category/2
2025-08-25 20:35:47,285 - hybex_system.prolog_engine - INFO - [Session:664128f8] Cleaned up temp file: C:\Users\OMEN19~1\AppData\Local\Temp\tmpan0ici5v.pl
2025-08-25 20:35:47,286 - hybex_system.prolog_engine - INFO - [Session:664128f8] Cleaned up temp file: C:\Users\OMEN19~1\AppData\Local\Temp\tmpeneaaazr.pl
2025-08-25 20:35:47,290 - hybex_system.prolog_engine - INFO - [Session:664128f8] Executing SWI-Prolog command: swipl -q -g "consult('C:/Users/OMEN19~1/AppData/Local/Temp/tmplxrt9fzn.pl')" -g "eligible_for_legal_aid(case_gen)" -g halt
2025-08-25 20:35:47,447 - hybex_system.prolog_engine - WARNING - [Session:664128f8] Prolog warning/error: Warning: d:/code_stuff/hybex-law/multi_domain_legal/knowledge_base/cross_domain_rules.pl:45:
Warning:    Singleton variables: [Person]
ERROR: c:/users/omen 19/appdata/local/temp/tmp_gponzfn.pl:1:16: Syntax error: Operator expected
ERROR: -g eligible_for_legal_aid(case_gen): categorically_eligible/1: Unknown procedure: social_category/2
2025-08-25 20:35:47,447 - hybex_system.prolog_engine - INFO - [Session:664128f8] Cleaned up temp file: C:\Users\OMEN19~1\AppData\Local\Temp\tmp_gponzfn.pl
2025-08-25 20:35:47,449 - hybex_system.prolog_engine - INFO - [Session:664128f8] Cleaned up temp file: C:\Users\OMEN19~1\AppData\Local\Temp\tmplxrt9fzn.pl
2025-08-25 20:35:47,453 - hybex_system.prolog_engine - INFO - [Session:664128f8] Executing SWI-Prolog command: swipl -q -g "consult('C:/Users/OMEN19~1/AppData/Local/Temp/tmpgzh1gcb8.pl')" -g "eligible_for_legal_aid(case_gen)" -g halt
2025-08-25 20:35:47,651 - hybex_system.prolog_engine - WARNING - [Session:664128f8] Prolog warning/error: Warning: d:/code_stuff/hybex-law/multi_domain_legal/knowledge_base/cross_domain_rules.pl:45:
Warning:    Singleton variables: [Person]
ERROR: c:/users/omen 19/appdata/local/temp/tmpcmsiw38i.pl:1:16: Syntax error: Operator expected
ERROR: -g eligible_for_legal_aid(case_gen): categorically_eligible/1: Unknown procedure: social_category/2
2025-08-25 20:35:47,657 - hybex_system.prolog_engine - INFO - [Session:664128f8] Cleaned up temp file: C:\Users\OMEN19~1\AppData\Local\Temp\tmpcmsiw38i.pl
2025-08-25 20:35:47,659 - hybex_system.prolog_engine - INFO - [Session:664128f8] Cleaned up temp file: C:\Users\OMEN19~1\AppData\Local\Temp\tmpgzh1gcb8.pl
2025-08-25 20:35:47,664 - hybex_system.prolog_engine - INFO - [Session:664128f8] Executing SWI-Prolog command: swipl -q -g "consult('C:/Users/OMEN19~1/AppData/Local/Temp/tmp6f8wigzv.pl')" -g "eligible_for_legal_aid(case_gen)" -g halt
2025-08-25 20:35:47,833 - hybex_system.prolog_engine - WARNING - [Session:664128f8] Prolog warning/error: Warning: d:/code_stuff/hybex-law/multi_domain_legal/knowledge_base/cross_domain_rules.pl:45:
Warning:    Singleton variables: [Person]
ERROR: c:/users/omen 19/appdata/local/temp/tmp9qf9b4db.pl:1:16: Syntax error: Operator expected
ERROR: -g eligible_for_legal_aid(case_gen): categorically_eligible/1: Unknown procedure: social_category/2
2025-08-25 20:35:47,833 - hybex_system.prolog_engine - INFO - [Session:664128f8] Cleaned up temp file: C:\Users\OMEN19~1\AppData\Local\Temp\tmp9qf9b4db.pl
2025-08-25 20:35:47,833 - hybex_system.prolog_engine - INFO - [Session:664128f8] Cleaned up temp file: C:\Users\OMEN19~1\AppData\Local\Temp\tmp6f8wigzv.pl
2025-08-25 20:35:47,833 - hybex_system.prolog_engine - INFO - [Session:664128f8] Executing SWI-Prolog command: swipl -q -g "consult('C:/Users/OMEN19~1/AppData/Local/Temp/tmps9n4wq7y.pl')" -g "eligible_for_legal_aid(case_gen)" -g halt
2025-08-25 20:35:48,067 - hybex_system.prolog_engine - WARNING - [Session:664128f8] Prolog warning/error: Warning: d:/code_stuff/hybex-law/multi_domain_legal/knowledge_base/cross_domain_rules.pl:45:
Warning:    Singleton variables: [Person]
ERROR: c:/users/omen 19/appdata/local/temp/tmpe514bcjm.pl:1:16: Syntax error: Operator expected
ERROR: -g eligible_for_legal_aid(case_gen): categorically_eligible/1: Unknown procedure: social_category/2
2025-08-25 20:35:48,067 - hybex_system.prolog_engine - INFO - [Session:664128f8] Cleaned up temp file: C:\Users\OMEN19~1\AppData\Local\Temp\tmpe514bcjm.pl
2025-08-25 20:35:48,071 - hybex_system.prolog_engine - INFO - [Session:664128f8] Cleaned up temp file: C:\Users\OMEN19~1\AppData\Local\Temp\tmps9n4wq7y.pl
2025-08-25 20:35:48,077 - hybex_system.prolog_engine - INFO - [Session:664128f8] Executing SWI-Prolog command: swipl -q -g "consult('C:/Users/OMEN19~1/AppData/Local/Temp/tmp5lehyw22.pl')" -g "eligible_for_legal_aid(case_gen)" -g halt
2025-08-25 20:35:48,283 - hybex_system.prolog_engine - WARNING - [Session:664128f8] Prolog warning/error: Warning: d:/code_stuff/hybex-law/multi_domain_legal/knowledge_base/cross_domain_rules.pl:45:
Warning:    Singleton variables: [Person]
ERROR: c:/users/omen 19/appdata/local/temp/tmpu2kcj5nj.pl:1:16: Syntax error: Operator expected
ERROR: -g eligible_for_legal_aid(case_gen): categorically_eligible/1: Unknown procedure: social_category/2
2025-08-25 20:35:48,283 - hybex_system.prolog_engine - INFO - [Session:664128f8] Cleaned up temp file: C:\Users\OMEN19~1\AppData\Local\Temp\tmpu2kcj5nj.pl
2025-08-25 20:35:48,283 - hybex_system.prolog_engine - INFO - [Session:664128f8] Cleaned up temp file: C:\Users\OMEN19~1\AppData\Local\Temp\tmp5lehyw22.pl
2025-08-25 20:35:48,283 - hybex_system.prolog_engine - INFO - [Session:664128f8] Executing SWI-Prolog command: swipl -q -g "consult('C:/Users/OMEN19~1/AppData/Local/Temp/tmp91owp8i3.pl')" -g "eligible_for_legal_aid(case_gen)" -g halt
2025-08-25 20:35:48,492 - hybex_system.prolog_engine - WARNING - [Session:664128f8] Prolog warning/error: Warning: d:/code_stuff/hybex-law/multi_domain_legal/knowledge_base/cross_domain_rules.pl:45:
Warning:    Singleton variables: [Person]
ERROR: c:/users/omen 19/appdata/local/temp/tmp_d1ysvty.pl:1:16: Syntax error: Operator expected
ERROR: -g eligible_for_legal_aid(case_gen): categorically_eligible/1: Unknown procedure: social_category/2
2025-08-25 20:35:48,492 - hybex_system.prolog_engine - INFO - [Session:664128f8] Cleaned up temp file: C:\Users\OMEN19~1\AppData\Local\Temp\tmp_d1ysvty.pl
2025-08-25 20:35:48,492 - hybex_system.prolog_engine - INFO - [Session:664128f8] Cleaned up temp file: C:\Users\OMEN19~1\AppData\Local\Temp\tmp91owp8i3.pl
2025-08-25 20:35:48,499 - hybex_system.prolog_engine - INFO - [Session:664128f8] Executing SWI-Prolog command: swipl -q -g "consult('C:/Users/OMEN19~1/AppData/Local/Temp/tmp4_qn0bvr.pl')" -g "eligible_for_legal_aid(case_gen)" -g halt
2025-08-25 20:35:48,693 - hybex_system.prolog_engine - WARNING - [Session:664128f8] Prolog warning/error: Warning: d:/code_stuff/hybex-law/multi_domain_legal/knowledge_base/cross_domain_rules.pl:45:
Warning:    Singleton variables: [Person]
ERROR: c:/users/omen 19/appdata/local/temp/tmpagbgol4l.pl:1:16: Syntax error: Operator expected
ERROR: -g eligible_for_legal_aid(case_gen): categorically_eligible/1: Unknown procedure: social_category/2
2025-08-25 20:35:48,693 - hybex_system.prolog_engine - INFO - [Session:664128f8] Cleaned up temp file: C:\Users\OMEN19~1\AppData\Local\Temp\tmpagbgol4l.pl
2025-08-25 20:35:48,700 - hybex_system.prolog_engine - INFO - [Session:664128f8] Cleaned up temp file: C:\Users\OMEN19~1\AppData\Local\Temp\tmp4_qn0bvr.pl
2025-08-25 20:35:48,700 - hybex_system.prolog_engine - INFO - [Session:664128f8] Executing SWI-Prolog command: swipl -q -g "consult('C:/Users/OMEN19~1/AppData/Local/Temp/tmpz37370hr.pl')" -g "eligible_for_legal_aid(case_gen)" -g halt
2025-08-25 20:35:48,904 - hybex_system.prolog_engine - WARNING - [Session:664128f8] Prolog warning/error: Warning: d:/code_stuff/hybex-law/multi_domain_legal/knowledge_base/cross_domain_rules.pl:45:
Warning:    Singleton variables: [Person]
ERROR: c:/users/omen 19/appdata/local/temp/tmpb50blvcb.pl:1:16: Syntax error: Operator expected
ERROR: -g eligible_for_legal_aid(case_gen): categorically_eligible/1: Unknown procedure: social_category/2
2025-08-25 20:35:48,904 - hybex_system.prolog_engine - INFO - [Session:664128f8] Cleaned up temp file: C:\Users\OMEN19~1\AppData\Local\Temp\tmpb50blvcb.pl
2025-08-25 20:35:48,904 - hybex_system.prolog_engine - INFO - [Session:664128f8] Cleaned up temp file: C:\Users\OMEN19~1\AppData\Local\Temp\tmpz37370hr.pl
2025-08-25 20:35:48,910 - hybex_system.prolog_engine - INFO - [Session:664128f8] Executing SWI-Prolog command: swipl -q -g "consult('C:/Users/OMEN19~1/AppData/Local/Temp/tmpemyywia0.pl')" -g "eligible_for_legal_aid(case_gen)" -g halt
2025-08-25 20:35:49,133 - hybex_system.prolog_engine - WARNING - [Session:664128f8] Prolog warning/error: Warning: d:/code_stuff/hybex-law/multi_domain_legal/knowledge_base/cross_domain_rules.pl:45:
Warning:    Singleton variables: [Person]
ERROR: c:/users/omen 19/appdata/local/temp/tmp0j37elyl.pl:1:16: Syntax error: Operator expected
ERROR: -g eligible_for_legal_aid(case_gen): categorically_eligible/1: Unknown procedure: social_category/2
2025-08-25 20:35:49,133 - hybex_system.prolog_engine - INFO - [Session:664128f8] Cleaned up temp file: C:\Users\OMEN19~1\AppData\Local\Temp\tmp0j37elyl.pl
2025-08-25 20:35:49,138 - hybex_system.prolog_engine - INFO - [Session:664128f8] Cleaned up temp file: C:\Users\OMEN19~1\AppData\Local\Temp\tmpemyywia0.pl
2025-08-25 20:35:49,143 - hybex_system.prolog_engine - INFO - [Session:664128f8] Executing SWI-Prolog command: swipl -q -g "consult('C:/Users/OMEN19~1/AppData/Local/Temp/tmphc40gcum.pl')" -g "eligible_for_legal_aid(case_gen)" -g halt
2025-08-25 20:35:49,332 - hybex_system.prolog_engine - WARNING - [Session:664128f8] Prolog warning/error: Warning: d:/code_stuff/hybex-law/multi_domain_legal/knowledge_base/cross_domain_rules.pl:45:
Warning:    Singleton variables: [Person]
ERROR: c:/users/omen 19/appdata/local/temp/tmp_o5usmd8.pl:1:16: Syntax error: Operator expected
ERROR: -g eligible_for_legal_aid(case_gen): categorically_eligible/1: Unknown procedure: social_category/2
2025-08-25 20:35:49,342 - hybex_system.prolog_engine - INFO - [Session:664128f8] Cleaned up temp file: C:\Users\OMEN19~1\AppData\Local\Temp\tmp_o5usmd8.pl
2025-08-25 20:35:49,342 - hybex_system.prolog_engine - INFO - [Session:664128f8] Cleaned up temp file: C:\Users\OMEN19~1\AppData\Local\Temp\tmphc40gcum.pl
2025-08-25 20:35:49,348 - hybex_system.prolog_engine - INFO - [Session:664128f8] Executing SWI-Prolog command: swipl -q -g "consult('C:/Users/OMEN19~1/AppData/Local/Temp/tmpbx0mm16v.pl')" -g "eligible_for_legal_aid(case_gen)" -g halt
2025-08-25 20:35:49,571 - hybex_system.prolog_engine - WARNING - [Session:664128f8] Prolog warning/error: Warning: d:/code_stuff/hybex-law/multi_domain_legal/knowledge_base/cross_domain_rules.pl:45:
Warning:    Singleton variables: [Person]
ERROR: c:/users/omen 19/appdata/local/temp/tmpwnvg69s_.pl:1:16: Syntax error: Operator expected
ERROR: -g eligible_for_legal_aid(case_gen): categorically_eligible/1: Unknown procedure: social_category/2
2025-08-25 20:35:49,575 - hybex_system.prolog_engine - INFO - [Session:664128f8] Cleaned up temp file: C:\Users\OMEN19~1\AppData\Local\Temp\tmpwnvg69s_.pl
2025-08-25 20:35:49,575 - hybex_system.prolog_engine - INFO - [Session:664128f8] Cleaned up temp file: C:\Users\OMEN19~1\AppData\Local\Temp\tmpbx0mm16v.pl
2025-08-25 20:35:49,578 - hybex_system.prolog_engine - INFO - [Session:664128f8] Executing SWI-Prolog command: swipl -q -g "consult('C:/Users/OMEN19~1/AppData/Local/Temp/tmpp7v3u25q.pl')" -g "eligible_for_legal_aid(case_gen)" -g halt
2025-08-25 20:35:49,798 - hybex_system.prolog_engine - WARNING - [Session:664128f8] Prolog warning/error: Warning: d:/code_stuff/hybex-law/multi_domain_legal/knowledge_base/cross_domain_rules.pl:45:
Warning:    Singleton variables: [Person]
ERROR: c:/users/omen 19/appdata/local/temp/tmpiqv3iq5m.pl:1:16: Syntax error: Operator expected
ERROR: -g eligible_for_legal_aid(case_gen): categorically_eligible/1: Unknown procedure: social_category/2
2025-08-25 20:35:49,801 - hybex_system.prolog_engine - INFO - [Session:664128f8] Cleaned up temp file: C:\Users\OMEN19~1\AppData\Local\Temp\tmpiqv3iq5m.pl
2025-08-25 20:35:49,802 - hybex_system.prolog_engine - INFO - [Session:664128f8] Cleaned up temp file: C:\Users\OMEN19~1\AppData\Local\Temp\tmpp7v3u25q.pl
2025-08-25 20:35:49,806 - hybex_system.prolog_engine - INFO - [Session:664128f8] Executing SWI-Prolog command: swipl -q -g "consult('C:/Users/OMEN19~1/AppData/Local/Temp/tmpwjbabejs.pl')" -g "eligible_for_legal_aid(case_gen)" -g halt
2025-08-25 20:35:50,041 - hybex_system.prolog_engine - WARNING - [Session:664128f8] Prolog warning/error: Warning: d:/code_stuff/hybex-law/multi_domain_legal/knowledge_base/cross_domain_rules.pl:45:
Warning:    Singleton variables: [Person]
ERROR: c:/users/omen 19/appdata/local/temp/tmpftj8n27r.pl:1:16: Syntax error: Operator expected
ERROR: -g eligible_for_legal_aid(case_gen): categorically_eligible/1: Unknown procedure: social_category/2
2025-08-25 20:35:50,041 - hybex_system.prolog_engine - INFO - [Session:664128f8] Cleaned up temp file: C:\Users\OMEN19~1\AppData\Local\Temp\tmpftj8n27r.pl
2025-08-25 20:35:50,041 - hybex_system.prolog_engine - INFO - [Session:664128f8] Cleaned up temp file: C:\Users\OMEN19~1\AppData\Local\Temp\tmpwjbabejs.pl
2025-08-25 20:35:50,041 - hybex_system.prolog_engine - INFO - [Session:664128f8] Executing SWI-Prolog command: swipl -q -g "consult('C:/Users/OMEN19~1/AppData/Local/Temp/tmpbazz4wwq.pl')" -g "eligible_for_legal_aid(case_gen)" -g halt
2025-08-25 20:35:50,283 - hybex_system.prolog_engine - WARNING - [Session:664128f8] Prolog warning/error: Warning: d:/code_stuff/hybex-law/multi_domain_legal/knowledge_base/cross_domain_rules.pl:45:
Warning:    Singleton variables: [Person]
ERROR: c:/users/omen 19/appdata/local/temp/tmpb_ashdgp.pl:1:16: Syntax error: Operator expected
ERROR: -g eligible_for_legal_aid(case_gen): categorically_eligible/1: Unknown procedure: social_category/2
2025-08-25 20:35:50,283 - hybex_system.prolog_engine - INFO - [Session:664128f8] Cleaned up temp file: C:\Users\OMEN19~1\AppData\Local\Temp\tmpb_ashdgp.pl
2025-08-25 20:35:50,283 - hybex_system.prolog_engine - INFO - [Session:664128f8] Cleaned up temp file: C:\Users\OMEN19~1\AppData\Local\Temp\tmpbazz4wwq.pl
2025-08-25 20:35:50,294 - hybex_system.prolog_engine - INFO - [Session:664128f8] Executing SWI-Prolog command: swipl -q -g "consult('C:/Users/OMEN19~1/AppData/Local/Temp/tmpt22jqcj9.pl')" -g "eligible_for_legal_aid(case_gen)" -g halt
2025-08-25 20:35:50,519 - hybex_system.prolog_engine - WARNING - [Session:664128f8] Prolog warning/error: Warning: d:/code_stuff/hybex-law/multi_domain_legal/knowledge_base/cross_domain_rules.pl:45:
Warning:    Singleton variables: [Person]
ERROR: c:/users/omen 19/appdata/local/temp/tmpkzi065po.pl:1:16: Syntax error: Operator expected
ERROR: -g eligible_for_legal_aid(case_gen): categorically_eligible/1: Unknown procedure: social_category/2
2025-08-25 20:35:50,519 - hybex_system.prolog_engine - INFO - [Session:664128f8] Cleaned up temp file: C:\Users\OMEN19~1\AppData\Local\Temp\tmpkzi065po.pl
2025-08-25 20:35:50,519 - hybex_system.prolog_engine - INFO - [Session:664128f8] Cleaned up temp file: C:\Users\OMEN19~1\AppData\Local\Temp\tmpt22jqcj9.pl
2025-08-25 20:35:50,519 - hybex_system.prolog_engine - INFO - [Session:664128f8] Executing SWI-Prolog command: swipl -q -g "consult('C:/Users/OMEN19~1/AppData/Local/Temp/tmp9tm6nm0o.pl')" -g "eligible_for_legal_aid(case_gen)" -g halt
2025-08-25 20:35:50,721 - hybex_system.prolog_engine - WARNING - [Session:664128f8] Prolog warning/error: Warning: d:/code_stuff/hybex-law/multi_domain_legal/knowledge_base/cross_domain_rules.pl:45:
Warning:    Singleton variables: [Person]
ERROR: c:/users/omen 19/appdata/local/temp/tmps30bekl3.pl:1:16: Syntax error: Operator expected
ERROR: -g eligible_for_legal_aid(case_gen): categorically_eligible/1: Unknown procedure: social_category/2
2025-08-25 20:35:50,722 - hybex_system.prolog_engine - INFO - [Session:664128f8] Cleaned up temp file: C:\Users\OMEN19~1\AppData\Local\Temp\tmps30bekl3.pl
2025-08-25 20:35:50,723 - hybex_system.prolog_engine - INFO - [Session:664128f8] Cleaned up temp file: C:\Users\OMEN19~1\AppData\Local\Temp\tmp9tm6nm0o.pl
2025-08-25 20:35:50,728 - hybex_system.prolog_engine - INFO - [Session:664128f8] Executing SWI-Prolog command: swipl -q -g "consult('C:/Users/OMEN19~1/AppData/Local/Temp/tmpulyj0gly.pl')" -g "eligible_for_legal_aid(case_gen)" -g halt
2025-08-25 20:35:50,919 - hybex_system.prolog_engine - WARNING - [Session:664128f8] Prolog warning/error: Warning: d:/code_stuff/hybex-law/multi_domain_legal/knowledge_base/cross_domain_rules.pl:45:
Warning:    Singleton variables: [Person]
ERROR: c:/users/omen 19/appdata/local/temp/tmpsbjlmwfb.pl:1:16: Syntax error: Operator expected
ERROR: -g eligible_for_legal_aid(case_gen): categorically_eligible/1: Unknown procedure: social_category/2
2025-08-25 20:35:50,919 - hybex_system.prolog_engine - INFO - [Session:664128f8] Cleaned up temp file: C:\Users\OMEN19~1\AppData\Local\Temp\tmpsbjlmwfb.pl
2025-08-25 20:35:50,928 - hybex_system.prolog_engine - INFO - [Session:664128f8] Cleaned up temp file: C:\Users\OMEN19~1\AppData\Local\Temp\tmpulyj0gly.pl
2025-08-25 20:35:50,933 - hybex_system.prolog_engine - INFO - [Session:664128f8] Executing SWI-Prolog command: swipl -q -g "consult('C:/Users/OMEN19~1/AppData/Local/Temp/tmp7jfmefcu.pl')" -g "eligible_for_legal_aid(case_gen)" -g halt
2025-08-25 20:35:51,143 - hybex_system.prolog_engine - WARNING - [Session:664128f8] Prolog warning/error: Warning: d:/code_stuff/hybex-law/multi_domain_legal/knowledge_base/cross_domain_rules.pl:45:
Warning:    Singleton variables: [Person]
ERROR: c:/users/omen 19/appdata/local/temp/tmpaqlud84v.pl:1:16: Syntax error: Operator expected
ERROR: -g eligible_for_legal_aid(case_gen): categorically_eligible/1: Unknown procedure: social_category/2
2025-08-25 20:35:51,143 - hybex_system.prolog_engine - INFO - [Session:664128f8] Cleaned up temp file: C:\Users\OMEN19~1\AppData\Local\Temp\tmpaqlud84v.pl
2025-08-25 20:35:51,143 - hybex_system.prolog_engine - INFO - [Session:664128f8] Cleaned up temp file: C:\Users\OMEN19~1\AppData\Local\Temp\tmp7jfmefcu.pl
2025-08-25 20:35:51,150 - hybex_system.prolog_engine - INFO - [Session:664128f8] Executing SWI-Prolog command: swipl -q -g "consult('C:/Users/OMEN19~1/AppData/Local/Temp/tmpte941agw.pl')" -g "eligible_for_legal_aid(case_gen)" -g halt
2025-08-25 20:35:51,374 - hybex_system.prolog_engine - WARNING - [Session:664128f8] Prolog warning/error: Warning: d:/code_stuff/hybex-law/multi_domain_legal/knowledge_base/cross_domain_rules.pl:45:
Warning:    Singleton variables: [Person]
ERROR: c:/users/omen 19/appdata/local/temp/tmphh4_iq98.pl:1:16: Syntax error: Operator expected
ERROR: -g eligible_for_legal_aid(case_gen): categorically_eligible/1: Unknown procedure: social_category/2
2025-08-25 20:35:51,378 - hybex_system.prolog_engine - INFO - [Session:664128f8] Cleaned up temp file: C:\Users\OMEN19~1\AppData\Local\Temp\tmphh4_iq98.pl
2025-08-25 20:35:51,379 - hybex_system.prolog_engine - INFO - [Session:664128f8] Cleaned up temp file: C:\Users\OMEN19~1\AppData\Local\Temp\tmpte941agw.pl
2025-08-25 20:35:51,384 - hybex_system.prolog_engine - INFO - [Session:664128f8] Executing SWI-Prolog command: swipl -q -g "consult('C:/Users/OMEN19~1/AppData/Local/Temp/tmp38m2_sag.pl')" -g "eligible_for_legal_aid(case_gen)" -g halt
2025-08-25 20:35:51,590 - hybex_system.prolog_engine - WARNING - [Session:664128f8] Prolog warning/error: Warning: d:/code_stuff/hybex-law/multi_domain_legal/knowledge_base/cross_domain_rules.pl:45:
Warning:    Singleton variables: [Person]
ERROR: c:/users/omen 19/appdata/local/temp/tmpsfceljd7.pl:1:16: Syntax error: Operator expected
ERROR: -g eligible_for_legal_aid(case_gen): categorically_eligible/1: Unknown procedure: social_category/2
2025-08-25 20:35:51,590 - hybex_system.prolog_engine - INFO - [Session:664128f8] Cleaned up temp file: C:\Users\OMEN19~1\AppData\Local\Temp\tmpsfceljd7.pl
2025-08-25 20:35:51,600 - hybex_system.prolog_engine - INFO - [Session:664128f8] Cleaned up temp file: C:\Users\OMEN19~1\AppData\Local\Temp\tmp38m2_sag.pl
2025-08-25 20:35:51,606 - hybex_system.prolog_engine - INFO - [Session:664128f8] Executing SWI-Prolog command: swipl -q -g "consult('C:/Users/OMEN19~1/AppData/Local/Temp/tmpzij8wklw.pl')" -g "eligible_for_legal_aid(case_gen)" -g halt
2025-08-25 20:35:51,857 - hybex_system.prolog_engine - WARNING - [Session:664128f8] Prolog warning/error: Warning: d:/code_stuff/hybex-law/multi_domain_legal/knowledge_base/cross_domain_rules.pl:45:
Warning:    Singleton variables: [Person]
ERROR: c:/users/omen 19/appdata/local/temp/tmp6gejmmpq.pl:1:16: Syntax error: Operator expected
ERROR: -g eligible_for_legal_aid(case_gen): categorically_eligible/1: Unknown procedure: social_category/2
2025-08-25 20:35:51,859 - hybex_system.prolog_engine - INFO - [Session:664128f8] Cleaned up temp file: C:\Users\OMEN19~1\AppData\Local\Temp\tmp6gejmmpq.pl
2025-08-25 20:35:51,859 - hybex_system.prolog_engine - INFO - [Session:664128f8] Cleaned up temp file: C:\Users\OMEN19~1\AppData\Local\Temp\tmpzij8wklw.pl
2025-08-25 20:35:51,859 - hybex_system.prolog_engine - INFO - [Session:664128f8] Executing SWI-Prolog command: swipl -q -g "consult('C:/Users/OMEN19~1/AppData/Local/Temp/tmpphn8go27.pl')" -g "eligible_for_legal_aid(case_gen)" -g halt
2025-08-25 20:35:52,109 - hybex_system.prolog_engine - WARNING - [Session:664128f8] Prolog warning/error: Warning: d:/code_stuff/hybex-law/multi_domain_legal/knowledge_base/cross_domain_rules.pl:45:
Warning:    Singleton variables: [Person]
ERROR: c:/users/omen 19/appdata/local/temp/tmpg7w5ktvl.pl:1:16: Syntax error: Operator expected
ERROR: -g eligible_for_legal_aid(case_gen): categorically_eligible/1: Unknown procedure: social_category/2
2025-08-25 20:35:52,112 - hybex_system.prolog_engine - INFO - [Session:664128f8] Cleaned up temp file: C:\Users\OMEN19~1\AppData\Local\Temp\tmpg7w5ktvl.pl
2025-08-25 20:35:52,113 - hybex_system.prolog_engine - INFO - [Session:664128f8] Cleaned up temp file: C:\Users\OMEN19~1\AppData\Local\Temp\tmpphn8go27.pl
2025-08-25 20:35:52,121 - hybex_system.prolog_engine - INFO - [Session:664128f8] Executing SWI-Prolog command: swipl -q -g "consult('C:/Users/OMEN19~1/AppData/Local/Temp/tmppvu1n6di.pl')" -g "eligible_for_legal_aid(case_gen)" -g halt
2025-08-25 20:35:52,347 - hybex_system.prolog_engine - WARNING - [Session:664128f8] Prolog warning/error: Warning: d:/code_stuff/hybex-law/multi_domain_legal/knowledge_base/cross_domain_rules.pl:45:
Warning:    Singleton variables: [Person]
ERROR: c:/users/omen 19/appdata/local/temp/tmph6r00pj5.pl:1:16: Syntax error: Operator expected
ERROR: -g eligible_for_legal_aid(case_gen): categorically_eligible/1: Unknown procedure: social_category/2
2025-08-25 20:35:52,350 - hybex_system.prolog_engine - INFO - [Session:664128f8] Cleaned up temp file: C:\Users\OMEN19~1\AppData\Local\Temp\tmph6r00pj5.pl
2025-08-25 20:35:52,351 - hybex_system.prolog_engine - INFO - [Session:664128f8] Cleaned up temp file: C:\Users\OMEN19~1\AppData\Local\Temp\tmppvu1n6di.pl
2025-08-25 20:35:52,360 - hybex_system.prolog_engine - INFO - [Session:664128f8] Executing SWI-Prolog command: swipl -q -g "consult('C:/Users/OMEN19~1/AppData/Local/Temp/tmpujh1gmsw.pl')" -g "eligible_for_legal_aid(case_gen)" -g halt
2025-08-25 20:35:52,599 - hybex_system.prolog_engine - WARNING - [Session:664128f8] Prolog warning/error: Warning: d:/code_stuff/hybex-law/multi_domain_legal/knowledge_base/cross_domain_rules.pl:45:
Warning:    Singleton variables: [Person]
ERROR: c:/users/omen 19/appdata/local/temp/tmpsdn961mp.pl:1:16: Syntax error: Operator expected
ERROR: -g eligible_for_legal_aid(case_gen): categorically_eligible/1: Unknown procedure: social_category/2
2025-08-25 20:35:52,599 - hybex_system.prolog_engine - INFO - [Session:664128f8] Cleaned up temp file: C:\Users\OMEN19~1\AppData\Local\Temp\tmpsdn961mp.pl
2025-08-25 20:35:52,609 - hybex_system.prolog_engine - INFO - [Session:664128f8] Cleaned up temp file: C:\Users\OMEN19~1\AppData\Local\Temp\tmpujh1gmsw.pl
2025-08-25 20:35:52,614 - hybex_system.prolog_engine - INFO - [Session:664128f8] Executing SWI-Prolog command: swipl -q -g "consult('C:/Users/OMEN19~1/AppData/Local/Temp/tmpcn_3i5_k.pl')" -g "eligible_for_legal_aid(case_gen)" -g halt
2025-08-25 20:35:52,810 - hybex_system.prolog_engine - WARNING - [Session:664128f8] Prolog warning/error: Warning: d:/code_stuff/hybex-law/multi_domain_legal/knowledge_base/cross_domain_rules.pl:45:
Warning:    Singleton variables: [Person]
ERROR: c:/users/omen 19/appdata/local/temp/tmpdf8662tx.pl:1:16: Syntax error: Operator expected
ERROR: -g eligible_for_legal_aid(case_gen): categorically_eligible/1: Unknown procedure: social_category/2
2025-08-25 20:35:52,812 - hybex_system.prolog_engine - INFO - [Session:664128f8] Cleaned up temp file: C:\Users\OMEN19~1\AppData\Local\Temp\tmpdf8662tx.pl
2025-08-25 20:35:52,812 - hybex_system.prolog_engine - INFO - [Session:664128f8] Cleaned up temp file: C:\Users\OMEN19~1\AppData\Local\Temp\tmpcn_3i5_k.pl
2025-08-25 20:35:52,828 - hybex_system.prolog_engine - INFO - [Session:664128f8] Executing SWI-Prolog command: swipl -q -g "consult('C:/Users/OMEN19~1/AppData/Local/Temp/tmpdueo80hv.pl')" -g "eligible_for_legal_aid(case_gen)" -g halt
2025-08-25 20:35:53,045 - hybex_system.prolog_engine - WARNING - [Session:664128f8] Prolog warning/error: Warning: d:/code_stuff/hybex-law/multi_domain_legal/knowledge_base/cross_domain_rules.pl:45:
Warning:    Singleton variables: [Person]
ERROR: c:/users/omen 19/appdata/local/temp/tmpaac5ukq1.pl:1:16: Syntax error: Operator expected
ERROR: -g eligible_for_legal_aid(case_gen): categorically_eligible/1: Unknown procedure: social_category/2
2025-08-25 20:35:53,047 - hybex_system.prolog_engine - INFO - [Session:664128f8] Cleaned up temp file: C:\Users\OMEN19~1\AppData\Local\Temp\tmpaac5ukq1.pl
2025-08-25 20:35:53,049 - hybex_system.prolog_engine - INFO - [Session:664128f8] Cleaned up temp file: C:\Users\OMEN19~1\AppData\Local\Temp\tmpdueo80hv.pl
2025-08-25 20:35:53,055 - hybex_system.prolog_engine - INFO - [Session:664128f8] Executing SWI-Prolog command: swipl -q -g "consult('C:/Users/OMEN19~1/AppData/Local/Temp/tmp7edwt2f9.pl')" -g "eligible_for_legal_aid(case_gen)" -g halt
2025-08-25 20:35:53,201 - hybex_system.prolog_engine - WARNING - [Session:664128f8] Prolog warning/error: Warning: d:/code_stuff/hybex-law/multi_domain_legal/knowledge_base/cross_domain_rules.pl:45:
Warning:    Singleton variables: [Person]
ERROR: c:/users/omen 19/appdata/local/temp/tmpmj94gow_.pl:1:16: Syntax error: Operator expected
ERROR: -g eligible_for_legal_aid(case_gen): categorically_eligible/1: Unknown procedure: social_category/2
2025-08-25 20:35:53,201 - hybex_system.prolog_engine - INFO - [Session:664128f8] Cleaned up temp file: C:\Users\OMEN19~1\AppData\Local\Temp\tmpmj94gow_.pl
2025-08-25 20:35:53,208 - hybex_system.prolog_engine - INFO - [Session:664128f8] Cleaned up temp file: C:\Users\OMEN19~1\AppData\Local\Temp\tmp7edwt2f9.pl
2025-08-25 20:35:53,210 - hybex_system.prolog_engine - INFO - [Session:664128f8] Executing SWI-Prolog command: swipl -q -g "consult('C:/Users/OMEN19~1/AppData/Local/Temp/tmpe3m4n3of.pl')" -g "eligible_for_legal_aid(case_gen)" -g halt
2025-08-25 20:35:53,404 - hybex_system.prolog_engine - WARNING - [Session:664128f8] Prolog warning/error: Warning: d:/code_stuff/hybex-law/multi_domain_legal/knowledge_base/cross_domain_rules.pl:45:
Warning:    Singleton variables: [Person]
ERROR: c:/users/omen 19/appdata/local/temp/tmp84idicgd.pl:1:16: Syntax error: Operator expected
ERROR: -g eligible_for_legal_aid(case_gen): categorically_eligible/1: Unknown procedure: social_category/2
2025-08-25 20:35:53,405 - hybex_system.prolog_engine - INFO - [Session:664128f8] Cleaned up temp file: C:\Users\OMEN19~1\AppData\Local\Temp\tmp84idicgd.pl
2025-08-25 20:35:53,405 - hybex_system.prolog_engine - INFO - [Session:664128f8] Cleaned up temp file: C:\Users\OMEN19~1\AppData\Local\Temp\tmpe3m4n3of.pl
2025-08-25 20:35:53,408 - hybex_system.prolog_engine - INFO - [Session:664128f8] Executing SWI-Prolog command: swipl -q -g "consult('C:/Users/OMEN19~1/AppData/Local/Temp/tmphw2femff.pl')" -g "eligible_for_legal_aid(case_gen)" -g halt
2025-08-25 20:35:53,562 - hybex_system.prolog_engine - WARNING - [Session:664128f8] Prolog warning/error: Warning: d:/code_stuff/hybex-law/multi_domain_legal/knowledge_base/cross_domain_rules.pl:45:
Warning:    Singleton variables: [Person]
ERROR: c:/users/omen 19/appdata/local/temp/tmpzozrjg1h.pl:1:16: Syntax error: Operator expected
ERROR: -g eligible_for_legal_aid(case_gen): categorically_eligible/1: Unknown procedure: social_category/2
2025-08-25 20:35:53,563 - hybex_system.prolog_engine - INFO - [Session:664128f8] Cleaned up temp file: C:\Users\OMEN19~1\AppData\Local\Temp\tmpzozrjg1h.pl
2025-08-25 20:35:53,564 - hybex_system.prolog_engine - INFO - [Session:664128f8] Cleaned up temp file: C:\Users\OMEN19~1\AppData\Local\Temp\tmphw2femff.pl
2025-08-25 20:35:53,567 - hybex_system.prolog_engine - INFO - [Session:664128f8] Executing SWI-Prolog command: swipl -q -g "consult('C:/Users/OMEN19~1/AppData/Local/Temp/tmpk5cre4ah.pl')" -g "eligible_for_legal_aid(case_gen)" -g halt
2025-08-25 20:35:53,773 - hybex_system.prolog_engine - WARNING - [Session:664128f8] Prolog warning/error: Warning: d:/code_stuff/hybex-law/multi_domain_legal/knowledge_base/cross_domain_rules.pl:45:
Warning:    Singleton variables: [Person]
ERROR: c:/users/omen 19/appdata/local/temp/tmppo4louua.pl:1:16: Syntax error: Operator expected
ERROR: -g eligible_for_legal_aid(case_gen): categorically_eligible/1: Unknown procedure: social_category/2
2025-08-25 20:35:53,774 - hybex_system.prolog_engine - INFO - [Session:664128f8] Cleaned up temp file: C:\Users\OMEN19~1\AppData\Local\Temp\tmppo4louua.pl
2025-08-25 20:35:53,776 - hybex_system.prolog_engine - INFO - [Session:664128f8] Cleaned up temp file: C:\Users\OMEN19~1\AppData\Local\Temp\tmpk5cre4ah.pl
2025-08-25 20:35:53,776 - hybex_system.prolog_engine - INFO - [Session:664128f8] Executing SWI-Prolog command: swipl -q -g "consult('C:/Users/OMEN19~1/AppData/Local/Temp/tmpnbm6vlpy.pl')" -g "eligible_for_legal_aid(case_gen)" -g halt
2025-08-25 20:35:53,920 - hybex_system.prolog_engine - WARNING - [Session:664128f8] Prolog warning/error: Warning: d:/code_stuff/hybex-law/multi_domain_legal/knowledge_base/cross_domain_rules.pl:45:
Warning:    Singleton variables: [Person]
ERROR: c:/users/omen 19/appdata/local/temp/tmp8typme5k.pl:1:16: Syntax error: Operator expected
ERROR: -g eligible_for_legal_aid(case_gen): categorically_eligible/1: Unknown procedure: social_category/2
2025-08-25 20:35:53,920 - hybex_system.prolog_engine - INFO - [Session:664128f8] Cleaned up temp file: C:\Users\OMEN19~1\AppData\Local\Temp\tmp8typme5k.pl
2025-08-25 20:35:53,920 - hybex_system.prolog_engine - INFO - [Session:664128f8] Cleaned up temp file: C:\Users\OMEN19~1\AppData\Local\Temp\tmpnbm6vlpy.pl
2025-08-25 20:35:53,920 - hybex_system.prolog_engine - INFO - [Session:664128f8] Executing SWI-Prolog command: swipl -q -g "consult('C:/Users/OMEN19~1/AppData/Local/Temp/tmpcp_wnmvk.pl')" -g "eligible_for_legal_aid(case_gen)" -g halt
2025-08-25 20:35:54,095 - hybex_system.prolog_engine - WARNING - [Session:664128f8] Prolog warning/error: Warning: d:/code_stuff/hybex-law/multi_domain_legal/knowledge_base/cross_domain_rules.pl:45:
Warning:    Singleton variables: [Person]
ERROR: c:/users/omen 19/appdata/local/temp/tmps9srwlld.pl:1:16: Syntax error: Operator expected
ERROR: -g eligible_for_legal_aid(case_gen): categorically_eligible/1: Unknown procedure: social_category/2
2025-08-25 20:35:54,095 - hybex_system.prolog_engine - INFO - [Session:664128f8] Cleaned up temp file: C:\Users\OMEN19~1\AppData\Local\Temp\tmps9srwlld.pl
2025-08-25 20:35:54,100 - hybex_system.prolog_engine - INFO - [Session:664128f8] Cleaned up temp file: C:\Users\OMEN19~1\AppData\Local\Temp\tmpcp_wnmvk.pl
2025-08-25 20:35:54,105 - hybex_system.prolog_engine - INFO - [Session:664128f8] Executing SWI-Prolog command: swipl -q -g "consult('C:/Users/OMEN19~1/AppData/Local/Temp/tmpb3ojommz.pl')" -g "eligible_for_legal_aid(case_gen)" -g halt
2025-08-25 20:35:54,272 - hybex_system.prolog_engine - WARNING - [Session:664128f8] Prolog warning/error: Warning: d:/code_stuff/hybex-law/multi_domain_legal/knowledge_base/cross_domain_rules.pl:45:
Warning:    Singleton variables: [Person]
ERROR: c:/users/omen 19/appdata/local/temp/tmpcy73vvs4.pl:1:16: Syntax error: Operator expected
ERROR: -g eligible_for_legal_aid(case_gen): categorically_eligible/1: Unknown procedure: social_category/2
2025-08-25 20:35:54,275 - hybex_system.prolog_engine - INFO - [Session:664128f8] Cleaned up temp file: C:\Users\OMEN19~1\AppData\Local\Temp\tmpcy73vvs4.pl
2025-08-25 20:35:54,275 - hybex_system.prolog_engine - INFO - [Session:664128f8] Cleaned up temp file: C:\Users\OMEN19~1\AppData\Local\Temp\tmpb3ojommz.pl
2025-08-25 20:35:54,278 - hybex_system.prolog_engine - INFO - [Session:664128f8] Executing SWI-Prolog command: swipl -q -g "consult('C:/Users/OMEN19~1/AppData/Local/Temp/tmpkw1yxjxm.pl')" -g "eligible_for_legal_aid(case_gen)" -g halt
2025-08-25 20:35:54,467 - hybex_system.prolog_engine - INFO - [Session:664128f8] Cleaned up temp file: C:\Users\OMEN19~1\AppData\Local\Temp\tmp9co1ee1y.pl
2025-08-25 20:35:54,470 - hybex_system.prolog_engine - INFO - [Session:664128f8] Cleaned up temp file: C:\Users\OMEN19~1\AppData\Local\Temp\tmpkw1yxjxm.pl
