2025-08-09 21:02:34,031 - hybex_system.prolog_engine - INFO - [Session:f2fc607e] Added file handler to PrologEngine logger.
2025-08-09 21:02:34,032 - hybex_system.prolog_engine - INFO - [Session:f2fc607e] ======================================================================
2025-08-09 21:02:34,033 - hybex_system.prolog_engine - INFO - [Session:f2fc607e] Starting HybEx-Law Comprehensive Prolog Reasoning Engine
2025-08-09 21:02:34,034 - hybex_system.prolog_engine - INFO - [Session:f2fc607e] Session ID: f2fc607e
2025-08-09 21:02:34,034 - hybex_system.prolog_engine - INFO - [Session:f2fc607e] Configuration: {'config_source': 'verified_fallback', 'last_updated': None, 'validation_status': 'unvalidated', 'primary_act': 'Legal Services Authorities Act, 1987', 'income_thresholds': {'general': 500000, 'sc_st': 800000, 'obc': 600000, 'bpl': 0, 'ews': 800000}, 'real_data_available': False, 'sources_count': 0}
2025-08-09 21:02:34,034 - hybex_system.prolog_engine - INFO - [Session:f2fc607e] ======================================================================
2025-08-09 21:02:34,034 - hybex_system.prolog_engine - INFO - [Session:f2fc607e] Using verified fallback knowledge base with 105 comprehensive rules
2025-08-09 21:02:34,034 - hybex_system.prolog_engine - INFO - [Session:f2fc607e] Attempting to load rules from: d:\Code_stuff\NLP\multi_domain_legal\knowledge_base\multi_domain_rules.py
2025-08-09 21:02:34,038 - hybex_system.prolog_engine - INFO - [Session:f2fc607e] Successfully loaded MULTI_DOMAIN_LEGAL_RULES from knowledge base.
2025-08-09 21:02:34,038 - hybex_system.prolog_engine - INFO - [Session:f2fc607e] Parsing comprehensive multi-domain legal rules from knowledge base.
2025-08-09 21:02:34,042 - hybex_system.prolog_engine - INFO - [Session:f2fc607e] Initialized Comprehensive PrologEngine (Session: f2fc607e, Available: True)
2025-08-09 21:02:34,043 - hybex_system.prolog_engine - INFO - [Session:f2fc607e] Loaded 9 rule categories with 145 total rules
2025-08-09 21:02:34,043 - hybex_system.prolog_engine - INFO - [Session:f2fc607e] Comprehensive rules actually loaded: True
2025-08-09 21:02:34,043 - hybex_system.prolog_engine - INFO - [Session:f2fc607e] 🧠 Starting comprehensive legal analysis for case_f2fc607e_210234
2025-08-09 21:02:34,044 - hybex_system.prolog_engine - INFO - [Session:f2fc607e] 🎯 Detected domain 'general_legal_aid' for case type ''
2025-08-09 21:02:34,044 - hybex_system.prolog_engine - INFO - [Session:f2fc607e] 🎯 Using domain-specific rules for: ['general_legal_aid']
2025-08-09 21:02:34,044 - hybex_system.prolog_engine - INFO - [Session:f2fc607e] Generated 6 comprehensive Prolog facts for case_f2fc607e_210234
2025-08-09 21:02:34,045 - hybex_system.prolog_engine - INFO - [Session:f2fc607e] ✅ Created robust Prolog file: C:\Users\OMEN19~1\AppData\Local\Temp\tmp_pijmy1v.pl with 7 rules and 6 facts
2025-08-09 21:02:34,046 - hybex_system.prolog_engine - INFO - [Session:f2fc607e] 🎯 Step 1: Quick eligibility check for case_f2fc607e_210234
2025-08-09 21:02:44,047 - hybex_system.prolog_engine - ERROR - [Session:f2fc607e] Prolog query timeout (attempt 1): eligible_for_legal_aid('case_f2fc607e_210234')
2025-08-09 21:02:54,062 - hybex_system.prolog_engine - ERROR - [Session:f2fc607e] Prolog query timeout (attempt 2): eligible_for_legal_aid('case_f2fc607e_210234')
2025-08-09 21:03:04,087 - hybex_system.prolog_engine - ERROR - [Session:f2fc607e] Prolog query timeout (attempt 3): eligible_for_legal_aid('case_f2fc607e_210234')
2025-08-09 21:03:04,093 - hybex_system.prolog_engine - WARNING - [Session:f2fc607e] ❌ Basic eligibility check failed: Query timeout after 3 attempts
2025-08-09 21:03:04,167 - hybex_system.prolog_engine - WARNING - [Session:f2fc607e] SWI-Prolog exited with code 1 (attempt 1). Stderr: 
2025-08-09 21:03:04,169 - hybex_system.prolog_engine - WARNING - [Session:f2fc607e] Prolog query returned false/no or empty (attempt 1): primary_eligibility_reason('case_f2fc607e_210234', Reason). Output: . Stderr: 
2025-08-09 21:03:04,240 - hybex_system.prolog_engine - WARNING - [Session:f2fc607e] SWI-Prolog exited with code 1 (attempt 2). Stderr: 
2025-08-09 21:03:04,240 - hybex_system.prolog_engine - WARNING - [Session:f2fc607e] Prolog query returned false/no or empty (attempt 2): primary_eligibility_reason('case_f2fc607e_210234', Reason). Output: . Stderr: 
2025-08-09 21:03:04,276 - hybex_system.prolog_engine - WARNING - [Session:f2fc607e] SWI-Prolog exited with code 1 (attempt 3). Stderr: 
2025-08-09 21:03:04,276 - hybex_system.prolog_engine - WARNING - [Session:f2fc607e] Prolog query returned false/no or empty (attempt 3): primary_eligibility_reason('case_f2fc607e_210234', Reason). Output: . Stderr: 
2025-08-09 21:03:04,330 - hybex_system.prolog_engine - WARNING - [Session:f2fc607e] SWI-Prolog exited with code 1 (attempt 1). Stderr: 
2025-08-09 21:03:04,330 - hybex_system.prolog_engine - WARNING - [Session:f2fc607e] Prolog query returned false/no or empty (attempt 1): generate_detailed_reasoning('case_f2fc607e_210234', DetailedReason). Output: . Stderr: 
2025-08-09 21:03:04,372 - hybex_system.prolog_engine - WARNING - [Session:f2fc607e] SWI-Prolog exited with code 1 (attempt 2). Stderr: 
2025-08-09 21:03:04,372 - hybex_system.prolog_engine - WARNING - [Session:f2fc607e] Prolog query returned false/no or empty (attempt 2): generate_detailed_reasoning('case_f2fc607e_210234', DetailedReason). Output: . Stderr: 
2025-08-09 21:03:04,414 - hybex_system.prolog_engine - WARNING - [Session:f2fc607e] SWI-Prolog exited with code 1 (attempt 3). Stderr: 
2025-08-09 21:03:04,415 - hybex_system.prolog_engine - WARNING - [Session:f2fc607e] Prolog query returned false/no or empty (attempt 3): generate_detailed_reasoning('case_f2fc607e_210234', DetailedReason). Output: . Stderr: 
2025-08-09 21:04:04,438 - hybex_system.prolog_engine - ERROR - [Session:f2fc607e] Prolog query timeout (attempt 1): findall(Rule, applicable_rule('case_f2fc607e_210234', Rule, legal_aid), Rules)
