2025-08-25 23:25:13,215 - hybex_system.prolog_engine - INFO - [Session:41e16080] Added file handler to PrologEngine logger.
2025-08-25 23:25:13,215 - hybex_system.prolog_engine - INFO - [Session:41e16080] ======================================================================
2025-08-25 23:25:13,217 - hybex_system.prolog_engine - INFO - [Session:41e16080] Starting HybEx-Law Comprehensive Prolog Reasoning Engine
2025-08-25 23:25:13,217 - hybex_system.prolog_engine - INFO - [Session:41e16080] Session ID: 41e16080
2025-08-25 23:25:13,217 - hybex_system.prolog_engine - INFO - [Session:41e16080] Configuration: {'config_source': 'verified_fallback', 'last_updated': None, 'validation_status': 'unvalidated', 'primary_act': 'Legal Services Authorities Act, 1987', 'income_thresholds': {'general': 500000, 'sc_st': 800000, 'obc': 600000, 'bpl': 0, 'ews': 800000}, 'real_data_available': False, 'sources_count': 0}
2025-08-25 23:25:13,232 - hybex_system.prolog_engine - INFO - [Session:41e16080] ======================================================================
2025-08-25 23:25:13,232 - hybex_system.prolog_engine - INFO - [Session:41e16080] Using modular knowledge base entry point: D:\Code_stuff\HybEx-Law\multi_domain_legal\knowledge_base\knowledge_base.pl
2025-08-25 23:25:13,233 - hybex_system.prolog_engine - INFO - [Session:41e16080] Parsing comprehensive multi-domain legal rules from knowledge base.
2025-08-25 23:25:13,237 - hybex_system.prolog_engine - INFO - [Session:41e16080] Initialized Comprehensive PrologEngine (Session: 41e16080, Available: True)
2025-08-25 23:25:13,237 - hybex_system.prolog_engine - INFO - [Session:41e16080] Loaded 3 rule categories with 9 total rules
2025-08-25 23:25:13,238 - hybex_system.prolog_engine - INFO - [Session:41e16080] Comprehensive rules actually loaded: True
2025-08-25 23:25:13,239 - hybex_system.prolog_engine - INFO - [Session:41e16080] ✅ Successfully loaded master knowledge base from: D:\Code_stuff\HybEx-Law\multi_domain_legal\knowledge_base\knowledge_base.pl
2025-08-25 23:25:13,464 - hybex_system.prolog_engine - INFO - [Session:41e16080] Executing SWI-Prolog in 'C:\Users\OMEN19~1\AppData\Local\Temp': swipl -q -g consult('tmpl25z01gy.pl') -g eligible_for_legal_aid(case_gen). -g halt
2025-08-25 23:25:13,583 - hybex_system.prolog_engine - INFO - [Session:41e16080] Executing SWI-Prolog in 'C:\Users\OMEN19~1\AppData\Local\Temp': swipl -q -g consult('tmp0jlgvrqi.pl') -g eligible_for_legal_aid(case_gen). -g halt
2025-08-25 23:25:13,694 - hybex_system.prolog_engine - INFO - [Session:41e16080] Executing SWI-Prolog in 'C:\Users\OMEN19~1\AppData\Local\Temp': swipl -q -g consult('tmpsn61yso1.pl') -g eligible_for_legal_aid(case_gen). -g halt
2025-08-25 23:25:13,816 - hybex_system.prolog_engine - INFO - [Session:41e16080] Executing SWI-Prolog in 'C:\Users\OMEN19~1\AppData\Local\Temp': swipl -q -g consult('tmp5vrzaktr.pl') -g eligible_for_legal_aid(case_gen). -g halt
2025-08-25 23:25:13,933 - hybex_system.prolog_engine - INFO - [Session:41e16080] Executing SWI-Prolog in 'C:\Users\OMEN19~1\AppData\Local\Temp': swipl -q -g consult('tmp5q1zl43y.pl') -g eligible_for_legal_aid(case_gen). -g halt
2025-08-25 23:25:14,043 - hybex_system.prolog_engine - INFO - [Session:41e16080] Executing SWI-Prolog in 'C:\Users\OMEN19~1\AppData\Local\Temp': swipl -q -g consult('tmp25xnse5w.pl') -g eligible_for_legal_aid(case_gen). -g halt
2025-08-25 23:25:14,159 - hybex_system.prolog_engine - INFO - [Session:41e16080] Executing SWI-Prolog in 'C:\Users\OMEN19~1\AppData\Local\Temp': swipl -q -g consult('tmplsx7ma8b.pl') -g eligible_for_legal_aid(case_gen). -g halt
2025-08-25 23:25:14,255 - hybex_system.prolog_engine - INFO - [Session:41e16080] Executing SWI-Prolog in 'C:\Users\OMEN19~1\AppData\Local\Temp': swipl -q -g consult('tmpn2cmskbk.pl') -g eligible_for_legal_aid(case_gen). -g halt
2025-08-25 23:25:14,359 - hybex_system.prolog_engine - INFO - [Session:41e16080] Executing SWI-Prolog in 'C:\Users\OMEN19~1\AppData\Local\Temp': swipl -q -g consult('tmpy2vjr89y.pl') -g eligible_for_legal_aid(case_gen). -g halt
2025-08-25 23:25:14,462 - hybex_system.prolog_engine - INFO - [Session:41e16080] Executing SWI-Prolog in 'C:\Users\OMEN19~1\AppData\Local\Temp': swipl -q -g consult('tmp50hnt051.pl') -g eligible_for_legal_aid(case_gen). -g halt
2025-08-25 23:25:14,610 - hybex_system.prolog_engine - INFO - [Session:41e16080] Executing SWI-Prolog in 'C:\Users\OMEN19~1\AppData\Local\Temp': swipl -q -g consult('tmpxfp62uys.pl') -g eligible_for_legal_aid(case_gen). -g halt
2025-08-25 23:25:14,720 - hybex_system.prolog_engine - INFO - [Session:41e16080] Executing SWI-Prolog in 'C:\Users\OMEN19~1\AppData\Local\Temp': swipl -q -g consult('tmpyk5222iq.pl') -g eligible_for_legal_aid(case_gen). -g halt
2025-08-25 23:25:14,846 - hybex_system.prolog_engine - INFO - [Session:41e16080] Executing SWI-Prolog in 'C:\Users\OMEN19~1\AppData\Local\Temp': swipl -q -g consult('tmpx7ecl75j.pl') -g eligible_for_legal_aid(case_gen). -g halt
2025-08-25 23:25:14,957 - hybex_system.prolog_engine - INFO - [Session:41e16080] Executing SWI-Prolog in 'C:\Users\OMEN19~1\AppData\Local\Temp': swipl -q -g consult('tmpgmffge9d.pl') -g eligible_for_legal_aid(case_gen). -g halt
2025-08-25 23:25:15,064 - hybex_system.prolog_engine - INFO - [Session:41e16080] Executing SWI-Prolog in 'C:\Users\OMEN19~1\AppData\Local\Temp': swipl -q -g consult('tmpkjdjb582.pl') -g eligible_for_legal_aid(case_gen). -g halt
2025-08-25 23:25:15,167 - hybex_system.prolog_engine - INFO - [Session:41e16080] Executing SWI-Prolog in 'C:\Users\OMEN19~1\AppData\Local\Temp': swipl -q -g consult('tmp32sq7gm5.pl') -g eligible_for_legal_aid(case_gen). -g halt
2025-08-25 23:25:15,268 - hybex_system.prolog_engine - INFO - [Session:41e16080] Executing SWI-Prolog in 'C:\Users\OMEN19~1\AppData\Local\Temp': swipl -q -g consult('tmpu5d3e90l.pl') -g eligible_for_legal_aid(case_gen). -g halt
2025-08-25 23:25:15,368 - hybex_system.prolog_engine - INFO - [Session:41e16080] Executing SWI-Prolog in 'C:\Users\OMEN19~1\AppData\Local\Temp': swipl -q -g consult('tmpxu48_v7s.pl') -g eligible_for_legal_aid(case_gen). -g halt
2025-08-25 23:25:15,470 - hybex_system.prolog_engine - INFO - [Session:41e16080] Executing SWI-Prolog in 'C:\Users\OMEN19~1\AppData\Local\Temp': swipl -q -g consult('tmpwcru9rif.pl') -g eligible_for_legal_aid(case_gen). -g halt
2025-08-25 23:25:15,576 - hybex_system.prolog_engine - INFO - [Session:41e16080] Executing SWI-Prolog in 'C:\Users\OMEN19~1\AppData\Local\Temp': swipl -q -g consult('tmp1l26h6wu.pl') -g eligible_for_legal_aid(case_gen). -g halt
2025-08-25 23:25:15,693 - hybex_system.prolog_engine - INFO - [Session:41e16080] Executing SWI-Prolog in 'C:\Users\OMEN19~1\AppData\Local\Temp': swipl -q -g consult('tmpt687kq59.pl') -g eligible_for_legal_aid(case_gen). -g halt
2025-08-25 23:25:15,804 - hybex_system.prolog_engine - INFO - [Session:41e16080] Executing SWI-Prolog in 'C:\Users\OMEN19~1\AppData\Local\Temp': swipl -q -g consult('tmpzr0hnhwt.pl') -g eligible_for_legal_aid(case_gen). -g halt
2025-08-25 23:25:15,901 - hybex_system.prolog_engine - INFO - [Session:41e16080] Executing SWI-Prolog in 'C:\Users\OMEN19~1\AppData\Local\Temp': swipl -q -g consult('tmp4cx5kyff.pl') -g eligible_for_legal_aid(case_gen). -g halt
2025-08-25 23:25:16,029 - hybex_system.prolog_engine - INFO - [Session:41e16080] Executing SWI-Prolog in 'C:\Users\OMEN19~1\AppData\Local\Temp': swipl -q -g consult('tmpnc0d87ab.pl') -g eligible_for_legal_aid(case_gen). -g halt
2025-08-25 23:25:16,132 - hybex_system.prolog_engine - INFO - [Session:41e16080] Executing SWI-Prolog in 'C:\Users\OMEN19~1\AppData\Local\Temp': swipl -q -g consult('tmplx011yp1.pl') -g eligible_for_legal_aid(case_gen). -g halt
2025-08-25 23:25:16,248 - hybex_system.prolog_engine - INFO - [Session:41e16080] Executing SWI-Prolog in 'C:\Users\OMEN19~1\AppData\Local\Temp': swipl -q -g consult('tmpvqa6yxfp.pl') -g eligible_for_legal_aid(case_gen). -g halt
2025-08-25 23:25:16,364 - hybex_system.prolog_engine - INFO - [Session:41e16080] Executing SWI-Prolog in 'C:\Users\OMEN19~1\AppData\Local\Temp': swipl -q -g consult('tmpkgx7s5ag.pl') -g eligible_for_legal_aid(case_gen). -g halt
2025-08-25 23:25:16,483 - hybex_system.prolog_engine - INFO - [Session:41e16080] Executing SWI-Prolog in 'C:\Users\OMEN19~1\AppData\Local\Temp': swipl -q -g consult('tmp03_lsjt9.pl') -g eligible_for_legal_aid(case_gen). -g halt
2025-08-25 23:25:16,598 - hybex_system.prolog_engine - INFO - [Session:41e16080] Executing SWI-Prolog in 'C:\Users\OMEN19~1\AppData\Local\Temp': swipl -q -g consult('tmpaq__ftzp.pl') -g eligible_for_legal_aid(case_gen). -g halt
2025-08-25 23:25:16,709 - hybex_system.prolog_engine - INFO - [Session:41e16080] Executing SWI-Prolog in 'C:\Users\OMEN19~1\AppData\Local\Temp': swipl -q -g consult('tmpyaaj8pl8.pl') -g eligible_for_legal_aid(case_gen). -g halt
2025-08-25 23:25:16,839 - hybex_system.prolog_engine - INFO - [Session:41e16080] Executing SWI-Prolog in 'C:\Users\OMEN19~1\AppData\Local\Temp': swipl -q -g consult('tmp647ktjbk.pl') -g eligible_for_legal_aid(case_gen). -g halt
2025-08-25 23:25:16,949 - hybex_system.prolog_engine - INFO - [Session:41e16080] Executing SWI-Prolog in 'C:\Users\OMEN19~1\AppData\Local\Temp': swipl -q -g consult('tmpvu4k9y75.pl') -g eligible_for_legal_aid(case_gen). -g halt
2025-08-25 23:25:17,058 - hybex_system.prolog_engine - INFO - [Session:41e16080] Executing SWI-Prolog in 'C:\Users\OMEN19~1\AppData\Local\Temp': swipl -q -g consult('tmpzvev092z.pl') -g eligible_for_legal_aid(case_gen). -g halt
2025-08-25 23:25:17,161 - hybex_system.prolog_engine - INFO - [Session:41e16080] Executing SWI-Prolog in 'C:\Users\OMEN19~1\AppData\Local\Temp': swipl -q -g consult('tmpxca0sc2o.pl') -g eligible_for_legal_aid(case_gen). -g halt
2025-08-25 23:25:17,271 - hybex_system.prolog_engine - INFO - [Session:41e16080] Executing SWI-Prolog in 'C:\Users\OMEN19~1\AppData\Local\Temp': swipl -q -g consult('tmplcn7w0_s.pl') -g eligible_for_legal_aid(case_gen). -g halt
2025-08-25 23:25:17,380 - hybex_system.prolog_engine - INFO - [Session:41e16080] Executing SWI-Prolog in 'C:\Users\OMEN19~1\AppData\Local\Temp': swipl -q -g consult('tmp0syxqxbl.pl') -g eligible_for_legal_aid(case_gen). -g halt
2025-08-25 23:25:17,488 - hybex_system.prolog_engine - INFO - [Session:41e16080] Executing SWI-Prolog in 'C:\Users\OMEN19~1\AppData\Local\Temp': swipl -q -g consult('tmpbbmrvmwr.pl') -g eligible_for_legal_aid(case_gen). -g halt
2025-08-25 23:25:17,590 - hybex_system.prolog_engine - INFO - [Session:41e16080] Executing SWI-Prolog in 'C:\Users\OMEN19~1\AppData\Local\Temp': swipl -q -g consult('tmpjmdbc4rg.pl') -g eligible_for_legal_aid(case_gen). -g halt
2025-08-25 23:25:17,720 - hybex_system.prolog_engine - INFO - [Session:41e16080] Executing SWI-Prolog in 'C:\Users\OMEN19~1\AppData\Local\Temp': swipl -q -g consult('tmpcafcu5ne.pl') -g eligible_for_legal_aid(case_gen). -g halt
2025-08-25 23:25:17,829 - hybex_system.prolog_engine - INFO - [Session:41e16080] Executing SWI-Prolog in 'C:\Users\OMEN19~1\AppData\Local\Temp': swipl -q -g consult('tmp970msilw.pl') -g eligible_for_legal_aid(case_gen). -g halt
2025-08-25 23:25:17,925 - hybex_system.prolog_engine - INFO - [Session:41e16080] Executing SWI-Prolog in 'C:\Users\OMEN19~1\AppData\Local\Temp': swipl -q -g consult('tmpg9_dh36i.pl') -g eligible_for_legal_aid(case_gen). -g halt
2025-08-25 23:25:18,045 - hybex_system.prolog_engine - INFO - [Session:41e16080] Executing SWI-Prolog in 'C:\Users\OMEN19~1\AppData\Local\Temp': swipl -q -g consult('tmp0zavbuoq.pl') -g eligible_for_legal_aid(case_gen). -g halt
2025-08-25 23:25:18,140 - hybex_system.prolog_engine - INFO - [Session:41e16080] Executing SWI-Prolog in 'C:\Users\OMEN19~1\AppData\Local\Temp': swipl -q -g consult('tmpe0dy7u9d.pl') -g eligible_for_legal_aid(case_gen). -g halt
2025-08-25 23:25:18,261 - hybex_system.prolog_engine - INFO - [Session:41e16080] Executing SWI-Prolog in 'C:\Users\OMEN19~1\AppData\Local\Temp': swipl -q -g consult('tmp5mbk_pwh.pl') -g eligible_for_legal_aid(case_gen). -g halt
2025-08-25 23:25:18,361 - hybex_system.prolog_engine - INFO - [Session:41e16080] Executing SWI-Prolog in 'C:\Users\OMEN19~1\AppData\Local\Temp': swipl -q -g consult('tmpn74qb90e.pl') -g eligible_for_legal_aid(case_gen). -g halt
2025-08-25 23:25:18,469 - hybex_system.prolog_engine - INFO - [Session:41e16080] Executing SWI-Prolog in 'C:\Users\OMEN19~1\AppData\Local\Temp': swipl -q -g consult('tmp0gsbtq7_.pl') -g eligible_for_legal_aid(case_gen). -g halt
2025-08-25 23:25:18,575 - hybex_system.prolog_engine - INFO - [Session:41e16080] Executing SWI-Prolog in 'C:\Users\OMEN19~1\AppData\Local\Temp': swipl -q -g consult('tmpuaxiwa0t.pl') -g eligible_for_legal_aid(case_gen). -g halt
2025-08-25 23:25:18,690 - hybex_system.prolog_engine - INFO - [Session:41e16080] Executing SWI-Prolog in 'C:\Users\OMEN19~1\AppData\Local\Temp': swipl -q -g consult('tmpguf3w79m.pl') -g eligible_for_legal_aid(case_gen). -g halt
2025-08-25 23:25:18,794 - hybex_system.prolog_engine - INFO - [Session:41e16080] Executing SWI-Prolog in 'C:\Users\OMEN19~1\AppData\Local\Temp': swipl -q -g consult('tmpndljz_jr.pl') -g eligible_for_legal_aid(case_gen). -g halt
2025-08-25 23:25:18,897 - hybex_system.prolog_engine - INFO - [Session:41e16080] Executing SWI-Prolog in 'C:\Users\OMEN19~1\AppData\Local\Temp': swipl -q -g consult('tmps4cv67vv.pl') -g eligible_for_legal_aid(case_gen). -g halt
2025-08-25 23:25:18,995 - hybex_system.prolog_engine - INFO - [Session:41e16080] Executing SWI-Prolog in 'C:\Users\OMEN19~1\AppData\Local\Temp': swipl -q -g consult('tmprqsn6x98.pl') -g eligible_for_legal_aid(case_gen). -g halt
2025-08-25 23:25:19,095 - hybex_system.prolog_engine - INFO - [Session:41e16080] Executing SWI-Prolog in 'C:\Users\OMEN19~1\AppData\Local\Temp': swipl -q -g consult('tmpc_e48m3q.pl') -g eligible_for_legal_aid(case_gen). -g halt
2025-08-25 23:25:19,201 - hybex_system.prolog_engine - INFO - [Session:41e16080] Executing SWI-Prolog in 'C:\Users\OMEN19~1\AppData\Local\Temp': swipl -q -g consult('tmpt254s2nh.pl') -g eligible_for_legal_aid(case_gen). -g halt
2025-08-25 23:25:19,317 - hybex_system.prolog_engine - INFO - [Session:41e16080] Executing SWI-Prolog in 'C:\Users\OMEN19~1\AppData\Local\Temp': swipl -q -g consult('tmp4lw59arx.pl') -g eligible_for_legal_aid(case_gen). -g halt
2025-08-25 23:25:19,417 - hybex_system.prolog_engine - INFO - [Session:41e16080] Executing SWI-Prolog in 'C:\Users\OMEN19~1\AppData\Local\Temp': swipl -q -g consult('tmp1veqeqzq.pl') -g eligible_for_legal_aid(case_gen). -g halt
2025-08-25 23:25:19,554 - hybex_system.prolog_engine - INFO - [Session:41e16080] Executing SWI-Prolog in 'C:\Users\OMEN19~1\AppData\Local\Temp': swipl -q -g consult('tmpq1uuhfiy.pl') -g eligible_for_legal_aid(case_gen). -g halt
2025-08-25 23:25:19,667 - hybex_system.prolog_engine - INFO - [Session:41e16080] Executing SWI-Prolog in 'C:\Users\OMEN19~1\AppData\Local\Temp': swipl -q -g consult('tmpfsklgb9t.pl') -g eligible_for_legal_aid(case_gen). -g halt
2025-08-25 23:25:19,806 - hybex_system.prolog_engine - INFO - [Session:41e16080] Executing SWI-Prolog in 'C:\Users\OMEN19~1\AppData\Local\Temp': swipl -q -g consult('tmpp73r6j46.pl') -g eligible_for_legal_aid(case_gen). -g halt
2025-08-25 23:25:19,907 - hybex_system.prolog_engine - INFO - [Session:41e16080] Executing SWI-Prolog in 'C:\Users\OMEN19~1\AppData\Local\Temp': swipl -q -g consult('tmpvgj69ubs.pl') -g eligible_for_legal_aid(case_gen). -g halt
2025-08-25 23:25:20,006 - hybex_system.prolog_engine - INFO - [Session:41e16080] Executing SWI-Prolog in 'C:\Users\OMEN19~1\AppData\Local\Temp': swipl -q -g consult('tmp8z7oej6o.pl') -g eligible_for_legal_aid(case_gen). -g halt
2025-08-25 23:25:20,116 - hybex_system.prolog_engine - INFO - [Session:41e16080] Executing SWI-Prolog in 'C:\Users\OMEN19~1\AppData\Local\Temp': swipl -q -g consult('tmpa_kr2y8d.pl') -g eligible_for_legal_aid(case_gen). -g halt
2025-08-25 23:25:20,225 - hybex_system.prolog_engine - INFO - [Session:41e16080] Executing SWI-Prolog in 'C:\Users\OMEN19~1\AppData\Local\Temp': swipl -q -g consult('tmpxm1hv4dl.pl') -g eligible_for_legal_aid(case_gen). -g halt
2025-08-25 23:25:20,333 - hybex_system.prolog_engine - INFO - [Session:41e16080] Executing SWI-Prolog in 'C:\Users\OMEN19~1\AppData\Local\Temp': swipl -q -g consult('tmprxea8egl.pl') -g eligible_for_legal_aid(case_gen). -g halt
2025-08-25 23:25:20,433 - hybex_system.prolog_engine - INFO - [Session:41e16080] Executing SWI-Prolog in 'C:\Users\OMEN19~1\AppData\Local\Temp': swipl -q -g consult('tmp17m1p_tr.pl') -g eligible_for_legal_aid(case_gen). -g halt
2025-08-25 23:25:20,539 - hybex_system.prolog_engine - INFO - [Session:41e16080] Executing SWI-Prolog in 'C:\Users\OMEN19~1\AppData\Local\Temp': swipl -q -g consult('tmp8wk2615q.pl') -g eligible_for_legal_aid(case_gen). -g halt
2025-08-25 23:25:20,651 - hybex_system.prolog_engine - INFO - [Session:41e16080] Executing SWI-Prolog in 'C:\Users\OMEN19~1\AppData\Local\Temp': swipl -q -g consult('tmp72fz8q4y.pl') -g eligible_for_legal_aid(case_gen). -g halt
2025-08-25 23:25:20,755 - hybex_system.prolog_engine - INFO - [Session:41e16080] Executing SWI-Prolog in 'C:\Users\OMEN19~1\AppData\Local\Temp': swipl -q -g consult('tmpxmzc1zp3.pl') -g eligible_for_legal_aid(case_gen). -g halt
2025-08-25 23:25:20,867 - hybex_system.prolog_engine - INFO - [Session:41e16080] Executing SWI-Prolog in 'C:\Users\OMEN19~1\AppData\Local\Temp': swipl -q -g consult('tmpd4_a5crx.pl') -g eligible_for_legal_aid(case_gen). -g halt
2025-08-25 23:25:20,990 - hybex_system.prolog_engine - INFO - [Session:41e16080] Executing SWI-Prolog in 'C:\Users\OMEN19~1\AppData\Local\Temp': swipl -q -g consult('tmp6fbf6z2m.pl') -g eligible_for_legal_aid(case_gen). -g halt
2025-08-25 23:25:21,091 - hybex_system.prolog_engine - INFO - [Session:41e16080] Executing SWI-Prolog in 'C:\Users\OMEN19~1\AppData\Local\Temp': swipl -q -g consult('tmprfgmbrrn.pl') -g eligible_for_legal_aid(case_gen). -g halt
2025-08-25 23:25:21,201 - hybex_system.prolog_engine - INFO - [Session:41e16080] Executing SWI-Prolog in 'C:\Users\OMEN19~1\AppData\Local\Temp': swipl -q -g consult('tmpyhmv8h1m.pl') -g eligible_for_legal_aid(case_gen). -g halt
2025-08-25 23:25:21,333 - hybex_system.prolog_engine - INFO - [Session:41e16080] Executing SWI-Prolog in 'C:\Users\OMEN19~1\AppData\Local\Temp': swipl -q -g consult('tmpxnee5nj8.pl') -g eligible_for_legal_aid(case_gen). -g halt
2025-08-25 23:25:21,451 - hybex_system.prolog_engine - INFO - [Session:41e16080] Executing SWI-Prolog in 'C:\Users\OMEN19~1\AppData\Local\Temp': swipl -q -g consult('tmp0ujyvbqm.pl') -g eligible_for_legal_aid(case_gen). -g halt
2025-08-25 23:25:21,583 - hybex_system.prolog_engine - INFO - [Session:41e16080] Executing SWI-Prolog in 'C:\Users\OMEN19~1\AppData\Local\Temp': swipl -q -g consult('tmpg_b3rput.pl') -g eligible_for_legal_aid(case_gen). -g halt
2025-08-25 23:25:21,711 - hybex_system.prolog_engine - INFO - [Session:41e16080] Executing SWI-Prolog in 'C:\Users\OMEN19~1\AppData\Local\Temp': swipl -q -g consult('tmp2k21a0s5.pl') -g eligible_for_legal_aid(case_gen). -g halt
2025-08-25 23:25:21,839 - hybex_system.prolog_engine - INFO - [Session:41e16080] Executing SWI-Prolog in 'C:\Users\OMEN19~1\AppData\Local\Temp': swipl -q -g consult('tmpt1t879nm.pl') -g eligible_for_legal_aid(case_gen). -g halt
2025-08-25 23:25:21,965 - hybex_system.prolog_engine - INFO - [Session:41e16080] Executing SWI-Prolog in 'C:\Users\OMEN19~1\AppData\Local\Temp': swipl -q -g consult('tmp40k__z9y.pl') -g eligible_for_legal_aid(case_gen). -g halt
2025-08-25 23:25:22,083 - hybex_system.prolog_engine - INFO - [Session:41e16080] Executing SWI-Prolog in 'C:\Users\OMEN19~1\AppData\Local\Temp': swipl -q -g consult('tmpi39kxbjs.pl') -g eligible_for_legal_aid(case_gen). -g halt
2025-08-25 23:25:22,226 - hybex_system.prolog_engine - INFO - [Session:41e16080] Executing SWI-Prolog in 'C:\Users\OMEN19~1\AppData\Local\Temp': swipl -q -g consult('tmp8t0uf_9r.pl') -g eligible_for_legal_aid(case_gen). -g halt
2025-08-25 23:25:22,377 - hybex_system.prolog_engine - INFO - [Session:41e16080] Executing SWI-Prolog in 'C:\Users\OMEN19~1\AppData\Local\Temp': swipl -q -g consult('tmp7o_e8gio.pl') -g eligible_for_legal_aid(case_gen). -g halt
2025-08-25 23:25:22,527 - hybex_system.prolog_engine - INFO - [Session:41e16080] Executing SWI-Prolog in 'C:\Users\OMEN19~1\AppData\Local\Temp': swipl -q -g consult('tmpyng3d1ti.pl') -g eligible_for_legal_aid(case_gen). -g halt
2025-08-25 23:25:22,662 - hybex_system.prolog_engine - INFO - [Session:41e16080] Executing SWI-Prolog in 'C:\Users\OMEN19~1\AppData\Local\Temp': swipl -q -g consult('tmph2bggz20.pl') -g eligible_for_legal_aid(case_gen). -g halt
2025-08-25 23:25:22,855 - hybex_system.prolog_engine - INFO - [Session:41e16080] Executing SWI-Prolog in 'C:\Users\OMEN19~1\AppData\Local\Temp': swipl -q -g consult('tmp2w7ob_u1.pl') -g eligible_for_legal_aid(case_gen). -g halt
2025-08-25 23:25:22,963 - hybex_system.prolog_engine - INFO - [Session:41e16080] Executing SWI-Prolog in 'C:\Users\OMEN19~1\AppData\Local\Temp': swipl -q -g consult('tmpuj154u80.pl') -g eligible_for_legal_aid(case_gen). -g halt
2025-08-25 23:25:23,062 - hybex_system.prolog_engine - INFO - [Session:41e16080] Executing SWI-Prolog in 'C:\Users\OMEN19~1\AppData\Local\Temp': swipl -q -g consult('tmpv5_3_ogu.pl') -g eligible_for_legal_aid(case_gen). -g halt
2025-08-25 23:25:23,165 - hybex_system.prolog_engine - INFO - [Session:41e16080] Executing SWI-Prolog in 'C:\Users\OMEN19~1\AppData\Local\Temp': swipl -q -g consult('tmpdsy3h7bj.pl') -g eligible_for_legal_aid(case_gen). -g halt
2025-08-25 23:25:23,281 - hybex_system.prolog_engine - INFO - [Session:41e16080] Executing SWI-Prolog in 'C:\Users\OMEN19~1\AppData\Local\Temp': swipl -q -g consult('tmpf1i9n4o_.pl') -g eligible_for_legal_aid(case_gen). -g halt
2025-08-25 23:25:23,382 - hybex_system.prolog_engine - INFO - [Session:41e16080] Executing SWI-Prolog in 'C:\Users\OMEN19~1\AppData\Local\Temp': swipl -q -g consult('tmpenlcnjxi.pl') -g eligible_for_legal_aid(case_gen). -g halt
2025-08-25 23:25:23,500 - hybex_system.prolog_engine - INFO - [Session:41e16080] Executing SWI-Prolog in 'C:\Users\OMEN19~1\AppData\Local\Temp': swipl -q -g consult('tmpswhdhlua.pl') -g eligible_for_legal_aid(case_gen). -g halt
2025-08-25 23:25:23,610 - hybex_system.prolog_engine - INFO - [Session:41e16080] Executing SWI-Prolog in 'C:\Users\OMEN19~1\AppData\Local\Temp': swipl -q -g consult('tmp2sq32c08.pl') -g eligible_for_legal_aid(case_gen). -g halt
2025-08-25 23:25:23,720 - hybex_system.prolog_engine - INFO - [Session:41e16080] Executing SWI-Prolog in 'C:\Users\OMEN19~1\AppData\Local\Temp': swipl -q -g consult('tmptulx849j.pl') -g eligible_for_legal_aid(case_gen). -g halt
2025-08-25 23:25:23,824 - hybex_system.prolog_engine - INFO - [Session:41e16080] Executing SWI-Prolog in 'C:\Users\OMEN19~1\AppData\Local\Temp': swipl -q -g consult('tmp74llxsfk.pl') -g eligible_for_legal_aid(case_gen). -g halt
2025-08-25 23:25:23,933 - hybex_system.prolog_engine - INFO - [Session:41e16080] Executing SWI-Prolog in 'C:\Users\OMEN19~1\AppData\Local\Temp': swipl -q -g consult('tmpi9sy4bfx.pl') -g eligible_for_legal_aid(case_gen). -g halt
2025-08-25 23:25:24,038 - hybex_system.prolog_engine - INFO - [Session:41e16080] Executing SWI-Prolog in 'C:\Users\OMEN19~1\AppData\Local\Temp': swipl -q -g consult('tmpyj4fx1wc.pl') -g eligible_for_legal_aid(case_gen). -g halt
2025-08-25 23:25:24,145 - hybex_system.prolog_engine - INFO - [Session:41e16080] Executing SWI-Prolog in 'C:\Users\OMEN19~1\AppData\Local\Temp': swipl -q -g consult('tmpro4salag.pl') -g eligible_for_legal_aid(case_gen). -g halt
2025-08-25 23:25:24,255 - hybex_system.prolog_engine - INFO - [Session:41e16080] Executing SWI-Prolog in 'C:\Users\OMEN19~1\AppData\Local\Temp': swipl -q -g consult('tmpucm2i1qo.pl') -g eligible_for_legal_aid(case_gen). -g halt
2025-08-25 23:25:24,359 - hybex_system.prolog_engine - INFO - [Session:41e16080] Executing SWI-Prolog in 'C:\Users\OMEN19~1\AppData\Local\Temp': swipl -q -g consult('tmpam1ikud3.pl') -g eligible_for_legal_aid(case_gen). -g halt
2025-08-25 23:25:24,467 - hybex_system.prolog_engine - INFO - [Session:41e16080] Executing SWI-Prolog in 'C:\Users\OMEN19~1\AppData\Local\Temp': swipl -q -g consult('tmpmj_yr69j.pl') -g eligible_for_legal_aid(case_gen). -g halt
2025-08-25 23:25:24,572 - hybex_system.prolog_engine - INFO - [Session:41e16080] Executing SWI-Prolog in 'C:\Users\OMEN19~1\AppData\Local\Temp': swipl -q -g consult('tmpjjxf1cnx.pl') -g eligible_for_legal_aid(case_gen). -g halt
2025-08-25 23:25:24,688 - hybex_system.prolog_engine - INFO - [Session:41e16080] Executing SWI-Prolog in 'C:\Users\OMEN19~1\AppData\Local\Temp': swipl -q -g consult('tmpmw4mfv9c.pl') -g eligible_for_legal_aid(case_gen). -g halt
2025-08-25 23:25:24,790 - hybex_system.prolog_engine - INFO - [Session:41e16080] Executing SWI-Prolog in 'C:\Users\OMEN19~1\AppData\Local\Temp': swipl -q -g consult('tmp92d43zrc.pl') -g eligible_for_legal_aid(case_gen). -g halt
2025-08-25 23:25:24,898 - hybex_system.prolog_engine - INFO - [Session:41e16080] Executing SWI-Prolog in 'C:\Users\OMEN19~1\AppData\Local\Temp': swipl -q -g consult('tmpi8piuj_6.pl') -g eligible_for_legal_aid(case_gen). -g halt
2025-08-25 23:25:25,017 - hybex_system.prolog_engine - INFO - [Session:41e16080] Executing SWI-Prolog in 'C:\Users\OMEN19~1\AppData\Local\Temp': swipl -q -g consult('tmp33rxoh_1.pl') -g eligible_for_legal_aid(case_gen). -g halt
2025-08-25 23:25:25,132 - hybex_system.prolog_engine - INFO - [Session:41e16080] Executing SWI-Prolog in 'C:\Users\OMEN19~1\AppData\Local\Temp': swipl -q -g consult('tmpz3ov7pt0.pl') -g eligible_for_legal_aid(case_gen). -g halt
2025-08-25 23:25:25,247 - hybex_system.prolog_engine - INFO - [Session:41e16080] Executing SWI-Prolog in 'C:\Users\OMEN19~1\AppData\Local\Temp': swipl -q -g consult('tmpb1dya6tu.pl') -g eligible_for_legal_aid(case_gen). -g halt
2025-08-25 23:25:25,348 - hybex_system.prolog_engine - INFO - [Session:41e16080] Executing SWI-Prolog in 'C:\Users\OMEN19~1\AppData\Local\Temp': swipl -q -g consult('tmpbpjngwm3.pl') -g eligible_for_legal_aid(case_gen). -g halt
2025-08-25 23:25:25,473 - hybex_system.prolog_engine - INFO - [Session:41e16080] Executing SWI-Prolog in 'C:\Users\OMEN19~1\AppData\Local\Temp': swipl -q -g consult('tmp_yuf05xg.pl') -g eligible_for_legal_aid(case_gen). -g halt
2025-08-25 23:25:25,571 - hybex_system.prolog_engine - INFO - [Session:41e16080] Executing SWI-Prolog in 'C:\Users\OMEN19~1\AppData\Local\Temp': swipl -q -g consult('tmp6j1tbn5f.pl') -g eligible_for_legal_aid(case_gen). -g halt
2025-08-25 23:25:25,688 - hybex_system.prolog_engine - INFO - [Session:41e16080] Executing SWI-Prolog in 'C:\Users\OMEN19~1\AppData\Local\Temp': swipl -q -g consult('tmpphb33i7k.pl') -g eligible_for_legal_aid(case_gen). -g halt
2025-08-25 23:25:25,795 - hybex_system.prolog_engine - INFO - [Session:41e16080] Executing SWI-Prolog in 'C:\Users\OMEN19~1\AppData\Local\Temp': swipl -q -g consult('tmpk5wz85rk.pl') -g eligible_for_legal_aid(case_gen). -g halt
2025-08-25 23:25:25,895 - hybex_system.prolog_engine - INFO - [Session:41e16080] Executing SWI-Prolog in 'C:\Users\OMEN19~1\AppData\Local\Temp': swipl -q -g consult('tmp41s09ocr.pl') -g eligible_for_legal_aid(case_gen). -g halt
2025-08-25 23:25:25,999 - hybex_system.prolog_engine - INFO - [Session:41e16080] Executing SWI-Prolog in 'C:\Users\OMEN19~1\AppData\Local\Temp': swipl -q -g consult('tmpnd7qb_db.pl') -g eligible_for_legal_aid(case_gen). -g halt
2025-08-25 23:25:26,111 - hybex_system.prolog_engine - INFO - [Session:41e16080] Executing SWI-Prolog in 'C:\Users\OMEN19~1\AppData\Local\Temp': swipl -q -g consult('tmpo828arzt.pl') -g eligible_for_legal_aid(case_gen). -g halt
2025-08-25 23:25:26,216 - hybex_system.prolog_engine - INFO - [Session:41e16080] Executing SWI-Prolog in 'C:\Users\OMEN19~1\AppData\Local\Temp': swipl -q -g consult('tmp1jv0p1zm.pl') -g eligible_for_legal_aid(case_gen). -g halt
2025-08-25 23:25:26,322 - hybex_system.prolog_engine - INFO - [Session:41e16080] Executing SWI-Prolog in 'C:\Users\OMEN19~1\AppData\Local\Temp': swipl -q -g consult('tmp827fiz_g.pl') -g eligible_for_legal_aid(case_gen). -g halt
2025-08-25 23:25:26,422 - hybex_system.prolog_engine - INFO - [Session:41e16080] Executing SWI-Prolog in 'C:\Users\OMEN19~1\AppData\Local\Temp': swipl -q -g consult('tmp3_t8bhge.pl') -g eligible_for_legal_aid(case_gen). -g halt
2025-08-25 23:25:26,534 - hybex_system.prolog_engine - INFO - [Session:41e16080] Executing SWI-Prolog in 'C:\Users\OMEN19~1\AppData\Local\Temp': swipl -q -g consult('tmpsvav7tsp.pl') -g eligible_for_legal_aid(case_gen). -g halt
2025-08-25 23:25:26,636 - hybex_system.prolog_engine - INFO - [Session:41e16080] Executing SWI-Prolog in 'C:\Users\OMEN19~1\AppData\Local\Temp': swipl -q -g consult('tmpq7tzpi8r.pl') -g eligible_for_legal_aid(case_gen). -g halt
2025-08-25 23:25:26,747 - hybex_system.prolog_engine - INFO - [Session:41e16080] Executing SWI-Prolog in 'C:\Users\OMEN19~1\AppData\Local\Temp': swipl -q -g consult('tmpdi_1mgh6.pl') -g eligible_for_legal_aid(case_gen). -g halt
2025-08-25 23:25:26,858 - hybex_system.prolog_engine - INFO - [Session:41e16080] Executing SWI-Prolog in 'C:\Users\OMEN19~1\AppData\Local\Temp': swipl -q -g consult('tmpto0s0avk.pl') -g eligible_for_legal_aid(case_gen). -g halt
2025-08-25 23:25:26,963 - hybex_system.prolog_engine - INFO - [Session:41e16080] Executing SWI-Prolog in 'C:\Users\OMEN19~1\AppData\Local\Temp': swipl -q -g consult('tmpq71wicqb.pl') -g eligible_for_legal_aid(case_gen). -g halt
2025-08-25 23:25:27,070 - hybex_system.prolog_engine - INFO - [Session:41e16080] Executing SWI-Prolog in 'C:\Users\OMEN19~1\AppData\Local\Temp': swipl -q -g consult('tmpx2s7j_0v.pl') -g eligible_for_legal_aid(case_gen). -g halt
2025-08-25 23:25:27,183 - hybex_system.prolog_engine - INFO - [Session:41e16080] Executing SWI-Prolog in 'C:\Users\OMEN19~1\AppData\Local\Temp': swipl -q -g consult('tmpkbxuqs76.pl') -g eligible_for_legal_aid(case_gen). -g halt
2025-08-25 23:25:27,304 - hybex_system.prolog_engine - INFO - [Session:41e16080] Executing SWI-Prolog in 'C:\Users\OMEN19~1\AppData\Local\Temp': swipl -q -g consult('tmpjbtk_vw5.pl') -g eligible_for_legal_aid(case_gen). -g halt
2025-08-25 23:25:27,401 - hybex_system.prolog_engine - INFO - [Session:41e16080] Executing SWI-Prolog in 'C:\Users\OMEN19~1\AppData\Local\Temp': swipl -q -g consult('tmpspgwizhj.pl') -g eligible_for_legal_aid(case_gen). -g halt
2025-08-25 23:25:27,509 - hybex_system.prolog_engine - INFO - [Session:41e16080] Executing SWI-Prolog in 'C:\Users\OMEN19~1\AppData\Local\Temp': swipl -q -g consult('tmpkl4ggh_d.pl') -g eligible_for_legal_aid(case_gen). -g halt
2025-08-25 23:25:27,615 - hybex_system.prolog_engine - INFO - [Session:41e16080] Executing SWI-Prolog in 'C:\Users\OMEN19~1\AppData\Local\Temp': swipl -q -g consult('tmp4trc4tlb.pl') -g eligible_for_legal_aid(case_gen). -g halt
2025-08-25 23:25:27,742 - hybex_system.prolog_engine - INFO - [Session:41e16080] Executing SWI-Prolog in 'C:\Users\OMEN19~1\AppData\Local\Temp': swipl -q -g consult('tmp1pg50kpf.pl') -g eligible_for_legal_aid(case_gen). -g halt
2025-08-25 23:25:27,850 - hybex_system.prolog_engine - INFO - [Session:41e16080] Executing SWI-Prolog in 'C:\Users\OMEN19~1\AppData\Local\Temp': swipl -q -g consult('tmp7uyybeak.pl') -g eligible_for_legal_aid(case_gen). -g halt
2025-08-25 23:25:27,958 - hybex_system.prolog_engine - INFO - [Session:41e16080] Executing SWI-Prolog in 'C:\Users\OMEN19~1\AppData\Local\Temp': swipl -q -g consult('tmpl6ldxbfp.pl') -g eligible_for_legal_aid(case_gen). -g halt
2025-08-25 23:25:28,061 - hybex_system.prolog_engine - INFO - [Session:41e16080] Executing SWI-Prolog in 'C:\Users\OMEN19~1\AppData\Local\Temp': swipl -q -g consult('tmpt97tvlnr.pl') -g eligible_for_legal_aid(case_gen). -g halt
2025-08-25 23:25:28,179 - hybex_system.prolog_engine - INFO - [Session:41e16080] Executing SWI-Prolog in 'C:\Users\OMEN19~1\AppData\Local\Temp': swipl -q -g consult('tmpq1mf6dft.pl') -g eligible_for_legal_aid(case_gen). -g halt
2025-08-25 23:25:28,290 - hybex_system.prolog_engine - INFO - [Session:41e16080] Executing SWI-Prolog in 'C:\Users\OMEN19~1\AppData\Local\Temp': swipl -q -g consult('tmpeh0408if.pl') -g eligible_for_legal_aid(case_gen). -g halt
2025-08-25 23:25:28,412 - hybex_system.prolog_engine - INFO - [Session:41e16080] Executing SWI-Prolog in 'C:\Users\OMEN19~1\AppData\Local\Temp': swipl -q -g consult('tmpfdksfiq8.pl') -g eligible_for_legal_aid(case_gen). -g halt
2025-08-25 23:25:28,532 - hybex_system.prolog_engine - INFO - [Session:41e16080] Executing SWI-Prolog in 'C:\Users\OMEN19~1\AppData\Local\Temp': swipl -q -g consult('tmp7pqgprtw.pl') -g eligible_for_legal_aid(case_gen). -g halt
2025-08-25 23:25:28,635 - hybex_system.prolog_engine - INFO - [Session:41e16080] Executing SWI-Prolog in 'C:\Users\OMEN19~1\AppData\Local\Temp': swipl -q -g consult('tmpxojzx7kz.pl') -g eligible_for_legal_aid(case_gen). -g halt
2025-08-25 23:25:28,734 - hybex_system.prolog_engine - INFO - [Session:41e16080] Executing SWI-Prolog in 'C:\Users\OMEN19~1\AppData\Local\Temp': swipl -q -g consult('tmpz0wzgx45.pl') -g eligible_for_legal_aid(case_gen). -g halt
2025-08-25 23:25:28,844 - hybex_system.prolog_engine - INFO - [Session:41e16080] Executing SWI-Prolog in 'C:\Users\OMEN19~1\AppData\Local\Temp': swipl -q -g consult('tmpykcc33yd.pl') -g eligible_for_legal_aid(case_gen). -g halt
2025-08-25 23:25:28,949 - hybex_system.prolog_engine - INFO - [Session:41e16080] Executing SWI-Prolog in 'C:\Users\OMEN19~1\AppData\Local\Temp': swipl -q -g consult('tmplaaojctt.pl') -g eligible_for_legal_aid(case_gen). -g halt
2025-08-25 23:25:29,035 - hybex_system.prolog_engine - INFO - [Session:41e16080] Executing SWI-Prolog in 'C:\Users\OMEN19~1\AppData\Local\Temp': swipl -q -g consult('tmp8menutti.pl') -g eligible_for_legal_aid(case_gen). -g halt
2025-08-25 23:25:29,175 - hybex_system.prolog_engine - INFO - [Session:41e16080] Executing SWI-Prolog in 'C:\Users\OMEN19~1\AppData\Local\Temp': swipl -q -g consult('tmpar4ggv79.pl') -g eligible_for_legal_aid(case_gen). -g halt
2025-08-25 23:25:29,269 - hybex_system.prolog_engine - INFO - [Session:41e16080] Executing SWI-Prolog in 'C:\Users\OMEN19~1\AppData\Local\Temp': swipl -q -g consult('tmpy879rxrf.pl') -g eligible_for_legal_aid(case_gen). -g halt
2025-08-25 23:25:29,365 - hybex_system.prolog_engine - INFO - [Session:41e16080] Executing SWI-Prolog in 'C:\Users\OMEN19~1\AppData\Local\Temp': swipl -q -g consult('tmp8nswaay4.pl') -g eligible_for_legal_aid(case_gen). -g halt
2025-08-25 23:25:29,483 - hybex_system.prolog_engine - INFO - [Session:41e16080] Executing SWI-Prolog in 'C:\Users\OMEN19~1\AppData\Local\Temp': swipl -q -g consult('tmpwvrmci_a.pl') -g eligible_for_legal_aid(case_gen). -g halt
2025-08-25 23:25:29,623 - hybex_system.prolog_engine - INFO - [Session:41e16080] Executing SWI-Prolog in 'C:\Users\OMEN19~1\AppData\Local\Temp': swipl -q -g consult('tmplwv458j5.pl') -g eligible_for_legal_aid(case_gen). -g halt
2025-08-25 23:25:29,738 - hybex_system.prolog_engine - INFO - [Session:41e16080] Executing SWI-Prolog in 'C:\Users\OMEN19~1\AppData\Local\Temp': swipl -q -g consult('tmphyfnd909.pl') -g eligible_for_legal_aid(case_gen). -g halt
2025-08-25 23:25:29,844 - hybex_system.prolog_engine - INFO - [Session:41e16080] Executing SWI-Prolog in 'C:\Users\OMEN19~1\AppData\Local\Temp': swipl -q -g consult('tmpqn9m2pmj.pl') -g eligible_for_legal_aid(case_gen). -g halt
2025-08-25 23:25:29,959 - hybex_system.prolog_engine - INFO - [Session:41e16080] Executing SWI-Prolog in 'C:\Users\OMEN19~1\AppData\Local\Temp': swipl -q -g consult('tmp94i8pt07.pl') -g eligible_for_legal_aid(case_gen). -g halt
2025-08-25 23:25:30,068 - hybex_system.prolog_engine - INFO - [Session:41e16080] Executing SWI-Prolog in 'C:\Users\OMEN19~1\AppData\Local\Temp': swipl -q -g consult('tmps_j4iesn.pl') -g eligible_for_legal_aid(case_gen). -g halt
2025-08-25 23:25:30,176 - hybex_system.prolog_engine - INFO - [Session:41e16080] Executing SWI-Prolog in 'C:\Users\OMEN19~1\AppData\Local\Temp': swipl -q -g consult('tmp48q9vsep.pl') -g eligible_for_legal_aid(case_gen). -g halt
2025-08-25 23:25:30,286 - hybex_system.prolog_engine - INFO - [Session:41e16080] Executing SWI-Prolog in 'C:\Users\OMEN19~1\AppData\Local\Temp': swipl -q -g consult('tmpzcug76gd.pl') -g eligible_for_legal_aid(case_gen). -g halt
2025-08-25 23:25:30,382 - hybex_system.prolog_engine - INFO - [Session:41e16080] Executing SWI-Prolog in 'C:\Users\OMEN19~1\AppData\Local\Temp': swipl -q -g consult('tmpevw7jgoy.pl') -g eligible_for_legal_aid(case_gen). -g halt
2025-08-25 23:25:30,529 - hybex_system.prolog_engine - INFO - [Session:41e16080] Executing SWI-Prolog in 'C:\Users\OMEN19~1\AppData\Local\Temp': swipl -q -g consult('tmpkb0i6r94.pl') -g eligible_for_legal_aid(case_gen). -g halt
2025-08-25 23:25:30,646 - hybex_system.prolog_engine - INFO - [Session:41e16080] Executing SWI-Prolog in 'C:\Users\OMEN19~1\AppData\Local\Temp': swipl -q -g consult('tmpz302q_3a.pl') -g eligible_for_legal_aid(case_gen). -g halt
2025-08-25 23:25:30,756 - hybex_system.prolog_engine - INFO - [Session:41e16080] Executing SWI-Prolog in 'C:\Users\OMEN19~1\AppData\Local\Temp': swipl -q -g consult('tmpxu7ikshc.pl') -g eligible_for_legal_aid(case_gen). -g halt
2025-08-25 23:25:30,866 - hybex_system.prolog_engine - INFO - [Session:41e16080] Executing SWI-Prolog in 'C:\Users\OMEN19~1\AppData\Local\Temp': swipl -q -g consult('tmp5d7rwmgv.pl') -g eligible_for_legal_aid(case_gen). -g halt
2025-08-25 23:25:30,971 - hybex_system.prolog_engine - INFO - [Session:41e16080] Executing SWI-Prolog in 'C:\Users\OMEN19~1\AppData\Local\Temp': swipl -q -g consult('tmpydolmza8.pl') -g eligible_for_legal_aid(case_gen). -g halt
2025-08-25 23:25:31,070 - hybex_system.prolog_engine - INFO - [Session:41e16080] Executing SWI-Prolog in 'C:\Users\OMEN19~1\AppData\Local\Temp': swipl -q -g consult('tmpnhs_5smt.pl') -g eligible_for_legal_aid(case_gen). -g halt
2025-08-25 23:25:31,164 - hybex_system.prolog_engine - INFO - [Session:41e16080] Executing SWI-Prolog in 'C:\Users\OMEN19~1\AppData\Local\Temp': swipl -q -g consult('tmp_iopewfa.pl') -g eligible_for_legal_aid(case_gen). -g halt
2025-08-25 23:25:31,273 - hybex_system.prolog_engine - INFO - [Session:41e16080] Executing SWI-Prolog in 'C:\Users\OMEN19~1\AppData\Local\Temp': swipl -q -g consult('tmpfqb2baf4.pl') -g eligible_for_legal_aid(case_gen). -g halt
2025-08-25 23:25:31,376 - hybex_system.prolog_engine - INFO - [Session:41e16080] Executing SWI-Prolog in 'C:\Users\OMEN19~1\AppData\Local\Temp': swipl -q -g consult('tmpkj_mm93j.pl') -g eligible_for_legal_aid(case_gen). -g halt
2025-08-25 23:25:31,483 - hybex_system.prolog_engine - INFO - [Session:41e16080] Executing SWI-Prolog in 'C:\Users\OMEN19~1\AppData\Local\Temp': swipl -q -g consult('tmps8h855hw.pl') -g eligible_for_legal_aid(case_gen). -g halt
2025-08-25 23:25:31,616 - hybex_system.prolog_engine - INFO - [Session:41e16080] Executing SWI-Prolog in 'C:\Users\OMEN19~1\AppData\Local\Temp': swipl -q -g consult('tmpwy1h9ccm.pl') -g eligible_for_legal_aid(case_gen). -g halt
2025-08-25 23:25:31,720 - hybex_system.prolog_engine - INFO - [Session:41e16080] Executing SWI-Prolog in 'C:\Users\OMEN19~1\AppData\Local\Temp': swipl -q -g consult('tmprxzuf6x_.pl') -g eligible_for_legal_aid(case_gen). -g halt
2025-08-25 23:25:31,821 - hybex_system.prolog_engine - INFO - [Session:41e16080] Executing SWI-Prolog in 'C:\Users\OMEN19~1\AppData\Local\Temp': swipl -q -g consult('tmpdaar0f7n.pl') -g eligible_for_legal_aid(case_gen). -g halt
2025-08-25 23:25:31,914 - hybex_system.prolog_engine - INFO - [Session:41e16080] Executing SWI-Prolog in 'C:\Users\OMEN19~1\AppData\Local\Temp': swipl -q -g consult('tmp7z3pjes0.pl') -g eligible_for_legal_aid(case_gen). -g halt
2025-08-25 23:25:32,032 - hybex_system.prolog_engine - INFO - [Session:41e16080] Executing SWI-Prolog in 'C:\Users\OMEN19~1\AppData\Local\Temp': swipl -q -g consult('tmpw439ut20.pl') -g eligible_for_legal_aid(case_gen). -g halt
2025-08-25 23:25:32,133 - hybex_system.prolog_engine - INFO - [Session:41e16080] Executing SWI-Prolog in 'C:\Users\OMEN19~1\AppData\Local\Temp': swipl -q -g consult('tmphgoe33yf.pl') -g eligible_for_legal_aid(case_gen). -g halt
2025-08-25 23:25:32,251 - hybex_system.prolog_engine - INFO - [Session:41e16080] Executing SWI-Prolog in 'C:\Users\OMEN19~1\AppData\Local\Temp': swipl -q -g consult('tmp_psm__1d.pl') -g eligible_for_legal_aid(case_gen). -g halt
2025-08-25 23:25:32,355 - hybex_system.prolog_engine - INFO - [Session:41e16080] Executing SWI-Prolog in 'C:\Users\OMEN19~1\AppData\Local\Temp': swipl -q -g consult('tmptdf_w8b0.pl') -g eligible_for_legal_aid(case_gen). -g halt
2025-08-25 23:25:32,459 - hybex_system.prolog_engine - INFO - [Session:41e16080] Executing SWI-Prolog in 'C:\Users\OMEN19~1\AppData\Local\Temp': swipl -q -g consult('tmpyy0wwo55.pl') -g eligible_for_legal_aid(case_gen). -g halt
2025-08-25 23:25:32,562 - hybex_system.prolog_engine - INFO - [Session:41e16080] Executing SWI-Prolog in 'C:\Users\OMEN19~1\AppData\Local\Temp': swipl -q -g consult('tmp1a2sd1wg.pl') -g eligible_for_legal_aid(case_gen). -g halt
2025-08-25 23:25:32,685 - hybex_system.prolog_engine - INFO - [Session:41e16080] Executing SWI-Prolog in 'C:\Users\OMEN19~1\AppData\Local\Temp': swipl -q -g consult('tmpcqkg7jhr.pl') -g eligible_for_legal_aid(case_gen). -g halt
2025-08-25 23:25:32,787 - hybex_system.prolog_engine - INFO - [Session:41e16080] Executing SWI-Prolog in 'C:\Users\OMEN19~1\AppData\Local\Temp': swipl -q -g consult('tmpnbmm3rhw.pl') -g eligible_for_legal_aid(case_gen). -g halt
2025-08-25 23:25:32,915 - hybex_system.prolog_engine - INFO - [Session:41e16080] Executing SWI-Prolog in 'C:\Users\OMEN19~1\AppData\Local\Temp': swipl -q -g consult('tmp84oq8urj.pl') -g eligible_for_legal_aid(case_gen). -g halt
2025-08-25 23:25:33,018 - hybex_system.prolog_engine - INFO - [Session:41e16080] Executing SWI-Prolog in 'C:\Users\OMEN19~1\AppData\Local\Temp': swipl -q -g consult('tmpm67dwwwf.pl') -g eligible_for_legal_aid(case_gen). -g halt
2025-08-25 23:25:33,139 - hybex_system.prolog_engine - INFO - [Session:41e16080] Executing SWI-Prolog in 'C:\Users\OMEN19~1\AppData\Local\Temp': swipl -q -g consult('tmpxe55sg4b.pl') -g eligible_for_legal_aid(case_gen). -g halt
2025-08-25 23:25:33,272 - hybex_system.prolog_engine - INFO - [Session:41e16080] Executing SWI-Prolog in 'C:\Users\OMEN19~1\AppData\Local\Temp': swipl -q -g consult('tmp8jgawkwi.pl') -g eligible_for_legal_aid(case_gen). -g halt
2025-08-25 23:25:33,388 - hybex_system.prolog_engine - INFO - [Session:41e16080] Executing SWI-Prolog in 'C:\Users\OMEN19~1\AppData\Local\Temp': swipl -q -g consult('tmpoc_vxmkr.pl') -g eligible_for_legal_aid(case_gen). -g halt
2025-08-25 23:25:33,502 - hybex_system.prolog_engine - INFO - [Session:41e16080] Executing SWI-Prolog in 'C:\Users\OMEN19~1\AppData\Local\Temp': swipl -q -g consult('tmp8de38lot.pl') -g eligible_for_legal_aid(case_gen). -g halt
2025-08-25 23:25:33,620 - hybex_system.prolog_engine - INFO - [Session:41e16080] Executing SWI-Prolog in 'C:\Users\OMEN19~1\AppData\Local\Temp': swipl -q -g consult('tmpuho_s3fm.pl') -g eligible_for_legal_aid(case_gen). -g halt
2025-08-25 23:25:33,734 - hybex_system.prolog_engine - INFO - [Session:41e16080] Executing SWI-Prolog in 'C:\Users\OMEN19~1\AppData\Local\Temp': swipl -q -g consult('tmpcwox93ik.pl') -g eligible_for_legal_aid(case_gen). -g halt
2025-08-25 23:25:33,841 - hybex_system.prolog_engine - INFO - [Session:41e16080] Executing SWI-Prolog in 'C:\Users\OMEN19~1\AppData\Local\Temp': swipl -q -g consult('tmpz7m6i739.pl') -g eligible_for_legal_aid(case_gen). -g halt
2025-08-25 23:25:33,970 - hybex_system.prolog_engine - INFO - [Session:41e16080] Executing SWI-Prolog in 'C:\Users\OMEN19~1\AppData\Local\Temp': swipl -q -g consult('tmpy80tu6pn.pl') -g eligible_for_legal_aid(case_gen). -g halt
2025-08-25 23:25:34,068 - hybex_system.prolog_engine - INFO - [Session:41e16080] Executing SWI-Prolog in 'C:\Users\OMEN19~1\AppData\Local\Temp': swipl -q -g consult('tmpybhncg8d.pl') -g eligible_for_legal_aid(case_gen). -g halt
2025-08-25 23:25:34,183 - hybex_system.prolog_engine - INFO - [Session:41e16080] Executing SWI-Prolog in 'C:\Users\OMEN19~1\AppData\Local\Temp': swipl -q -g consult('tmpwuca6hbk.pl') -g eligible_for_legal_aid(case_gen). -g halt
2025-08-25 23:25:34,287 - hybex_system.prolog_engine - INFO - [Session:41e16080] Executing SWI-Prolog in 'C:\Users\OMEN19~1\AppData\Local\Temp': swipl -q -g consult('tmpemgbl99l.pl') -g eligible_for_legal_aid(case_gen). -g halt
2025-08-25 23:25:34,393 - hybex_system.prolog_engine - INFO - [Session:41e16080] Executing SWI-Prolog in 'C:\Users\OMEN19~1\AppData\Local\Temp': swipl -q -g consult('tmp32xbq4rn.pl') -g eligible_for_legal_aid(case_gen). -g halt
2025-08-25 23:25:34,518 - hybex_system.prolog_engine - INFO - [Session:41e16080] Executing SWI-Prolog in 'C:\Users\OMEN19~1\AppData\Local\Temp': swipl -q -g consult('tmp0e43hnfu.pl') -g eligible_for_legal_aid(case_gen). -g halt
2025-08-25 23:25:34,619 - hybex_system.prolog_engine - INFO - [Session:41e16080] Executing SWI-Prolog in 'C:\Users\OMEN19~1\AppData\Local\Temp': swipl -q -g consult('tmp5ou1u259.pl') -g eligible_for_legal_aid(case_gen). -g halt
2025-08-25 23:25:34,738 - hybex_system.prolog_engine - INFO - [Session:41e16080] Executing SWI-Prolog in 'C:\Users\OMEN19~1\AppData\Local\Temp': swipl -q -g consult('tmppaprfm_t.pl') -g eligible_for_legal_aid(case_gen). -g halt
2025-08-25 23:25:34,844 - hybex_system.prolog_engine - INFO - [Session:41e16080] Executing SWI-Prolog in 'C:\Users\OMEN19~1\AppData\Local\Temp': swipl -q -g consult('tmpi4oanwhc.pl') -g eligible_for_legal_aid(case_gen). -g halt
2025-08-25 23:25:34,941 - hybex_system.prolog_engine - INFO - [Session:41e16080] Executing SWI-Prolog in 'C:\Users\OMEN19~1\AppData\Local\Temp': swipl -q -g consult('tmpkoxv7uom.pl') -g eligible_for_legal_aid(case_gen). -g halt
2025-08-25 23:25:35,067 - hybex_system.prolog_engine - INFO - [Session:41e16080] Executing SWI-Prolog in 'C:\Users\OMEN19~1\AppData\Local\Temp': swipl -q -g consult('tmp_d8054eg.pl') -g eligible_for_legal_aid(case_gen). -g halt
2025-08-25 23:25:35,165 - hybex_system.prolog_engine - INFO - [Session:41e16080] Executing SWI-Prolog in 'C:\Users\OMEN19~1\AppData\Local\Temp': swipl -q -g consult('tmp1raunw_1.pl') -g eligible_for_legal_aid(case_gen). -g halt
2025-08-25 23:25:35,270 - hybex_system.prolog_engine - INFO - [Session:41e16080] Executing SWI-Prolog in 'C:\Users\OMEN19~1\AppData\Local\Temp': swipl -q -g consult('tmpb1g49ifa.pl') -g eligible_for_legal_aid(case_gen). -g halt
2025-08-25 23:25:35,385 - hybex_system.prolog_engine - INFO - [Session:41e16080] Executing SWI-Prolog in 'C:\Users\OMEN19~1\AppData\Local\Temp': swipl -q -g consult('tmpez4xjo6a.pl') -g eligible_for_legal_aid(case_gen). -g halt
2025-08-25 23:25:35,482 - hybex_system.prolog_engine - INFO - [Session:41e16080] Executing SWI-Prolog in 'C:\Users\OMEN19~1\AppData\Local\Temp': swipl -q -g consult('tmpq0uvpckt.pl') -g eligible_for_legal_aid(case_gen). -g halt
2025-08-25 23:25:35,582 - hybex_system.prolog_engine - INFO - [Session:41e16080] Executing SWI-Prolog in 'C:\Users\OMEN19~1\AppData\Local\Temp': swipl -q -g consult('tmp6i9hd_4o.pl') -g eligible_for_legal_aid(case_gen). -g halt
2025-08-25 23:25:35,685 - hybex_system.prolog_engine - INFO - [Session:41e16080] Executing SWI-Prolog in 'C:\Users\OMEN19~1\AppData\Local\Temp': swipl -q -g consult('tmp3pqcqrtp.pl') -g eligible_for_legal_aid(case_gen). -g halt
2025-08-25 23:25:35,802 - hybex_system.prolog_engine - INFO - [Session:41e16080] Executing SWI-Prolog in 'C:\Users\OMEN19~1\AppData\Local\Temp': swipl -q -g consult('tmp0myeifkh.pl') -g eligible_for_legal_aid(case_gen). -g halt
2025-08-25 23:25:35,909 - hybex_system.prolog_engine - INFO - [Session:41e16080] Executing SWI-Prolog in 'C:\Users\OMEN19~1\AppData\Local\Temp': swipl -q -g consult('tmpoowv_uor.pl') -g eligible_for_legal_aid(case_gen). -g halt
2025-08-25 23:25:36,041 - hybex_system.prolog_engine - INFO - [Session:41e16080] Executing SWI-Prolog in 'C:\Users\OMEN19~1\AppData\Local\Temp': swipl -q -g consult('tmpdd51eax0.pl') -g eligible_for_legal_aid(case_gen). -g halt
2025-08-25 23:25:36,154 - hybex_system.prolog_engine - INFO - [Session:41e16080] Executing SWI-Prolog in 'C:\Users\OMEN19~1\AppData\Local\Temp': swipl -q -g consult('tmpea3h1vyk.pl') -g eligible_for_legal_aid(case_gen). -g halt
2025-08-25 23:25:36,269 - hybex_system.prolog_engine - INFO - [Session:41e16080] Executing SWI-Prolog in 'C:\Users\OMEN19~1\AppData\Local\Temp': swipl -q -g consult('tmp3_lflrqk.pl') -g eligible_for_legal_aid(case_gen). -g halt
2025-08-25 23:25:36,369 - hybex_system.prolog_engine - INFO - [Session:41e16080] Executing SWI-Prolog in 'C:\Users\OMEN19~1\AppData\Local\Temp': swipl -q -g consult('tmpgexjyjtt.pl') -g eligible_for_legal_aid(case_gen). -g halt
2025-08-25 23:25:36,485 - hybex_system.prolog_engine - INFO - [Session:41e16080] Executing SWI-Prolog in 'C:\Users\OMEN19~1\AppData\Local\Temp': swipl -q -g consult('tmp_nevl_sr.pl') -g eligible_for_legal_aid(case_gen). -g halt
2025-08-25 23:25:36,597 - hybex_system.prolog_engine - INFO - [Session:41e16080] Executing SWI-Prolog in 'C:\Users\OMEN19~1\AppData\Local\Temp': swipl -q -g consult('tmpf21v49j_.pl') -g eligible_for_legal_aid(case_gen). -g halt
2025-08-25 23:25:36,720 - hybex_system.prolog_engine - INFO - [Session:41e16080] Executing SWI-Prolog in 'C:\Users\OMEN19~1\AppData\Local\Temp': swipl -q -g consult('tmpc3qidggo.pl') -g eligible_for_legal_aid(case_gen). -g halt
2025-08-25 23:25:36,835 - hybex_system.prolog_engine - INFO - [Session:41e16080] Executing SWI-Prolog in 'C:\Users\OMEN19~1\AppData\Local\Temp': swipl -q -g consult('tmpn6l74cd_.pl') -g eligible_for_legal_aid(case_gen). -g halt
2025-08-25 23:25:36,939 - hybex_system.prolog_engine - INFO - [Session:41e16080] Executing SWI-Prolog in 'C:\Users\OMEN19~1\AppData\Local\Temp': swipl -q -g consult('tmpuoph5n3_.pl') -g eligible_for_legal_aid(case_gen). -g halt
2025-08-25 23:25:37,049 - hybex_system.prolog_engine - INFO - [Session:41e16080] Executing SWI-Prolog in 'C:\Users\OMEN19~1\AppData\Local\Temp': swipl -q -g consult('tmpa8er1ebe.pl') -g eligible_for_legal_aid(case_gen). -g halt
2025-08-25 23:25:37,158 - hybex_system.prolog_engine - INFO - [Session:41e16080] Executing SWI-Prolog in 'C:\Users\OMEN19~1\AppData\Local\Temp': swipl -q -g consult('tmp_4p6um74.pl') -g eligible_for_legal_aid(case_gen). -g halt
2025-08-25 23:25:37,282 - hybex_system.prolog_engine - INFO - [Session:41e16080] Executing SWI-Prolog in 'C:\Users\OMEN19~1\AppData\Local\Temp': swipl -q -g consult('tmpwd3_8cja.pl') -g eligible_for_legal_aid(case_gen). -g halt
2025-08-25 23:25:37,408 - hybex_system.prolog_engine - INFO - [Session:41e16080] Executing SWI-Prolog in 'C:\Users\OMEN19~1\AppData\Local\Temp': swipl -q -g consult('tmp9yfg5ryg.pl') -g eligible_for_legal_aid(case_gen). -g halt
2025-08-25 23:25:37,528 - hybex_system.prolog_engine - INFO - [Session:41e16080] Executing SWI-Prolog in 'C:\Users\OMEN19~1\AppData\Local\Temp': swipl -q -g consult('tmp9r8tgpkz.pl') -g eligible_for_legal_aid(case_gen). -g halt
2025-08-25 23:25:37,627 - hybex_system.prolog_engine - INFO - [Session:41e16080] Executing SWI-Prolog in 'C:\Users\OMEN19~1\AppData\Local\Temp': swipl -q -g consult('tmp77d2lyz1.pl') -g eligible_for_legal_aid(case_gen). -g halt
2025-08-25 23:25:37,770 - hybex_system.prolog_engine - INFO - [Session:41e16080] Executing SWI-Prolog in 'C:\Users\OMEN19~1\AppData\Local\Temp': swipl -q -g consult('tmpa6wtsxha.pl') -g eligible_for_legal_aid(case_gen). -g halt
2025-08-25 23:25:37,860 - hybex_system.prolog_engine - INFO - [Session:41e16080] Executing SWI-Prolog in 'C:\Users\OMEN19~1\AppData\Local\Temp': swipl -q -g consult('tmp6u0xkdum.pl') -g eligible_for_legal_aid(case_gen). -g halt
2025-08-25 23:25:37,957 - hybex_system.prolog_engine - INFO - [Session:41e16080] Executing SWI-Prolog in 'C:\Users\OMEN19~1\AppData\Local\Temp': swipl -q -g consult('tmpbcx9ei7c.pl') -g eligible_for_legal_aid(case_gen). -g halt
2025-08-25 23:25:38,068 - hybex_system.prolog_engine - INFO - [Session:41e16080] Executing SWI-Prolog in 'C:\Users\OMEN19~1\AppData\Local\Temp': swipl -q -g consult('tmpaivud70u.pl') -g eligible_for_legal_aid(case_gen). -g halt
2025-08-25 23:25:38,182 - hybex_system.prolog_engine - INFO - [Session:41e16080] Executing SWI-Prolog in 'C:\Users\OMEN19~1\AppData\Local\Temp': swipl -q -g consult('tmp6xidum52.pl') -g eligible_for_legal_aid(case_gen). -g halt
2025-08-25 23:25:38,304 - hybex_system.prolog_engine - INFO - [Session:41e16080] Executing SWI-Prolog in 'C:\Users\OMEN19~1\AppData\Local\Temp': swipl -q -g consult('tmp70lnjqah.pl') -g eligible_for_legal_aid(case_gen). -g halt
2025-08-25 23:25:38,442 - hybex_system.prolog_engine - INFO - [Session:41e16080] Executing SWI-Prolog in 'C:\Users\OMEN19~1\AppData\Local\Temp': swipl -q -g consult('tmpdbt1kpxs.pl') -g eligible_for_legal_aid(case_gen). -g halt
2025-08-25 23:25:38,553 - hybex_system.prolog_engine - INFO - [Session:41e16080] Executing SWI-Prolog in 'C:\Users\OMEN19~1\AppData\Local\Temp': swipl -q -g consult('tmppp5jqdhl.pl') -g eligible_for_legal_aid(case_gen). -g halt
2025-08-25 23:25:38,657 - hybex_system.prolog_engine - INFO - [Session:41e16080] Executing SWI-Prolog in 'C:\Users\OMEN19~1\AppData\Local\Temp': swipl -q -g consult('tmpvqcjbkds.pl') -g eligible_for_legal_aid(case_gen). -g halt
2025-08-25 23:25:38,784 - hybex_system.prolog_engine - INFO - [Session:41e16080] Executing SWI-Prolog in 'C:\Users\OMEN19~1\AppData\Local\Temp': swipl -q -g consult('tmpjmjn3ynl.pl') -g eligible_for_legal_aid(case_gen). -g halt
2025-08-25 23:25:38,907 - hybex_system.prolog_engine - INFO - [Session:41e16080] Executing SWI-Prolog in 'C:\Users\OMEN19~1\AppData\Local\Temp': swipl -q -g consult('tmpss69ye2n.pl') -g eligible_for_legal_aid(case_gen). -g halt
2025-08-25 23:25:39,022 - hybex_system.prolog_engine - INFO - [Session:41e16080] Executing SWI-Prolog in 'C:\Users\OMEN19~1\AppData\Local\Temp': swipl -q -g consult('tmpukb8j4wh.pl') -g eligible_for_legal_aid(case_gen). -g halt
2025-08-25 23:25:39,139 - hybex_system.prolog_engine - INFO - [Session:41e16080] Executing SWI-Prolog in 'C:\Users\OMEN19~1\AppData\Local\Temp': swipl -q -g consult('tmph8sn7fo0.pl') -g eligible_for_legal_aid(case_gen). -g halt
2025-08-25 23:25:39,263 - hybex_system.prolog_engine - INFO - [Session:41e16080] Executing SWI-Prolog in 'C:\Users\OMEN19~1\AppData\Local\Temp': swipl -q -g consult('tmptl1mvfev.pl') -g eligible_for_legal_aid(case_gen). -g halt
2025-08-25 23:25:39,377 - hybex_system.prolog_engine - INFO - [Session:41e16080] Executing SWI-Prolog in 'C:\Users\OMEN19~1\AppData\Local\Temp': swipl -q -g consult('tmpou7zqhme.pl') -g eligible_for_legal_aid(case_gen). -g halt
2025-08-25 23:25:39,501 - hybex_system.prolog_engine - INFO - [Session:41e16080] Executing SWI-Prolog in 'C:\Users\OMEN19~1\AppData\Local\Temp': swipl -q -g consult('tmpsya4g4oa.pl') -g eligible_for_legal_aid(case_gen). -g halt
2025-08-25 23:25:39,617 - hybex_system.prolog_engine - INFO - [Session:41e16080] Executing SWI-Prolog in 'C:\Users\OMEN19~1\AppData\Local\Temp': swipl -q -g consult('tmpal99dcha.pl') -g eligible_for_legal_aid(case_gen). -g halt
2025-08-25 23:25:39,720 - hybex_system.prolog_engine - INFO - [Session:41e16080] Executing SWI-Prolog in 'C:\Users\OMEN19~1\AppData\Local\Temp': swipl -q -g consult('tmp6y55urb1.pl') -g eligible_for_legal_aid(case_gen). -g halt
2025-08-25 23:25:39,845 - hybex_system.prolog_engine - INFO - [Session:41e16080] Executing SWI-Prolog in 'C:\Users\OMEN19~1\AppData\Local\Temp': swipl -q -g consult('tmp3rm2u1uv.pl') -g eligible_for_legal_aid(case_gen). -g halt
2025-08-25 23:25:39,967 - hybex_system.prolog_engine - INFO - [Session:41e16080] Executing SWI-Prolog in 'C:\Users\OMEN19~1\AppData\Local\Temp': swipl -q -g consult('tmpi6txb0zg.pl') -g eligible_for_legal_aid(case_gen). -g halt
2025-08-25 23:25:40,075 - hybex_system.prolog_engine - INFO - [Session:41e16080] Executing SWI-Prolog in 'C:\Users\OMEN19~1\AppData\Local\Temp': swipl -q -g consult('tmph3e1znl7.pl') -g eligible_for_legal_aid(case_gen). -g halt
2025-08-25 23:25:40,186 - hybex_system.prolog_engine - INFO - [Session:41e16080] Executing SWI-Prolog in 'C:\Users\OMEN19~1\AppData\Local\Temp': swipl -q -g consult('tmp4xh0_y9z.pl') -g eligible_for_legal_aid(case_gen). -g halt
2025-08-25 23:25:40,353 - hybex_system.prolog_engine - INFO - [Session:41e16080] Executing SWI-Prolog in 'C:\Users\OMEN19~1\AppData\Local\Temp': swipl -q -g consult('tmpppgi339c.pl') -g eligible_for_legal_aid(case_gen). -g halt
2025-08-25 23:25:40,464 - hybex_system.prolog_engine - INFO - [Session:41e16080] Executing SWI-Prolog in 'C:\Users\OMEN19~1\AppData\Local\Temp': swipl -q -g consult('tmp38d5rmwt.pl') -g eligible_for_legal_aid(case_gen). -g halt
2025-08-25 23:25:40,567 - hybex_system.prolog_engine - INFO - [Session:41e16080] Executing SWI-Prolog in 'C:\Users\OMEN19~1\AppData\Local\Temp': swipl -q -g consult('tmptie5u4x9.pl') -g eligible_for_legal_aid(case_gen). -g halt
2025-08-25 23:25:40,683 - hybex_system.prolog_engine - INFO - [Session:41e16080] Executing SWI-Prolog in 'C:\Users\OMEN19~1\AppData\Local\Temp': swipl -q -g consult('tmp42jel9tb.pl') -g eligible_for_legal_aid(case_gen). -g halt
2025-08-25 23:25:40,788 - hybex_system.prolog_engine - INFO - [Session:41e16080] Executing SWI-Prolog in 'C:\Users\OMEN19~1\AppData\Local\Temp': swipl -q -g consult('tmp_2ute14a.pl') -g eligible_for_legal_aid(case_gen). -g halt
2025-08-25 23:25:40,900 - hybex_system.prolog_engine - INFO - [Session:41e16080] Executing SWI-Prolog in 'C:\Users\OMEN19~1\AppData\Local\Temp': swipl -q -g consult('tmp1ie9cl08.pl') -g eligible_for_legal_aid(case_gen). -g halt
2025-08-25 23:25:40,998 - hybex_system.prolog_engine - INFO - [Session:41e16080] Executing SWI-Prolog in 'C:\Users\OMEN19~1\AppData\Local\Temp': swipl -q -g consult('tmp48ke9e3c.pl') -g eligible_for_legal_aid(case_gen). -g halt
