2025-08-08 01:49:57,235 - hybex_system.prolog_engine - INFO - [Session:eb9d3e99] Added file handler to PrologEngine logger.
2025-08-08 01:49:57,236 - hybex_system.prolog_engine - INFO - [Session:eb9d3e99] ======================================================================
2025-08-08 01:49:57,236 - hybex_system.prolog_engine - INFO - [Session:eb9d3e99] Starting HybEx-Law Comprehensive Prolog Reasoning Engine
2025-08-08 01:49:57,236 - hybex_system.prolog_engine - INFO - [Session:eb9d3e99] Session ID: eb9d3e99
2025-08-08 01:49:57,237 - hybex_system.prolog_engine - INFO - [Session:eb9d3e99] Configuration: {'config_source': 'verified_fallback', 'last_updated': None, 'validation_status': 'unvalidated', 'primary_act': 'Legal Services Authorities Act, 1987', 'income_thresholds': {'general': 500000, 'sc_st': 800000, 'obc': 600000, 'bpl': 0, 'ews': 800000}, 'real_data_available': False, 'sources_count': 0}
2025-08-08 01:49:57,237 - hybex_system.prolog_engine - INFO - [Session:eb9d3e99] ======================================================================
2025-08-08 01:49:57,238 - hybex_system.prolog_engine - INFO - [Session:eb9d3e99] Using fixed enhanced knowledge base (Prolog-compatible)
2025-08-08 01:49:57,239 - hybex_system.prolog_engine - INFO - [Session:eb9d3e99] Attempting to load rules from: d:\Code_stuff\NLP\multi_domain_legal\knowledge_base\fixed_enhanced_multi_domain_rules.py
2025-08-08 01:49:57,241 - hybex_system.prolog_engine - INFO - [Session:eb9d3e99] Successfully loaded ENHANCED_MULTI_DOMAIN_LEGAL_RULES with scraped content.
2025-08-08 01:49:57,241 - hybex_system.prolog_engine - INFO - [Session:eb9d3e99] Parsing comprehensive multi-domain legal rules from knowledge base.
2025-08-08 01:49:57,248 - hybex_system.prolog_engine - INFO - [Session:eb9d3e99] Initialized Comprehensive PrologEngine (Session: eb9d3e99, Available: True)
2025-08-08 01:49:57,249 - hybex_system.prolog_engine - INFO - [Session:eb9d3e99] Loaded 9 rule categories with 181 total rules
2025-08-08 01:49:57,249 - hybex_system.prolog_engine - INFO - [Session:eb9d3e99] Comprehensive rules actually loaded: True
2025-08-08 01:49:57,252 - hybex_system.prolog_engine - INFO - [Session:eb9d3e99] 🧠 Starting comprehensive legal analysis for case_eb9d3e99_014957
2025-08-08 01:49:57,253 - hybex_system.prolog_engine - INFO - [Session:eb9d3e99] Generated 5 comprehensive Prolog facts for case_eb9d3e99_014957
2025-08-08 01:49:57,260 - hybex_system.prolog_engine - INFO - [Session:eb9d3e99] Created comprehensive Prolog file: C:\Users\OMEN19~1\AppData\Local\Temp\tmp_75geukl.pl with 5 facts.
2025-08-08 01:50:27,291 - hybex_system.prolog_engine - ERROR - [Session:eb9d3e99] Prolog query timeout (attempt 1): eligible_with_confidence('case_eb9d3e99_014957', Eligible, Confidence)
2025-08-08 01:50:57,310 - hybex_system.prolog_engine - ERROR - [Session:eb9d3e99] Prolog query timeout (attempt 2): eligible_with_confidence('case_eb9d3e99_014957', Eligible, Confidence)
2025-08-08 01:51:27,333 - hybex_system.prolog_engine - ERROR - [Session:eb9d3e99] Prolog query timeout (attempt 3): eligible_with_confidence('case_eb9d3e99_014957', Eligible, Confidence)
2025-08-08 01:51:27,334 - hybex_system.prolog_engine - WARNING - [Session:eb9d3e99] Failed to get confident eligibility from Prolog. Trying basic 'eligible_for_legal_aid'.
2025-08-08 01:51:57,342 - hybex_system.prolog_engine - ERROR - [Session:eb9d3e99] Prolog query timeout (attempt 1): eligible_for_legal_aid('case_eb9d3e99_014957')
2025-08-08 01:52:27,371 - hybex_system.prolog_engine - ERROR - [Session:eb9d3e99] Prolog query timeout (attempt 2): eligible_for_legal_aid('case_eb9d3e99_014957')
2025-08-08 01:52:57,395 - hybex_system.prolog_engine - ERROR - [Session:eb9d3e99] Prolog query timeout (attempt 3): eligible_for_legal_aid('case_eb9d3e99_014957')
2025-08-08 01:53:27,412 - hybex_system.prolog_engine - ERROR - [Session:eb9d3e99] Prolog query timeout (attempt 1): primary_eligibility_reason('case_eb9d3e99_014957', Reason)
2025-08-08 01:53:57,435 - hybex_system.prolog_engine - ERROR - [Session:eb9d3e99] Prolog query timeout (attempt 2): primary_eligibility_reason('case_eb9d3e99_014957', Reason)
2025-08-08 01:54:27,464 - hybex_system.prolog_engine - ERROR - [Session:eb9d3e99] Prolog query timeout (attempt 3): primary_eligibility_reason('case_eb9d3e99_014957', Reason)
2025-08-08 01:54:57,491 - hybex_system.prolog_engine - ERROR - [Session:eb9d3e99] Prolog query timeout (attempt 1): generate_detailed_reasoning('case_eb9d3e99_014957', DetailedReason)
2025-08-08 01:55:27,507 - hybex_system.prolog_engine - ERROR - [Session:eb9d3e99] Prolog query timeout (attempt 2): generate_detailed_reasoning('case_eb9d3e99_014957', DetailedReason)
2025-08-08 01:55:57,515 - hybex_system.prolog_engine - ERROR - [Session:eb9d3e99] Prolog query timeout (attempt 3): generate_detailed_reasoning('case_eb9d3e99_014957', DetailedReason)
