2025-08-08 02:20:28,860 - hybex_system.prolog_engine - INFO - [Session:e3a56209] Added file handler to PrologEngine logger.
2025-08-08 02:20:28,860 - hybex_system.prolog_engine - INFO - [Session:e3a56209] ======================================================================
2025-08-08 02:20:28,860 - hybex_system.prolog_engine - INFO - [Session:e3a56209] Starting HybEx-Law Comprehensive Prolog Reasoning Engine
2025-08-08 02:20:28,860 - hybex_system.prolog_engine - INFO - [Session:e3a56209] Session ID: e3a56209
2025-08-08 02:20:28,860 - hybex_system.prolog_engine - INFO - [Session:e3a56209] Configuration: {'config_source': 'verified_fallback', 'last_updated': None, 'validation_status': 'unvalidated', 'primary_act': 'Legal Services Authorities Act, 1987', 'income_thresholds': {'general': 500000, 'sc_st': 800000, 'obc': 600000, 'bpl': 0, 'ews': 800000}, 'real_data_available': False, 'sources_count': 0}
2025-08-08 02:20:28,862 - hybex_system.prolog_engine - INFO - [Session:e3a56209] ======================================================================
2025-08-08 02:20:28,862 - hybex_system.prolog_engine - INFO - [Session:e3a56209] Using optimized enhanced knowledge base (performance-optimized)
2025-08-08 02:20:28,862 - hybex_system.prolog_engine - INFO - [Session:e3a56209] Attempting to load rules from: d:\Code_stuff\NLP\multi_domain_legal\knowledge_base\optimized_enhanced_multi_domain_rules.py
2025-08-08 02:20:28,865 - hybex_system.prolog_engine - INFO - [Session:e3a56209] Successfully loaded ENHANCED_MULTI_DOMAIN_LEGAL_RULES with scraped content.
2025-08-08 02:20:28,865 - hybex_system.prolog_engine - INFO - [Session:e3a56209] Parsing comprehensive multi-domain legal rules from knowledge base.
2025-08-08 02:20:28,867 - hybex_system.prolog_engine - INFO - [Session:e3a56209] Initialized Comprehensive PrologEngine (Session: e3a56209, Available: True)
2025-08-08 02:20:28,868 - hybex_system.prolog_engine - INFO - [Session:e3a56209] Loaded 3 rule categories with 9 total rules
2025-08-08 02:20:28,868 - hybex_system.prolog_engine - INFO - [Session:e3a56209] Comprehensive rules actually loaded: True
2025-08-08 02:20:28,869 - hybex_system.prolog_engine - INFO - [Session:e3a56209] 🎯 Detected domain 'family_law' for case type 'divorce'
2025-08-08 02:20:28,869 - hybex_system.prolog_engine - INFO - [Session:e3a56209] 🧠 Starting comprehensive legal analysis for case_e3a56209_022028
2025-08-08 02:20:28,869 - hybex_system.prolog_engine - INFO - [Session:e3a56209] 🎯 Detected domain 'family_law' for case type 'divorce'
2025-08-08 02:20:28,870 - hybex_system.prolog_engine - INFO - [Session:e3a56209] 🎯 Using domain-specific rules for: ['family_law']
2025-08-08 02:20:28,870 - hybex_system.prolog_engine - INFO - [Session:e3a56209] Generated 5 comprehensive Prolog facts for case_e3a56209_022028
2025-08-08 02:20:28,872 - hybex_system.prolog_engine - INFO - [Session:e3a56209] 📋 Loaded domain-specific rules for 'family_law'
2025-08-08 02:20:28,872 - hybex_system.prolog_engine - INFO - [Session:e3a56209] ✅ Combined 129 core rules with 24 domain-specific rules
2025-08-08 02:20:28,873 - hybex_system.prolog_engine - INFO - [Session:e3a56209] ✅ Created domain-specific Prolog file for 'family_law': C:\Users\OMEN19~1\AppData\Local\Temp\tmp7nq7asya.pl with 5 facts.
2025-08-08 02:20:28,993 - hybex_system.prolog_engine - WARNING - [Session:e3a56209] SWI-Prolog exited with code 2 (attempt 1). Stderr: Warning: c:/users/omen19~1/appdata/local/temp/tmp7nq7asya.pl:163:
Warning:    Clauses of person/1 are not together in the source-file
Warning:    Earlier definition at c:/users/omen19~1/appdata/local/temp/tmp7nq7asya.pl:126
Warning:    Current predicate: family_law_reason/2
Warning:    Use :- discontiguous person/1. to suppress this message
ERROR: -g ['C:/Users/OMEN19~1/AppData/Local/Temp/tmp7nq7asya.pl'], eligible_with_confidence('case_e3a56209_022028', Eligible, Confidence).: categorically_eligible/1: Unknown procedure: social_category/2
2025-08-08 02:20:28,993 - hybex_system.prolog_engine - WARNING - [Session:e3a56209] Failed to get confident eligibility from Prolog. Trying basic 'eligible_for_legal_aid'.
2025-08-08 02:21:29,017 - hybex_system.prolog_engine - ERROR - [Session:e3a56209] Prolog query timeout (attempt 1): eligible_for_legal_aid('case_e3a56209_022028')
2025-08-08 02:22:29,040 - hybex_system.prolog_engine - ERROR - [Session:e3a56209] Prolog query timeout (attempt 2): eligible_for_legal_aid('case_e3a56209_022028')
2025-08-08 02:23:29,060 - hybex_system.prolog_engine - ERROR - [Session:e3a56209] Prolog query timeout (attempt 3): eligible_for_legal_aid('case_e3a56209_022028')
2025-08-08 02:23:29,179 - hybex_system.prolog_engine - WARNING - [Session:e3a56209] SWI-Prolog exited with code 2 (attempt 1). Stderr: Warning: c:/users/omen19~1/appdata/local/temp/tmp7nq7asya.pl:163:
Warning:    Clauses of person/1 are not together in the source-file
Warning:    Earlier definition at c:/users/omen19~1/appdata/local/temp/tmp7nq7asya.pl:126
Warning:    Current predicate: family_law_reason/2
Warning:    Use :- discontiguous person/1. to suppress this message
ERROR: -g ['C:/Users/OMEN19~1/AppData/Local/Temp/tmp7nq7asya.pl'], primary_eligibility_reason('case_e3a56209_022028', Reason).: categorically_eligible/1: Unknown procedure: social_category/2
2025-08-08 02:23:29,259 - hybex_system.prolog_engine - WARNING - [Session:e3a56209] SWI-Prolog exited with code 2 (attempt 1). Stderr: Warning: c:/users/omen19~1/appdata/local/temp/tmp7nq7asya.pl:163:
Warning:    Clauses of person/1 are not together in the source-file
Warning:    Earlier definition at c:/users/omen19~1/appdata/local/temp/tmp7nq7asya.pl:126
Warning:    Current predicate: family_law_reason/2
Warning:    Use :- discontiguous person/1. to suppress this message
ERROR: -g ['C:/Users/OMEN19~1/AppData/Local/Temp/tmp7nq7asya.pl'], generate_detailed_reasoning('case_e3a56209_022028', DetailedReason).: categorically_eligible/1: Unknown procedure: social_category/2
2025-08-08 02:23:29,339 - hybex_system.prolog_engine - WARNING - [Session:e3a56209] SWI-Prolog exited with code 2 (attempt 1). Stderr: Warning: c:/users/omen19~1/appdata/local/temp/tmp7nq7asya.pl:163:
Warning:    Clauses of person/1 are not together in the source-file
Warning:    Earlier definition at c:/users/omen19~1/appdata/local/temp/tmp7nq7asya.pl:126
Warning:    Current predicate: family_law_reason/2
Warning:    Use :- discontiguous person/1. to suppress this message
ERROR: -g ['C:/Users/OMEN19~1/AppData/Local/Temp/tmp7nq7asya.pl'], findall(Rule, applicable_rule('case_e3a56209_022028', Rule, legal_aid), Rules).: findall_loop/4: Unknown procedure: applicable_rule/3
2025-08-08 02:23:29,339 - hybex_system.prolog_engine - INFO - [Session:e3a56209] Comprehensive legal analysis complete for case_e3a56209_022028: Eligible=False, Confidence=0.30
2025-08-08 02:23:29,340 - hybex_system.prolog_engine - INFO - [Session:e3a56209] 🎯 Detected domain 'consumer_protection' for case type 'fraud'
2025-08-08 02:23:29,341 - hybex_system.prolog_engine - INFO - [Session:e3a56209] 🧠 Starting comprehensive legal analysis for case_e3a56209_022329
2025-08-08 02:23:29,341 - hybex_system.prolog_engine - INFO - [Session:e3a56209] 🎯 Detected domain 'consumer_protection' for case type 'fraud'
2025-08-08 02:23:29,341 - hybex_system.prolog_engine - INFO - [Session:e3a56209] 🎯 Using domain-specific rules for: ['consumer_protection']
2025-08-08 02:23:29,341 - hybex_system.prolog_engine - INFO - [Session:e3a56209] Generated 4 comprehensive Prolog facts for case_e3a56209_022329
2025-08-08 02:23:29,345 - hybex_system.prolog_engine - INFO - [Session:e3a56209] 📋 Loaded domain-specific rules for 'consumer_protection'
2025-08-08 02:23:29,345 - hybex_system.prolog_engine - INFO - [Session:e3a56209] ✅ Combined 129 core rules with 22 domain-specific rules
2025-08-08 02:23:29,345 - hybex_system.prolog_engine - INFO - [Session:e3a56209] ✅ Created domain-specific Prolog file for 'consumer_protection': C:\Users\OMEN19~1\AppData\Local\Temp\tmpxf9e_09b.pl with 4 facts.
2025-08-08 02:23:29,498 - hybex_system.prolog_engine - WARNING - [Session:e3a56209] SWI-Prolog exited with code 2 (attempt 1). Stderr: Warning: c:/users/omen19~1/appdata/local/temp/tmpxf9e_09b.pl:161:
Warning:    Clauses of person/1 are not together in the source-file
Warning:    Earlier definition at c:/users/omen19~1/appdata/local/temp/tmpxf9e_09b.pl:126
Warning:    Current predicate: consumer_protection_reason/2
Warning:    Use :- discontiguous person/1. to suppress this message
ERROR: -g ['C:/Users/OMEN19~1/AppData/Local/Temp/tmpxf9e_09b.pl'], eligible_with_confidence('case_e3a56209_022329', Eligible, Confidence).: categorically_eligible/1: Unknown procedure: social_category/2
2025-08-08 02:23:29,499 - hybex_system.prolog_engine - WARNING - [Session:e3a56209] Failed to get confident eligibility from Prolog. Trying basic 'eligible_for_legal_aid'.
2025-08-08 02:24:29,525 - hybex_system.prolog_engine - ERROR - [Session:e3a56209] Prolog query timeout (attempt 1): eligible_for_legal_aid('case_e3a56209_022329')
2025-08-08 02:25:29,562 - hybex_system.prolog_engine - ERROR - [Session:e3a56209] Prolog query timeout (attempt 2): eligible_for_legal_aid('case_e3a56209_022329')
2025-08-08 02:26:29,594 - hybex_system.prolog_engine - ERROR - [Session:e3a56209] Prolog query timeout (attempt 3): eligible_for_legal_aid('case_e3a56209_022329')
2025-08-08 02:26:29,731 - hybex_system.prolog_engine - WARNING - [Session:e3a56209] SWI-Prolog exited with code 2 (attempt 1). Stderr: Warning: c:/users/omen19~1/appdata/local/temp/tmpxf9e_09b.pl:161:
Warning:    Clauses of person/1 are not together in the source-file
Warning:    Earlier definition at c:/users/omen19~1/appdata/local/temp/tmpxf9e_09b.pl:126
Warning:    Current predicate: consumer_protection_reason/2
Warning:    Use :- discontiguous person/1. to suppress this message
ERROR: -g ['C:/Users/OMEN19~1/AppData/Local/Temp/tmpxf9e_09b.pl'], primary_eligibility_reason('case_e3a56209_022329', Reason).: categorically_eligible/1: Unknown procedure: social_category/2
2025-08-08 02:26:29,824 - hybex_system.prolog_engine - WARNING - [Session:e3a56209] SWI-Prolog exited with code 2 (attempt 1). Stderr: Warning: c:/users/omen19~1/appdata/local/temp/tmpxf9e_09b.pl:161:
Warning:    Clauses of person/1 are not together in the source-file
Warning:    Earlier definition at c:/users/omen19~1/appdata/local/temp/tmpxf9e_09b.pl:126
Warning:    Current predicate: consumer_protection_reason/2
Warning:    Use :- discontiguous person/1. to suppress this message
ERROR: -g ['C:/Users/OMEN19~1/AppData/Local/Temp/tmpxf9e_09b.pl'], generate_detailed_reasoning('case_e3a56209_022329', DetailedReason).: categorically_eligible/1: Unknown procedure: social_category/2
2025-08-08 02:26:29,918 - hybex_system.prolog_engine - WARNING - [Session:e3a56209] SWI-Prolog exited with code 2 (attempt 1). Stderr: Warning: c:/users/omen19~1/appdata/local/temp/tmpxf9e_09b.pl:161:
Warning:    Clauses of person/1 are not together in the source-file
Warning:    Earlier definition at c:/users/omen19~1/appdata/local/temp/tmpxf9e_09b.pl:126
Warning:    Current predicate: consumer_protection_reason/2
Warning:    Use :- discontiguous person/1. to suppress this message
ERROR: -g ['C:/Users/OMEN19~1/AppData/Local/Temp/tmpxf9e_09b.pl'], findall(Rule, applicable_rule('case_e3a56209_022329', Rule, legal_aid), Rules).: findall_loop/4: Unknown procedure: applicable_rule/3
2025-08-08 02:26:29,918 - hybex_system.prolog_engine - INFO - [Session:e3a56209] Comprehensive legal analysis complete for case_e3a56209_022329: Eligible=False, Confidence=0.30
2025-08-08 02:26:29,919 - hybex_system.prolog_engine - INFO - [Session:e3a56209] 🎯 Detected domain 'employment_law' for case type 'wrongful_termination'
2025-08-08 02:26:29,920 - hybex_system.prolog_engine - INFO - [Session:e3a56209] 🧠 Starting comprehensive legal analysis for case_e3a56209_022629
2025-08-08 02:26:29,920 - hybex_system.prolog_engine - INFO - [Session:e3a56209] 🎯 Detected domain 'employment_law' for case type 'wrongful_termination'
2025-08-08 02:26:29,920 - hybex_system.prolog_engine - INFO - [Session:e3a56209] 🎯 Using domain-specific rules for: ['employment_law']
2025-08-08 02:26:29,920 - hybex_system.prolog_engine - INFO - [Session:e3a56209] Generated 4 comprehensive Prolog facts for case_e3a56209_022629
2025-08-08 02:26:29,923 - hybex_system.prolog_engine - INFO - [Session:e3a56209] 📋 Loaded domain-specific rules for 'employment_law'
2025-08-08 02:26:29,923 - hybex_system.prolog_engine - INFO - [Session:e3a56209] ✅ Combined 129 core rules with 22 domain-specific rules
2025-08-08 02:26:29,924 - hybex_system.prolog_engine - INFO - [Session:e3a56209] ✅ Created domain-specific Prolog file for 'employment_law': C:\Users\OMEN19~1\AppData\Local\Temp\tmpr5y7w9lc.pl with 4 facts.
2025-08-08 02:26:30,049 - hybex_system.prolog_engine - WARNING - [Session:e3a56209] SWI-Prolog exited with code 2 (attempt 1). Stderr: Warning: c:/users/omen19~1/appdata/local/temp/tmpr5y7w9lc.pl:161:
Warning:    Clauses of person/1 are not together in the source-file
Warning:    Earlier definition at c:/users/omen19~1/appdata/local/temp/tmpr5y7w9lc.pl:126
Warning:    Current predicate: employment_law_reason/2
Warning:    Use :- discontiguous person/1. to suppress this message
ERROR: -g ['C:/Users/OMEN19~1/AppData/Local/Temp/tmpr5y7w9lc.pl'], eligible_with_confidence('case_e3a56209_022629', Eligible, Confidence).: categorically_eligible/1: Unknown procedure: social_category/2
2025-08-08 02:26:30,050 - hybex_system.prolog_engine - WARNING - [Session:e3a56209] Failed to get confident eligibility from Prolog. Trying basic 'eligible_for_legal_aid'.
2025-08-08 02:26:30,153 - hybex_system.prolog_engine - WARNING - [Session:e3a56209] SWI-Prolog exited with code 2 (attempt 1). Stderr: Warning: c:/users/omen19~1/appdata/local/temp/tmpr5y7w9lc.pl:161:
Warning:    Clauses of person/1 are not together in the source-file
Warning:    Earlier definition at c:/users/omen19~1/appdata/local/temp/tmpr5y7w9lc.pl:126
Warning:    Current predicate: employment_law_reason/2
Warning:    Use :- discontiguous person/1. to suppress this message
ERROR: -g ['C:/Users/OMEN19~1/AppData/Local/Temp/tmpr5y7w9lc.pl'], eligible_for_legal_aid('case_e3a56209_022629').: categorically_eligible/1: Unknown procedure: social_category/2
2025-08-08 02:26:30,227 - hybex_system.prolog_engine - WARNING - [Session:e3a56209] SWI-Prolog exited with code 2 (attempt 1). Stderr: Warning: c:/users/omen19~1/appdata/local/temp/tmpr5y7w9lc.pl:161:
Warning:    Clauses of person/1 are not together in the source-file
Warning:    Earlier definition at c:/users/omen19~1/appdata/local/temp/tmpr5y7w9lc.pl:126
Warning:    Current predicate: employment_law_reason/2
Warning:    Use :- discontiguous person/1. to suppress this message
ERROR: -g ['C:/Users/OMEN19~1/AppData/Local/Temp/tmpr5y7w9lc.pl'], primary_eligibility_reason('case_e3a56209_022629', Reason).: categorically_eligible/1: Unknown procedure: social_category/2
2025-08-08 02:26:30,351 - hybex_system.prolog_engine - WARNING - [Session:e3a56209] SWI-Prolog exited with code 2 (attempt 1). Stderr: Warning: c:/users/omen19~1/appdata/local/temp/tmpr5y7w9lc.pl:161:
Warning:    Clauses of person/1 are not together in the source-file
Warning:    Earlier definition at c:/users/omen19~1/appdata/local/temp/tmpr5y7w9lc.pl:126
Warning:    Current predicate: employment_law_reason/2
Warning:    Use :- discontiguous person/1. to suppress this message
ERROR: -g ['C:/Users/OMEN19~1/AppData/Local/Temp/tmpr5y7w9lc.pl'], generate_detailed_reasoning('case_e3a56209_022629', DetailedReason).: categorically_eligible/1: Unknown procedure: social_category/2
2025-08-08 02:26:30,476 - hybex_system.prolog_engine - WARNING - [Session:e3a56209] SWI-Prolog exited with code 2 (attempt 1). Stderr: Warning: c:/users/omen19~1/appdata/local/temp/tmpr5y7w9lc.pl:161:
Warning:    Clauses of person/1 are not together in the source-file
Warning:    Earlier definition at c:/users/omen19~1/appdata/local/temp/tmpr5y7w9lc.pl:126
Warning:    Current predicate: employment_law_reason/2
Warning:    Use :- discontiguous person/1. to suppress this message
ERROR: -g ['C:/Users/OMEN19~1/AppData/Local/Temp/tmpr5y7w9lc.pl'], findall(Rule, applicable_rule('case_e3a56209_022629', Rule, legal_aid), Rules).: findall_loop/4: Unknown procedure: applicable_rule/3
2025-08-08 02:26:30,476 - hybex_system.prolog_engine - INFO - [Session:e3a56209] Comprehensive legal analysis complete for case_e3a56209_022629: Eligible=False, Confidence=0.30
2025-08-08 02:26:30,479 - hybex_system.prolog_engine - INFO - [Session:e3a56209] 🎯 Detected domain 'general_legal_aid' for case type 'other'
2025-08-08 02:26:30,480 - hybex_system.prolog_engine - INFO - [Session:e3a56209] 🧠 Starting comprehensive legal analysis for case_e3a56209_022630
2025-08-08 02:26:30,480 - hybex_system.prolog_engine - INFO - [Session:e3a56209] 🎯 Detected domain 'general_legal_aid' for case type 'other'
2025-08-08 02:26:30,480 - hybex_system.prolog_engine - INFO - [Session:e3a56209] 🎯 Using domain-specific rules for: ['general_legal_aid']
2025-08-08 02:26:30,480 - hybex_system.prolog_engine - INFO - [Session:e3a56209] Generated 4 comprehensive Prolog facts for case_e3a56209_022630
2025-08-08 02:26:30,482 - hybex_system.prolog_engine - INFO - [Session:e3a56209] 📋 Loaded domain-specific rules for 'general_legal_aid'
2025-08-08 02:26:30,482 - hybex_system.prolog_engine - INFO - [Session:e3a56209] ✅ Combined 129 core rules with 129 domain-specific rules
2025-08-08 02:26:30,491 - hybex_system.prolog_engine - INFO - [Session:e3a56209] ✅ Created domain-specific Prolog file for 'general_legal_aid': C:\Users\OMEN19~1\AppData\Local\Temp\tmpgj3k9hd8.pl with 4 facts.
2025-08-08 02:26:30,606 - hybex_system.prolog_engine - WARNING - [Session:e3a56209] SWI-Prolog exited with code 2 (attempt 1). Stderr: Warning: c:/users/omen19~1/appdata/local/temp/tmpgj3k9hd8.pl:150:
Warning:    Clauses of domain_for_case_type/2 are not together in the source-file
Warning:    Earlier definition at c:/users/omen19~1/appdata/local/temp/tmpgj3k9hd8.pl:20
Warning:    Current predicate: legal_provision/2
Warning:    Use :- discontiguous domain_for_case_type/2. to suppress this message
Warning: c:/users/omen19~1/appdata/local/temp/tmpgj3k9hd8.pl:194:
Warning:    Clauses of income_eligible/1 are not together in the source-file
Warning:    Earlier definition at c:/users/omen19~1/appdata/local/temp/tmpgj3k9hd8.pl:64
Warning:    Current predicate: eligible_for_legal_aid/1
Warning:    Use :- discontiguous income_eligible/1. to suppress this message
Warning: c:/users/omen19~1/appdata/local/temp/tmpgj3k9hd8.pl:203:
Warning:    Clauses of categorically_eligible/1 are not together in the source-file
Warning:    Earlier definition at c:/users/omen19~1/appdata/local/temp/tmpgj3k9hd8.pl:73
Warning:    Current predicate: income_eligible/1
Warning:    Use :- discontiguous categorically_eligible/1. to suppress this message
Warning: c:/users/omen19~1/appdata/local/temp/tmpgj3k9hd8.pl:207:
Warning:    Clauses of protected_category/1 are not together in the source-file
Warning:    Earlier definition at c:/users/omen19~1/appdata/local/temp/tmpgj3k9hd8.pl:77
Warning:    Current predicate: categorically_eligible/1
Warning:    Use :- discontiguous protected_category/1. to suppress this message
Warning: c:/users/omen19~1/appdata/local/temp/tmpgj3k9hd8.pl:245:
Warning:    Clauses of income_threshold/2 are not together in the source-file
Warning:    Earlier definition at c:/users/omen19~1/appdata/local/temp/tmpgj3k9hd8.pl:115
Warning:    Current predicate: generate_detailed_reasoning/2
Warning:    Use :- discontiguous income_threshold/2. to suppress this message
Warning: c:/users/omen19~1/appdata/local/temp/tmpgj3k9hd8.pl:256:
Warning:    Clauses of person/1 are not together in the source-file
Warning:    Earlier definition at c:/users/omen19~1/appdata/local/temp/tmpgj3k9hd8.pl:126
Warning:    Current predicate: income_threshold/2
Warning:    Use :- discontiguous person/1. to suppress this message
Warning: c:/users/omen19~1/appdata/local/temp/tmpgj3k9hd8.pl:260:
Warning:    Clauses of legal_provision/2 are not together in the source-file
Warning:    Earlier definition at c:/users/omen19~1/appdata/local/temp/tmpgj3k9hd8.pl:130
Warning:    Current predicate: person/1
Warning:    Use :- discontiguous legal_provision/2. to suppress this message
Warning: c:/users/omen19~1/appdata/local/temp/tmpgj3k9hd8.pl:268:
Warning:    Clauses of person/1 are not together in the source-file
Warning:    Earlier definition at c:/users/omen19~1/appdata/local/temp/tmpgj3k9hd8.pl:126
Warning:    Current predicate: legal_provision/2
Warning:    Use :- discontiguous person/1. to suppress this message
ERROR: -g ['C:/Users/OMEN19~1/AppData/Local/Temp/tmpgj3k9hd8.pl'], eligible_with_confidence('case_e3a56209_022630', Eligible, Confidence).: categorically_eligible/1: Unknown procedure: social_category/2
2025-08-08 02:26:30,607 - hybex_system.prolog_engine - WARNING - [Session:e3a56209] Failed to get confident eligibility from Prolog. Trying basic 'eligible_for_legal_aid'.
2025-08-08 02:27:30,636 - hybex_system.prolog_engine - ERROR - [Session:e3a56209] Prolog query timeout (attempt 1): eligible_for_legal_aid('case_e3a56209_022630')
2025-08-08 02:28:30,661 - hybex_system.prolog_engine - ERROR - [Session:e3a56209] Prolog query timeout (attempt 2): eligible_for_legal_aid('case_e3a56209_022630')
