2025-08-11 12:34:46,137 - hybex_system.prolog_engine - INFO - [Session:4131efc6] Added file handler to PrologEngine logger.
2025-08-11 12:34:46,138 - hybex_system.prolog_engine - INFO - [Session:4131efc6] ======================================================================
2025-08-11 12:34:46,138 - hybex_system.prolog_engine - INFO - [Session:4131efc6] Starting HybEx-Law Comprehensive Prolog Reasoning Engine
2025-08-11 12:34:46,138 - hybex_system.prolog_engine - INFO - [Session:4131efc6] Session ID: 4131efc6
2025-08-11 12:34:46,139 - hybex_system.prolog_engine - INFO - [Session:4131efc6] Configuration: {'config_source': 'verified_fallback', 'last_updated': None, 'validation_status': 'unvalidated', 'primary_act': 'Legal Services Authorities Act, 1987', 'income_thresholds': {'general': 500000, 'sc_st': 800000, 'obc': 600000, 'bpl': 0, 'ews': 800000}, 'real_data_available': False, 'sources_count': 0}
2025-08-11 12:34:46,139 - hybex_system.prolog_engine - INFO - [Session:4131efc6] ======================================================================
2025-08-11 12:34:46,140 - hybex_system.prolog_engine - INFO - [Session:4131efc6] Using verified fallback knowledge base with 105 comprehensive rules
2025-08-11 12:34:46,140 - hybex_system.prolog_engine - INFO - [Session:4131efc6] Attempting to load rules from: d:\Code_stuff\NLP\multi_domain_legal\knowledge_base\multi_domain_rules.py
2025-08-11 12:34:46,141 - hybex_system.prolog_engine - INFO - [Session:4131efc6] Successfully loaded MULTI_DOMAIN_LEGAL_RULES from knowledge base.
2025-08-11 12:34:46,142 - hybex_system.prolog_engine - INFO - [Session:4131efc6] Parsing comprehensive multi-domain legal rules from knowledge base.
2025-08-11 12:34:46,144 - hybex_system.prolog_engine - INFO - [Session:4131efc6] Initialized Comprehensive PrologEngine (Session: 4131efc6, Available: True)
2025-08-11 12:34:46,144 - hybex_system.prolog_engine - INFO - [Session:4131efc6] Loaded 9 rule categories with 145 total rules
2025-08-11 12:34:46,144 - hybex_system.prolog_engine - INFO - [Session:4131efc6] Comprehensive rules actually loaded: True
2025-08-11 12:34:46,144 - hybex_system.prolog_engine - INFO - [Session:4131efc6] 🧠 Starting comprehensive legal analysis for case_4131efc6_123446
2025-08-11 12:34:46,144 - hybex_system.prolog_engine - INFO - [Session:4131efc6] 🎯 Detected domain 'general_legal_aid' for case type ''
2025-08-11 12:34:46,144 - hybex_system.prolog_engine - INFO - [Session:4131efc6] 🎯 Using domain-specific rules for: ['general_legal_aid']
2025-08-11 12:34:46,144 - hybex_system.prolog_engine - INFO - [Session:4131efc6] Generated 12 comprehensive Prolog facts for case_4131efc6_123446
2025-08-11 12:34:46,144 - hybex_system.prolog_engine - INFO - [Session:4131efc6] 📂 Selected files for domain 'general_legal_aid': ['foundational_rules_clean.pl', 'legal_aid_clean_v2.pl']
2025-08-11 12:34:46,144 - hybex_system.prolog_engine - INFO - [Session:4131efc6] ✅ Loaded modular file: foundational_rules_clean.pl
2025-08-11 12:34:46,144 - hybex_system.prolog_engine - INFO - [Session:4131efc6] ✅ Loaded modular file: legal_aid_clean_v2.pl
2025-08-11 12:34:46,144 - hybex_system.prolog_engine - INFO - [Session:4131efc6] 🔍 DEBUG: Modular Prolog file content:
2025-08-11 12:34:46,169 - hybex_system.prolog_engine - INFO - [Session:4131efc6] Modular file (6959 chars):
% HybEx-Law Modular Legal Reasoning Session: 4131efc6
% Domain: general_legal_aid
% Generated: 2025-08-11T12:34:46.144840

% DISCONTIGUOUS DIRECTIVES
:- discontiguous person/1.
:- discontiguous eligible_for_legal_aid/1.
:- discontiguous categorically_eligible/1.
:- discontiguous income_eligible/1.
:- discontiguous social_category/2.
:- discontiguous annual_income/2.
:- discontiguous case_type/2.
:- discontiguous generate_detailed_reasoning/2.
:- discontiguous primary_eligibility_reason/2.
:- discontiguous applicable_rule/3.
:- discontiguous vulnerable_group/2.
:- discontiguous gender/2.
:- discontiguous age/2.

% LOADING: foundational_rules_clean.pl
% ============================================================================
% FOUNDATIONAL PREDICATES AND UTILITY RULES - CORRECTED AND ROBUST
% This file contains only generic, reusable predicates.
% All case-specific facts (e.g., age, income) must be provided by Python.
% ================================================================...
2025-08-11 12:34:46,169 - hybex_system.prolog_engine - INFO - [Session:4131efc6] ✅ Created MODULAR Prolog file: C:\Users\OMEN19~1\AppData\Local\Temp\tmpboprg81k.pl with 2 domain modules
2025-08-11 12:34:46,175 - hybex_system.prolog_engine - INFO - [Session:4131efc6] 🎯 Ultra-fast eligibility check for case_4131efc6_123446
2025-08-11 12:34:46,175 - hybex_system.prolog_engine - INFO - [Session:4131efc6] Executing SWI-Prolog command: swipl -q -g ['C:/Users/OMEN19~1/AppData/Local/Temp/tmpboprg81k.pl'], eligible_for_legal_aid('case_4131efc6_123446'), halt --stack-limit=2g --traditional
2025-08-11 12:34:46,223 - hybex_system.prolog_engine - INFO - [Session:4131efc6] Prolog query successful (attempt 1): eligible_for_legal_aid('case_4131efc6_123446')
2025-08-11 12:34:46,223 - hybex_system.prolog_engine - INFO - [Session:4131efc6] ✅ FAST SUCCESS: Basic eligibility confirmed for case_4131efc6_123446
2025-08-11 12:34:46,223 - hybex_system.prolog_engine - INFO - [Session:4131efc6] Executing SWI-Prolog command: swipl -q -g consult('C:/Users/OMEN19~1/AppData/Local/Temp/tmpboprg81k.pl'), primary_eligibility_reason('case_4131efc6_123446', Reason), format('Reason:~q~n', [Reason]), halt.
2025-08-11 12:34:46,268 - hybex_system.prolog_engine - INFO - [Session:4131efc6] DEBUG: Primary reasoning results: [{'Reason': 'Eligible due to vulnerable group status.'}]
2025-08-11 12:34:46,268 - hybex_system.prolog_engine - INFO - [Session:4131efc6] DEBUG: Parsed primary_reason: Eligible due to vulnerable group status.
2025-08-11 12:34:46,271 - hybex_system.prolog_engine - INFO - [Session:4131efc6] Executing SWI-Prolog command: swipl -q -g consult('C:/Users/OMEN19~1/AppData/Local/Temp/tmpboprg81k.pl'), generate_detailed_reasoning('case_4131efc6_123446', DetailedReason), format('DetailedReason:~q~n', [DetailedReason]), halt.
2025-08-11 12:34:46,313 - hybex_system.prolog_engine - INFO - [Session:4131efc6] DEBUG: Detailed reasoning results: [{'DetailedReason': 'Eligible due to vulnerable group status. Vulnerable group eligibility under Section 12 of Legal Services Authorities Act for women, children, seniors, disabled, etc.'}]
2025-08-11 12:34:46,313 - hybex_system.prolog_engine - INFO - [Session:4131efc6] DEBUG: Parsed detailed_reason: Eligible due to vulnerable group status. Vulnerable group eligibility under Section 12 of Legal Services Authorities Act for women, children, seniors, disabled, etc.
2025-08-11 12:34:46,313 - hybex_system.prolog_engine - INFO - [Session:4131efc6] Executing SWI-Prolog command: swipl -q -g consult('C:/Users/OMEN19~1/AppData/Local/Temp/tmpboprg81k.pl'), findall(Rule, applicable_rule('case_4131efc6_123446', Rule, legal_aid), Rules), format('Rules:~q~n', [Rules]), halt.
2025-08-11 12:34:46,346 - hybex_system.prolog_engine - INFO - [Session:4131efc6] DEBUG: Rules results: [{'Rules': '[vulnerable_group_eligibility,vulnerable_group_eligibility,vulnerable_group_eligibility,income_based_eligibility]'}]
2025-08-11 12:34:46,346 - hybex_system.prolog_engine - INFO - [Session:4131efc6] DEBUG: Raw rules string: vulnerable_group_eligibility,vulnerable_group_eligibility,vulnerable_group_eligibility,income_based_eligibility
2025-08-11 12:34:46,346 - hybex_system.prolog_engine - INFO - [Session:4131efc6] DEBUG: Parsed applicable_rules: ['vulnerable_group_eligibility', 'vulnerable_group_eligibility', 'vulnerable_group_eligibility', 'income_based_eligibility']
2025-08-11 12:34:46,346 - hybex_system.prolog_engine - INFO - [Session:4131efc6] Comprehensive legal analysis complete for case_4131efc6_123446: Eligible=True, Confidence=0.90
