2025-08-11 13:14:14,135 - hybex_system.prolog_engine - INFO - [Session:b90d07de] Added file handler to PrologEngine logger.
2025-08-11 13:14:14,135 - hybex_system.prolog_engine - INFO - [Session:b90d07de] ======================================================================
2025-08-11 13:14:14,135 - hybex_system.prolog_engine - INFO - [Session:b90d07de] Starting HybEx-Law Comprehensive Prolog Reasoning Engine
2025-08-11 13:14:14,135 - hybex_system.prolog_engine - INFO - [Session:b90d07de] Session ID: b90d07de
2025-08-11 13:14:14,135 - hybex_system.prolog_engine - INFO - [Session:b90d07de] Configuration: {'config_source': 'verified_fallback', 'last_updated': None, 'validation_status': 'unvalidated', 'primary_act': 'Legal Services Authorities Act, 1987', 'income_thresholds': {'general': 500000, 'sc_st': 800000, 'obc': 600000, 'bpl': 0, 'ews': 800000}, 'real_data_available': False, 'sources_count': 0}
2025-08-11 13:14:14,135 - hybex_system.prolog_engine - INFO - [Session:b90d07de] ======================================================================
2025-08-11 13:14:14,135 - hybex_system.prolog_engine - INFO - [Session:b90d07de] Using verified fallback knowledge base with 105 comprehensive rules
2025-08-11 13:14:14,141 - hybex_system.prolog_engine - INFO - [Session:b90d07de] Attempting to load rules from: d:\Code_stuff\NLP\multi_domain_legal\knowledge_base\multi_domain_rules.py
2025-08-11 13:14:14,144 - hybex_system.prolog_engine - INFO - [Session:b90d07de] Successfully loaded MULTI_DOMAIN_LEGAL_RULES from knowledge base.
2025-08-11 13:14:14,144 - hybex_system.prolog_engine - INFO - [Session:b90d07de] Parsing comprehensive multi-domain legal rules from knowledge base.
2025-08-11 13:14:14,148 - hybex_system.prolog_engine - INFO - [Session:b90d07de] Initialized Comprehensive PrologEngine (Session: b90d07de, Available: True)
2025-08-11 13:14:14,149 - hybex_system.prolog_engine - INFO - [Session:b90d07de] Loaded 9 rule categories with 145 total rules
2025-08-11 13:14:14,149 - hybex_system.prolog_engine - INFO - [Session:b90d07de] Comprehensive rules actually loaded: True
2025-08-11 13:14:14,149 - hybex_system.prolog_engine - INFO - [Session:b90d07de] 🧠 Starting comprehensive legal analysis for case_b90d07de_131414
2025-08-11 13:14:14,150 - hybex_system.prolog_engine - INFO - [Session:b90d07de] 🎯 Using domain-specific rules for: ['general_legal_aid']
2025-08-11 13:14:14,150 - hybex_system.prolog_engine - INFO - [Session:b90d07de] Generated 13 comprehensive Prolog facts for case_b90d07de_131414
2025-08-11 13:14:14,152 - hybex_system.prolog_engine - INFO - [Session:b90d07de] 📂 Selected files for domain 'general_legal_aid': ['foundational_rules_clean.pl', 'legal_aid_clean_v2.pl']
2025-08-11 13:14:14,152 - hybex_system.prolog_engine - INFO - [Session:b90d07de] ✅ Loaded modular file: foundational_rules_clean.pl
2025-08-11 13:14:14,155 - hybex_system.prolog_engine - INFO - [Session:b90d07de] ✅ Loaded modular file: legal_aid_clean_v2.pl
2025-08-11 13:14:14,155 - hybex_system.prolog_engine - INFO - [Session:b90d07de] 🔍 DEBUG: Modular Prolog file content:
2025-08-11 13:14:14,179 - hybex_system.prolog_engine - INFO - [Session:b90d07de] Modular file (7009 chars):
% HybEx-Law Modular Legal Reasoning Session: b90d07de
% Domain: general_legal_aid
% Generated: 2025-08-11T13:14:14.152449

% DISCONTIGUOUS DIRECTIVES
:- discontiguous person/1.
:- discontiguous eligible_for_legal_aid/1.
:- discontiguous categorically_eligible/1.
:- discontiguous income_eligible/1.
:- discontiguous social_category/2.
:- discontiguous annual_income/2.
:- discontiguous case_type/2.
:- discontiguous generate_detailed_reasoning/2.
:- discontiguous primary_eligibility_reason/2.
:- discontiguous applicable_rule/3.
:- discontiguous vulnerable_group/2.
:- discontiguous gender/2.
:- discontiguous age/2.

% LOADING: foundational_rules_clean.pl
% ============================================================================
% FOUNDATIONAL PREDICATES AND UTILITY RULES - CORRECTED AND ROBUST
% This file contains only generic, reusable predicates.
% All case-specific facts (e.g., age, income) must be provided by Python.
% ================================================================...
2025-08-11 13:14:14,179 - hybex_system.prolog_engine - INFO - [Session:b90d07de] ✅ Created MODULAR Prolog file: C:\Users\OMEN19~1\AppData\Local\Temp\tmpsi7kp8q_.pl with 2 domain modules
2025-08-11 13:14:14,179 - hybex_system.prolog_engine - INFO - [Session:b90d07de] 🎯 Ultra-fast eligibility check for case_b90d07de_131414
2025-08-11 13:14:14,184 - hybex_system.prolog_engine - INFO - [Session:b90d07de] Executing SWI-Prolog command: swipl -q -g ['C:/Users/OMEN19~1/AppData/Local/Temp/tmpsi7kp8q_.pl'], eligible_for_legal_aid('case_b90d07de_131414'), halt --stack-limit=2g --traditional
2025-08-11 13:14:14,261 - hybex_system.prolog_engine - INFO - [Session:b90d07de] Prolog query successful (attempt 1): eligible_for_legal_aid('case_b90d07de_131414')
2025-08-11 13:14:14,261 - hybex_system.prolog_engine - INFO - [Session:b90d07de] ✅ FAST SUCCESS: Basic eligibility confirmed for case_b90d07de_131414
2025-08-11 13:14:14,261 - hybex_system.prolog_engine - INFO - [Session:b90d07de] Executing SWI-Prolog command: swipl -q -g consult('C:/Users/OMEN19~1/AppData/Local/Temp/tmpsi7kp8q_.pl'), primary_eligibility_reason('case_b90d07de_131414', Reason), format('Reason:~q~n', [Reason]), halt.
2025-08-11 13:14:14,350 - hybex_system.prolog_engine - INFO - [Session:b90d07de] Executing SWI-Prolog command: swipl -q -g consult('C:/Users/OMEN19~1/AppData/Local/Temp/tmpsi7kp8q_.pl'), generate_detailed_reasoning('case_b90d07de_131414', DetailedReason), format('DetailedReason:~q~n', [DetailedReason]), halt.
2025-08-11 13:14:14,428 - hybex_system.prolog_engine - INFO - [Session:b90d07de] Executing SWI-Prolog command: swipl -q -g consult('C:/Users/OMEN19~1/AppData/Local/Temp/tmpsi7kp8q_.pl'), findall(Rule, applicable_rule('case_b90d07de_131414', Rule, legal_aid), Rules), format('Rules:~q~n', [Rules]), halt.
2025-08-11 13:14:14,502 - hybex_system.prolog_engine - INFO - [Session:b90d07de] Comprehensive legal analysis complete for case_b90d07de_131414: Eligible=True, Confidence=0.95
2025-08-11 13:14:14,503 - hybex_system.prolog_engine - INFO - [Session:b90d07de] 🧠 Starting comprehensive legal analysis for case_b90d07de_131414
2025-08-11 13:14:14,503 - hybex_system.prolog_engine - INFO - [Session:b90d07de] 🎯 Using domain-specific rules for: ['general_legal_aid']
2025-08-11 13:14:14,507 - hybex_system.prolog_engine - INFO - [Session:b90d07de] Generated 9 comprehensive Prolog facts for case_b90d07de_131414
2025-08-11 13:14:14,507 - hybex_system.prolog_engine - INFO - [Session:b90d07de] 📂 Selected files for domain 'general_legal_aid': ['foundational_rules_clean.pl', 'legal_aid_clean_v2.pl']
2025-08-11 13:14:14,509 - hybex_system.prolog_engine - INFO - [Session:b90d07de] ✅ Loaded modular file: foundational_rules_clean.pl
2025-08-11 13:14:14,510 - hybex_system.prolog_engine - INFO - [Session:b90d07de] ✅ Loaded modular file: legal_aid_clean_v2.pl
2025-08-11 13:14:14,510 - hybex_system.prolog_engine - INFO - [Session:b90d07de] 🔍 DEBUG: Modular Prolog file content:
2025-08-11 13:14:14,526 - hybex_system.prolog_engine - INFO - [Session:b90d07de] Modular file (6811 chars):
% HybEx-Law Modular Legal Reasoning Session: b90d07de
% Domain: general_legal_aid
% Generated: 2025-08-11T13:14:14.507666

% DISCONTIGUOUS DIRECTIVES
:- discontiguous person/1.
:- discontiguous eligible_for_legal_aid/1.
:- discontiguous categorically_eligible/1.
:- discontiguous income_eligible/1.
:- discontiguous social_category/2.
:- discontiguous annual_income/2.
:- discontiguous case_type/2.
:- discontiguous generate_detailed_reasoning/2.
:- discontiguous primary_eligibility_reason/2.
:- discontiguous applicable_rule/3.
:- discontiguous vulnerable_group/2.
:- discontiguous gender/2.
:- discontiguous age/2.

% LOADING: foundational_rules_clean.pl
% ============================================================================
% FOUNDATIONAL PREDICATES AND UTILITY RULES - CORRECTED AND ROBUST
% This file contains only generic, reusable predicates.
% All case-specific facts (e.g., age, income) must be provided by Python.
% ================================================================...
2025-08-11 13:14:14,528 - hybex_system.prolog_engine - INFO - [Session:b90d07de] ✅ Created MODULAR Prolog file: C:\Users\OMEN19~1\AppData\Local\Temp\tmplb8iwyb9.pl with 2 domain modules
2025-08-11 13:14:14,529 - hybex_system.prolog_engine - INFO - [Session:b90d07de] 🎯 Ultra-fast eligibility check for case_b90d07de_131414
2025-08-11 13:14:14,530 - hybex_system.prolog_engine - INFO - [Session:b90d07de] Executing SWI-Prolog command: swipl -q -g ['C:/Users/OMEN19~1/AppData/Local/Temp/tmplb8iwyb9.pl'], eligible_for_legal_aid('case_b90d07de_131414'), halt --stack-limit=2g --traditional
2025-08-11 13:14:14,604 - hybex_system.prolog_engine - INFO - [Session:b90d07de] Prolog query successful (attempt 1): eligible_for_legal_aid('case_b90d07de_131414')
2025-08-11 13:14:14,604 - hybex_system.prolog_engine - INFO - [Session:b90d07de] ✅ FAST SUCCESS: Basic eligibility confirmed for case_b90d07de_131414
2025-08-11 13:14:14,604 - hybex_system.prolog_engine - INFO - [Session:b90d07de] Executing SWI-Prolog command: swipl -q -g consult('C:/Users/OMEN19~1/AppData/Local/Temp/tmplb8iwyb9.pl'), primary_eligibility_reason('case_b90d07de_131414', Reason), format('Reason:~q~n', [Reason]), halt.
2025-08-11 13:14:14,677 - hybex_system.prolog_engine - INFO - [Session:b90d07de] Executing SWI-Prolog command: swipl -q -g consult('C:/Users/OMEN19~1/AppData/Local/Temp/tmplb8iwyb9.pl'), generate_detailed_reasoning('case_b90d07de_131414', DetailedReason), format('DetailedReason:~q~n', [DetailedReason]), halt.
2025-08-11 13:14:14,751 - hybex_system.prolog_engine - INFO - [Session:b90d07de] Executing SWI-Prolog command: swipl -q -g consult('C:/Users/OMEN19~1/AppData/Local/Temp/tmplb8iwyb9.pl'), findall(Rule, applicable_rule('case_b90d07de_131414', Rule, legal_aid), Rules), format('Rules:~q~n', [Rules]), halt.
2025-08-11 13:14:14,814 - hybex_system.prolog_engine - INFO - [Session:b90d07de] Comprehensive legal analysis complete for case_b90d07de_131414: Eligible=True, Confidence=0.90
2025-08-11 13:14:14,823 - hybex_system.prolog_engine - INFO - [Session:b90d07de] 🧠 Starting comprehensive legal analysis for case_b90d07de_131414
2025-08-11 13:14:14,823 - hybex_system.prolog_engine - INFO - [Session:b90d07de] 🎯 Using domain-specific rules for: ['general_legal_aid']
2025-08-11 13:14:14,823 - hybex_system.prolog_engine - INFO - [Session:b90d07de] Generated 13 comprehensive Prolog facts for case_b90d07de_131414
2025-08-11 13:14:14,823 - hybex_system.prolog_engine - INFO - [Session:b90d07de] 📂 Selected files for domain 'general_legal_aid': ['foundational_rules_clean.pl', 'legal_aid_clean_v2.pl']
2025-08-11 13:14:14,823 - hybex_system.prolog_engine - INFO - [Session:b90d07de] ✅ Loaded modular file: foundational_rules_clean.pl
2025-08-11 13:14:14,823 - hybex_system.prolog_engine - INFO - [Session:b90d07de] ✅ Loaded modular file: legal_aid_clean_v2.pl
2025-08-11 13:14:14,827 - hybex_system.prolog_engine - INFO - [Session:b90d07de] 🔍 DEBUG: Modular Prolog file content:
2025-08-11 13:14:14,841 - hybex_system.prolog_engine - INFO - [Session:b90d07de] Modular file (7013 chars):
% HybEx-Law Modular Legal Reasoning Session: b90d07de
% Domain: general_legal_aid
% Generated: 2025-08-11T13:14:14.823997

% DISCONTIGUOUS DIRECTIVES
:- discontiguous person/1.
:- discontiguous eligible_for_legal_aid/1.
:- discontiguous categorically_eligible/1.
:- discontiguous income_eligible/1.
:- discontiguous social_category/2.
:- discontiguous annual_income/2.
:- discontiguous case_type/2.
:- discontiguous generate_detailed_reasoning/2.
:- discontiguous primary_eligibility_reason/2.
:- discontiguous applicable_rule/3.
:- discontiguous vulnerable_group/2.
:- discontiguous gender/2.
:- discontiguous age/2.

% LOADING: foundational_rules_clean.pl
% ============================================================================
% FOUNDATIONAL PREDICATES AND UTILITY RULES - CORRECTED AND ROBUST
% This file contains only generic, reusable predicates.
% All case-specific facts (e.g., age, income) must be provided by Python.
% ================================================================...
2025-08-11 13:14:14,843 - hybex_system.prolog_engine - INFO - [Session:b90d07de] ✅ Created MODULAR Prolog file: C:\Users\OMEN19~1\AppData\Local\Temp\tmp30ih84qw.pl with 2 domain modules
2025-08-11 13:14:14,845 - hybex_system.prolog_engine - INFO - [Session:b90d07de] 🎯 Ultra-fast eligibility check for case_b90d07de_131414
2025-08-11 13:14:14,846 - hybex_system.prolog_engine - INFO - [Session:b90d07de] Executing SWI-Prolog command: swipl -q -g ['C:/Users/OMEN19~1/AppData/Local/Temp/tmp30ih84qw.pl'], eligible_for_legal_aid('case_b90d07de_131414'), halt --stack-limit=2g --traditional
2025-08-11 13:14:14,949 - hybex_system.prolog_engine - INFO - [Session:b90d07de] Prolog query successful (attempt 1): eligible_for_legal_aid('case_b90d07de_131414')
2025-08-11 13:14:14,949 - hybex_system.prolog_engine - INFO - [Session:b90d07de] ✅ FAST SUCCESS: Basic eligibility confirmed for case_b90d07de_131414
2025-08-11 13:14:14,949 - hybex_system.prolog_engine - INFO - [Session:b90d07de] Executing SWI-Prolog command: swipl -q -g consult('C:/Users/OMEN19~1/AppData/Local/Temp/tmp30ih84qw.pl'), primary_eligibility_reason('case_b90d07de_131414', Reason), format('Reason:~q~n', [Reason]), halt.
2025-08-11 13:14:15,043 - hybex_system.prolog_engine - INFO - [Session:b90d07de] Executing SWI-Prolog command: swipl -q -g consult('C:/Users/OMEN19~1/AppData/Local/Temp/tmp30ih84qw.pl'), generate_detailed_reasoning('case_b90d07de_131414', DetailedReason), format('DetailedReason:~q~n', [DetailedReason]), halt.
2025-08-11 13:14:15,100 - hybex_system.prolog_engine - INFO - [Session:b90d07de] Executing SWI-Prolog command: swipl -q -g consult('C:/Users/OMEN19~1/AppData/Local/Temp/tmp30ih84qw.pl'), findall(Rule, applicable_rule('case_b90d07de_131414', Rule, legal_aid), Rules), format('Rules:~q~n', [Rules]), halt.
2025-08-11 13:14:15,179 - hybex_system.prolog_engine - INFO - [Session:b90d07de] Comprehensive legal analysis complete for case_b90d07de_131414: Eligible=True, Confidence=0.95
