2025-08-12 05:32:52,495 - hybex_system.prolog_engine - INFO - [Session:a3ee6397] Added file handler to PrologEngine logger.
2025-08-12 05:32:52,495 - hybex_system.prolog_engine - INFO - [Session:a3ee6397] ======================================================================
2025-08-12 05:32:52,495 - hybex_system.prolog_engine - INFO - [Session:a3ee6397] Starting HybEx-Law Comprehensive Prolog Reasoning Engine
2025-08-12 05:32:52,495 - hybex_system.prolog_engine - INFO - [Session:a3ee6397] Session ID: a3ee6397
2025-08-12 05:32:52,495 - hybex_system.prolog_engine - INFO - [Session:a3ee6397] Configuration: {'config_source': 'verified_fallback', 'last_updated': None, 'validation_status': 'unvalidated', 'primary_act': 'Legal Services Authorities Act, 1987', 'income_thresholds': {'general': 500000, 'sc_st': 800000, 'obc': 600000, 'bpl': 0, 'ews': 800000}, 'real_data_available': False, 'sources_count': 0}
2025-08-12 05:32:52,495 - hybex_system.prolog_engine - INFO - [Session:a3ee6397] ======================================================================
2025-08-12 05:32:52,495 - hybex_system.prolog_engine - INFO - [Session:a3ee6397] Using verified fallback knowledge base with 105 comprehensive rules
2025-08-12 05:32:52,495 - hybex_system.prolog_engine - INFO - [Session:a3ee6397] Attempting to load rules from: C:\Users\Student\Documents\22BLC1058\NLP\multi_domain_legal\knowledge_base\multi_domain_rules.py
2025-08-12 05:32:52,495 - hybex_system.prolog_engine - INFO - [Session:a3ee6397] Successfully loaded MULTI_DOMAIN_LEGAL_RULES from knowledge base.
2025-08-12 05:32:52,495 - hybex_system.prolog_engine - INFO - [Session:a3ee6397] Parsing comprehensive multi-domain legal rules from knowledge base.
2025-08-12 05:32:52,512 - hybex_system.prolog_engine - INFO - [Session:a3ee6397] Initialized Comprehensive PrologEngine (Session: a3ee6397, Available: True)
2025-08-12 05:32:52,512 - hybex_system.prolog_engine - INFO - [Session:a3ee6397] Loaded 9 rule categories with 145 total rules
2025-08-12 05:32:52,512 - hybex_system.prolog_engine - INFO - [Session:a3ee6397] Comprehensive rules actually loaded: True
2025-08-12 05:32:52,512 - hybex_system.prolog_engine - INFO - [Session:a3ee6397] 🧠 Starting comprehensive legal analysis for case_a3ee6397_053252
2025-08-12 05:32:52,513 - hybex_system.prolog_engine - INFO - [Session:a3ee6397] 🎯 Using domain-specific rules for: ['general_legal_aid']
2025-08-12 05:32:52,513 - hybex_system.prolog_engine - INFO - [Session:a3ee6397] Generated 12 comprehensive Prolog facts for case_a3ee6397_053252
2025-08-12 05:32:52,514 - hybex_system.prolog_engine - INFO - [Session:a3ee6397] 📂 Selected files for domain 'general_legal_aid': ['foundational_rules_clean.pl', 'legal_aid_clean_v2.pl']
2025-08-12 05:32:52,515 - hybex_system.prolog_engine - INFO - [Session:a3ee6397] ✅ Loaded modular file: foundational_rules_clean.pl
2025-08-12 05:32:52,515 - hybex_system.prolog_engine - INFO - [Session:a3ee6397] ✅ Loaded modular file: legal_aid_clean_v2.pl
2025-08-12 05:32:52,517 - hybex_system.prolog_engine - INFO - [Session:a3ee6397] 🔍 DEBUG: Modular Prolog file content:
2025-08-12 05:32:52,517 - hybex_system.prolog_engine - INFO - [Session:a3ee6397] Modular file (6959 chars):
% HybEx-Law Modular Legal Reasoning Session: a3ee6397
% Domain: general_legal_aid
% Generated: 2025-08-12T05:32:52.514502

% DISCONTIGUOUS DIRECTIVES
:- discontiguous person/1.
:- discontiguous eligible_for_legal_aid/1.
:- discontiguous categorically_eligible/1.
:- discontiguous income_eligible/1.
:- discontiguous social_category/2.
:- discontiguous annual_income/2.
:- discontiguous case_type/2.
:- discontiguous generate_detailed_reasoning/2.
:- discontiguous primary_eligibility_reason/2.
:- discontiguous applicable_rule/3.
:- discontiguous vulnerable_group/2.
:- discontiguous gender/2.
:- discontiguous age/2.

% LOADING: foundational_rules_clean.pl
% ============================================================================
% FOUNDATIONAL PREDICATES AND UTILITY RULES - CORRECTED AND ROBUST
% This file contains only generic, reusable predicates.
% All case-specific facts (e.g., age, income) must be provided by Python.
% ================================================================...
2025-08-12 05:32:52,518 - hybex_system.prolog_engine - INFO - [Session:a3ee6397] ✅ Created MODULAR Prolog file: C:\Users\Student\AppData\Local\Temp\tmpnedhzt2k.pl with 2 domain modules
2025-08-12 05:32:52,518 - hybex_system.prolog_engine - INFO - [Session:a3ee6397] 🎯 Ultra-fast eligibility check for case_a3ee6397_053252
2025-08-12 05:32:52,519 - hybex_system.prolog_engine - INFO - [Session:a3ee6397] Executing SWI-Prolog command: swipl -q -g ['C:/Users/Student/AppData/Local/Temp/tmpnedhzt2k.pl'], eligible_for_legal_aid('case_a3ee6397_053252'), halt --stack-limit=2g --traditional
2025-08-12 05:32:52,561 - hybex_system.prolog_engine - INFO - [Session:a3ee6397] Prolog query successful (attempt 1): eligible_for_legal_aid('case_a3ee6397_053252')
2025-08-12 05:32:52,561 - hybex_system.prolog_engine - INFO - [Session:a3ee6397] ✅ FAST SUCCESS: Basic eligibility confirmed for case_a3ee6397_053252
2025-08-12 05:32:52,561 - hybex_system.prolog_engine - INFO - [Session:a3ee6397] Executing SWI-Prolog command: swipl -q -g consult('C:/Users/Student/AppData/Local/Temp/tmpnedhzt2k.pl'), primary_eligibility_reason('case_a3ee6397_053252', Reason), format('Reason:~q~n', [Reason]), halt.
2025-08-12 05:32:52,600 - hybex_system.prolog_engine - INFO - [Session:a3ee6397] Executing SWI-Prolog command: swipl -q -g consult('C:/Users/Student/AppData/Local/Temp/tmpnedhzt2k.pl'), generate_detailed_reasoning('case_a3ee6397_053252', DetailedReason), format('DetailedReason:~q~n', [DetailedReason]), halt.
2025-08-12 05:32:52,643 - hybex_system.prolog_engine - INFO - [Session:a3ee6397] Executing SWI-Prolog command: swipl -q -g consult('C:/Users/Student/AppData/Local/Temp/tmpnedhzt2k.pl'), findall(Rule, applicable_rule('case_a3ee6397_053252', Rule, legal_aid), Rules), format('Rules:~q~n', [Rules]), halt.
2025-08-12 05:32:52,678 - hybex_system.prolog_engine - INFO - [Session:a3ee6397] Comprehensive legal analysis complete for case_a3ee6397_053252: Eligible=True, Confidence=0.90
2025-08-12 05:32:52,708 - hybex_system.prolog_engine - INFO - [Session:a3ee6397] 🧠 Starting comprehensive legal analysis for case_a3ee6397_053252
2025-08-12 05:32:52,711 - hybex_system.prolog_engine - INFO - [Session:a3ee6397] 🎯 Using domain-specific rules for: ['general_legal_aid']
2025-08-12 05:32:52,711 - hybex_system.prolog_engine - INFO - [Session:a3ee6397] Generated 13 comprehensive Prolog facts for case_a3ee6397_053252
2025-08-12 05:32:52,712 - hybex_system.prolog_engine - INFO - [Session:a3ee6397] 📂 Selected files for domain 'general_legal_aid': ['foundational_rules_clean.pl', 'legal_aid_clean_v2.pl']
2025-08-12 05:32:52,712 - hybex_system.prolog_engine - INFO - [Session:a3ee6397] ✅ Loaded modular file: foundational_rules_clean.pl
2025-08-12 05:32:52,712 - hybex_system.prolog_engine - INFO - [Session:a3ee6397] ✅ Loaded modular file: legal_aid_clean_v2.pl
2025-08-12 05:32:52,712 - hybex_system.prolog_engine - INFO - [Session:a3ee6397] 🔍 DEBUG: Modular Prolog file content:
2025-08-12 05:32:52,712 - hybex_system.prolog_engine - INFO - [Session:a3ee6397] Modular file (7007 chars):
% HybEx-Law Modular Legal Reasoning Session: a3ee6397
% Domain: general_legal_aid
% Generated: 2025-08-12T05:32:52.712744

% DISCONTIGUOUS DIRECTIVES
:- discontiguous person/1.
:- discontiguous eligible_for_legal_aid/1.
:- discontiguous categorically_eligible/1.
:- discontiguous income_eligible/1.
:- discontiguous social_category/2.
:- discontiguous annual_income/2.
:- discontiguous case_type/2.
:- discontiguous generate_detailed_reasoning/2.
:- discontiguous primary_eligibility_reason/2.
:- discontiguous applicable_rule/3.
:- discontiguous vulnerable_group/2.
:- discontiguous gender/2.
:- discontiguous age/2.

% LOADING: foundational_rules_clean.pl
% ============================================================================
% FOUNDATIONAL PREDICATES AND UTILITY RULES - CORRECTED AND ROBUST
% This file contains only generic, reusable predicates.
% All case-specific facts (e.g., age, income) must be provided by Python.
% ================================================================...
2025-08-12 05:32:52,712 - hybex_system.prolog_engine - INFO - [Session:a3ee6397] ✅ Created MODULAR Prolog file: C:\Users\Student\AppData\Local\Temp\tmpamay0yzg.pl with 2 domain modules
2025-08-12 05:32:52,712 - hybex_system.prolog_engine - INFO - [Session:a3ee6397] 🎯 Ultra-fast eligibility check for case_a3ee6397_053252
2025-08-12 05:32:52,717 - hybex_system.prolog_engine - INFO - [Session:a3ee6397] Executing SWI-Prolog command: swipl -q -g ['C:/Users/Student/AppData/Local/Temp/tmpamay0yzg.pl'], eligible_for_legal_aid('case_a3ee6397_053252'), halt --stack-limit=2g --traditional
2025-08-12 05:32:52,751 - hybex_system.prolog_engine - INFO - [Session:a3ee6397] Prolog query successful (attempt 1): eligible_for_legal_aid('case_a3ee6397_053252')
2025-08-12 05:32:52,751 - hybex_system.prolog_engine - INFO - [Session:a3ee6397] ✅ FAST SUCCESS: Basic eligibility confirmed for case_a3ee6397_053252
2025-08-12 05:32:52,751 - hybex_system.prolog_engine - INFO - [Session:a3ee6397] Executing SWI-Prolog command: swipl -q -g consult('C:/Users/Student/AppData/Local/Temp/tmpamay0yzg.pl'), primary_eligibility_reason('case_a3ee6397_053252', Reason), format('Reason:~q~n', [Reason]), halt.
2025-08-12 05:32:52,795 - hybex_system.prolog_engine - INFO - [Session:a3ee6397] Executing SWI-Prolog command: swipl -q -g consult('C:/Users/Student/AppData/Local/Temp/tmpamay0yzg.pl'), generate_detailed_reasoning('case_a3ee6397_053252', DetailedReason), format('DetailedReason:~q~n', [DetailedReason]), halt.
2025-08-12 05:32:52,829 - hybex_system.prolog_engine - INFO - [Session:a3ee6397] Executing SWI-Prolog command: swipl -q -g consult('C:/Users/Student/AppData/Local/Temp/tmpamay0yzg.pl'), findall(Rule, applicable_rule('case_a3ee6397_053252', Rule, legal_aid), Rules), format('Rules:~q~n', [Rules]), halt.
2025-08-12 05:32:52,878 - hybex_system.prolog_engine - INFO - [Session:a3ee6397] Comprehensive legal analysis complete for case_a3ee6397_053252: Eligible=True, Confidence=0.90
2025-08-12 05:32:52,898 - hybex_system.prolog_engine - INFO - [Session:a3ee6397] 🧠 Starting comprehensive legal analysis for case_a3ee6397_053252
2025-08-12 05:32:52,898 - hybex_system.prolog_engine - INFO - [Session:a3ee6397] 🎯 Using domain-specific rules for: ['general_legal_aid']
2025-08-12 05:32:52,898 - hybex_system.prolog_engine - INFO - [Session:a3ee6397] Generated 12 comprehensive Prolog facts for case_a3ee6397_053252
2025-08-12 05:32:52,912 - hybex_system.prolog_engine - INFO - [Session:a3ee6397] 📂 Selected files for domain 'general_legal_aid': ['foundational_rules_clean.pl', 'legal_aid_clean_v2.pl']
2025-08-12 05:32:52,913 - hybex_system.prolog_engine - INFO - [Session:a3ee6397] ✅ Loaded modular file: foundational_rules_clean.pl
2025-08-12 05:32:52,913 - hybex_system.prolog_engine - INFO - [Session:a3ee6397] ✅ Loaded modular file: legal_aid_clean_v2.pl
2025-08-12 05:32:52,915 - hybex_system.prolog_engine - INFO - [Session:a3ee6397] 🔍 DEBUG: Modular Prolog file content:
2025-08-12 05:32:52,915 - hybex_system.prolog_engine - INFO - [Session:a3ee6397] Modular file (6962 chars):
% HybEx-Law Modular Legal Reasoning Session: a3ee6397
% Domain: general_legal_aid
% Generated: 2025-08-12T05:32:52.912094

% DISCONTIGUOUS DIRECTIVES
:- discontiguous person/1.
:- discontiguous eligible_for_legal_aid/1.
:- discontiguous categorically_eligible/1.
:- discontiguous income_eligible/1.
:- discontiguous social_category/2.
:- discontiguous annual_income/2.
:- discontiguous case_type/2.
:- discontiguous generate_detailed_reasoning/2.
:- discontiguous primary_eligibility_reason/2.
:- discontiguous applicable_rule/3.
:- discontiguous vulnerable_group/2.
:- discontiguous gender/2.
:- discontiguous age/2.

% LOADING: foundational_rules_clean.pl
% ============================================================================
% FOUNDATIONAL PREDICATES AND UTILITY RULES - CORRECTED AND ROBUST
% This file contains only generic, reusable predicates.
% All case-specific facts (e.g., age, income) must be provided by Python.
% ================================================================...
2025-08-12 05:32:52,916 - hybex_system.prolog_engine - INFO - [Session:a3ee6397] ✅ Created MODULAR Prolog file: C:\Users\Student\AppData\Local\Temp\tmpa6563jg4.pl with 2 domain modules
2025-08-12 05:32:52,916 - hybex_system.prolog_engine - INFO - [Session:a3ee6397] 🎯 Ultra-fast eligibility check for case_a3ee6397_053252
2025-08-12 05:32:52,917 - hybex_system.prolog_engine - INFO - [Session:a3ee6397] Executing SWI-Prolog command: swipl -q -g ['C:/Users/Student/AppData/Local/Temp/tmpa6563jg4.pl'], eligible_for_legal_aid('case_a3ee6397_053252'), halt --stack-limit=2g --traditional
2025-08-12 05:32:52,951 - hybex_system.prolog_engine - INFO - [Session:a3ee6397] Prolog query successful (attempt 1): eligible_for_legal_aid('case_a3ee6397_053252')
2025-08-12 05:32:52,951 - hybex_system.prolog_engine - INFO - [Session:a3ee6397] ✅ FAST SUCCESS: Basic eligibility confirmed for case_a3ee6397_053252
2025-08-12 05:32:52,951 - hybex_system.prolog_engine - INFO - [Session:a3ee6397] Executing SWI-Prolog command: swipl -q -g consult('C:/Users/Student/AppData/Local/Temp/tmpa6563jg4.pl'), primary_eligibility_reason('case_a3ee6397_053252', Reason), format('Reason:~q~n', [Reason]), halt.
2025-08-12 05:32:52,985 - hybex_system.prolog_engine - INFO - [Session:a3ee6397] Executing SWI-Prolog command: swipl -q -g consult('C:/Users/Student/AppData/Local/Temp/tmpa6563jg4.pl'), generate_detailed_reasoning('case_a3ee6397_053252', DetailedReason), format('DetailedReason:~q~n', [DetailedReason]), halt.
2025-08-12 05:32:53,028 - hybex_system.prolog_engine - INFO - [Session:a3ee6397] Executing SWI-Prolog command: swipl -q -g consult('C:/Users/Student/AppData/Local/Temp/tmpa6563jg4.pl'), findall(Rule, applicable_rule('case_a3ee6397_053252', Rule, legal_aid), Rules), format('Rules:~q~n', [Rules]), halt.
2025-08-12 05:32:53,061 - hybex_system.prolog_engine - INFO - [Session:a3ee6397] Comprehensive legal analysis complete for case_a3ee6397_053252: Eligible=True, Confidence=0.95
