2025-08-25 19:47:49,238 - hybex_system.prolog_engine - INFO - [Session:283bba9b] Added file handler to PrologEngine logger.
2025-08-25 19:47:49,238 - hybex_system.prolog_engine - INFO - [Session:283bba9b] ======================================================================
2025-08-25 19:47:49,238 - hybex_system.prolog_engine - INFO - [Session:283bba9b] Starting HybEx-Law Comprehensive Prolog Reasoning Engine
2025-08-25 19:47:49,238 - hybex_system.prolog_engine - INFO - [Session:283bba9b] Session ID: 283bba9b
2025-08-25 19:47:49,238 - hybex_system.prolog_engine - INFO - [Session:283bba9b] Configuration: {'config_source': 'verified_fallback', 'last_updated': None, 'validation_status': 'unvalidated', 'primary_act': 'Legal Services Authorities Act, 1987', 'income_thresholds': {'general': 500000, 'sc_st': 800000, 'obc': 600000, 'bpl': 0, 'ews': 800000}, 'real_data_available': False, 'sources_count': 0}
2025-08-25 19:47:49,238 - hybex_system.prolog_engine - INFO - [Session:283bba9b] ======================================================================
2025-08-25 19:47:49,238 - hybex_system.prolog_engine - INFO - [Session:283bba9b] Using modular knowledge base entry point: D:\Code_stuff\HybEx-Law\multi_domain_legal\knowledge_base\knowledge_base.pl
2025-08-25 19:47:49,238 - hybex_system.prolog_engine - INFO - [Session:283bba9b] Parsing comprehensive multi-domain legal rules from knowledge base.
2025-08-25 19:47:49,248 - hybex_system.prolog_engine - INFO - [Session:283bba9b] Initialized Comprehensive PrologEngine (Session: 283bba9b, Available: True)
2025-08-25 19:47:49,248 - hybex_system.prolog_engine - INFO - [Session:283bba9b] Loaded 3 rule categories with 9 total rules
2025-08-25 19:47:49,248 - hybex_system.prolog_engine - INFO - [Session:283bba9b] Comprehensive rules actually loaded: True
2025-08-25 19:47:49,248 - hybex_system.prolog_engine - INFO - [Session:283bba9b] ✅ Successfully loaded master knowledge base from: D:\Code_stuff\HybEx-Law\multi_domain_legal\knowledge_base\knowledge_base.pl
2025-08-25 19:47:49,412 - hybex_system.prolog_engine - INFO - [Session:283bba9b] Executing SWI-Prolog command: swipl -q -g consult('C:/Users/OMEN19~1/AppData/Local/Temp/tmp4p9wpfmo.pl') -g eligible_for_legal_aid(case_gen) -g halt
2025-08-25 19:47:49,540 - hybex_system.prolog_engine - WARNING - [Session:283bba9b] Prolog warning/error: Warning: d:/code_stuff/hybex-law/multi_domain_legal/knowledge_base/cross_domain_rules.pl:45:
Warning:    Singleton variables: [Person]
Warning: c:/users/omen19~1/appdata/local/temp/tmp4p9wpfmo.pl:4:
Warning:    Clauses of person/1 are not together in the source-file
Warning:    Earlier definition at d:/code_stuff/hybex-law/multi_domain_legal/knowledge_base/foundational_rules_clean.pl:12
Warning:    Current predicate: prohibited_discrimination_ground/1
Warning:    Use :- discontiguous person/1. to suppress this message
Warning: c:/users/omen19~1/appdata/local/temp/tmp4p9wpfmo.pl:5:
Warning:    Clauses of vulnerable_group/2 are not together in the source-file
Warning:    Earlier definition at d:/code_stuff/hybex-law/multi_domain_legal/knowledge_base/foundational_rules_clean.pl:19
Warning:    Current predicate: person/1
Warning:    Use :- discontiguous vulnerable_group/2. to suppress this message
ERROR: -g eligible_for_legal_aid(case_gen): categorically_eligible/1: Unknown procedure: social_category/2
2025-08-25 19:47:49,540 - hybex_system.prolog_engine - INFO - [Session:283bba9b] Executing SWI-Prolog command: swipl -q -g consult('C:/Users/OMEN19~1/AppData/Local/Temp/tmpk2kbde9h.pl') -g eligible_for_legal_aid(case_gen) -g halt
2025-08-25 19:47:49,676 - hybex_system.prolog_engine - WARNING - [Session:283bba9b] Prolog warning/error: Warning: d:/code_stuff/hybex-law/multi_domain_legal/knowledge_base/cross_domain_rules.pl:45:
Warning:    Singleton variables: [Person]
Warning: c:/users/omen19~1/appdata/local/temp/tmpk2kbde9h.pl:4:
Warning:    Clauses of person/1 are not together in the source-file
Warning:    Earlier definition at d:/code_stuff/hybex-law/multi_domain_legal/knowledge_base/foundational_rules_clean.pl:12
Warning:    Current predicate: prohibited_discrimination_ground/1
Warning:    Use :- discontiguous person/1. to suppress this message
Warning: c:/users/omen19~1/appdata/local/temp/tmpk2kbde9h.pl:5:
Warning:    Clauses of vulnerable_group/2 are not together in the source-file
Warning:    Earlier definition at d:/code_stuff/hybex-law/multi_domain_legal/knowledge_base/foundational_rules_clean.pl:19
Warning:    Current predicate: person/1
Warning:    Use :- discontiguous vulnerable_group/2. to suppress this message
ERROR: -g eligible_for_legal_aid(case_gen): categorically_eligible/1: Unknown procedure: social_category/2
2025-08-25 19:47:49,678 - hybex_system.prolog_engine - INFO - [Session:283bba9b] Executing SWI-Prolog command: swipl -q -g consult('C:/Users/OMEN19~1/AppData/Local/Temp/tmphfldvwtb.pl') -g eligible_for_legal_aid(case_gen) -g halt
2025-08-25 19:47:49,789 - hybex_system.prolog_engine - WARNING - [Session:283bba9b] Prolog warning/error: Warning: d:/code_stuff/hybex-law/multi_domain_legal/knowledge_base/cross_domain_rules.pl:45:
Warning:    Singleton variables: [Person]
Warning: c:/users/omen19~1/appdata/local/temp/tmphfldvwtb.pl:4:
Warning:    Clauses of person/1 are not together in the source-file
Warning:    Earlier definition at d:/code_stuff/hybex-law/multi_domain_legal/knowledge_base/foundational_rules_clean.pl:12
Warning:    Current predicate: prohibited_discrimination_ground/1
Warning:    Use :- discontiguous person/1. to suppress this message
Warning: c:/users/omen19~1/appdata/local/temp/tmphfldvwtb.pl:5:
Warning:    Clauses of vulnerable_group/2 are not together in the source-file
Warning:    Earlier definition at d:/code_stuff/hybex-law/multi_domain_legal/knowledge_base/foundational_rules_clean.pl:19
Warning:    Current predicate: person/1
Warning:    Use :- discontiguous vulnerable_group/2. to suppress this message
ERROR: -g eligible_for_legal_aid(case_gen): categorically_eligible/1: Unknown procedure: social_category/2
2025-08-25 19:47:49,789 - hybex_system.prolog_engine - INFO - [Session:283bba9b] Executing SWI-Prolog command: swipl -q -g consult('C:/Users/OMEN19~1/AppData/Local/Temp/tmpeb8so7r5.pl') -g eligible_for_legal_aid(case_gen) -g halt
2025-08-25 19:47:49,874 - hybex_system.prolog_engine - WARNING - [Session:283bba9b] Prolog warning/error: Warning: d:/code_stuff/hybex-law/multi_domain_legal/knowledge_base/cross_domain_rules.pl:45:
Warning:    Singleton variables: [Person]
Warning: c:/users/omen19~1/appdata/local/temp/tmpeb8so7r5.pl:4:
Warning:    Clauses of person/1 are not together in the source-file
Warning:    Earlier definition at d:/code_stuff/hybex-law/multi_domain_legal/knowledge_base/foundational_rules_clean.pl:12
Warning:    Current predicate: prohibited_discrimination_ground/1
Warning:    Use :- discontiguous person/1. to suppress this message
Warning: c:/users/omen19~1/appdata/local/temp/tmpeb8so7r5.pl:5:
Warning:    Clauses of vulnerable_group/2 are not together in the source-file
Warning:    Earlier definition at d:/code_stuff/hybex-law/multi_domain_legal/knowledge_base/foundational_rules_clean.pl:19
Warning:    Current predicate: person/1
Warning:    Use :- discontiguous vulnerable_group/2. to suppress this message
ERROR: -g eligible_for_legal_aid(case_gen): categorically_eligible/1: Unknown procedure: social_category/2
2025-08-25 19:47:49,880 - hybex_system.prolog_engine - INFO - [Session:283bba9b] Executing SWI-Prolog command: swipl -q -g consult('C:/Users/OMEN19~1/AppData/Local/Temp/tmpyv0o0z3e.pl') -g eligible_for_legal_aid(case_gen) -g halt
2025-08-25 19:47:49,983 - hybex_system.prolog_engine - WARNING - [Session:283bba9b] Prolog warning/error: Warning: d:/code_stuff/hybex-law/multi_domain_legal/knowledge_base/cross_domain_rules.pl:45:
Warning:    Singleton variables: [Person]
Warning: c:/users/omen19~1/appdata/local/temp/tmpyv0o0z3e.pl:4:
Warning:    Clauses of person/1 are not together in the source-file
Warning:    Earlier definition at d:/code_stuff/hybex-law/multi_domain_legal/knowledge_base/foundational_rules_clean.pl:12
Warning:    Current predicate: prohibited_discrimination_ground/1
Warning:    Use :- discontiguous person/1. to suppress this message
Warning: c:/users/omen19~1/appdata/local/temp/tmpyv0o0z3e.pl:5:
Warning:    Clauses of vulnerable_group/2 are not together in the source-file
Warning:    Earlier definition at d:/code_stuff/hybex-law/multi_domain_legal/knowledge_base/foundational_rules_clean.pl:19
Warning:    Current predicate: person/1
Warning:    Use :- discontiguous vulnerable_group/2. to suppress this message
ERROR: -g eligible_for_legal_aid(case_gen): categorically_eligible/1: Unknown procedure: social_category/2
2025-08-25 19:47:49,983 - hybex_system.prolog_engine - INFO - [Session:283bba9b] Executing SWI-Prolog command: swipl -q -g consult('C:/Users/OMEN19~1/AppData/Local/Temp/tmpe6luthhx.pl') -g eligible_for_legal_aid(case_gen) -g halt
2025-08-25 19:47:50,086 - hybex_system.prolog_engine - WARNING - [Session:283bba9b] Prolog warning/error: Warning: d:/code_stuff/hybex-law/multi_domain_legal/knowledge_base/cross_domain_rules.pl:45:
Warning:    Singleton variables: [Person]
Warning: c:/users/omen19~1/appdata/local/temp/tmpe6luthhx.pl:4:
Warning:    Clauses of person/1 are not together in the source-file
Warning:    Earlier definition at d:/code_stuff/hybex-law/multi_domain_legal/knowledge_base/foundational_rules_clean.pl:12
Warning:    Current predicate: prohibited_discrimination_ground/1
Warning:    Use :- discontiguous person/1. to suppress this message
Warning: c:/users/omen19~1/appdata/local/temp/tmpe6luthhx.pl:5:
Warning:    Clauses of vulnerable_group/2 are not together in the source-file
Warning:    Earlier definition at d:/code_stuff/hybex-law/multi_domain_legal/knowledge_base/foundational_rules_clean.pl:19
Warning:    Current predicate: person/1
Warning:    Use :- discontiguous vulnerable_group/2. to suppress this message
ERROR: -g eligible_for_legal_aid(case_gen): categorically_eligible/1: Unknown procedure: social_category/2
2025-08-25 19:47:50,090 - hybex_system.prolog_engine - INFO - [Session:283bba9b] Executing SWI-Prolog command: swipl -q -g consult('C:/Users/OMEN19~1/AppData/Local/Temp/tmpbjv5t3cn.pl') -g eligible_for_legal_aid(case_gen) -g halt
2025-08-25 19:47:50,168 - hybex_system.prolog_engine - WARNING - [Session:283bba9b] Prolog warning/error: Warning: d:/code_stuff/hybex-law/multi_domain_legal/knowledge_base/cross_domain_rules.pl:45:
Warning:    Singleton variables: [Person]
Warning: c:/users/omen19~1/appdata/local/temp/tmpbjv5t3cn.pl:4:
Warning:    Clauses of person/1 are not together in the source-file
Warning:    Earlier definition at d:/code_stuff/hybex-law/multi_domain_legal/knowledge_base/foundational_rules_clean.pl:12
Warning:    Current predicate: prohibited_discrimination_ground/1
Warning:    Use :- discontiguous person/1. to suppress this message
Warning: c:/users/omen19~1/appdata/local/temp/tmpbjv5t3cn.pl:5:
Warning:    Clauses of vulnerable_group/2 are not together in the source-file
Warning:    Earlier definition at d:/code_stuff/hybex-law/multi_domain_legal/knowledge_base/foundational_rules_clean.pl:19
Warning:    Current predicate: person/1
Warning:    Use :- discontiguous vulnerable_group/2. to suppress this message
ERROR: -g eligible_for_legal_aid(case_gen): categorically_eligible/1: Unknown procedure: social_category/2
2025-08-25 19:47:50,168 - hybex_system.prolog_engine - INFO - [Session:283bba9b] Executing SWI-Prolog command: swipl -q -g consult('C:/Users/OMEN19~1/AppData/Local/Temp/tmpejqven9g.pl') -g eligible_for_legal_aid(case_gen) -g halt
2025-08-25 19:47:50,255 - hybex_system.prolog_engine - WARNING - [Session:283bba9b] Prolog warning/error: Warning: d:/code_stuff/hybex-law/multi_domain_legal/knowledge_base/cross_domain_rules.pl:45:
Warning:    Singleton variables: [Person]
Warning: c:/users/omen19~1/appdata/local/temp/tmpejqven9g.pl:4:
Warning:    Clauses of person/1 are not together in the source-file
Warning:    Earlier definition at d:/code_stuff/hybex-law/multi_domain_legal/knowledge_base/foundational_rules_clean.pl:12
Warning:    Current predicate: prohibited_discrimination_ground/1
Warning:    Use :- discontiguous person/1. to suppress this message
Warning: c:/users/omen19~1/appdata/local/temp/tmpejqven9g.pl:5:
Warning:    Clauses of vulnerable_group/2 are not together in the source-file
Warning:    Earlier definition at d:/code_stuff/hybex-law/multi_domain_legal/knowledge_base/foundational_rules_clean.pl:19
Warning:    Current predicate: person/1
Warning:    Use :- discontiguous vulnerable_group/2. to suppress this message
ERROR: -g eligible_for_legal_aid(case_gen): categorically_eligible/1: Unknown procedure: social_category/2
2025-08-25 19:47:50,256 - hybex_system.prolog_engine - INFO - [Session:283bba9b] Executing SWI-Prolog command: swipl -q -g consult('C:/Users/OMEN19~1/AppData/Local/Temp/tmpv03t0jud.pl') -g eligible_for_legal_aid(case_gen) -g halt
