2025-08-11 12:06:00,341 - hybex_system.prolog_engine - INFO - [Session:fab7cfd4] Added file handler to PrologEngine logger.
2025-08-11 12:06:00,342 - hybex_system.prolog_engine - INFO - [Session:fab7cfd4] ======================================================================
2025-08-11 12:06:00,342 - hybex_system.prolog_engine - INFO - [Session:fab7cfd4] Starting HybEx-Law Comprehensive Prolog Reasoning Engine
2025-08-11 12:06:00,343 - hybex_system.prolog_engine - INFO - [Session:fab7cfd4] Session ID: fab7cfd4
2025-08-11 12:06:00,343 - hybex_system.prolog_engine - INFO - [Session:fab7cfd4] Configuration: {'config_source': 'verified_fallback', 'last_updated': None, 'validation_status': 'unvalidated', 'primary_act': 'Legal Services Authorities Act, 1987', 'income_thresholds': {'general': 500000, 'sc_st': 800000, 'obc': 600000, 'bpl': 0, 'ews': 800000}, 'real_data_available': False, 'sources_count': 0}
2025-08-11 12:06:00,344 - hybex_system.prolog_engine - INFO - [Session:fab7cfd4] ======================================================================
2025-08-11 12:06:00,344 - hybex_system.prolog_engine - INFO - [Session:fab7cfd4] Using verified fallback knowledge base with 105 comprehensive rules
2025-08-11 12:06:00,344 - hybex_system.prolog_engine - INFO - [Session:fab7cfd4] Attempting to load rules from: d:\Code_stuff\NLP\multi_domain_legal\knowledge_base\multi_domain_rules.py
2025-08-11 12:06:00,346 - hybex_system.prolog_engine - INFO - [Session:fab7cfd4] Successfully loaded MULTI_DOMAIN_LEGAL_RULES from knowledge base.
2025-08-11 12:06:00,346 - hybex_system.prolog_engine - INFO - [Session:fab7cfd4] Parsing comprehensive multi-domain legal rules from knowledge base.
2025-08-11 12:06:00,353 - hybex_system.prolog_engine - INFO - [Session:fab7cfd4] Initialized Comprehensive PrologEngine (Session: fab7cfd4, Available: True)
2025-08-11 12:06:00,353 - hybex_system.prolog_engine - INFO - [Session:fab7cfd4] Loaded 9 rule categories with 145 total rules
2025-08-11 12:06:00,353 - hybex_system.prolog_engine - INFO - [Session:fab7cfd4] Comprehensive rules actually loaded: True
2025-08-11 12:06:00,354 - hybex_system.prolog_engine - INFO - [Session:fab7cfd4] 🧠 Starting comprehensive legal analysis for case_fab7cfd4_120600
2025-08-11 12:06:00,355 - hybex_system.prolog_engine - INFO - [Session:fab7cfd4] 🎯 Detected domain 'general_legal_aid' for case type ''
2025-08-11 12:06:00,355 - hybex_system.prolog_engine - INFO - [Session:fab7cfd4] 🎯 Using domain-specific rules for: ['general_legal_aid']
2025-08-11 12:06:00,355 - hybex_system.prolog_engine - INFO - [Session:fab7cfd4] Generated 12 comprehensive Prolog facts for case_fab7cfd4_120600
2025-08-11 12:06:00,356 - hybex_system.prolog_engine - INFO - [Session:fab7cfd4] 📂 Selected files for domain 'general_legal_aid': ['foundational_rules_clean.pl', 'legal_aid_clean_v2.pl']
2025-08-11 12:06:00,357 - hybex_system.prolog_engine - INFO - [Session:fab7cfd4] ✅ Loaded modular file: foundational_rules_clean.pl
2025-08-11 12:06:00,358 - hybex_system.prolog_engine - INFO - [Session:fab7cfd4] ✅ Loaded modular file: legal_aid_clean_v2.pl
2025-08-11 12:06:00,359 - hybex_system.prolog_engine - INFO - [Session:fab7cfd4] 🔍 DEBUG: Modular Prolog file content:
2025-08-11 12:06:00,399 - hybex_system.prolog_engine - INFO - [Session:fab7cfd4] Modular file (6995 chars):
% HybEx-Law Modular Legal Reasoning Session: fab7cfd4
% Domain: general_legal_aid
% Generated: 2025-08-11T12:06:00.356267

% DISCONTIGUOUS DIRECTIVES
:- discontiguous person/1.
:- discontiguous eligible_for_legal_aid/1.
:- discontiguous categorically_eligible/1.
:- discontiguous income_eligible/1.
:- discontiguous social_category/2.
:- discontiguous annual_income/2.
:- discontiguous case_type/2.
:- discontiguous generate_detailed_reasoning/2.
:- discontiguous primary_eligibility_reason/2.
:- discontiguous applicable_rule/3.
:- discontiguous vulnerable_group/2.
:- discontiguous gender/2.
:- discontiguous age/2.

:- use_module(library(http/json)).

% LOADING: foundational_rules_clean.pl
% ============================================================================
% FOUNDATIONAL PREDICATES AND UTILITY RULES - CORRECTED AND ROBUST
% This file contains only generic, reusable predicates.
% All case-specific facts (e.g., age, income) must be provided by Python.
% ============================...
2025-08-11 12:06:00,400 - hybex_system.prolog_engine - INFO - [Session:fab7cfd4] ✅ Created MODULAR Prolog file: C:\Users\OMEN19~1\AppData\Local\Temp\tmpq0yz0wj2.pl with 2 domain modules
2025-08-11 12:06:00,400 - hybex_system.prolog_engine - INFO - [Session:fab7cfd4] 🎯 Ultra-fast eligibility check for case_fab7cfd4_120600
2025-08-11 12:06:00,400 - hybex_system.prolog_engine - INFO - [Session:fab7cfd4] Executing SWI-Prolog command: swipl -q -g ['C:/Users/OMEN19~1/AppData/Local/Temp/tmpq0yz0wj2.pl'], eligible_for_legal_aid('case_fab7cfd4_120600'), halt --stack-limit=2g --traditional
2025-08-11 12:06:01,535 - hybex_system.prolog_engine - INFO - [Session:fab7cfd4] Prolog query successful (attempt 1): eligible_for_legal_aid('case_fab7cfd4_120600')
2025-08-11 12:06:01,535 - hybex_system.prolog_engine - INFO - [Session:fab7cfd4] ✅ FAST SUCCESS: Basic eligibility confirmed for case_fab7cfd4_120600
2025-08-11 12:06:01,535 - hybex_system.prolog_engine - INFO - [Session:fab7cfd4] Executing SWI-Prolog command: swipl -q -g consult('C:/Users/OMEN19~1/AppData/Local/Temp/tmpq0yz0wj2.pl'), primary_eligibility_reason('case_fab7cfd4_120600', Reason), json_write_dict(dict("Reason"=Reason), []), halt.
2025-08-11 12:06:01,535 - hybex_system.prolog_engine - ERROR - [Session:fab7cfd4] Prolog execution failed: 'timeout'
2025-08-11 12:06:01,535 - hybex_system.prolog_engine - INFO - [Session:fab7cfd4] Executing SWI-Prolog command: swipl -q -g consult('C:/Users/OMEN19~1/AppData/Local/Temp/tmpq0yz0wj2.pl'), generate_detailed_reasoning('case_fab7cfd4_120600', DetailedReason), json_write_dict(dict("DetailedReason"=DetailedReason), []), halt.
2025-08-11 12:06:01,535 - hybex_system.prolog_engine - ERROR - [Session:fab7cfd4] Prolog execution failed: 'timeout'
2025-08-11 12:06:01,535 - hybex_system.prolog_engine - INFO - [Session:fab7cfd4] Executing SWI-Prolog command: swipl -q -g consult('C:/Users/OMEN19~1/AppData/Local/Temp/tmpq0yz0wj2.pl'), findall(Rule, applicable_rule('case_fab7cfd4_120600', Rule, legal_aid), Rules), json_write_dict(dict("Rules"=Rules), []), halt.
2025-08-11 12:06:01,535 - hybex_system.prolog_engine - ERROR - [Session:fab7cfd4] Prolog execution failed: 'timeout'
2025-08-11 12:06:01,535 - hybex_system.prolog_engine - INFO - [Session:fab7cfd4] Comprehensive legal analysis complete for case_fab7cfd4_120600: Eligible=True, Confidence=0.80
2025-08-11 12:06:01,560 - hybex_system.prolog_engine - INFO - [Session:fab7cfd4] 🧠 Starting comprehensive legal analysis for case_fab7cfd4_120601
2025-08-11 12:06:01,560 - hybex_system.prolog_engine - INFO - [Session:fab7cfd4] 🎯 Detected domain 'general_legal_aid' for case type 'family law'
2025-08-11 12:06:01,561 - hybex_system.prolog_engine - INFO - [Session:fab7cfd4] 🎯 Using domain-specific rules for: ['general_legal_aid']
2025-08-11 12:06:01,561 - hybex_system.prolog_engine - INFO - [Session:fab7cfd4] Generated 13 comprehensive Prolog facts for case_fab7cfd4_120601
2025-08-11 12:06:01,562 - hybex_system.prolog_engine - INFO - [Session:fab7cfd4] 📂 Selected files for domain 'general_legal_aid': ['foundational_rules_clean.pl', 'legal_aid_clean_v2.pl']
2025-08-11 12:06:01,562 - hybex_system.prolog_engine - INFO - [Session:fab7cfd4] ✅ Loaded modular file: foundational_rules_clean.pl
2025-08-11 12:06:01,562 - hybex_system.prolog_engine - INFO - [Session:fab7cfd4] ✅ Loaded modular file: legal_aid_clean_v2.pl
2025-08-11 12:06:01,562 - hybex_system.prolog_engine - INFO - [Session:fab7cfd4] 🔍 DEBUG: Modular Prolog file content:
2025-08-11 12:06:01,591 - hybex_system.prolog_engine - INFO - [Session:fab7cfd4] Modular file (7043 chars):
% HybEx-Law Modular Legal Reasoning Session: fab7cfd4
% Domain: general_legal_aid
% Generated: 2025-08-11T12:06:01.562071

% DISCONTIGUOUS DIRECTIVES
:- discontiguous person/1.
:- discontiguous eligible_for_legal_aid/1.
:- discontiguous categorically_eligible/1.
:- discontiguous income_eligible/1.
:- discontiguous social_category/2.
:- discontiguous annual_income/2.
:- discontiguous case_type/2.
:- discontiguous generate_detailed_reasoning/2.
:- discontiguous primary_eligibility_reason/2.
:- discontiguous applicable_rule/3.
:- discontiguous vulnerable_group/2.
:- discontiguous gender/2.
:- discontiguous age/2.

:- use_module(library(http/json)).

% LOADING: foundational_rules_clean.pl
% ============================================================================
% FOUNDATIONAL PREDICATES AND UTILITY RULES - CORRECTED AND ROBUST
% This file contains only generic, reusable predicates.
% All case-specific facts (e.g., age, income) must be provided by Python.
% ============================...
2025-08-11 12:06:01,592 - hybex_system.prolog_engine - INFO - [Session:fab7cfd4] ✅ Created MODULAR Prolog file: C:\Users\OMEN19~1\AppData\Local\Temp\tmpe1bcxd99.pl with 2 domain modules
2025-08-11 12:06:01,593 - hybex_system.prolog_engine - INFO - [Session:fab7cfd4] 🎯 Ultra-fast eligibility check for case_fab7cfd4_120601
2025-08-11 12:06:01,594 - hybex_system.prolog_engine - INFO - [Session:fab7cfd4] Executing SWI-Prolog command: swipl -q -g ['C:/Users/OMEN19~1/AppData/Local/Temp/tmpe1bcxd99.pl'], eligible_for_legal_aid('case_fab7cfd4_120601'), halt --stack-limit=2g --traditional
2025-08-11 12:06:01,764 - hybex_system.prolog_engine - INFO - [Session:fab7cfd4] Prolog query successful (attempt 1): eligible_for_legal_aid('case_fab7cfd4_120601')
2025-08-11 12:06:01,764 - hybex_system.prolog_engine - INFO - [Session:fab7cfd4] ✅ FAST SUCCESS: Basic eligibility confirmed for case_fab7cfd4_120601
2025-08-11 12:06:01,765 - hybex_system.prolog_engine - INFO - [Session:fab7cfd4] Executing SWI-Prolog command: swipl -q -g consult('C:/Users/OMEN19~1/AppData/Local/Temp/tmpe1bcxd99.pl'), primary_eligibility_reason('case_fab7cfd4_120601', Reason), json_write_dict(dict("Reason"=Reason), []), halt.
2025-08-11 12:06:01,765 - hybex_system.prolog_engine - ERROR - [Session:fab7cfd4] Prolog execution failed: 'timeout'
2025-08-11 12:06:01,765 - hybex_system.prolog_engine - INFO - [Session:fab7cfd4] Executing SWI-Prolog command: swipl -q -g consult('C:/Users/OMEN19~1/AppData/Local/Temp/tmpe1bcxd99.pl'), generate_detailed_reasoning('case_fab7cfd4_120601', DetailedReason), json_write_dict(dict("DetailedReason"=DetailedReason), []), halt.
2025-08-11 12:06:01,765 - hybex_system.prolog_engine - ERROR - [Session:fab7cfd4] Prolog execution failed: 'timeout'
2025-08-11 12:06:01,765 - hybex_system.prolog_engine - INFO - [Session:fab7cfd4] Executing SWI-Prolog command: swipl -q -g consult('C:/Users/OMEN19~1/AppData/Local/Temp/tmpe1bcxd99.pl'), findall(Rule, applicable_rule('case_fab7cfd4_120601', Rule, legal_aid), Rules), json_write_dict(dict("Rules"=Rules), []), halt.
2025-08-11 12:06:01,765 - hybex_system.prolog_engine - ERROR - [Session:fab7cfd4] Prolog execution failed: 'timeout'
2025-08-11 12:06:01,766 - hybex_system.prolog_engine - INFO - [Session:fab7cfd4] Comprehensive legal analysis complete for case_fab7cfd4_120601: Eligible=True, Confidence=0.80
2025-08-11 12:06:01,778 - hybex_system.prolog_engine - INFO - [Session:fab7cfd4] 🧠 Starting comprehensive legal analysis for case_fab7cfd4_120601
2025-08-11 12:06:01,779 - hybex_system.prolog_engine - INFO - [Session:fab7cfd4] 🎯 Detected domain 'general_legal_aid' for case type ''
2025-08-11 12:06:01,779 - hybex_system.prolog_engine - INFO - [Session:fab7cfd4] 🎯 Using domain-specific rules for: ['general_legal_aid']
2025-08-11 12:06:01,779 - hybex_system.prolog_engine - INFO - [Session:fab7cfd4] Generated 12 comprehensive Prolog facts for case_fab7cfd4_120601
2025-08-11 12:06:01,781 - hybex_system.prolog_engine - INFO - [Session:fab7cfd4] 📂 Selected files for domain 'general_legal_aid': ['foundational_rules_clean.pl', 'legal_aid_clean_v2.pl']
2025-08-11 12:06:01,781 - hybex_system.prolog_engine - INFO - [Session:fab7cfd4] ✅ Loaded modular file: foundational_rules_clean.pl
2025-08-11 12:06:01,786 - hybex_system.prolog_engine - INFO - [Session:fab7cfd4] ✅ Loaded modular file: legal_aid_clean_v2.pl
2025-08-11 12:06:01,788 - hybex_system.prolog_engine - INFO - [Session:fab7cfd4] 🔍 DEBUG: Modular Prolog file content:
2025-08-11 12:06:01,815 - hybex_system.prolog_engine - INFO - [Session:fab7cfd4] Modular file (6998 chars):
% HybEx-Law Modular Legal Reasoning Session: fab7cfd4
% Domain: general_legal_aid
% Generated: 2025-08-11T12:06:01.781255

% DISCONTIGUOUS DIRECTIVES
:- discontiguous person/1.
:- discontiguous eligible_for_legal_aid/1.
:- discontiguous categorically_eligible/1.
:- discontiguous income_eligible/1.
:- discontiguous social_category/2.
:- discontiguous annual_income/2.
:- discontiguous case_type/2.
:- discontiguous generate_detailed_reasoning/2.
:- discontiguous primary_eligibility_reason/2.
:- discontiguous applicable_rule/3.
:- discontiguous vulnerable_group/2.
:- discontiguous gender/2.
:- discontiguous age/2.

:- use_module(library(http/json)).

% LOADING: foundational_rules_clean.pl
% ============================================================================
% FOUNDATIONAL PREDICATES AND UTILITY RULES - CORRECTED AND ROBUST
% This file contains only generic, reusable predicates.
% All case-specific facts (e.g., age, income) must be provided by Python.
% ============================...
2025-08-11 12:06:01,815 - hybex_system.prolog_engine - INFO - [Session:fab7cfd4] ✅ Created MODULAR Prolog file: C:\Users\OMEN19~1\AppData\Local\Temp\tmpua_cuotl.pl with 2 domain modules
2025-08-11 12:06:01,815 - hybex_system.prolog_engine - INFO - [Session:fab7cfd4] 🎯 Ultra-fast eligibility check for case_fab7cfd4_120601
2025-08-11 12:06:01,818 - hybex_system.prolog_engine - INFO - [Session:fab7cfd4] Executing SWI-Prolog command: swipl -q -g ['C:/Users/OMEN19~1/AppData/Local/Temp/tmpua_cuotl.pl'], eligible_for_legal_aid('case_fab7cfd4_120601'), halt --stack-limit=2g --traditional
2025-08-11 12:06:01,968 - hybex_system.prolog_engine - INFO - [Session:fab7cfd4] Prolog query successful (attempt 1): eligible_for_legal_aid('case_fab7cfd4_120601')
2025-08-11 12:06:01,968 - hybex_system.prolog_engine - INFO - [Session:fab7cfd4] ✅ FAST SUCCESS: Basic eligibility confirmed for case_fab7cfd4_120601
2025-08-11 12:06:01,968 - hybex_system.prolog_engine - INFO - [Session:fab7cfd4] Executing SWI-Prolog command: swipl -q -g consult('C:/Users/OMEN19~1/AppData/Local/Temp/tmpua_cuotl.pl'), primary_eligibility_reason('case_fab7cfd4_120601', Reason), json_write_dict(dict("Reason"=Reason), []), halt.
2025-08-11 12:06:01,968 - hybex_system.prolog_engine - ERROR - [Session:fab7cfd4] Prolog execution failed: 'timeout'
2025-08-11 12:06:01,968 - hybex_system.prolog_engine - INFO - [Session:fab7cfd4] Executing SWI-Prolog command: swipl -q -g consult('C:/Users/OMEN19~1/AppData/Local/Temp/tmpua_cuotl.pl'), generate_detailed_reasoning('case_fab7cfd4_120601', DetailedReason), json_write_dict(dict("DetailedReason"=DetailedReason), []), halt.
2025-08-11 12:06:01,968 - hybex_system.prolog_engine - ERROR - [Session:fab7cfd4] Prolog execution failed: 'timeout'
2025-08-11 12:06:01,968 - hybex_system.prolog_engine - INFO - [Session:fab7cfd4] Executing SWI-Prolog command: swipl -q -g consult('C:/Users/OMEN19~1/AppData/Local/Temp/tmpua_cuotl.pl'), findall(Rule, applicable_rule('case_fab7cfd4_120601', Rule, legal_aid), Rules), json_write_dict(dict("Rules"=Rules), []), halt.
2025-08-11 12:06:01,968 - hybex_system.prolog_engine - ERROR - [Session:fab7cfd4] Prolog execution failed: 'timeout'
2025-08-11 12:06:01,968 - hybex_system.prolog_engine - INFO - [Session:fab7cfd4] Comprehensive legal analysis complete for case_fab7cfd4_120601: Eligible=True, Confidence=0.80
