2025-08-11 11:09:57,582 - hybex_system.prolog_engine - INFO - [Session:f0277b09] Added file handler to PrologEngine logger.
2025-08-11 11:09:57,582 - hybex_system.prolog_engine - INFO - [Session:f0277b09] ======================================================================
2025-08-11 11:09:57,582 - hybex_system.prolog_engine - INFO - [Session:f0277b09] Starting HybEx-Law Comprehensive Prolog Reasoning Engine
2025-08-11 11:09:57,582 - hybex_system.prolog_engine - INFO - [Session:f0277b09] Session ID: f0277b09
2025-08-11 11:09:57,582 - hybex_system.prolog_engine - INFO - [Session:f0277b09] Configuration: {'config_source': 'verified_fallback', 'last_updated': None, 'validation_status': 'unvalidated', 'primary_act': 'Legal Services Authorities Act, 1987', 'income_thresholds': {'general': 500000, 'sc_st': 800000, 'obc': 600000, 'bpl': 0, 'ews': 800000}, 'real_data_available': False, 'sources_count': 0}
2025-08-11 11:09:57,582 - hybex_system.prolog_engine - INFO - [Session:f0277b09] ======================================================================
2025-08-11 11:09:57,582 - hybex_system.prolog_engine - INFO - [Session:f0277b09] Using verified fallback knowledge base with 105 comprehensive rules
2025-08-11 11:09:57,582 - hybex_system.prolog_engine - INFO - [Session:f0277b09] Attempting to load rules from: d:\Code_stuff\NLP\multi_domain_legal\knowledge_base\multi_domain_rules.py
2025-08-11 11:09:57,588 - hybex_system.prolog_engine - INFO - [Session:f0277b09] Successfully loaded MULTI_DOMAIN_LEGAL_RULES from knowledge base.
2025-08-11 11:09:57,588 - hybex_system.prolog_engine - INFO - [Session:f0277b09] Parsing comprehensive multi-domain legal rules from knowledge base.
2025-08-11 11:09:57,591 - hybex_system.prolog_engine - INFO - [Session:f0277b09] Initialized Comprehensive PrologEngine (Session: f0277b09, Available: True)
2025-08-11 11:09:57,591 - hybex_system.prolog_engine - INFO - [Session:f0277b09] Loaded 9 rule categories with 145 total rules
2025-08-11 11:09:57,591 - hybex_system.prolog_engine - INFO - [Session:f0277b09] Comprehensive rules actually loaded: True
2025-08-11 11:09:57,591 - hybex_system.prolog_engine - INFO - [Session:f0277b09] 🧠 Starting comprehensive legal analysis for case_f0277b09_110957
2025-08-11 11:09:57,591 - hybex_system.prolog_engine - INFO - [Session:f0277b09] 🎯 Detected domain 'general_legal_aid' for case type ''
2025-08-11 11:09:57,591 - hybex_system.prolog_engine - INFO - [Session:f0277b09] 🎯 Using domain-specific rules for: ['general_legal_aid']
2025-08-11 11:09:57,591 - hybex_system.prolog_engine - INFO - [Session:f0277b09] Generated 12 comprehensive Prolog facts for case_f0277b09_110957
2025-08-11 11:09:57,596 - hybex_system.prolog_engine - INFO - [Session:f0277b09] 📂 Selected files for domain 'general_legal_aid': ['foundational_rules_clean.pl', 'legal_aid_clean_v2.pl']
2025-08-11 11:09:57,597 - hybex_system.prolog_engine - INFO - [Session:f0277b09] ✅ Loaded modular file: foundational_rules_clean.pl
2025-08-11 11:09:57,597 - hybex_system.prolog_engine - INFO - [Session:f0277b09] ✅ Loaded modular file: legal_aid_clean_v2.pl
2025-08-11 11:09:57,597 - hybex_system.prolog_engine - INFO - [Session:f0277b09] 🔍 DEBUG: Modular Prolog file content:
2025-08-11 11:09:57,620 - hybex_system.prolog_engine - INFO - [Session:f0277b09] Modular file (6420 chars):
% HybEx-Law Modular Legal Reasoning Session: f0277b09
% Domain: general_legal_aid
% Generated: 2025-08-11T11:09:57.595868

% DISCONTIGUOUS DIRECTIVES
:- discontiguous person/1.
:- discontiguous eligible_for_legal_aid/1.
:- discontiguous categorically_eligible/1.
:- discontiguous income_eligible/1.
:- discontiguous social_category/2.
:- discontiguous annual_income/2.
:- discontiguous case_type/2.
:- discontiguous generate_detailed_reasoning/2.
:- discontiguous primary_eligibility_reason/2.
:- discontiguous applicable_rule/3.
:- discontiguous vulnerable_group/2.
:- discontiguous gender/2.
:- discontiguous age/2.

% LOADING: foundational_rules_clean.pl
% ============================================================================
% FOUNDATIONAL PREDICATES AND UTILITY RULES - CORRECTED AND ROBUST
% This file contains only generic, reusable predicates.
% All case-specific facts (e.g., age, income) must be provided by Python.
% ================================================================...
2025-08-11 11:09:57,624 - hybex_system.prolog_engine - INFO - [Session:f0277b09] ✅ Created MODULAR Prolog file: C:\Users\OMEN19~1\AppData\Local\Temp\tmp41umvkq4.pl with 2 domain modules
2025-08-11 11:09:57,624 - hybex_system.prolog_engine - INFO - [Session:f0277b09] 🎯 Ultra-fast eligibility check for case_f0277b09_110957
2025-08-11 11:09:57,743 - hybex_system.prolog_engine - WARNING - [Session:f0277b09] SWI-Prolog exited with code 2 (attempt 1). Stderr: ERROR: -g ['C:/Users/OMEN19~1/AppData/Local/Temp/tmp41umvkq4.pl'], eligible_for_legal_aid('case_f0277b09_110957').: vulnerable_group/2: Unknown procedure: disability_status/2
2025-08-11 11:09:57,743 - hybex_system.prolog_engine - INFO - [Session:f0277b09] ❌ FAST RESULT: Not eligible - Prolog syntax or fatal error: ERROR: -g ['C:/Users/OMEN19~1/AppData/Local/Temp/tmp41umvkq4.pl'], eligible_for_legal_aid('case_f0277b09_110957').: vulnerable_group/2: Unknown procedure: disability_status/2
2025-08-11 11:09:57,825 - hybex_system.prolog_engine - WARNING - [Session:f0277b09] SWI-Prolog exited with code 2 (attempt 1). Stderr: ERROR: -g ['C:/Users/OMEN19~1/AppData/Local/Temp/tmp41umvkq4.pl'], primary_eligibility_reason('case_f0277b09_110957', Reason).: vulnerable_group/2: Unknown procedure: disability_status/2
2025-08-11 11:09:57,907 - hybex_system.prolog_engine - WARNING - [Session:f0277b09] SWI-Prolog exited with code 2 (attempt 1). Stderr: ERROR: -g ['C:/Users/OMEN19~1/AppData/Local/Temp/tmp41umvkq4.pl'], generate_detailed_reasoning('case_f0277b09_110957', DetailedReason).: vulnerable_group/2: Unknown procedure: disability_status/2
2025-08-11 11:09:57,990 - hybex_system.prolog_engine - WARNING - [Session:f0277b09] SWI-Prolog exited with code 2 (attempt 1). Stderr: ERROR: -g ['C:/Users/OMEN19~1/AppData/Local/Temp/tmp41umvkq4.pl'], findall(Rule, applicable_rule('case_f0277b09_110957', Rule, legal_aid), Rules).: vulnerable_group/2: Unknown procedure: disability_status/2
2025-08-11 11:09:57,992 - hybex_system.prolog_engine - INFO - [Session:f0277b09] Comprehensive legal analysis complete for case_f0277b09_110957: Eligible=False, Confidence=0.90
2025-08-11 11:09:58,005 - hybex_system.prolog_engine - INFO - [Session:f0277b09] 🧠 Starting comprehensive legal analysis for case_f0277b09_110958
2025-08-11 11:09:58,005 - hybex_system.prolog_engine - INFO - [Session:f0277b09] 🎯 Detected domain 'general_legal_aid' for case type 'family law'
2025-08-11 11:09:58,007 - hybex_system.prolog_engine - INFO - [Session:f0277b09] 🎯 Using domain-specific rules for: ['general_legal_aid']
2025-08-11 11:09:58,007 - hybex_system.prolog_engine - INFO - [Session:f0277b09] Generated 13 comprehensive Prolog facts for case_f0277b09_110958
2025-08-11 11:09:58,007 - hybex_system.prolog_engine - INFO - [Session:f0277b09] 📂 Selected files for domain 'general_legal_aid': ['foundational_rules_clean.pl', 'legal_aid_clean_v2.pl']
2025-08-11 11:09:58,007 - hybex_system.prolog_engine - INFO - [Session:f0277b09] ✅ Loaded modular file: foundational_rules_clean.pl
2025-08-11 11:09:58,007 - hybex_system.prolog_engine - INFO - [Session:f0277b09] ✅ Loaded modular file: legal_aid_clean_v2.pl
2025-08-11 11:09:58,007 - hybex_system.prolog_engine - INFO - [Session:f0277b09] 🔍 DEBUG: Modular Prolog file content:
2025-08-11 11:09:58,029 - hybex_system.prolog_engine - INFO - [Session:f0277b09] Modular file (6468 chars):
% HybEx-Law Modular Legal Reasoning Session: f0277b09
% Domain: general_legal_aid
% Generated: 2025-08-11T11:09:58.007319

% DISCONTIGUOUS DIRECTIVES
:- discontiguous person/1.
:- discontiguous eligible_for_legal_aid/1.
:- discontiguous categorically_eligible/1.
:- discontiguous income_eligible/1.
:- discontiguous social_category/2.
:- discontiguous annual_income/2.
:- discontiguous case_type/2.
:- discontiguous generate_detailed_reasoning/2.
:- discontiguous primary_eligibility_reason/2.
:- discontiguous applicable_rule/3.
:- discontiguous vulnerable_group/2.
:- discontiguous gender/2.
:- discontiguous age/2.

% LOADING: foundational_rules_clean.pl
% ============================================================================
% FOUNDATIONAL PREDICATES AND UTILITY RULES - CORRECTED AND ROBUST
% This file contains only generic, reusable predicates.
% All case-specific facts (e.g., age, income) must be provided by Python.
% ================================================================...
2025-08-11 11:09:58,033 - hybex_system.prolog_engine - INFO - [Session:f0277b09] ✅ Created MODULAR Prolog file: C:\Users\OMEN19~1\AppData\Local\Temp\tmp1nnuinhz.pl with 2 domain modules
2025-08-11 11:09:58,035 - hybex_system.prolog_engine - INFO - [Session:f0277b09] 🎯 Ultra-fast eligibility check for case_f0277b09_110958
2025-08-11 11:10:01,057 - hybex_system.prolog_engine - ERROR - [Session:f0277b09] Prolog query timeout (attempt 1): eligible_for_legal_aid('case_f0277b09_110958')
2025-08-11 11:10:01,057 - hybex_system.prolog_engine - INFO - [Session:f0277b09] ❌ FAST RESULT: Not eligible - Query timeout after 1 attempts
2025-08-11 11:11:01,086 - hybex_system.prolog_engine - ERROR - [Session:f0277b09] Prolog query timeout (attempt 1): primary_eligibility_reason('case_f0277b09_110958', Reason)
2025-08-11 11:12:01,123 - hybex_system.prolog_engine - ERROR - [Session:f0277b09] Prolog query timeout (attempt 2): primary_eligibility_reason('case_f0277b09_110958', Reason)
2025-08-11 11:13:01,154 - hybex_system.prolog_engine - ERROR - [Session:f0277b09] Prolog query timeout (attempt 3): primary_eligibility_reason('case_f0277b09_110958', Reason)
2025-08-11 11:14:01,180 - hybex_system.prolog_engine - ERROR - [Session:f0277b09] Prolog query timeout (attempt 1): generate_detailed_reasoning('case_f0277b09_110958', DetailedReason)
2025-08-11 11:15:01,203 - hybex_system.prolog_engine - ERROR - [Session:f0277b09] Prolog query timeout (attempt 2): generate_detailed_reasoning('case_f0277b09_110958', DetailedReason)
