2025-08-12 11:22:56,118 - hybex_system.prolog_engine - INFO - [Session:b8790812] Added file handler to PrologEngine logger.
2025-08-12 11:22:56,118 - hybex_system.prolog_engine - INFO - [Session:b8790812] ======================================================================
2025-08-12 11:22:56,118 - hybex_system.prolog_engine - INFO - [Session:b8790812] Starting HybEx-Law Comprehensive Prolog Reasoning Engine
2025-08-12 11:22:56,118 - hybex_system.prolog_engine - INFO - [Session:b8790812] Session ID: b8790812
2025-08-12 11:22:56,118 - hybex_system.prolog_engine - INFO - [Session:b8790812] Configuration: {'config_source': 'verified_fallback', 'last_updated': None, 'validation_status': 'unvalidated', 'primary_act': 'Legal Services Authorities Act, 1987', 'income_thresholds': {'general': 500000, 'sc_st': 800000, 'obc': 600000, 'bpl': 0, 'ews': 800000}, 'real_data_available': False, 'sources_count': 0}
2025-08-12 11:22:56,118 - hybex_system.prolog_engine - INFO - [Session:b8790812] ======================================================================
2025-08-12 11:22:56,118 - hybex_system.prolog_engine - INFO - [Session:b8790812] Using verified fallback knowledge base with 105 comprehensive rules
2025-08-12 11:22:56,118 - hybex_system.prolog_engine - INFO - [Session:b8790812] Attempting to load rules from: C:\Users\Student\Documents\22BLC1058\NLP\multi_domain_legal\knowledge_base\multi_domain_rules.py
2025-08-12 11:22:56,118 - hybex_system.prolog_engine - INFO - [Session:b8790812] Successfully loaded MULTI_DOMAIN_LEGAL_RULES from knowledge base.
2025-08-12 11:22:56,118 - hybex_system.prolog_engine - INFO - [Session:b8790812] Parsing comprehensive multi-domain legal rules from knowledge base.
2025-08-12 11:22:56,132 - hybex_system.prolog_engine - INFO - [Session:b8790812] Initialized Comprehensive PrologEngine (Session: b8790812, Available: True)
2025-08-12 11:22:56,132 - hybex_system.prolog_engine - INFO - [Session:b8790812] Loaded 9 rule categories with 145 total rules
2025-08-12 11:22:56,132 - hybex_system.prolog_engine - INFO - [Session:b8790812] Comprehensive rules actually loaded: True
2025-08-12 11:22:56,132 - hybex_system.prolog_engine - INFO - [Session:b8790812] 🧠 Starting comprehensive legal analysis for case_b8790812_112256
2025-08-12 11:22:56,133 - hybex_system.prolog_engine - INFO - [Session:b8790812] 🎯 Using domain-specific rules for: ['legal_aid']
2025-08-12 11:22:56,133 - hybex_system.prolog_engine - INFO - [Session:b8790812] Generated 12 comprehensive Prolog facts for case_b8790812_112256
2025-08-12 11:22:56,134 - hybex_system.prolog_engine - INFO - [Session:b8790812] 📂 Selected files for domain 'legal_aid': ['foundational_rules_clean.pl', 'legal_aid_clean_v2.pl']
2025-08-12 11:22:56,135 - hybex_system.prolog_engine - INFO - [Session:b8790812] ✅ Loaded modular file: foundational_rules_clean.pl
2025-08-12 11:22:56,135 - hybex_system.prolog_engine - INFO - [Session:b8790812] ✅ Loaded modular file: legal_aid_clean_v2.pl
2025-08-12 11:22:56,137 - hybex_system.prolog_engine - INFO - [Session:b8790812] 🔍 DEBUG: Modular Prolog file content:
2025-08-12 11:22:56,137 - hybex_system.prolog_engine - INFO - [Session:b8790812] Modular file (6951 chars):
% HybEx-Law Modular Legal Reasoning Session: b8790812
% Domain: legal_aid
% Generated: 2025-08-12T11:22:56.134173

% DISCONTIGUOUS DIRECTIVES
:- discontiguous person/1.
:- discontiguous eligible_for_legal_aid/1.
:- discontiguous categorically_eligible/1.
:- discontiguous income_eligible/1.
:- discontiguous social_category/2.
:- discontiguous annual_income/2.
:- discontiguous case_type/2.
:- discontiguous generate_detailed_reasoning/2.
:- discontiguous primary_eligibility_reason/2.
:- discontiguous applicable_rule/3.
:- discontiguous vulnerable_group/2.
:- discontiguous gender/2.
:- discontiguous age/2.

% LOADING: foundational_rules_clean.pl
% ============================================================================
% FOUNDATIONAL PREDICATES AND UTILITY RULES - CORRECTED AND ROBUST
% This file contains only generic, reusable predicates.
% All case-specific facts (e.g., age, income) must be provided by Python.
% ========================================================================...
2025-08-12 11:22:56,138 - hybex_system.prolog_engine - INFO - [Session:b8790812] ✅ Created MODULAR Prolog file: C:\Users\Student\AppData\Local\Temp\tmpo3msgph0.pl with 2 domain modules
2025-08-12 11:22:56,138 - hybex_system.prolog_engine - INFO - [Session:b8790812] 🎯 Ultra-fast eligibility check for case_b8790812_112256
2025-08-12 11:22:56,138 - hybex_system.prolog_engine - INFO - [Session:b8790812] Executing SWI-Prolog command: swipl -q -g ['C:/Users/Student/AppData/Local/Temp/tmpo3msgph0.pl'], eligible_for_legal_aid('case_b8790812_112256'), halt --stack-limit=2g --traditional
2025-08-12 11:22:56,173 - hybex_system.prolog_engine - INFO - [Session:b8790812] Prolog query successful (attempt 1): eligible_for_legal_aid('case_b8790812_112256')
2025-08-12 11:22:56,173 - hybex_system.prolog_engine - INFO - [Session:b8790812] ✅ FAST SUCCESS: Basic eligibility confirmed for case_b8790812_112256
2025-08-12 11:22:56,173 - hybex_system.prolog_engine - INFO - [Session:b8790812] Executing SWI-Prolog command: swipl -q -g consult('C:/Users/Student/AppData/Local/Temp/tmpo3msgph0.pl'), primary_eligibility_reason('case_b8790812_112256', Reason), format('Reason:~q~n', [Reason]), halt.
2025-08-12 11:22:56,219 - hybex_system.prolog_engine - INFO - [Session:b8790812] Executing SWI-Prolog command: swipl -q -g consult('C:/Users/Student/AppData/Local/Temp/tmpo3msgph0.pl'), generate_detailed_reasoning('case_b8790812_112256', DetailedReason), format('DetailedReason:~q~n', [DetailedReason]), halt.
2025-08-12 11:22:56,255 - hybex_system.prolog_engine - INFO - [Session:b8790812] Executing SWI-Prolog command: swipl -q -g consult('C:/Users/Student/AppData/Local/Temp/tmpo3msgph0.pl'), findall(Rule, applicable_rule('case_b8790812_112256', Rule, legal_aid), Rules), format('Rules:~q~n', [Rules]), halt.
2025-08-12 11:22:56,292 - hybex_system.prolog_engine - INFO - [Session:b8790812] Comprehensive legal analysis complete for case_b8790812_112256: Eligible=True, Confidence=0.90
2025-08-12 11:22:56,319 - hybex_system.prolog_engine - INFO - [Session:b8790812] 🧠 Starting comprehensive legal analysis for case_b8790812_112256
2025-08-12 11:22:56,319 - hybex_system.prolog_engine - INFO - [Session:b8790812] 🎯 Using domain-specific rules for: ['legal_aid']
2025-08-12 11:22:56,319 - hybex_system.prolog_engine - INFO - [Session:b8790812] Generated 13 comprehensive Prolog facts for case_b8790812_112256
2025-08-12 11:22:56,328 - hybex_system.prolog_engine - INFO - [Session:b8790812] 📂 Selected files for domain 'legal_aid': ['foundational_rules_clean.pl', 'legal_aid_clean_v2.pl']
2025-08-12 11:22:56,329 - hybex_system.prolog_engine - INFO - [Session:b8790812] ✅ Loaded modular file: foundational_rules_clean.pl
2025-08-12 11:22:56,330 - hybex_system.prolog_engine - INFO - [Session:b8790812] ✅ Loaded modular file: legal_aid_clean_v2.pl
2025-08-12 11:22:56,332 - hybex_system.prolog_engine - INFO - [Session:b8790812] 🔍 DEBUG: Modular Prolog file content:
2025-08-12 11:22:56,332 - hybex_system.prolog_engine - INFO - [Session:b8790812] Modular file (6999 chars):
% HybEx-Law Modular Legal Reasoning Session: b8790812
% Domain: legal_aid
% Generated: 2025-08-12T11:22:56.328181

% DISCONTIGUOUS DIRECTIVES
:- discontiguous person/1.
:- discontiguous eligible_for_legal_aid/1.
:- discontiguous categorically_eligible/1.
:- discontiguous income_eligible/1.
:- discontiguous social_category/2.
:- discontiguous annual_income/2.
:- discontiguous case_type/2.
:- discontiguous generate_detailed_reasoning/2.
:- discontiguous primary_eligibility_reason/2.
:- discontiguous applicable_rule/3.
:- discontiguous vulnerable_group/2.
:- discontiguous gender/2.
:- discontiguous age/2.

% LOADING: foundational_rules_clean.pl
% ============================================================================
% FOUNDATIONAL PREDICATES AND UTILITY RULES - CORRECTED AND ROBUST
% This file contains only generic, reusable predicates.
% All case-specific facts (e.g., age, income) must be provided by Python.
% ========================================================================...
2025-08-12 11:22:56,332 - hybex_system.prolog_engine - INFO - [Session:b8790812] ✅ Created MODULAR Prolog file: C:\Users\Student\AppData\Local\Temp\tmp8qjbkqjr.pl with 2 domain modules
2025-08-12 11:22:56,333 - hybex_system.prolog_engine - INFO - [Session:b8790812] 🎯 Ultra-fast eligibility check for case_b8790812_112256
2025-08-12 11:22:56,333 - hybex_system.prolog_engine - INFO - [Session:b8790812] Executing SWI-Prolog command: swipl -q -g ['C:/Users/Student/AppData/Local/Temp/tmp8qjbkqjr.pl'], eligible_for_legal_aid('case_b8790812_112256'), halt --stack-limit=2g --traditional
2025-08-12 11:22:56,374 - hybex_system.prolog_engine - INFO - [Session:b8790812] Prolog query successful (attempt 1): eligible_for_legal_aid('case_b8790812_112256')
2025-08-12 11:22:56,374 - hybex_system.prolog_engine - INFO - [Session:b8790812] ✅ FAST SUCCESS: Basic eligibility confirmed for case_b8790812_112256
2025-08-12 11:22:56,374 - hybex_system.prolog_engine - INFO - [Session:b8790812] Executing SWI-Prolog command: swipl -q -g consult('C:/Users/Student/AppData/Local/Temp/tmp8qjbkqjr.pl'), primary_eligibility_reason('case_b8790812_112256', Reason), format('Reason:~q~n', [Reason]), halt.
2025-08-12 11:22:56,416 - hybex_system.prolog_engine - INFO - [Session:b8790812] Executing SWI-Prolog command: swipl -q -g consult('C:/Users/Student/AppData/Local/Temp/tmp8qjbkqjr.pl'), generate_detailed_reasoning('case_b8790812_112256', DetailedReason), format('DetailedReason:~q~n', [DetailedReason]), halt.
2025-08-12 11:22:56,451 - hybex_system.prolog_engine - INFO - [Session:b8790812] Executing SWI-Prolog command: swipl -q -g consult('C:/Users/Student/AppData/Local/Temp/tmp8qjbkqjr.pl'), findall(Rule, applicable_rule('case_b8790812_112256', Rule, legal_aid), Rules), format('Rules:~q~n', [Rules]), halt.
2025-08-12 11:22:56,501 - hybex_system.prolog_engine - INFO - [Session:b8790812] Comprehensive legal analysis complete for case_b8790812_112256: Eligible=True, Confidence=0.90
2025-08-12 11:22:56,518 - hybex_system.prolog_engine - INFO - [Session:b8790812] 🧠 Starting comprehensive legal analysis for case_b8790812_112256
2025-08-12 11:22:56,518 - hybex_system.prolog_engine - INFO - [Session:b8790812] 🎯 Using domain-specific rules for: ['legal_aid']
2025-08-12 11:22:56,518 - hybex_system.prolog_engine - INFO - [Session:b8790812] Generated 12 comprehensive Prolog facts for case_b8790812_112256
2025-08-12 11:22:56,530 - hybex_system.prolog_engine - INFO - [Session:b8790812] 📂 Selected files for domain 'legal_aid': ['foundational_rules_clean.pl', 'legal_aid_clean_v2.pl']
2025-08-12 11:22:56,531 - hybex_system.prolog_engine - INFO - [Session:b8790812] ✅ Loaded modular file: foundational_rules_clean.pl
2025-08-12 11:22:56,532 - hybex_system.prolog_engine - INFO - [Session:b8790812] ✅ Loaded modular file: legal_aid_clean_v2.pl
2025-08-12 11:22:56,533 - hybex_system.prolog_engine - INFO - [Session:b8790812] 🔍 DEBUG: Modular Prolog file content:
2025-08-12 11:22:56,534 - hybex_system.prolog_engine - INFO - [Session:b8790812] Modular file (6954 chars):
% HybEx-Law Modular Legal Reasoning Session: b8790812
% Domain: legal_aid
% Generated: 2025-08-12T11:22:56.530594

% DISCONTIGUOUS DIRECTIVES
:- discontiguous person/1.
:- discontiguous eligible_for_legal_aid/1.
:- discontiguous categorically_eligible/1.
:- discontiguous income_eligible/1.
:- discontiguous social_category/2.
:- discontiguous annual_income/2.
:- discontiguous case_type/2.
:- discontiguous generate_detailed_reasoning/2.
:- discontiguous primary_eligibility_reason/2.
:- discontiguous applicable_rule/3.
:- discontiguous vulnerable_group/2.
:- discontiguous gender/2.
:- discontiguous age/2.

% LOADING: foundational_rules_clean.pl
% ============================================================================
% FOUNDATIONAL PREDICATES AND UTILITY RULES - CORRECTED AND ROBUST
% This file contains only generic, reusable predicates.
% All case-specific facts (e.g., age, income) must be provided by Python.
% ========================================================================...
2025-08-12 11:22:56,535 - hybex_system.prolog_engine - INFO - [Session:b8790812] ✅ Created MODULAR Prolog file: C:\Users\Student\AppData\Local\Temp\tmp06nd4jlh.pl with 2 domain modules
2025-08-12 11:22:56,535 - hybex_system.prolog_engine - INFO - [Session:b8790812] 🎯 Ultra-fast eligibility check for case_b8790812_112256
2025-08-12 11:22:56,535 - hybex_system.prolog_engine - INFO - [Session:b8790812] Executing SWI-Prolog command: swipl -q -g ['C:/Users/Student/AppData/Local/Temp/tmp06nd4jlh.pl'], eligible_for_legal_aid('case_b8790812_112256'), halt --stack-limit=2g --traditional
2025-08-12 11:22:56,573 - hybex_system.prolog_engine - INFO - [Session:b8790812] Prolog query successful (attempt 1): eligible_for_legal_aid('case_b8790812_112256')
2025-08-12 11:22:56,573 - hybex_system.prolog_engine - INFO - [Session:b8790812] ✅ FAST SUCCESS: Basic eligibility confirmed for case_b8790812_112256
2025-08-12 11:22:56,573 - hybex_system.prolog_engine - INFO - [Session:b8790812] Executing SWI-Prolog command: swipl -q -g consult('C:/Users/Student/AppData/Local/Temp/tmp06nd4jlh.pl'), primary_eligibility_reason('case_b8790812_112256', Reason), format('Reason:~q~n', [Reason]), halt.
2025-08-12 11:22:56,619 - hybex_system.prolog_engine - INFO - [Session:b8790812] Executing SWI-Prolog command: swipl -q -g consult('C:/Users/Student/AppData/Local/Temp/tmp06nd4jlh.pl'), generate_detailed_reasoning('case_b8790812_112256', DetailedReason), format('DetailedReason:~q~n', [DetailedReason]), halt.
2025-08-12 11:22:56,651 - hybex_system.prolog_engine - INFO - [Session:b8790812] Executing SWI-Prolog command: swipl -q -g consult('C:/Users/Student/AppData/Local/Temp/tmp06nd4jlh.pl'), findall(Rule, applicable_rule('case_b8790812_112256', Rule, legal_aid), Rules), format('Rules:~q~n', [Rules]), halt.
2025-08-12 11:22:56,684 - hybex_system.prolog_engine - INFO - [Session:b8790812] Comprehensive legal analysis complete for case_b8790812_112256: Eligible=True, Confidence=0.95
