2025-08-10 23:07:04,347 - hybex_system.prolog_engine - INFO - [Session:756ac292] Added file handler to PrologEngine logger.
2025-08-10 23:07:04,347 - hybex_system.prolog_engine - INFO - [Session:756ac292] ======================================================================
2025-08-10 23:07:04,348 - hybex_system.prolog_engine - INFO - [Session:756ac292] Starting HybEx-Law Comprehensive Prolog Reasoning Engine
2025-08-10 23:07:04,348 - hybex_system.prolog_engine - INFO - [Session:756ac292] Session ID: 756ac292
2025-08-10 23:07:04,348 - hybex_system.prolog_engine - INFO - [Session:756ac292] Configuration: {'config_source': 'verified_fallback', 'last_updated': None, 'validation_status': 'unvalidated', 'primary_act': 'Legal Services Authorities Act, 1987', 'income_thresholds': {'general': 500000, 'sc_st': 800000, 'obc': 600000, 'bpl': 0, 'ews': 800000}, 'real_data_available': False, 'sources_count': 0}
2025-08-10 23:07:04,349 - hybex_system.prolog_engine - INFO - [Session:756ac292] ======================================================================
2025-08-10 23:07:04,349 - hybex_system.prolog_engine - INFO - [Session:756ac292] Using verified fallback knowledge base with 105 comprehensive rules
2025-08-10 23:07:04,350 - hybex_system.prolog_engine - INFO - [Session:756ac292] Attempting to load rules from: d:\Code_stuff\NLP\multi_domain_legal\knowledge_base\multi_domain_rules.py
2025-08-10 23:07:04,352 - hybex_system.prolog_engine - INFO - [Session:756ac292] Successfully loaded MULTI_DOMAIN_LEGAL_RULES from knowledge base.
2025-08-10 23:07:04,353 - hybex_system.prolog_engine - INFO - [Session:756ac292] Parsing comprehensive multi-domain legal rules from knowledge base.
2025-08-10 23:07:04,362 - hybex_system.prolog_engine - INFO - [Session:756ac292] Initialized Comprehensive PrologEngine (Session: 756ac292, Available: True)
2025-08-10 23:07:04,363 - hybex_system.prolog_engine - INFO - [Session:756ac292] Loaded 9 rule categories with 145 total rules
2025-08-10 23:07:04,363 - hybex_system.prolog_engine - INFO - [Session:756ac292] Comprehensive rules actually loaded: True
2025-08-10 23:07:04,365 - hybex_system.prolog_engine - INFO - [Session:756ac292] 🧠 Starting comprehensive legal analysis for case_756ac292_230704
2025-08-10 23:07:04,366 - hybex_system.prolog_engine - INFO - [Session:756ac292] 🎯 Detected domain 'general_legal_aid' for case type ''
2025-08-10 23:07:04,366 - hybex_system.prolog_engine - INFO - [Session:756ac292] 🎯 Using domain-specific rules for: ['general_legal_aid']
2025-08-10 23:07:04,367 - hybex_system.prolog_engine - INFO - [Session:756ac292] Generated 12 comprehensive Prolog facts for case_756ac292_230704
2025-08-10 23:07:04,368 - hybex_system.prolog_engine - INFO - [Session:756ac292] 📂 Selected files for domain 'general_legal_aid': ['foundational_rules_clean.pl', 'legal_aid_clean_v2.pl']
2025-08-10 23:07:04,370 - hybex_system.prolog_engine - INFO - [Session:756ac292] ✅ Loaded modular file: foundational_rules_clean.pl
2025-08-10 23:07:04,372 - hybex_system.prolog_engine - INFO - [Session:756ac292] ✅ Loaded modular file: legal_aid_clean_v2.pl
2025-08-10 23:07:04,374 - hybex_system.prolog_engine - INFO - [Session:756ac292] 🔍 DEBUG: Modular Prolog file content:
2025-08-10 23:07:04,406 - hybex_system.prolog_engine - INFO - [Session:756ac292] Modular file (6639 chars):
% HybEx-Law Modular Legal Reasoning Session: 756ac292
% Domain: general_legal_aid
% Generated: 2025-08-10T23:07:04.368538

% DISCONTIGUOUS DIRECTIVES
:- discontiguous person/1.
:- discontiguous eligible_for_legal_aid/1.
:- discontiguous categorically_eligible/1.
:- discontiguous income_eligible/1.
:- discontiguous social_category/2.
:- discontiguous annual_income/2.
:- discontiguous case_type/2.
:- discontiguous generate_detailed_reasoning/2.
:- discontiguous primary_eligibility_reason/2.
:- discontiguous applicable_rule/3.
:- discontiguous vulnerable_group/2.
:- discontiguous gender/2.
:- discontiguous age/2.

% LOADING: foundational_rules_clean.pl
% ============================================================================
% FOUNDATIONAL PREDICATES AND UTILITY RULES - CORRECTED AND ROBUST
% This file contains only generic, reusable predicates.
% All case-specific facts (e.g., age, income) must be provided by Python.
% ================================================================...
2025-08-10 23:07:04,407 - hybex_system.prolog_engine - INFO - [Session:756ac292] ✅ Created MODULAR Prolog file: C:\Users\OMEN19~1\AppData\Local\Temp\tmpqi2h_e5s.pl with 2 domain modules
2025-08-10 23:07:04,407 - hybex_system.prolog_engine - INFO - [Session:756ac292] 🎯 Ultra-fast eligibility check for case_756ac292_230704
2025-08-10 23:07:07,421 - hybex_system.prolog_engine - ERROR - [Session:756ac292] Prolog query timeout (attempt 1): eligible_for_legal_aid('case_756ac292_230704')
2025-08-10 23:07:07,421 - hybex_system.prolog_engine - INFO - [Session:756ac292] ❌ FAST RESULT: Not eligible - Query timeout after 1 attempts
2025-08-10 23:08:07,433 - hybex_system.prolog_engine - ERROR - [Session:756ac292] Prolog query timeout (attempt 1): primary_eligibility_reason('case_756ac292_230704', Reason)
2025-08-10 23:09:07,455 - hybex_system.prolog_engine - ERROR - [Session:756ac292] Prolog query timeout (attempt 2): primary_eligibility_reason('case_756ac292_230704', Reason)
2025-08-10 23:10:07,478 - hybex_system.prolog_engine - ERROR - [Session:756ac292] Prolog query timeout (attempt 3): primary_eligibility_reason('case_756ac292_230704', Reason)
2025-08-10 23:11:07,494 - hybex_system.prolog_engine - ERROR - [Session:756ac292] Prolog query timeout (attempt 1): generate_detailed_reasoning('case_756ac292_230704', DetailedReason)
2025-08-10 23:12:07,514 - hybex_system.prolog_engine - ERROR - [Session:756ac292] Prolog query timeout (attempt 2): generate_detailed_reasoning('case_756ac292_230704', DetailedReason)
2025-08-10 23:13:07,546 - hybex_system.prolog_engine - ERROR - [Session:756ac292] Prolog query timeout (attempt 3): generate_detailed_reasoning('case_756ac292_230704', DetailedReason)
2025-08-10 23:14:07,574 - hybex_system.prolog_engine - ERROR - [Session:756ac292] Prolog query timeout (attempt 1): findall(Rule, applicable_rule('case_756ac292_230704', Rule, legal_aid), Rules)
2025-08-10 23:15:07,588 - hybex_system.prolog_engine - ERROR - [Session:756ac292] Prolog query timeout (attempt 2): findall(Rule, applicable_rule('case_756ac292_230704', Rule, legal_aid), Rules)
2025-08-10 23:16:07,617 - hybex_system.prolog_engine - ERROR - [Session:756ac292] Prolog query timeout (attempt 3): findall(Rule, applicable_rule('case_756ac292_230704', Rule, legal_aid), Rules)
2025-08-10 23:16:07,617 - hybex_system.prolog_engine - INFO - [Session:756ac292] Comprehensive legal analysis complete for case_756ac292_230704: Eligible=False, Confidence=0.90
2025-08-10 23:16:07,695 - hybex_system.prolog_engine - INFO - [Session:756ac292] 🧠 Starting comprehensive legal analysis for case_756ac292_231607
2025-08-10 23:16:07,695 - hybex_system.prolog_engine - INFO - [Session:756ac292] 🎯 Detected domain 'general_legal_aid' for case type 'family law'
2025-08-10 23:16:07,695 - hybex_system.prolog_engine - INFO - [Session:756ac292] 🎯 Using domain-specific rules for: ['general_legal_aid']
2025-08-10 23:16:07,696 - hybex_system.prolog_engine - INFO - [Session:756ac292] Generated 13 comprehensive Prolog facts for case_756ac292_231607
2025-08-10 23:16:07,698 - hybex_system.prolog_engine - INFO - [Session:756ac292] 📂 Selected files for domain 'general_legal_aid': ['foundational_rules_clean.pl', 'legal_aid_clean_v2.pl']
2025-08-10 23:16:07,700 - hybex_system.prolog_engine - INFO - [Session:756ac292] ✅ Loaded modular file: foundational_rules_clean.pl
2025-08-10 23:16:07,701 - hybex_system.prolog_engine - INFO - [Session:756ac292] ✅ Loaded modular file: legal_aid_clean_v2.pl
2025-08-10 23:16:07,703 - hybex_system.prolog_engine - INFO - [Session:756ac292] 🔍 DEBUG: Modular Prolog file content:
2025-08-10 23:16:07,727 - hybex_system.prolog_engine - INFO - [Session:756ac292] Modular file (6687 chars):
% HybEx-Law Modular Legal Reasoning Session: 756ac292
% Domain: general_legal_aid
% Generated: 2025-08-10T23:16:07.698393

% DISCONTIGUOUS DIRECTIVES
:- discontiguous person/1.
:- discontiguous eligible_for_legal_aid/1.
:- discontiguous categorically_eligible/1.
:- discontiguous income_eligible/1.
:- discontiguous social_category/2.
:- discontiguous annual_income/2.
:- discontiguous case_type/2.
:- discontiguous generate_detailed_reasoning/2.
:- discontiguous primary_eligibility_reason/2.
:- discontiguous applicable_rule/3.
:- discontiguous vulnerable_group/2.
:- discontiguous gender/2.
:- discontiguous age/2.

% LOADING: foundational_rules_clean.pl
% ============================================================================
% FOUNDATIONAL PREDICATES AND UTILITY RULES - CORRECTED AND ROBUST
% This file contains only generic, reusable predicates.
% All case-specific facts (e.g., age, income) must be provided by Python.
% ================================================================...
2025-08-10 23:16:07,732 - hybex_system.prolog_engine - INFO - [Session:756ac292] ✅ Created MODULAR Prolog file: C:\Users\OMEN19~1\AppData\Local\Temp\tmp529xfbfi.pl with 2 domain modules
2025-08-10 23:16:07,733 - hybex_system.prolog_engine - INFO - [Session:756ac292] 🎯 Ultra-fast eligibility check for case_756ac292_231607
2025-08-10 23:16:10,743 - hybex_system.prolog_engine - ERROR - [Session:756ac292] Prolog query timeout (attempt 1): eligible_for_legal_aid('case_756ac292_231607')
2025-08-10 23:16:10,744 - hybex_system.prolog_engine - INFO - [Session:756ac292] ❌ FAST RESULT: Not eligible - Query timeout after 1 attempts
2025-08-10 23:17:10,758 - hybex_system.prolog_engine - ERROR - [Session:756ac292] Prolog query timeout (attempt 1): primary_eligibility_reason('case_756ac292_231607', Reason)
2025-08-10 23:18:10,792 - hybex_system.prolog_engine - ERROR - [Session:756ac292] Prolog query timeout (attempt 2): primary_eligibility_reason('case_756ac292_231607', Reason)
2025-08-10 23:19:10,804 - hybex_system.prolog_engine - ERROR - [Session:756ac292] Prolog query timeout (attempt 3): primary_eligibility_reason('case_756ac292_231607', Reason)
2025-08-10 23:20:10,824 - hybex_system.prolog_engine - ERROR - [Session:756ac292] Prolog query timeout (attempt 1): generate_detailed_reasoning('case_756ac292_231607', DetailedReason)
