2025-08-07 13:10:27,725 - hybex_system.prolog_engine - INFO - [Session:7b8ad963] Added file handler to PrologEngine logger.
2025-08-07 13:10:27,726 - hybex_system.prolog_engine - INFO - [Session:7b8ad963] ======================================================================
2025-08-07 13:10:27,726 - hybex_system.prolog_engine - INFO - [Session:7b8ad963] Starting HybEx-Law Comprehensive Prolog Reasoning Engine
2025-08-07 13:10:27,726 - hybex_system.prolog_engine - INFO - [Session:7b8ad963] Session ID: 7b8ad963
2025-08-07 13:10:27,726 - hybex_system.prolog_engine - INFO - [Session:7b8ad963] Configuration: {'config_source': 'verified_fallback', 'last_updated': None, 'validation_status': 'unvalidated', 'primary_act': 'Legal Services Authorities Act, 1987', 'income_thresholds': {'general': 500000, 'sc_st': 800000, 'obc': 600000, 'bpl': 0, 'ews': 800000}, 'real_data_available': False, 'sources_count': 0}
2025-08-07 13:10:27,727 - hybex_system.prolog_engine - INFO - [Session:7b8ad963] ======================================================================
2025-08-07 13:10:27,728 - hybex_system.prolog_engine - INFO - [Session:7b8ad963] Attempting to load rules from: d:\Code_stuff\NLP\multi_domain_legal\knowledge_base\multi_domain_rules.py
2025-08-07 13:10:27,729 - hybex_system.prolog_engine - INFO - [Session:7b8ad963] Successfully loaded MULTI_DOMAIN_LEGAL_RULES from knowledge base.
2025-08-07 13:10:27,729 - hybex_system.prolog_engine - INFO - [Session:7b8ad963] Parsing comprehensive multi-domain legal rules from knowledge base.
2025-08-07 13:10:27,732 - hybex_system.prolog_engine - INFO - [Session:7b8ad963] Initialized Comprehensive PrologEngine (Session: 7b8ad963, Available: True)
2025-08-07 13:10:27,732 - hybex_system.prolog_engine - INFO - [Session:7b8ad963] Loaded 9 rule categories with 162 total rules
2025-08-07 13:10:27,733 - hybex_system.prolog_engine - INFO - [Session:7b8ad963] Comprehensive rules actually loaded: True
2025-08-07 13:10:27,733 - hybex_system.prolog_engine - INFO - [Session:7b8ad963] Starting comprehensive legal analysis for case_7b8ad963_131027
2025-08-07 13:10:27,734 - hybex_system.prolog_engine - INFO - [Session:7b8ad963] Generated 7 comprehensive Prolog facts for case_7b8ad963_131027
2025-08-07 13:10:27,735 - hybex_system.prolog_engine - INFO - [Session:7b8ad963] Created comprehensive Prolog file: C:\Users\OMEN19~1\AppData\Local\Temp\tmp4i8u67de.pl with 7 facts.
2025-08-07 13:10:57,770 - hybex_system.prolog_engine - ERROR - [Session:7b8ad963] Prolog query timeout (attempt 1): eligible_with_confidence('case_7b8ad963_131027', Eligible, Confidence)
2025-08-07 13:11:27,796 - hybex_system.prolog_engine - ERROR - [Session:7b8ad963] Prolog query timeout (attempt 2): eligible_with_confidence('case_7b8ad963_131027', Eligible, Confidence)
2025-08-07 13:11:57,818 - hybex_system.prolog_engine - ERROR - [Session:7b8ad963] Prolog query timeout (attempt 3): eligible_with_confidence('case_7b8ad963_131027', Eligible, Confidence)
2025-08-07 13:11:57,819 - hybex_system.prolog_engine - WARNING - [Session:7b8ad963] Failed to get confident eligibility from Prolog. Trying basic 'eligible_for_legal_aid'.
2025-08-07 13:12:27,836 - hybex_system.prolog_engine - ERROR - [Session:7b8ad963] Prolog query timeout (attempt 1): eligible_for_legal_aid('case_7b8ad963_131027')
2025-08-07 13:12:57,860 - hybex_system.prolog_engine - ERROR - [Session:7b8ad963] Prolog query timeout (attempt 2): eligible_for_legal_aid('case_7b8ad963_131027')
2025-08-07 13:13:27,873 - hybex_system.prolog_engine - ERROR - [Session:7b8ad963] Prolog query timeout (attempt 3): eligible_for_legal_aid('case_7b8ad963_131027')
2025-08-07 13:13:27,966 - hybex_system.prolog_engine - WARNING - [Session:7b8ad963] SWI-Prolog exited with code 2 (attempt 1). Stderr: ERROR: c:/users/omen19~1/appdata/local/temp/tmp4i8u67de.pl:46:7: Syntax error: Operator expected
Warning: c:/users/omen19~1/appdata/local/temp/tmp4i8u67de.pl:66:
Warning:    Singleton variables: [Spouse]
Warning: c:/users/omen19~1/appdata/local/temp/tmp4i8u67de.pl:245:
Warning:    Singleton variables: [Person]
Warning: c:/users/omen19~1/appdata/local/temp/tmp4i8u67de.pl:255:
Warning:    Singleton variables: [Date1,Date2]
Warning: c:/users/omen19~1/appdata/local/temp/tmp4i8u67de.pl:343:
Warning:    Clauses of right_violation_occurred/2 are not together in the source-file
Warning:    Earlier definition at c:/users/omen19~1/appdata/local/temp/tmp4i8u67de.pl:329
Warning:    Current predicate: prohibited_discrimination_ground/1
Warning:    Use :- discontiguous right_violation_occurred/2. to suppress this message
ERROR: c:/users/omen19~1/appdata/local/temp/tmp4i8u67de.pl:353:7: Syntax error: Operator expected
Warning: c:/users/omen19~1/appdata/local/temp/tmp4i8u67de.pl:372:
Warning:    Clauses of wrongful_termination/1 are not together in the source-file
Warning:    Earlier definition at c:/users/omen19~1/appdata/local/temp/tmp4i8u67de.pl:148
Warning:    Current predicate: public_interest_issue/1
Warning:    Use :- discontiguous wrongful_termination/1. to suppress this message
Warning: c:/users/omen19~1/appdata/local/temp/tmp4i8u67de.pl:379:
Warning:    Clauses of improper_procedure/1 are not together in the source-file
Warning:    Earlier definition at c:/users/omen19~1/appdata/local/temp/tmp4i8u67de.pl:155
Warning:    Current predicate: wrongful_termination/1
Warning:    Use :- discontiguous improper_procedure/1. to suppress this message
Warning: c:/users/omen19~1/appdata/local/temp/tmp4i8u67de.pl:386:
Warning:    Clauses of sufficient_notice_period/2 are not together in the source-file
Warning:    Earlier definition at c:/users/omen19~1/appdata/local/temp/tmp4i8u67de.pl:162
Warning:    Current predicate: improper_procedure/1
Warning:    Use :- discontiguous sufficient_notice_period/2. to suppress this message
Warning: c:/users/omen19~1/appdata/local/temp/tmp4i8u67de.pl:394:
Warning:    Clauses of retrenchment_compensation/2 are not together in the source-file
Warning:    Earlier definition at c:/users/omen19~1/appdata/local/temp/tmp4i8u67de.pl:170
Warning:    Current predicate: sufficient_notice_period/2
Warning:    Use :- discontiguous retrenchment_compensation/2. to suppress this message
Warning: c:/users/omen19~1/appdata/local/temp/tmp4i8u67de.pl:400:
Warning:    Clauses of valid_harassment_complaint/1 are not together in the source-file
Warning:    Earlier definition at c:/users/omen19~1/appdata/local/temp/tmp4i8u67de.pl:176
Warning:    Current predicate: retrenchment_compensation/2
Warning:    Use :- discontiguous valid_harassment_complaint/1. to suppress this message
Warning: c:/users/omen19~1/appdata/local/temp/tmp4i8u67de.pl:404:
Warning:    Clauses of harassment_remedy_available/2 are not together in the source-file
Warning:    Earlier definition at c:/users/omen19~1/appdata/local/temp/tmp4i8u67de.pl:180
Warning:    Current predicate: valid_harassment_complaint/1
Warning:    Use :- discontiguous harassment_remedy_available/2. to suppress this message
Warning: c:/users/omen19~1/appdata/local/temp/tmp4i8u67de.pl:408:
Warning:    Clauses of harassment_remedy/1 are not together in the source-file
Warning:    Earlier definition at c:/users/omen19~1/appdata/local/temp/tmp4i8u67de.pl:184
Warning:    Current predicate: harassment_remedy_available/2
Warning:    Use :- discontiguous harassment_remedy/1. to suppress this message
Warning: c:/users/omen19~1/appdata/local/temp/tmp4i8u67de.pl:416:
Warning:    Clauses of minimum_wage_violation/1 are not together in the source-file
Warning:    Earlier definition at c:/users/omen19~1/appdata/local/temp/tmp4i8u67de.pl:192
Warning:    Current predicate: harassment_remedy/1
Warning:    Use :- discontiguous minimum_wage_violation/1. to suppress this message
Warning: c:/users/omen19~1/appdata/local/temp/tmp4i8u67de.pl:423:
Warning:    Clauses of minimum_wage_rate/2 are not together in the source-file
Warning:    Earlier definition at c:/users/omen19~1/appdata/local/temp/tmp4i8u67de.pl:199
Warning:    Current predicate: minimum_wage_violation/1
Warning:    Use :- discontiguous minimum_wage_rate/2. to suppress this message
Warning: c:/users/omen19~1/appdata/local/temp/tmp4i8u67de.pl:430:
Warning:    Clauses of overtime_payment_due/2 are not together in the source-file
Warning:    Earlier definition at c:/users/omen19~1/appdata/local/temp/tmp4i8u67de.pl:206
Warning:    Current predicate: minimum_wage_rate/2
Warning:    Use :- discontiguous overtime_payment_due/2. to suppress this message
Warning: c:/users/omen19~1/appdata/local/temp/tmp4i8u67de.pl:438:
Warning:    Clauses of overtime_hours/2 are not together in the source-file
Warning:    Earlier definition at c:/users/omen19~1/appdata/local/temp/tmp4i8u67de.pl:214
Warning:    Current predicate: overtime_payment_due/2
Warning:    Use :- discontiguous overtime_hours/2. to suppress this message
Warning: c:/users/omen19~1/appdata/local/temp/tmp4i8u67de.pl:443:
Warning:    Clauses of legal_aid_employment_case/1 are not together in the source-file
Warning:    Earlier definition at c:/users/omen19~1/appdata/local/temp/tmp4i8u67de.pl:219
Warning:    Current predicate: overtime_hours/2
Warning:    Use :- discontiguous legal_aid_employment_case/1. to suppress this message
Warning: c:/users/omen19~1/appdata/local/temp/tmp4i8u67de.pl:450:
Warning:    Clauses of legal_aid_family_case/1 are not together in the source-file
Warning:    Earlier definition at c:/users/omen19~1/appdata/local/temp/tmp4i8u67de.pl:226
Warning:    Current predicate: legal_aid_employment_case/1
Warning:    Use :- discontiguous legal_aid_family_case/1. to suppress this message
Warning: c:/users/omen19~1/appdata/local/temp/tmp4i8u67de.pl:457:
Warning:    Clauses of legal_aid_consumer_case/1 are not together in the source-file
Warning:    Earlier definition at c:/users/omen19~1/appdata/local/temp/tmp4i8u67de.pl:233
Warning:    Current predicate: legal_aid_family_case/1
Warning:    Use :- discontiguous legal_aid_consumer_case/1. to suppress this message
Warning: c:/users/omen19~1/appdata/local/temp/tmp4i8u67de.pl:463:
Warning:    Clauses of constitutional_employment_remedy/1 are not together in the source-file
Warning:    Earlier definition at c:/users/omen19~1/appdata/local/temp/tmp4i8u67de.pl:239
Warning:    Current predicate: legal_aid_consumer_case/1
Warning:    Use :- discontiguous constitutional_employment_remedy/1. to suppress this message
Warning: c:/users/omen19~1/appdata/local/temp/tmp4i8u67de.pl:469:
Warning:    Singleton variables: [Person]
Warning: c:/users/omen19~1/appdata/local/temp/tmp4i8u67de.pl:469:
Warning:    Clauses of employment_pil_standing/2 are not together in the source-file
Warning:    Earlier definition at c:/users/omen19~1/appdata/local/temp/tmp4i8u67de.pl:245
Warning:    Current predicate: constitutional_employment_remedy/1
Warning:    Use :- discontiguous employment_pil_standing/2. to suppress this message
Warning: c:/users/omen19~1/appdata/local/temp/tmp4i8u67de.pl:473:
Warning:    Clauses of employment_related_issue/1 are not together in the source-file
Warning:    Earlier definition at c:/users/omen19~1/appdata/local/temp/tmp4i8u67de.pl:249
Warning:    Current predicate: employment_pil_standing/2
Warning:    Use :- discontiguous employment_related_issue/1. to suppress this message
Warning: c:/users/omen19~1/appdata/local/temp/tmp4i8u67de.pl:479:
Warning:    Singleton variables: [Date1,Date2]
Warning: c:/users/omen19~1/appdata/local/temp/tmp4i8u67de.pl:479:
Warning:    Clauses of days_between/3 are not together in the source-file
Warning:    Earlier definition at c:/users/omen19~1/appdata/local/temp/tmp4i8u67de.pl:255
Warning:    Current predicate: employment_related_issue/1
Warning:    Use :- discontiguous days_between/3. to suppress this message
Warning: c:/users/omen19~1/appdata/local/temp/tmp4i8u67de.pl:483:
Warning:    Clauses of appeal_court/2 are not together in the source-file
Warning:    Earlier definition at c:/users/omen19~1/appdata/local/temp/tmp4i8u67de.pl:259
Warning:    Current predicate: days_between/3
Warning:    Use :- discontiguous appeal_court/2. to suppress this message
Warning: c:/users/omen19~1/appdata/local/temp/tmp4i8u67de.pl:491:
Warning:    Clauses of legal_costs_estimate/3 are not together in the source-file
Warning:    Earlier definition at c:/users/omen19~1/appdata/local/temp/tmp4i8u67de.pl:267
Warning:    Current predicate: appeal_court/2
Warning:    Use :- discontiguous legal_costs_estimate/3. to suppress this message
Warning: c:/users/omen19~1/appdata/local/temp/tmp4i8u67de.pl:496:
Warning:    Clauses of base_court_fee/2 are not together in the source-file
Warning:    Earlier definition at c:/users/omen19~1/appdata/local/temp/tmp4i8u67de.pl:272
Warning:    Current predicate: legal_costs_estimate/3
Warning:    Use :- discontiguous base_court_fee/2. to suppress this message
Warning: c:/users/omen19~1/appdata/local/temp/tmp4i8u67de.pl:504:
Warning:    Clauses of lawyer_fee_estimate/2 are not together in the source-file
Warning:    Earlier definition at c:/users/omen19~1/appdata/local/temp/tmp4i8u67de.pl:280
Warning:    Current predicate: base_court_fee/2
Warning:    Use :- discontiguous lawyer_fee_estimate/2. to suppress this message
Warning: c:/users/omen19~1/appdata/local/temp/tmp4i8u67de.pl:513:
Warning:    Clauses of required_documents/2 are not together in the source-file
Warning:    Earlier definition at c:/users/omen19~1/appdata/local/temp/tmp4i8u67de.pl:289
Warning:    Current predicate: lawyer_fee_estimate/2
Warning:    Use :- discontiguous required_documents/2. to suppress this message
Warning: c:/users/omen19~1/appdata/local/temp/tmp4i8u67de.pl:523:
Warning:    Clauses of case_timeline_estimate/2 are not together in the source-file
Warning:    Earlier definition at c:/users/omen19~1/appdata/local/temp/tmp4i8u67de.pl:299
Warning:    Current predicate: required_documents/2
Warning:    Use :- discontiguous case_timeline_estimate/2. to suppress this message
Warning: c:/users/omen19~1/appdata/local/temp/tmp4i8u67de.pl:596:
Warning:    Singleton variables: [Person]
Warning: c:/users/omen19~1/appdata/local/temp/tmp4i8u67de.pl:670:
Warning:    Singleton variables: [Person]
Warning: c:/users/omen19~1/appdata/local/temp/tmp4i8u67de.pl:674:
Warning:    Singleton variables: [Person]
Warning: c:/users/omen19~1/appdata/local/temp/tmp4i8u67de.pl:679:
Warning:    Singleton variables: [Person]
ERROR: -g ['C:/Users/OMEN19~1/AppData/Local/Temp/tmp4i8u67de.pl'], primary_eligibility_reason('case_7b8ad963_131027', Reason).: '<meta-call>'/1: Unknown procedure: primary_eligibility_reason/2
2025-08-07 13:13:57,981 - hybex_system.prolog_engine - ERROR - [Session:7b8ad963] Prolog query timeout (attempt 1): generate_detailed_reasoning('case_7b8ad963_131027', DetailedReason)
2025-08-07 13:14:27,993 - hybex_system.prolog_engine - ERROR - [Session:7b8ad963] Prolog query timeout (attempt 2): generate_detailed_reasoning('case_7b8ad963_131027', DetailedReason)
2025-08-07 13:14:58,010 - hybex_system.prolog_engine - ERROR - [Session:7b8ad963] Prolog query timeout (attempt 3): generate_detailed_reasoning('case_7b8ad963_131027', DetailedReason)
2025-08-07 13:15:28,033 - hybex_system.prolog_engine - ERROR - [Session:7b8ad963] Prolog query timeout (attempt 1): findall(Rule, applicable_rule('case_7b8ad963_131027', Rule, legal_aid), Rules)
2025-08-07 13:15:58,067 - hybex_system.prolog_engine - ERROR - [Session:7b8ad963] Prolog query timeout (attempt 2): findall(Rule, applicable_rule('case_7b8ad963_131027', Rule, legal_aid), Rules)
2025-08-07 13:16:28,095 - hybex_system.prolog_engine - ERROR - [Session:7b8ad963] Prolog query timeout (attempt 3): findall(Rule, applicable_rule('case_7b8ad963_131027', Rule, legal_aid), Rules)
2025-08-07 13:16:28,096 - hybex_system.prolog_engine - INFO - [Session:7b8ad963] Comprehensive legal analysis complete for case_7b8ad963_131027: Eligible=False, Confidence=0.30
2025-08-07 13:16:28,098 - hybex_system.prolog_engine - INFO - [Session:7b8ad963] Cleaning up PrologEngine session 7b8ad963
2025-08-07 13:16:28,099 - hybex_system.prolog_engine - INFO - [Session:7b8ad963] PrologEngine cleanup completed
