2025-08-10 11:44:58,007 - hybex_system.prolog_engine - INFO - [Session:d9d283ba] Added file handler to PrologEngine logger.
2025-08-10 11:44:58,007 - hybex_system.prolog_engine - INFO - [Session:d9d283ba] ======================================================================
2025-08-10 11:44:58,007 - hybex_system.prolog_engine - INFO - [Session:d9d283ba] Starting HybEx-Law Comprehensive Prolog Reasoning Engine
2025-08-10 11:44:58,007 - hybex_system.prolog_engine - INFO - [Session:d9d283ba] Session ID: d9d283ba
2025-08-10 11:44:58,014 - hybex_system.prolog_engine - INFO - [Session:d9d283ba] Configuration: {'config_source': 'verified_fallback', 'last_updated': None, 'validation_status': 'unvalidated', 'primary_act': 'Legal Services Authorities Act, 1987', 'income_thresholds': {'general': 500000, 'sc_st': 800000, 'obc': 600000, 'bpl': 0, 'ews': 800000}, 'real_data_available': False, 'sources_count': 0}
2025-08-10 11:44:58,016 - hybex_system.prolog_engine - INFO - [Session:d9d283ba] ======================================================================
2025-08-10 11:44:58,018 - hybex_system.prolog_engine - INFO - [Session:d9d283ba] Using verified fallback knowledge base with 105 comprehensive rules
2025-08-10 11:44:58,019 - hybex_system.prolog_engine - INFO - [Session:d9d283ba] Attempting to load rules from: d:\Code_stuff\NLP\multi_domain_legal\knowledge_base\multi_domain_rules.py
2025-08-10 11:44:58,024 - hybex_system.prolog_engine - INFO - [Session:d9d283ba] Successfully loaded MULTI_DOMAIN_LEGAL_RULES from knowledge base.
2025-08-10 11:44:58,025 - hybex_system.prolog_engine - INFO - [Session:d9d283ba] Parsing comprehensive multi-domain legal rules from knowledge base.
2025-08-10 11:44:58,037 - hybex_system.prolog_engine - INFO - [Session:d9d283ba] Initialized Comprehensive PrologEngine (Session: d9d283ba, Available: True)
2025-08-10 11:44:58,037 - hybex_system.prolog_engine - INFO - [Session:d9d283ba] Loaded 9 rule categories with 145 total rules
2025-08-10 11:44:58,039 - hybex_system.prolog_engine - INFO - [Session:d9d283ba] Comprehensive rules actually loaded: True
2025-08-10 11:44:58,039 - hybex_system.prolog_engine - INFO - [Session:d9d283ba] 🧠 Starting comprehensive legal analysis for case_d9d283ba_114458
2025-08-10 11:44:58,041 - hybex_system.prolog_engine - INFO - [Session:d9d283ba] 🎯 Detected domain 'general_legal_aid' for case type ''
2025-08-10 11:44:58,041 - hybex_system.prolog_engine - INFO - [Session:d9d283ba] 🎯 Using domain-specific rules for: ['general_legal_aid']
2025-08-10 11:44:58,043 - hybex_system.prolog_engine - INFO - [Session:d9d283ba] Generated 1 comprehensive Prolog facts for case_d9d283ba_114458
2025-08-10 11:44:58,046 - hybex_system.prolog_engine - INFO - [Session:d9d283ba] 📂 Selected files for domain 'general_legal_aid': ['foundational_rules.pl', 'legal_aid.pl']
2025-08-10 11:44:58,053 - hybex_system.prolog_engine - INFO - [Session:d9d283ba] ✅ Loaded modular file: foundational_rules.pl
2025-08-10 11:44:58,055 - hybex_system.prolog_engine - INFO - [Session:d9d283ba] ✅ Loaded modular file: legal_aid.pl
2025-08-10 11:44:58,061 - hybex_system.prolog_engine - INFO - [Session:d9d283ba] 🔍 DEBUG: Modular Prolog file content:
2025-08-10 11:44:58,109 - hybex_system.prolog_engine - INFO - [Session:d9d283ba] Modular file (11171 chars):
% HybEx-Law Modular Legal Reasoning Session: d9d283ba
% Domain: general_legal_aid
% Generated: 2025-08-10T11:44:58.046965

% DISCONTIGUOUS DIRECTIVES
:- discontiguous person/1.
:- discontiguous eligible_for_legal_aid/1.
:- discontiguous categorically_eligible/1.
:- discontiguous income_eligible/1.
:- discontiguous social_category/2.
:- discontiguous annual_income/2.
:- discontiguous case_type/2.
:- discontiguous generate_detailed_reasoning/2.
:- discontiguous primary_eligibility_reason/2.
:- discontiguous applicable_rule/3.
:- discontiguous vulnerable_group/2.
:- discontiguous gender/2.
:- discontiguous age/2.

% LOADING: foundational_rules.pl
% ============================================================================
% FOUNDATIONAL PREDICATES AND FACTS
% This file contains all basic predicates used across domains
% MUST be loaded first to avoid "Unknown procedure" errors
% ============================================================================

% ==============================...
2025-08-10 11:44:58,109 - hybex_system.prolog_engine - INFO - [Session:d9d283ba] ✅ Created MODULAR Prolog file: C:\Users\OMEN19~1\AppData\Local\Temp\tmpcwrvq71c.pl with 2 domain modules
2025-08-10 11:44:58,109 - hybex_system.prolog_engine - INFO - [Session:d9d283ba] 🎯 Ultra-fast eligibility check for case_d9d283ba_114458
2025-08-10 11:45:01,130 - hybex_system.prolog_engine - ERROR - [Session:d9d283ba] Prolog query timeout (attempt 1): eligible_for_legal_aid('case_d9d283ba_114458')
2025-08-10 11:45:01,130 - hybex_system.prolog_engine - INFO - [Session:d9d283ba] ❌ FAST RESULT: Not eligible - Query timeout after 1 attempts
2025-08-10 11:46:01,155 - hybex_system.prolog_engine - ERROR - [Session:d9d283ba] Prolog query timeout (attempt 1): primary_eligibility_reason('case_d9d283ba_114458', Reason)
2025-08-10 11:47:01,186 - hybex_system.prolog_engine - ERROR - [Session:d9d283ba] Prolog query timeout (attempt 2): primary_eligibility_reason('case_d9d283ba_114458', Reason)
