2025-08-07 16:37:50,151 - hybex_system.prolog_engine - INFO - [Session:2875e283] Added file handler to PrologEngine logger.
2025-08-07 16:37:50,152 - hybex_system.prolog_engine - INFO - [Session:2875e283] ======================================================================
2025-08-07 16:37:50,152 - hybex_system.prolog_engine - INFO - [Session:2875e283] Starting HybEx-Law Comprehensive Prolog Reasoning Engine
2025-08-07 16:37:50,152 - hybex_system.prolog_engine - INFO - [Session:2875e283] Session ID: 2875e283
2025-08-07 16:37:50,154 - hybex_system.prolog_engine - INFO - [Session:2875e283] Configuration: {'config_source': 'verified_fallback', 'last_updated': None, 'validation_status': 'unvalidated', 'primary_act': 'Legal Services Authorities Act, 1987', 'income_thresholds': {'general': 500000, 'sc_st': 800000, 'obc': 600000, 'bpl': 0, 'ews': 800000}, 'real_data_available': False, 'sources_count': 0}
2025-08-07 16:37:50,156 - hybex_system.prolog_engine - INFO - [Session:2875e283] ======================================================================
2025-08-07 16:37:50,157 - hybex_system.prolog_engine - INFO - [Session:2875e283] Attempting to load rules from: d:\Code_stuff\NLP\multi_domain_legal\knowledge_base\multi_domain_rules.py
2025-08-07 16:37:50,160 - hybex_system.prolog_engine - INFO - [Session:2875e283] Successfully loaded MULTI_DOMAIN_LEGAL_RULES from knowledge base.
2025-08-07 16:37:50,165 - hybex_system.prolog_engine - INFO - [Session:2875e283] Fixed 2 Prolog syntax issues: 'not' -> '\+'
2025-08-07 16:37:50,165 - hybex_system.prolog_engine - INFO - [Session:2875e283] Parsing comprehensive multi-domain legal rules from knowledge base.
2025-08-07 16:37:50,173 - hybex_system.prolog_engine - INFO - [Session:2875e283] Initialized Comprehensive PrologEngine (Session: 2875e283, Available: True)
2025-08-07 16:37:50,174 - hybex_system.prolog_engine - INFO - [Session:2875e283] Loaded 9 rule categories with 162 total rules
2025-08-07 16:37:50,174 - hybex_system.prolog_engine - INFO - [Session:2875e283] Comprehensive rules actually loaded: True
2025-08-07 16:37:50,175 - hybex_system.prolog_engine - INFO - [Session:2875e283] Created comprehensive Prolog file: C:\Users\OMEN19~1\AppData\Local\Temp\tmpmfuvo59l.pl with 4 facts.
2025-08-07 16:37:50,217 - hybex_system.prolog_engine - INFO - [Session:2875e283] DEBUG: Saved copy of Prolog file to debug_prolog_output.pl for analysis
2025-08-07 16:38:00,260 - hybex_system.prolog_engine - ERROR - [Session:2875e283] Prolog query timeout (attempt 1): eligible_for_legal_aid('test_case')
2025-08-07 16:38:10,296 - hybex_system.prolog_engine - ERROR - [Session:2875e283] Prolog query timeout (attempt 2): eligible_for_legal_aid('test_case')
2025-08-07 16:38:20,333 - hybex_system.prolog_engine - ERROR - [Session:2875e283] Prolog query timeout (attempt 3): eligible_for_legal_aid('test_case')
2025-08-07 16:38:20,334 - hybex_system.prolog_engine - INFO - [Session:2875e283] Cleaning up PrologEngine session 2875e283
2025-08-07 16:38:20,335 - hybex_system.prolog_engine - INFO - [Session:2875e283] PrologEngine cleanup completed
