2025-08-07 18:52:39,947 - hybex_system.prolog_engine - INFO - [Session:92ab00a6] Added file handler to PrologEngine logger.
2025-08-07 18:52:39,948 - hybex_system.prolog_engine - INFO - [Session:92ab00a6] ======================================================================
2025-08-07 18:52:39,949 - hybex_system.prolog_engine - INFO - [Session:92ab00a6] Starting HybEx-Law Comprehensive Prolog Reasoning Engine
2025-08-07 18:52:39,950 - hybex_system.prolog_engine - INFO - [Session:92ab00a6] Session ID: 92ab00a6
2025-08-07 18:52:39,950 - hybex_system.prolog_engine - INFO - [Session:92ab00a6] Configuration: {'config_source': 'verified_fallback', 'last_updated': None, 'validation_status': 'unvalidated', 'primary_act': 'Legal Services Authorities Act, 1987', 'income_thresholds': {'general': 500000, 'sc_st': 800000, 'obc': 600000, 'bpl': 0, 'ews': 800000}, 'real_data_available': False, 'sources_count': 0}
2025-08-07 18:52:39,951 - hybex_system.prolog_engine - INFO - [Session:92ab00a6] ======================================================================
2025-08-07 18:52:39,953 - hybex_system.prolog_engine - INFO - [Session:92ab00a6] Attempting to load rules from: D:\Code_stuff\NLP\multi_domain_legal\knowledge_base\multi_domain_rules.py
2025-08-07 18:52:39,957 - hybex_system.prolog_engine - INFO - [Session:92ab00a6] Successfully loaded MULTI_DOMAIN_LEGAL_RULES from knowledge base.
2025-08-07 18:52:39,958 - hybex_system.prolog_engine - INFO - [Session:92ab00a6] Parsing comprehensive multi-domain legal rules from knowledge base.
2025-08-07 18:52:39,969 - hybex_system.prolog_engine - INFO - [Session:92ab00a6] Initialized Comprehensive PrologEngine (Session: 92ab00a6, Available: True)
2025-08-07 18:52:39,970 - hybex_system.prolog_engine - INFO - [Session:92ab00a6] Loaded 9 rule categories with 145 total rules
2025-08-07 18:52:39,972 - hybex_system.prolog_engine - INFO - [Session:92ab00a6] Comprehensive rules actually loaded: True
2025-08-07 18:52:41,319 - hybex_system.prolog_engine - INFO - [Session:92ab00a6] Generated 1 comprehensive Prolog facts for case_92ab00a6_185241
2025-08-07 18:52:41,325 - hybex_system.prolog_engine - INFO - [Session:92ab00a6] Created comprehensive Prolog file: C:\Users\OMEN19~1\AppData\Local\Temp\tmpopppi3yu.pl with 1 facts.
2025-08-07 18:53:11,351 - hybex_system.prolog_engine - ERROR - [Session:92ab00a6] Prolog query timeout (attempt 1): eligible_with_confidence('case_92ab00a6_185241', Eligible, Confidence)
2025-08-07 18:53:41,371 - hybex_system.prolog_engine - ERROR - [Session:92ab00a6] Prolog query timeout (attempt 2): eligible_with_confidence('case_92ab00a6_185241', Eligible, Confidence)
2025-08-07 18:54:14,365 - hybex_system.prolog_engine - ERROR - [Session:92ab00a6] Prolog query timeout (attempt 3): eligible_with_confidence('case_92ab00a6_185241', Eligible, Confidence)
2025-08-07 18:54:14,366 - hybex_system.prolog_engine - WARNING - [Session:92ab00a6] Failed to get confident eligibility from Prolog. Trying basic 'eligible_for_legal_aid'.
2025-08-07 18:54:14,451 - hybex_system.prolog_engine - WARNING - [Session:92ab00a6] SWI-Prolog exited with code 1 (attempt 1). Stderr: ERROR: c:/users/omen19~1/appdata/local/temp/tmpopppi3yu.pl:120:7: Syntax error: Operator expected
Warning: c:/users/omen19~1/appdata/local/temp/tmpopppi3yu.pl:140:
Warning:    Singleton variables: [Spouse]
Warning: c:/users/omen19~1/appdata/local/temp/tmpopppi3yu.pl:319:
Warning:    Singleton variables: [Person]
ERROR: c:/users/omen19~1/appdata/local/temp/tmpopppi3yu.pl:371:7: Syntax error: Operator expected
Warning: c:/users/omen19~1/appdata/local/temp/tmpopppi3yu.pl:487:
Warning:    Singleton variables: [Person]
ERROR: c:/users/omen19~1/appdata/local/temp/tmpopppi3yu.pl:498:10: Syntax error: Operator expected
Warning: c:/users/omen19~1/appdata/local/temp/tmpopppi3yu.pl:505:
Warning:    Singleton variables: [Category]
Warning: c:/users/omen19~1/appdata/local/temp/tmpopppi3yu.pl:521:
Warning:    Singleton variables: [Category]
Warning: c:/users/omen19~1/appdata/local/temp/tmpopppi3yu.pl:537:
Warning:    Singleton variables: [Date1,Date2]
Warning: c:/users/omen19~1/appdata/local/temp/tmpopppi3yu.pl:670:
Warning:    Singleton variables: [Person]
Warning: c:/users/omen19~1/appdata/local/temp/tmpopppi3yu.pl:674:
Warning:    Singleton variables: [Person]
Warning: c:/users/omen19~1/appdata/local/temp/tmpopppi3yu.pl:679:
Warning:    Singleton variables: [Person]
2025-08-07 18:54:44,472 - hybex_system.prolog_engine - ERROR - [Session:92ab00a6] Prolog query timeout (attempt 1): primary_eligibility_reason('case_92ab00a6_185241', Reason)
2025-08-07 18:55:14,498 - hybex_system.prolog_engine - ERROR - [Session:92ab00a6] Prolog query timeout (attempt 2): primary_eligibility_reason('case_92ab00a6_185241', Reason)
2025-08-07 18:55:44,515 - hybex_system.prolog_engine - ERROR - [Session:92ab00a6] Prolog query timeout (attempt 3): primary_eligibility_reason('case_92ab00a6_185241', Reason)
2025-08-07 18:56:14,546 - hybex_system.prolog_engine - ERROR - [Session:92ab00a6] Prolog query timeout (attempt 1): generate_detailed_reasoning('case_92ab00a6_185241', DetailedReason)
2025-08-07 18:56:44,564 - hybex_system.prolog_engine - ERROR - [Session:92ab00a6] Prolog query timeout (attempt 2): generate_detailed_reasoning('case_92ab00a6_185241', DetailedReason)
2025-08-07 18:57:14,583 - hybex_system.prolog_engine - ERROR - [Session:92ab00a6] Prolog query timeout (attempt 3): generate_detailed_reasoning('case_92ab00a6_185241', DetailedReason)
2025-08-07 18:57:44,611 - hybex_system.prolog_engine - ERROR - [Session:92ab00a6] Prolog query timeout (attempt 1): findall(Rule, applicable_rule('case_92ab00a6_185241', Rule, legal_aid), Rules)
2025-08-07 18:58:14,649 - hybex_system.prolog_engine - ERROR - [Session:92ab00a6] Prolog query timeout (attempt 2): findall(Rule, applicable_rule('case_92ab00a6_185241', Rule, legal_aid), Rules)
2025-08-07 18:58:44,693 - hybex_system.prolog_engine - ERROR - [Session:92ab00a6] Prolog query timeout (attempt 3): findall(Rule, applicable_rule('case_92ab00a6_185241', Rule, legal_aid), Rules)
2025-08-07 18:58:44,694 - hybex_system.prolog_engine - INFO - [Session:92ab00a6] Comprehensive legal analysis complete for case_92ab00a6_185241: Eligible=False, Confidence=0.30
2025-08-07 18:58:44,732 - hybex_system.prolog_engine - INFO - [Session:92ab00a6] Generated 3 comprehensive Prolog facts for case_92ab00a6_185844
2025-08-07 18:58:44,738 - hybex_system.prolog_engine - INFO - [Session:92ab00a6] Created comprehensive Prolog file: C:\Users\OMEN19~1\AppData\Local\Temp\tmpl1jreqqd.pl with 3 facts.
2025-08-07 18:59:14,777 - hybex_system.prolog_engine - ERROR - [Session:92ab00a6] Prolog query timeout (attempt 1): eligible_with_confidence('case_92ab00a6_185844', Eligible, Confidence)
2025-08-07 18:59:44,804 - hybex_system.prolog_engine - ERROR - [Session:92ab00a6] Prolog query timeout (attempt 2): eligible_with_confidence('case_92ab00a6_185844', Eligible, Confidence)
2025-08-07 19:00:14,831 - hybex_system.prolog_engine - ERROR - [Session:92ab00a6] Prolog query timeout (attempt 3): eligible_with_confidence('case_92ab00a6_185844', Eligible, Confidence)
2025-08-07 19:00:14,831 - hybex_system.prolog_engine - WARNING - [Session:92ab00a6] Failed to get confident eligibility from Prolog. Trying basic 'eligible_for_legal_aid'.
2025-08-07 19:00:14,963 - hybex_system.prolog_engine - WARNING - [Session:92ab00a6] SWI-Prolog exited with code 1 (attempt 1). Stderr: ERROR: c:/users/omen19~1/appdata/local/temp/tmpl1jreqqd.pl:120:7: Syntax error: Operator expected
Warning: c:/users/omen19~1/appdata/local/temp/tmpl1jreqqd.pl:140:
Warning:    Singleton variables: [Spouse]
Warning: c:/users/omen19~1/appdata/local/temp/tmpl1jreqqd.pl:319:
Warning:    Singleton variables: [Person]
ERROR: c:/users/omen19~1/appdata/local/temp/tmpl1jreqqd.pl:371:7: Syntax error: Operator expected
Warning: c:/users/omen19~1/appdata/local/temp/tmpl1jreqqd.pl:487:
Warning:    Singleton variables: [Person]
ERROR: c:/users/omen19~1/appdata/local/temp/tmpl1jreqqd.pl:498:10: Syntax error: Operator expected
Warning: c:/users/omen19~1/appdata/local/temp/tmpl1jreqqd.pl:505:
Warning:    Singleton variables: [Category]
Warning: c:/users/omen19~1/appdata/local/temp/tmpl1jreqqd.pl:521:
Warning:    Singleton variables: [Category]
Warning: c:/users/omen19~1/appdata/local/temp/tmpl1jreqqd.pl:537:
Warning:    Singleton variables: [Date1,Date2]
Warning: c:/users/omen19~1/appdata/local/temp/tmpl1jreqqd.pl:670:
Warning:    Singleton variables: [Person]
Warning: c:/users/omen19~1/appdata/local/temp/tmpl1jreqqd.pl:674:
Warning:    Singleton variables: [Person]
Warning: c:/users/omen19~1/appdata/local/temp/tmpl1jreqqd.pl:679:
Warning:    Singleton variables: [Person]
2025-08-07 19:00:45,021 - hybex_system.prolog_engine - ERROR - [Session:92ab00a6] Prolog query timeout (attempt 1): primary_eligibility_reason('case_92ab00a6_185844', Reason)
2025-08-07 19:01:15,082 - hybex_system.prolog_engine - ERROR - [Session:92ab00a6] Prolog query timeout (attempt 2): primary_eligibility_reason('case_92ab00a6_185844', Reason)
2025-08-07 19:01:45,093 - hybex_system.prolog_engine - ERROR - [Session:92ab00a6] Prolog query timeout (attempt 3): primary_eligibility_reason('case_92ab00a6_185844', Reason)
2025-08-07 19:02:15,131 - hybex_system.prolog_engine - ERROR - [Session:92ab00a6] Prolog query timeout (attempt 1): generate_detailed_reasoning('case_92ab00a6_185844', DetailedReason)
2025-08-07 19:02:45,146 - hybex_system.prolog_engine - ERROR - [Session:92ab00a6] Prolog query timeout (attempt 2): generate_detailed_reasoning('case_92ab00a6_185844', DetailedReason)
