2025-08-08 02:09:07,514 - hybex_system.prolog_engine - INFO - [Session:c87a01db] Added file handler to PrologEngine logger.
2025-08-08 02:09:07,515 - hybex_system.prolog_engine - INFO - [Session:c87a01db] ======================================================================
2025-08-08 02:09:07,516 - hybex_system.prolog_engine - INFO - [Session:c87a01db] Starting HybEx-Law Comprehensive Prolog Reasoning Engine
2025-08-08 02:09:07,516 - hybex_system.prolog_engine - INFO - [Session:c87a01db] Session ID: c87a01db
2025-08-08 02:09:07,516 - hybex_system.prolog_engine - INFO - [Session:c87a01db] Configuration: {'config_source': 'verified_fallback', 'last_updated': None, 'validation_status': 'unvalidated', 'primary_act': 'Legal Services Authorities Act, 1987', 'income_thresholds': {'general': 500000, 'sc_st': 800000, 'obc': 600000, 'bpl': 0, 'ews': 800000}, 'real_data_available': False, 'sources_count': 0}
2025-08-08 02:09:07,518 - hybex_system.prolog_engine - INFO - [Session:c87a01db] ======================================================================
2025-08-08 02:09:07,520 - hybex_system.prolog_engine - INFO - [Session:c87a01db] Using optimized enhanced knowledge base (performance-optimized)
2025-08-08 02:09:07,520 - hybex_system.prolog_engine - INFO - [Session:c87a01db] Attempting to load rules from: d:\Code_stuff\NLP\multi_domain_legal\knowledge_base\optimized_enhanced_multi_domain_rules.py
2025-08-08 02:09:07,523 - hybex_system.prolog_engine - INFO - [Session:c87a01db] Successfully loaded ENHANCED_MULTI_DOMAIN_LEGAL_RULES with scraped content.
2025-08-08 02:09:07,524 - hybex_system.prolog_engine - INFO - [Session:c87a01db] Parsing comprehensive multi-domain legal rules from knowledge base.
2025-08-08 02:09:07,526 - hybex_system.prolog_engine - INFO - [Session:c87a01db] Initialized Comprehensive PrologEngine (Session: c87a01db, Available: True)
2025-08-08 02:09:07,526 - hybex_system.prolog_engine - INFO - [Session:c87a01db] Loaded 3 rule categories with 9 total rules
2025-08-08 02:09:07,527 - hybex_system.prolog_engine - INFO - [Session:c87a01db] Comprehensive rules actually loaded: True
2025-08-08 02:09:07,528 - hybex_system.prolog_engine - INFO - [Session:c87a01db] 🧠 Starting comprehensive legal analysis for case_c87a01db_020907
2025-08-08 02:09:07,529 - hybex_system.prolog_engine - INFO - [Session:c87a01db] Generated 5 comprehensive Prolog facts for case_c87a01db_020907
2025-08-08 02:09:07,531 - hybex_system.prolog_engine - INFO - [Session:c87a01db] Created comprehensive Prolog file: C:\Users\OMEN19~1\AppData\Local\Temp\tmpxmcuhzgw.pl with 5 facts.
2025-08-08 02:10:07,561 - hybex_system.prolog_engine - ERROR - [Session:c87a01db] Prolog query timeout (attempt 1): eligible_with_confidence('case_c87a01db_020907', Eligible, Confidence)
2025-08-08 02:11:07,578 - hybex_system.prolog_engine - ERROR - [Session:c87a01db] Prolog query timeout (attempt 2): eligible_with_confidence('case_c87a01db_020907', Eligible, Confidence)
2025-08-08 02:12:07,603 - hybex_system.prolog_engine - ERROR - [Session:c87a01db] Prolog query timeout (attempt 3): eligible_with_confidence('case_c87a01db_020907', Eligible, Confidence)
2025-08-08 02:12:07,604 - hybex_system.prolog_engine - WARNING - [Session:c87a01db] Failed to get confident eligibility from Prolog. Trying basic 'eligible_for_legal_aid'.
2025-08-08 02:12:07,695 - hybex_system.prolog_engine - WARNING - [Session:c87a01db] SWI-Prolog exited with code 1 (attempt 1). Stderr: Warning: c:/users/omen19~1/appdata/local/temp/tmpxmcuhzgw.pl:155:
Warning:    Singleton variables: [Person]
Warning: c:/users/omen19~1/appdata/local/temp/tmpxmcuhzgw.pl:159:
Warning:    Singleton variables: [Person]
Warning: c:/users/omen19~1/appdata/local/temp/tmpxmcuhzgw.pl:164:
Warning:    Singleton variables: [Person]
2025-08-08 02:12:07,696 - hybex_system.prolog_engine - WARNING - [Session:c87a01db] Prolog query returned false/no or empty (attempt 1): eligible_for_legal_aid('case_c87a01db_020907'). Output: . Stderr: Warning: c:/users/omen19~1/appdata/local/temp/tmpxmcuhzgw.pl:155:
Warning:    Singleton variables: [Person]
Warning: c:/users/omen19~1/appdata/local/temp/tmpxmcuhzgw.pl:159:
Warning:    Singleton variables: [Person]
Warning: c:/users/omen19~1/appdata/local/temp/tmpxmcuhzgw.pl:164:
Warning:    Singleton variables: [Person]

2025-08-08 02:12:07,750 - hybex_system.prolog_engine - WARNING - [Session:c87a01db] SWI-Prolog exited with code 1 (attempt 2). Stderr: Warning: c:/users/omen19~1/appdata/local/temp/tmpxmcuhzgw.pl:155:
Warning:    Singleton variables: [Person]
Warning: c:/users/omen19~1/appdata/local/temp/tmpxmcuhzgw.pl:159:
Warning:    Singleton variables: [Person]
Warning: c:/users/omen19~1/appdata/local/temp/tmpxmcuhzgw.pl:164:
Warning:    Singleton variables: [Person]
2025-08-08 02:12:07,751 - hybex_system.prolog_engine - WARNING - [Session:c87a01db] Prolog query returned false/no or empty (attempt 2): eligible_for_legal_aid('case_c87a01db_020907'). Output: . Stderr: Warning: c:/users/omen19~1/appdata/local/temp/tmpxmcuhzgw.pl:155:
Warning:    Singleton variables: [Person]
Warning: c:/users/omen19~1/appdata/local/temp/tmpxmcuhzgw.pl:159:
Warning:    Singleton variables: [Person]
Warning: c:/users/omen19~1/appdata/local/temp/tmpxmcuhzgw.pl:164:
Warning:    Singleton variables: [Person]

2025-08-08 02:12:07,810 - hybex_system.prolog_engine - WARNING - [Session:c87a01db] SWI-Prolog exited with code 1 (attempt 3). Stderr: Warning: c:/users/omen19~1/appdata/local/temp/tmpxmcuhzgw.pl:155:
Warning:    Singleton variables: [Person]
Warning: c:/users/omen19~1/appdata/local/temp/tmpxmcuhzgw.pl:159:
Warning:    Singleton variables: [Person]
Warning: c:/users/omen19~1/appdata/local/temp/tmpxmcuhzgw.pl:164:
Warning:    Singleton variables: [Person]
2025-08-08 02:12:07,811 - hybex_system.prolog_engine - WARNING - [Session:c87a01db] Prolog query returned false/no or empty (attempt 3): eligible_for_legal_aid('case_c87a01db_020907'). Output: . Stderr: Warning: c:/users/omen19~1/appdata/local/temp/tmpxmcuhzgw.pl:155:
Warning:    Singleton variables: [Person]
Warning: c:/users/omen19~1/appdata/local/temp/tmpxmcuhzgw.pl:159:
Warning:    Singleton variables: [Person]
Warning: c:/users/omen19~1/appdata/local/temp/tmpxmcuhzgw.pl:164:
Warning:    Singleton variables: [Person]

2025-08-08 02:12:07,888 - hybex_system.prolog_engine - WARNING - [Session:c87a01db] SWI-Prolog exited with code 1 (attempt 1). Stderr: Warning: c:/users/omen19~1/appdata/local/temp/tmpxmcuhzgw.pl:155:
Warning:    Singleton variables: [Person]
Warning: c:/users/omen19~1/appdata/local/temp/tmpxmcuhzgw.pl:159:
Warning:    Singleton variables: [Person]
Warning: c:/users/omen19~1/appdata/local/temp/tmpxmcuhzgw.pl:164:
Warning:    Singleton variables: [Person]
2025-08-08 02:12:07,888 - hybex_system.prolog_engine - WARNING - [Session:c87a01db] Prolog query returned false/no or empty (attempt 1): primary_eligibility_reason('case_c87a01db_020907', Reason). Output: . Stderr: Warning: c:/users/omen19~1/appdata/local/temp/tmpxmcuhzgw.pl:155:
Warning:    Singleton variables: [Person]
Warning: c:/users/omen19~1/appdata/local/temp/tmpxmcuhzgw.pl:159:
Warning:    Singleton variables: [Person]
Warning: c:/users/omen19~1/appdata/local/temp/tmpxmcuhzgw.pl:164:
Warning:    Singleton variables: [Person]

2025-08-08 02:12:07,939 - hybex_system.prolog_engine - WARNING - [Session:c87a01db] SWI-Prolog exited with code 1 (attempt 2). Stderr: Warning: c:/users/omen19~1/appdata/local/temp/tmpxmcuhzgw.pl:155:
Warning:    Singleton variables: [Person]
Warning: c:/users/omen19~1/appdata/local/temp/tmpxmcuhzgw.pl:159:
Warning:    Singleton variables: [Person]
Warning: c:/users/omen19~1/appdata/local/temp/tmpxmcuhzgw.pl:164:
Warning:    Singleton variables: [Person]
2025-08-08 02:12:07,939 - hybex_system.prolog_engine - WARNING - [Session:c87a01db] Prolog query returned false/no or empty (attempt 2): primary_eligibility_reason('case_c87a01db_020907', Reason). Output: . Stderr: Warning: c:/users/omen19~1/appdata/local/temp/tmpxmcuhzgw.pl:155:
Warning:    Singleton variables: [Person]
Warning: c:/users/omen19~1/appdata/local/temp/tmpxmcuhzgw.pl:159:
Warning:    Singleton variables: [Person]
Warning: c:/users/omen19~1/appdata/local/temp/tmpxmcuhzgw.pl:164:
Warning:    Singleton variables: [Person]

2025-08-08 02:12:08,011 - hybex_system.prolog_engine - WARNING - [Session:c87a01db] SWI-Prolog exited with code 1 (attempt 3). Stderr: Warning: c:/users/omen19~1/appdata/local/temp/tmpxmcuhzgw.pl:155:
Warning:    Singleton variables: [Person]
Warning: c:/users/omen19~1/appdata/local/temp/tmpxmcuhzgw.pl:159:
Warning:    Singleton variables: [Person]
Warning: c:/users/omen19~1/appdata/local/temp/tmpxmcuhzgw.pl:164:
Warning:    Singleton variables: [Person]
2025-08-08 02:12:08,012 - hybex_system.prolog_engine - WARNING - [Session:c87a01db] Prolog query returned false/no or empty (attempt 3): primary_eligibility_reason('case_c87a01db_020907', Reason). Output: . Stderr: Warning: c:/users/omen19~1/appdata/local/temp/tmpxmcuhzgw.pl:155:
Warning:    Singleton variables: [Person]
Warning: c:/users/omen19~1/appdata/local/temp/tmpxmcuhzgw.pl:159:
Warning:    Singleton variables: [Person]
Warning: c:/users/omen19~1/appdata/local/temp/tmpxmcuhzgw.pl:164:
Warning:    Singleton variables: [Person]

2025-08-08 02:12:08,074 - hybex_system.prolog_engine - WARNING - [Session:c87a01db] SWI-Prolog exited with code 1 (attempt 1). Stderr: Warning: c:/users/omen19~1/appdata/local/temp/tmpxmcuhzgw.pl:155:
Warning:    Singleton variables: [Person]
Warning: c:/users/omen19~1/appdata/local/temp/tmpxmcuhzgw.pl:159:
Warning:    Singleton variables: [Person]
Warning: c:/users/omen19~1/appdata/local/temp/tmpxmcuhzgw.pl:164:
Warning:    Singleton variables: [Person]
2025-08-08 02:12:08,075 - hybex_system.prolog_engine - WARNING - [Session:c87a01db] Prolog query returned false/no or empty (attempt 1): generate_detailed_reasoning('case_c87a01db_020907', DetailedReason). Output: . Stderr: Warning: c:/users/omen19~1/appdata/local/temp/tmpxmcuhzgw.pl:155:
Warning:    Singleton variables: [Person]
Warning: c:/users/omen19~1/appdata/local/temp/tmpxmcuhzgw.pl:159:
Warning:    Singleton variables: [Person]
Warning: c:/users/omen19~1/appdata/local/temp/tmpxmcuhzgw.pl:164:
Warning:    Singleton variables: [Person]

2025-08-08 02:12:08,128 - hybex_system.prolog_engine - WARNING - [Session:c87a01db] SWI-Prolog exited with code 1 (attempt 2). Stderr: Warning: c:/users/omen19~1/appdata/local/temp/tmpxmcuhzgw.pl:155:
Warning:    Singleton variables: [Person]
Warning: c:/users/omen19~1/appdata/local/temp/tmpxmcuhzgw.pl:159:
Warning:    Singleton variables: [Person]
Warning: c:/users/omen19~1/appdata/local/temp/tmpxmcuhzgw.pl:164:
Warning:    Singleton variables: [Person]
2025-08-08 02:12:08,129 - hybex_system.prolog_engine - WARNING - [Session:c87a01db] Prolog query returned false/no or empty (attempt 2): generate_detailed_reasoning('case_c87a01db_020907', DetailedReason). Output: . Stderr: Warning: c:/users/omen19~1/appdata/local/temp/tmpxmcuhzgw.pl:155:
Warning:    Singleton variables: [Person]
Warning: c:/users/omen19~1/appdata/local/temp/tmpxmcuhzgw.pl:159:
Warning:    Singleton variables: [Person]
Warning: c:/users/omen19~1/appdata/local/temp/tmpxmcuhzgw.pl:164:
Warning:    Singleton variables: [Person]

2025-08-08 02:12:08,194 - hybex_system.prolog_engine - WARNING - [Session:c87a01db] SWI-Prolog exited with code 1 (attempt 3). Stderr: Warning: c:/users/omen19~1/appdata/local/temp/tmpxmcuhzgw.pl:155:
Warning:    Singleton variables: [Person]
Warning: c:/users/omen19~1/appdata/local/temp/tmpxmcuhzgw.pl:159:
Warning:    Singleton variables: [Person]
Warning: c:/users/omen19~1/appdata/local/temp/tmpxmcuhzgw.pl:164:
Warning:    Singleton variables: [Person]
2025-08-08 02:12:08,194 - hybex_system.prolog_engine - WARNING - [Session:c87a01db] Prolog query returned false/no or empty (attempt 3): generate_detailed_reasoning('case_c87a01db_020907', DetailedReason). Output: . Stderr: Warning: c:/users/omen19~1/appdata/local/temp/tmpxmcuhzgw.pl:155:
Warning:    Singleton variables: [Person]
Warning: c:/users/omen19~1/appdata/local/temp/tmpxmcuhzgw.pl:159:
Warning:    Singleton variables: [Person]
Warning: c:/users/omen19~1/appdata/local/temp/tmpxmcuhzgw.pl:164:
Warning:    Singleton variables: [Person]

